[ 2017-12-05T12:03:28+08:00 ] ::1 ::1 GET /api/v1/theme?ids=1,2,3
[ log ] www.test.com/api/v1/theme?ids=1,2,3 [运行时间：0.283325s][吞吐率：3.53req/s] [内存消耗：3,702.21kb] [文件加载：58]

---------------------------------------------------------------
[ 2017-12-05T12:03:28+08:00 ] ::1 ::1 GET /api/v1/product/1
[ log ] www.test.com/api/v1/product/1 [运行时间：0.281383s][吞吐率：3.55req/s] [内存消耗：3,927.85kb] [文件加载：63]

---------------------------------------------------------------
[ 2017-12-05T12:03:28+08:00 ] ::1 ::1 GET /api/v1/product/recent
[ log ] www.test.com/api/v1/product/recent [运行时间：0.284813s][吞吐率：3.51req/s] [内存消耗：3,600.19kb] [文件加载：55]

---------------------------------------------------------------
[ 2017-12-05T12:03:28+08:00 ] ::1 ::1 GET /api/v1/banner/1
[ log ] www.test.com/api/v1/banner/1 [运行时间：0.291037s][吞吐率：3.44req/s] [内存消耗：3,782.12kb] [文件加载：61]

---------------------------------------------------------------
[ 2017-12-05T12:03:36+08:00 ] ::1 ::1 GET /api/v1/category/all
[ log ] www.test.com/api/v1/category/all [运行时间：0.092091s][吞吐率：10.86req/s] [内存消耗：3,439.94kb] [文件加载：56]

---------------------------------------------------------------
[ 2017-12-05T12:03:36+08:00 ] ::1 ::1 GET /api/v1/product/by_category?id=2
[ log ] www.test.com/api/v1/product/by_category?id=2 [运行时间：0.059109s][吞吐率：16.92req/s] [内存消耗：3,596.34kb] [文件加载：55]

---------------------------------------------------------------
[ 2017-12-05T12:03:37+08:00 ] ::1 ::1 GET /api/v1/category/all
[ log ] www.test.com/api/v1/category/all [运行时间：0.062772s][吞吐率：15.93req/s] [内存消耗：3,439.94kb] [文件加载：56]

---------------------------------------------------------------
[ 2017-12-05T12:03:37+08:00 ] ::1 ::1 GET /api/v1/product/by_category?id=6
[ log ] www.test.com/api/v1/product/by_category?id=6 [运行时间：0.050981s][吞吐率：19.62req/s] [内存消耗：3,593.77kb] [文件加载：55]

---------------------------------------------------------------
[ 2017-12-05T12:03:38+08:00 ] ::1 ::1 GET /api/v1/category/all
[ log ] www.test.com/api/v1/category/all [运行时间：0.060493s][吞吐率：16.53req/s] [内存消耗：3,439.94kb] [文件加载：56]

---------------------------------------------------------------
[ 2017-12-05T12:03:38+08:00 ] ::1 ::1 GET /api/v1/product/by_category?id=4
[ log ] www.test.com/api/v1/product/by_category?id=4 [运行时间：0.045901s][吞吐率：21.79req/s] [内存消耗：3,594.59kb] [文件加载：55]

---------------------------------------------------------------
[ 2017-12-05T12:03:38+08:00 ] ::1 ::1 GET /api/v1/category/all
[ log ] www.test.com/api/v1/category/all [运行时间：0.051948s][吞吐率：19.25req/s] [内存消耗：3,439.94kb] [文件加载：56]

---------------------------------------------------------------
[ 2017-12-05T12:03:38+08:00 ] ::1 ::1 GET /api/v1/product/by_category?id=4
[ log ] www.test.com/api/v1/product/by_category?id=4 [运行时间：0.052839s][吞吐率：18.93req/s] [内存消耗：3,594.59kb] [文件加载：55]

---------------------------------------------------------------
[ 2017-12-05T12:03:39+08:00 ] ::1 ::1 GET /api/v1/category/all
[ log ] www.test.com/api/v1/category/all [运行时间：0.056069s][吞吐率：17.84req/s] [内存消耗：3,439.94kb] [文件加载：56]

---------------------------------------------------------------
[ 2017-12-05T12:03:39+08:00 ] ::1 ::1 GET /api/v1/product/by_category?id=2
[ log ] www.test.com/api/v1/product/by_category?id=2 [运行时间：0.048228s][吞吐率：20.73req/s] [内存消耗：3,596.34kb] [文件加载：55]

---------------------------------------------------------------
[ 2017-12-05T12:03:39+08:00 ] ::1 ::1 GET /api/v1/category/all
[ log ] www.test.com/api/v1/category/all [运行时间：0.054941s][吞吐率：18.20req/s] [内存消耗：3,439.94kb] [文件加载：56]

---------------------------------------------------------------
[ 2017-12-05T12:03:39+08:00 ] ::1 ::1 GET /api/v1/product/by_category?id=4
[ log ] www.test.com/api/v1/product/by_category?id=4 [运行时间：0.045995s][吞吐率：21.74req/s] [内存消耗：3,594.59kb] [文件加载：55]

---------------------------------------------------------------
[ 2017-12-05T12:03:40+08:00 ] ::1 ::1 GET /api/v1/category/all
[ log ] www.test.com/api/v1/category/all [运行时间：0.057272s][吞吐率：17.46req/s] [内存消耗：3,439.94kb] [文件加载：56]

---------------------------------------------------------------
[ 2017-12-05T12:03:40+08:00 ] ::1 ::1 GET /api/v1/product/by_category?id=5
[ log ] www.test.com/api/v1/product/by_category?id=5 [运行时间：0.049067s][吞吐率：20.38req/s] [内存消耗：3,595.52kb] [文件加载：55]

---------------------------------------------------------------
[ 2017-12-05T12:03:40+08:00 ] ::1 ::1 GET /api/v1/category/all
[ log ] www.test.com/api/v1/category/all [运行时间：0.056271s][吞吐率：17.77req/s] [内存消耗：3,439.94kb] [文件加载：56]

---------------------------------------------------------------
[ 2017-12-05T12:03:40+08:00 ] ::1 ::1 GET /api/v1/product/by_category?id=8
[ log ] www.test.com/api/v1/product/by_category?id=8 [运行时间：0.047277s][吞吐率：21.15req/s] [内存消耗：3,592.09kb] [文件加载：55]

---------------------------------------------------------------
[ 2017-12-05T12:03:41+08:00 ] ::1 ::1 GET /api/v1/category/all
[ log ] www.test.com/api/v1/category/all [运行时间：0.050915s][吞吐率：19.64req/s] [内存消耗：3,439.94kb] [文件加载：56]

---------------------------------------------------------------
[ 2017-12-05T12:03:41+08:00 ] ::1 ::1 GET /api/v1/product/by_category?id=8
[ log ] www.test.com/api/v1/product/by_category?id=8 [运行时间：0.045690s][吞吐率：21.89req/s] [内存消耗：3,592.09kb] [文件加载：55]

---------------------------------------------------------------
[ 2017-12-05T12:03:41+08:00 ] ::1 ::1 GET /api/v1/category/all
[ log ] www.test.com/api/v1/category/all [运行时间：0.057040s][吞吐率：17.53req/s] [内存消耗：3,439.94kb] [文件加载：56]

---------------------------------------------------------------
[ 2017-12-05T12:03:41+08:00 ] ::1 ::1 GET /api/v1/product/by_category?id=9
[ log ] www.test.com/api/v1/product/by_category?id=9 [运行时间：0.046691s][吞吐率：21.42req/s] [内存消耗：3,592.05kb] [文件加载：55]

---------------------------------------------------------------
[ 2017-12-05T12:03:42+08:00 ] ::1 ::1 GET /api/v1/category/all
[ log ] www.test.com/api/v1/category/all [运行时间：0.058003s][吞吐率：17.24req/s] [内存消耗：3,439.94kb] [文件加载：56]

---------------------------------------------------------------
[ 2017-12-05T12:03:42+08:00 ] ::1 ::1 GET /api/v1/product/by_category?id=10
[ log ] www.test.com/api/v1/product/by_category?id=10 [运行时间：0.043552s][吞吐率：22.96req/s] [内存消耗：3,592.18kb] [文件加载：55]

---------------------------------------------------------------
[ 2017-12-05T12:03:43+08:00 ] ::1 ::1 GET /api/v1/category/all
[ log ] www.test.com/api/v1/category/all [运行时间：0.056332s][吞吐率：17.75req/s] [内存消耗：3,439.94kb] [文件加载：56]

---------------------------------------------------------------
[ 2017-12-05T12:03:43+08:00 ] ::1 ::1 GET /api/v1/product/by_category?id=5
[ log ] www.test.com/api/v1/product/by_category?id=5 [运行时间：0.047606s][吞吐率：21.01req/s] [内存消耗：3,595.52kb] [文件加载：55]

---------------------------------------------------------------
[ 2017-12-05T12:03:43+08:00 ] ::1 ::1 GET /api/v1/category/all
[ log ] www.test.com/api/v1/category/all [运行时间：0.056476s][吞吐率：17.71req/s] [内存消耗：3,439.94kb] [文件加载：56]

---------------------------------------------------------------
[ 2017-12-05T12:03:43+08:00 ] ::1 ::1 GET /api/v1/product/by_category?id=3
[ log ] www.test.com/api/v1/product/by_category?id=3 [运行时间：0.045698s][吞吐率：21.88req/s] [内存消耗：3,593.73kb] [文件加载：55]

---------------------------------------------------------------
[ 2017-12-05T12:03:44+08:00 ] ::1 ::1 GET /api/v1/category/all
[ log ] www.test.com/api/v1/category/all [运行时间：0.055126s][吞吐率：18.14req/s] [内存消耗：3,439.94kb] [文件加载：56]

---------------------------------------------------------------
[ 2017-12-05T12:03:44+08:00 ] ::1 ::1 GET /api/v1/product/by_category?id=2
[ log ] www.test.com/api/v1/product/by_category?id=2 [运行时间：0.045493s][吞吐率：21.98req/s] [内存消耗：3,596.34kb] [文件加载：55]

---------------------------------------------------------------
[ 2017-12-05T12:03:45+08:00 ] ::1 ::1 GET /api/v1/category/all
[ log ] www.test.com/api/v1/category/all [运行时间：0.056919s][吞吐率：17.57req/s] [内存消耗：3,439.94kb] [文件加载：56]

---------------------------------------------------------------
[ 2017-12-05T12:03:45+08:00 ] ::1 ::1 GET /api/v1/product/by_category?id=6
[ log ] www.test.com/api/v1/product/by_category?id=6 [运行时间：0.045703s][吞吐率：21.88req/s] [内存消耗：3,593.77kb] [文件加载：55]

---------------------------------------------------------------
[ 2017-12-05T12:08:33+08:00 ] ::1 ::1 GET /api/v1/category/all
[ log ] www.test.com/api/v1/category/all [运行时间：0.177336s][吞吐率：5.64req/s] [内存消耗：3,439.94kb] [文件加载：56]

---------------------------------------------------------------
[ 2017-12-05T12:08:33+08:00 ] ::1 ::1 GET /api/v1/product/by_category?id=4
[ log ] www.test.com/api/v1/product/by_category?id=4 [运行时间：0.060710s][吞吐率：16.47req/s] [内存消耗：3,594.59kb] [文件加载：55]

---------------------------------------------------------------
[ 2017-12-05T12:08:55+08:00 ] ::1 ::1 POST /api/v1/token/app
[ log ] www.test.com/api/v1/token/app [运行时间：0.101129s][吞吐率：9.89req/s] [内存消耗：3,241.79kb] [文件加载：51]

---------------------------------------------------------------
[ 2017-12-05T12:08:56+08:00 ] ::1 ::1 GET /api/v1/order/paginate?page=1&size=20
[ log ] www.test.com/api/v1/order/paginate?page=1&size=20 [运行时间：0.163244s][吞吐率：6.13req/s] [内存消耗：3,803.42kb] [文件加载：62]

---------------------------------------------------------------
[ 2017-12-05T12:08:56+08:00 ] ::1 ::1 GET /api/v1/order/paginate?page=1&size=20
[ log ] www.test.com/api/v1/order/paginate?page=1&size=20 [运行时间：0.068444s][吞吐率：14.61req/s] [内存消耗：3,803.42kb] [文件加载：62]

---------------------------------------------------------------
[ 2017-12-05T12:08:58+08:00 ] ::1 ::1 GET /api/v1/order/paginate?page=1&size=20
[ log ] www.test.com/api/v1/order/paginate?page=1&size=20 [运行时间：0.130524s][吞吐率：7.66req/s] [内存消耗：3,803.42kb] [文件加载：62]

---------------------------------------------------------------
[ 2017-12-05T12:08:58+08:00 ] ::1 ::1 GET /api/v1/order/paginate?page=1&size=20
[ log ] www.test.com/api/v1/order/paginate?page=1&size=20 [运行时间：0.085308s][吞吐率：11.72req/s] [内存消耗：3,803.42kb] [文件加载：62]

---------------------------------------------------------------
[ 2017-12-05T12:08:59+08:00 ] ::1 ::1 GET /api/v1/order/paginate?page=1&size=20
[ log ] www.test.com/api/v1/order/paginate?page=1&size=20 [运行时间：0.059842s][吞吐率：16.71req/s] [内存消耗：3,803.42kb] [文件加载：62]

---------------------------------------------------------------
[ 2017-12-05T12:09:02+08:00 ] ::1 ::1 GET /api/v1/category/all
[ log ] www.test.com/api/v1/category/all [运行时间：0.068169s][吞吐率：14.67req/s] [内存消耗：3,440.27kb] [文件加载：56]

---------------------------------------------------------------
[ 2017-12-05T12:09:04+08:00 ] ::1 ::1 GET /api/v1/banner/1
[ log ] www.test.com/api/v1/banner/1 [运行时间：0.076116s][吞吐率：13.14req/s] [内存消耗：3,782.77kb] [文件加载：61]

---------------------------------------------------------------
[ 2017-12-05T12:09:07+08:00 ] ::1 ::1 GET /api/v1/theme/getAllTheme/all
[ log ] www.test.com/api/v1/theme/getAllTheme/all [运行时间：0.059260s][吞吐率：16.87req/s] [内存消耗：3,427.16kb] [文件加载：55]

---------------------------------------------------------------
[ 2017-12-05T12:09:13+08:00 ] ::1 ::1 GET /api/v1/order/paginate?page=1&size=20
[ log ] www.test.com/api/v1/order/paginate?page=1&size=20 [运行时间：0.078072s][吞吐率：12.81req/s] [内存消耗：3,803.42kb] [文件加载：62]

---------------------------------------------------------------
[ 2017-12-05T12:09:17+08:00 ] ::1 ::1 GET /api/v1/category/all
[ log ] www.test.com/api/v1/category/all [运行时间：0.056816s][吞吐率：17.60req/s] [内存消耗：3,440.27kb] [文件加载：56]

---------------------------------------------------------------
[ 2017-12-05T12:09:37+08:00 ] ::1 ::1 GET /api/v1/banner/1
[ log ] www.test.com/api/v1/banner/1 [运行时间：0.069239s][吞吐率：14.44req/s] [内存消耗：3,782.77kb] [文件加载：61]

---------------------------------------------------------------
[ 2017-12-05T12:09:40+08:00 ] ::1 ::1 GET /api/v1/category/all
[ log ] www.test.com/api/v1/category/all [运行时间：0.058699s][吞吐率：17.04req/s] [内存消耗：3,440.47kb] [文件加载：56]

---------------------------------------------------------------
[ 2017-12-05T12:09:43+08:00 ] ::1 ::1 GET /api/v1/category/all
[ log ] www.test.com/api/v1/category/all [运行时间：0.165598s][吞吐率：6.04req/s] [内存消耗：3,440.17kb] [文件加载：56]

---------------------------------------------------------------
[ 2017-12-05T12:09:44+08:00 ] ::1 ::1 POST /api/v1/token/app
[ log ] www.test.com/api/v1/token/app [运行时间：0.071293s][吞吐率：14.03req/s] [内存消耗：3,241.79kb] [文件加载：51]

---------------------------------------------------------------
[ 2017-12-05T12:09:45+08:00 ] ::1 ::1 GET /api/v1/order/paginate?page=1&size=20
[ log ] www.test.com/api/v1/order/paginate?page=1&size=20 [运行时间：0.078262s][吞吐率：12.78req/s] [内存消耗：3,803.42kb] [文件加载：62]

---------------------------------------------------------------
[ 2017-12-05T12:09:45+08:00 ] ::1 ::1 GET /api/v1/order/paginate?page=1&size=20
[ log ] www.test.com/api/v1/order/paginate?page=1&size=20 [运行时间：0.053713s][吞吐率：18.62req/s] [内存消耗：3,803.42kb] [文件加载：62]

---------------------------------------------------------------
[ 2017-12-05T12:09:47+08:00 ] ::1 ::1 GET /api/v1/order/paginate?page=1&size=20
[ log ] www.test.com/api/v1/order/paginate?page=1&size=20 [运行时间：0.110089s][吞吐率：9.08req/s] [内存消耗：3,803.42kb] [文件加载：62]

---------------------------------------------------------------
[ 2017-12-05T12:09:48+08:00 ] ::1 ::1 GET /api/v1/order/paginate?page=1&size=20
[ log ] www.test.com/api/v1/order/paginate?page=1&size=20 [运行时间：0.065966s][吞吐率：15.16req/s] [内存消耗：3,803.42kb] [文件加载：62]

---------------------------------------------------------------
[ 2017-12-05T12:33:40+08:00 ] ::1 ::1 GET /api/v1/product/recent
[ log ] www.test.com/api/v1/product/recent [运行时间：0.257810s][吞吐率：3.88req/s] [内存消耗：3,600.23kb] [文件加载：55]

---------------------------------------------------------------
[ 2017-12-05T12:33:40+08:00 ] ::1 ::1 GET /api/v1/category/all
[ log ] www.test.com/api/v1/category/all [运行时间：0.220966s][吞吐率：4.53req/s] [内存消耗：3,439.94kb] [文件加载：56]

---------------------------------------------------------------
[ 2017-12-05T12:33:40+08:00 ] ::1 ::1 GET /api/v1/theme?ids=1,2,3
[ log ] www.test.com/api/v1/theme?ids=1,2,3 [运行时间：0.182791s][吞吐率：5.47req/s] [内存消耗：3,701.93kb] [文件加载：58]

---------------------------------------------------------------
[ 2017-12-05T12:33:40+08:00 ] ::1 ::1 GET /api/v1/banner/1
[ log ] www.test.com/api/v1/banner/1 [运行时间：0.276281s][吞吐率：3.62req/s] [内存消耗：3,782.32kb] [文件加载：61]

---------------------------------------------------------------
[ 2017-12-05T12:33:40+08:00 ] ::1 ::1 GET /api/v1/product/1
[ log ] www.test.com/api/v1/product/1 [运行时间：0.362882s][吞吐率：2.76req/s] [内存消耗：3,927.86kb] [文件加载：63]

---------------------------------------------------------------
[ 2017-12-05T12:33:40+08:00 ] ::1 ::1 GET /api/v1/product/by_category?id=2
[ log ] www.test.com/api/v1/product/by_category?id=2 [运行时间：0.191420s][吞吐率：5.22req/s] [内存消耗：3,596.34kb] [文件加载：55]

---------------------------------------------------------------
[ 2017-12-05T12:33:44+08:00 ] ::1 ::1 GET /api/v1/category/all
[ log ] www.test.com/api/v1/category/all [运行时间：0.077703s][吞吐率：12.87req/s] [内存消耗：3,439.94kb] [文件加载：56]

---------------------------------------------------------------
[ 2017-12-05T12:33:44+08:00 ] ::1 ::1 GET /api/v1/product/by_category?id=2
[ log ] www.test.com/api/v1/product/by_category?id=2 [运行时间：0.055535s][吞吐率：18.01req/s] [内存消耗：3,596.34kb] [文件加载：55]

---------------------------------------------------------------
[ 2017-12-05T12:33:52+08:00 ] ::1 ::1 GET /api/v1/category/all
[ log ] www.test.com/api/v1/category/all [运行时间：0.102039s][吞吐率：9.80req/s] [内存消耗：3,439.94kb] [文件加载：56]

---------------------------------------------------------------
[ 2017-12-05T12:33:52+08:00 ] ::1 ::1 GET /api/v1/product/by_category?id=2
[ log ] www.test.com/api/v1/product/by_category?id=2 [运行时间：0.059957s][吞吐率：16.68req/s] [内存消耗：3,596.34kb] [文件加载：55]

---------------------------------------------------------------
[ 2017-12-05T12:33:53+08:00 ] ::1 ::1 GET /api/v1/banner/1
[ log ] www.test.com/api/v1/banner/1 [运行时间：0.102339s][吞吐率：9.77req/s] [内存消耗：3,782.32kb] [文件加载：61]

---------------------------------------------------------------
[ 2017-12-05T12:33:53+08:00 ] ::1 ::1 GET /api/v1/product/recent
[ log ] www.test.com/api/v1/product/recent [运行时间：0.123228s][吞吐率：8.12req/s] [内存消耗：3,600.23kb] [文件加载：55]

---------------------------------------------------------------
[ 2017-12-05T12:33:53+08:00 ] ::1 ::1 GET /api/v1/theme?ids=1,2,3
[ log ] www.test.com/api/v1/theme?ids=1,2,3 [运行时间：0.139441s][吞吐率：7.17req/s] [内存消耗：3,701.93kb] [文件加载：58]

---------------------------------------------------------------
[ 2017-12-05T12:33:53+08:00 ] ::1 ::1 GET /api/v1/category/all
[ log ] www.test.com/api/v1/category/all [运行时间：0.079952s][吞吐率：12.51req/s] [内存消耗：3,439.94kb] [文件加载：56]

---------------------------------------------------------------
[ 2017-12-05T12:33:53+08:00 ] ::1 ::1 GET /api/v1/product/by_category?id=2
[ log ] www.test.com/api/v1/product/by_category?id=2 [运行时间：0.054386s][吞吐率：18.39req/s] [内存消耗：3,596.34kb] [文件加载：55]

---------------------------------------------------------------
[ 2017-12-05T12:34:39+08:00 ] ::1 ::1 GET /api/v1/product/recent
[ log ] www.test.com/api/v1/product/recent [运行时间：0.080964s][吞吐率：12.35req/s] [内存消耗：3,600.23kb] [文件加载：55]

---------------------------------------------------------------
[ 2017-12-05T12:34:39+08:00 ] ::1 ::1 GET /api/v1/theme?ids=1,2,3
[ log ] www.test.com/api/v1/theme?ids=1,2,3 [运行时间：0.083006s][吞吐率：12.05req/s] [内存消耗：3,701.93kb] [文件加载：58]

---------------------------------------------------------------
[ 2017-12-05T12:34:39+08:00 ] ::1 ::1 GET /api/v1/banner/1
[ log ] www.test.com/api/v1/banner/1 [运行时间：0.125021s][吞吐率：8.00req/s] [内存消耗：3,782.32kb] [文件加载：61]

---------------------------------------------------------------
[ 2017-12-05T12:34:40+08:00 ] ::1 ::1 GET /api/v1/category/all
[ log ] www.test.com/api/v1/category/all [运行时间：0.085749s][吞吐率：11.66req/s] [内存消耗：3,439.94kb] [文件加载：56]

---------------------------------------------------------------
[ 2017-12-05T12:34:40+08:00 ] ::1 ::1 GET /api/v1/product/by_category?id=2
[ log ] www.test.com/api/v1/product/by_category?id=2 [运行时间：0.049439s][吞吐率：20.23req/s] [内存消耗：3,596.34kb] [文件加载：55]

---------------------------------------------------------------
[ 2017-12-05T12:34:42+08:00 ] ::1 ::1 GET /api/v1/category/all
[ log ] www.test.com/api/v1/category/all [运行时间：0.065682s][吞吐率：15.22req/s] [内存消耗：3,439.94kb] [文件加载：56]

---------------------------------------------------------------
[ 2017-12-05T12:34:42+08:00 ] ::1 ::1 GET /api/v1/product/by_category?id=2
[ log ] www.test.com/api/v1/product/by_category?id=2 [运行时间：0.051961s][吞吐率：19.25req/s] [内存消耗：3,596.34kb] [文件加载：55]

---------------------------------------------------------------
[ 2017-12-05T12:34:43+08:00 ] ::1 ::1 GET /api/v1/product/recent
[ log ] www.test.com/api/v1/product/recent [运行时间：0.086469s][吞吐率：11.56req/s] [内存消耗：3,600.23kb] [文件加载：55]

---------------------------------------------------------------
[ 2017-12-05T12:34:43+08:00 ] ::1 ::1 GET /api/v1/theme?ids=1,2,3
[ log ] www.test.com/api/v1/theme?ids=1,2,3 [运行时间：0.089558s][吞吐率：11.17req/s] [内存消耗：3,701.93kb] [文件加载：58]

---------------------------------------------------------------
[ 2017-12-05T12:34:43+08:00 ] ::1 ::1 GET /api/v1/banner/1
[ log ] www.test.com/api/v1/banner/1 [运行时间：0.104672s][吞吐率：9.55req/s] [内存消耗：3,782.32kb] [文件加载：61]

---------------------------------------------------------------
[ 2017-12-05T12:36:16+08:00 ] ::1 ::1 GET /api/v1/category/all
[ log ] www.test.com/api/v1/category/all [运行时间：0.070157s][吞吐率：14.25req/s] [内存消耗：3,439.94kb] [文件加载：56]

---------------------------------------------------------------
[ 2017-12-05T12:36:16+08:00 ] ::1 ::1 GET /api/v1/product/by_category?id=2
[ log ] www.test.com/api/v1/product/by_category?id=2 [运行时间：0.061755s][吞吐率：16.19req/s] [内存消耗：3,596.34kb] [文件加载：55]

---------------------------------------------------------------
[ 2017-12-05T12:36:18+08:00 ] ::1 ::1 GET /api/v1/category/all
[ log ] www.test.com/api/v1/category/all [运行时间：0.054769s][吞吐率：18.26req/s] [内存消耗：3,439.94kb] [文件加载：56]

---------------------------------------------------------------
[ 2017-12-05T12:36:18+08:00 ] ::1 ::1 GET /api/v1/product/by_category?id=3
[ log ] www.test.com/api/v1/product/by_category?id=3 [运行时间：0.044555s][吞吐率：22.44req/s] [内存消耗：3,593.73kb] [文件加载：55]

---------------------------------------------------------------
[ 2017-12-05T12:36:19+08:00 ] ::1 ::1 GET /api/v1/category/all
[ log ] www.test.com/api/v1/category/all [运行时间：0.053414s][吞吐率：18.72req/s] [内存消耗：3,439.94kb] [文件加载：56]

---------------------------------------------------------------
[ 2017-12-05T12:36:19+08:00 ] ::1 ::1 GET /api/v1/product/by_category?id=4
[ log ] www.test.com/api/v1/product/by_category?id=4 [运行时间：0.045789s][吞吐率：21.84req/s] [内存消耗：3,594.59kb] [文件加载：55]

---------------------------------------------------------------
[ 2017-12-05T12:36:19+08:00 ] ::1 ::1 GET /api/v1/category/all
[ log ] www.test.com/api/v1/category/all [运行时间：0.055948s][吞吐率：17.87req/s] [内存消耗：3,439.94kb] [文件加载：56]

---------------------------------------------------------------
[ 2017-12-05T12:36:19+08:00 ] ::1 ::1 GET /api/v1/product/by_category?id=5
[ log ] www.test.com/api/v1/product/by_category?id=5 [运行时间：0.048006s][吞吐率：20.83req/s] [内存消耗：3,595.52kb] [文件加载：55]

---------------------------------------------------------------
[ 2017-12-05T12:36:19+08:00 ] ::1 ::1 GET /api/v1/category/all
[ log ] www.test.com/api/v1/category/all [运行时间：0.055368s][吞吐率：18.06req/s] [内存消耗：3,439.94kb] [文件加载：56]

---------------------------------------------------------------
[ 2017-12-05T12:36:19+08:00 ] ::1 ::1 GET /api/v1/product/by_category?id=6
[ log ] www.test.com/api/v1/product/by_category?id=6 [运行时间：0.044079s][吞吐率：22.69req/s] [内存消耗：3,593.77kb] [文件加载：55]

---------------------------------------------------------------
[ 2017-12-05T12:36:20+08:00 ] ::1 ::1 GET /api/v1/category/all
[ log ] www.test.com/api/v1/category/all [运行时间：0.050142s][吞吐率：19.94req/s] [内存消耗：3,439.94kb] [文件加载：56]

---------------------------------------------------------------
[ 2017-12-05T12:36:20+08:00 ] ::1 ::1 GET /api/v1/product/by_category?id=6
[ log ] www.test.com/api/v1/product/by_category?id=6 [运行时间：0.043583s][吞吐率：22.94req/s] [内存消耗：3,593.77kb] [文件加载：55]

---------------------------------------------------------------
[ 2017-12-05T12:36:20+08:00 ] ::1 ::1 GET /api/v1/category/all
[ log ] www.test.com/api/v1/category/all [运行时间：0.057363s][吞吐率：17.43req/s] [内存消耗：3,439.94kb] [文件加载：56]

---------------------------------------------------------------
[ 2017-12-05T12:36:20+08:00 ] ::1 ::1 GET /api/v1/product/by_category?id=9
[ log ] www.test.com/api/v1/product/by_category?id=9 [运行时间：0.045557s][吞吐率：21.95req/s] [内存消耗：3,592.05kb] [文件加载：55]

---------------------------------------------------------------
[ 2017-12-05T12:36:21+08:00 ] ::1 ::1 GET /api/v1/category/all
[ log ] www.test.com/api/v1/category/all [运行时间：0.060622s][吞吐率：16.50req/s] [内存消耗：3,439.94kb] [文件加载：56]

---------------------------------------------------------------
[ 2017-12-05T12:36:21+08:00 ] ::1 ::1 GET /api/v1/product/by_category?id=7
[ log ] www.test.com/api/v1/product/by_category?id=7 [运行时间：0.047923s][吞吐率：20.87req/s] [内存消耗：3,594.59kb] [文件加载：55]

---------------------------------------------------------------
[ 2017-12-05T12:36:22+08:00 ] ::1 ::1 GET /api/v1/category/all
[ log ] www.test.com/api/v1/category/all [运行时间：0.055962s][吞吐率：17.87req/s] [内存消耗：3,439.94kb] [文件加载：56]

---------------------------------------------------------------
[ 2017-12-05T12:36:22+08:00 ] ::1 ::1 GET /api/v1/product/by_category?id=8
[ log ] www.test.com/api/v1/product/by_category?id=8 [运行时间：0.043803s][吞吐率：22.83req/s] [内存消耗：3,592.09kb] [文件加载：55]

---------------------------------------------------------------
[ 2017-12-05T12:36:23+08:00 ] ::1 ::1 GET /api/v1/category/all
[ log ] www.test.com/api/v1/category/all [运行时间：0.056345s][吞吐率：17.75req/s] [内存消耗：3,439.94kb] [文件加载：56]

---------------------------------------------------------------
[ 2017-12-05T12:36:23+08:00 ] ::1 ::1 GET /api/v1/product/by_category?id=5
[ log ] www.test.com/api/v1/product/by_category?id=5 [运行时间：0.049251s][吞吐率：20.30req/s] [内存消耗：3,595.52kb] [文件加载：55]

---------------------------------------------------------------
[ 2017-12-05T12:36:23+08:00 ] ::1 ::1 GET /api/v1/category/all
[ log ] www.test.com/api/v1/category/all [运行时间：0.055582s][吞吐率：17.99req/s] [内存消耗：3,439.94kb] [文件加载：56]

---------------------------------------------------------------
[ 2017-12-05T12:36:23+08:00 ] ::1 ::1 GET /api/v1/product/by_category?id=3
[ log ] www.test.com/api/v1/product/by_category?id=3 [运行时间：0.047266s][吞吐率：21.16req/s] [内存消耗：3,593.73kb] [文件加载：55]

---------------------------------------------------------------
[ 2017-12-05T12:36:24+08:00 ] ::1 ::1 GET /api/v1/category/all
[ log ] www.test.com/api/v1/category/all [运行时间：0.052712s][吞吐率：18.97req/s] [内存消耗：3,439.94kb] [文件加载：56]

---------------------------------------------------------------
[ 2017-12-05T12:36:24+08:00 ] ::1 ::1 GET /api/v1/product/by_category?id=2
[ log ] www.test.com/api/v1/product/by_category?id=2 [运行时间：0.048237s][吞吐率：20.73req/s] [内存消耗：3,596.34kb] [文件加载：55]

---------------------------------------------------------------
