[ 2017-12-08T11:40:10+08:00 ] ::1 ::1 POST /api/v1/token/verify
[ log ] www.test.com/api/v1/token/verify [运行时间：0.194080s][吞吐率：5.15req/s] [内存消耗：1,608.78kb] [文件加载：37]

---------------------------------------------------------------
[ 2017-12-08T11:40:11+08:00 ] ::1 ::1 GET /api/v1/product/recent
[ log ] www.test.com/api/v1/product/recent [运行时间：0.322974s][吞吐率：3.10req/s] [内存消耗：3,600.35kb] [文件加载：55]

---------------------------------------------------------------
[ 2017-12-08T11:40:11+08:00 ] ::1 ::1 GET /api/v1/banner/1
[ log ] www.test.com/api/v1/banner/1 [运行时间：0.452545s][吞吐率：2.21req/s] [内存消耗：3,782.70kb] [文件加载：61]

---------------------------------------------------------------
[ 2017-12-08T11:40:11+08:00 ] ::1 ::1 GET /api/v1/theme?ids=1,2,3
[ log ] www.test.com/api/v1/theme?ids=1,2,3 [运行时间：0.383357s][吞吐率：2.61req/s] [内存消耗：3,702.79kb] [文件加载：58]

---------------------------------------------------------------
[ 2017-12-08T11:40:12+08:00 ] ::1 ::1 POST /api/v1/token/user
[ log ] www.test.com/api/v1/token/user [运行时间：0.628361s][吞吐率：1.59req/s] [内存消耗：3,259.01kb] [文件加载：52]

---------------------------------------------------------------
[ 2017-12-08T11:40:14+08:00 ] ::1 ::1 GET /api/v1/order/by_user?page=1
[ log ] www.test.com/api/v1/order/by_user?page=1 [运行时间：0.159477s][吞吐率：6.27req/s] [内存消耗：3,800.91kb] [文件加载：62]

---------------------------------------------------------------
[ 2017-12-08T11:40:14+08:00 ] ::1 ::1 GET /api/v1/address
[ log ] www.test.com/api/v1/address [运行时间：0.191452s][吞吐率：5.22req/s] [内存消耗：3,338.09kb] [文件加载：55]

---------------------------------------------------------------
[ 2017-12-08T11:40:15+08:00 ] ::1 ::1 POST /api/v1/address
[ log ] www.test.com/api/v1/address [运行时间：0.136191s][吞吐率：7.34req/s] [内存消耗：3,793.59kb] [文件加载：65]

---------------------------------------------------------------
[ 2017-12-08T12:08:01+08:00 ] ::1 ::1 GET /api/v1/theme?ids=1,2,3
[ log ] www.test.com/api/v1/theme?ids=1,2,3 [运行时间：0.184930s][吞吐率：5.41req/s] [内存消耗：3,702.21kb] [文件加载：58]

---------------------------------------------------------------
[ 2017-12-08T12:08:01+08:00 ] ::1 ::1 GET /api/v1/banner/1
[ log ] www.test.com/api/v1/banner/1 [运行时间：0.187275s][吞吐率：5.34req/s] [内存消耗：3,782.12kb] [文件加载：61]

---------------------------------------------------------------
[ 2017-12-08T12:08:01+08:00 ] ::1 ::1 GET /api/v1/product/recent
[ log ] www.test.com/api/v1/product/recent [运行时间：0.190322s][吞吐率：5.25req/s] [内存消耗：3,600.19kb] [文件加载：55]

---------------------------------------------------------------
[ 2017-12-08T12:08:01+08:00 ] ::1 ::1 GET /api/v1/product/1
[ log ] www.test.com/api/v1/product/1 [运行时间：0.264492s][吞吐率：3.78req/s] [内存消耗：3,927.85kb] [文件加载：63]

---------------------------------------------------------------
[ 2017-12-08T12:08:14+08:00 ] ::1 ::1 GET /api/v1/category/all
[ log ] www.test.com/api/v1/category/all [运行时间：0.190997s][吞吐率：5.24req/s] [内存消耗：3,439.94kb] [文件加载：56]

---------------------------------------------------------------
[ 2017-12-08T12:08:14+08:00 ] ::1 ::1 GET /api/v1/product/by_category?id=2
[ log ] www.test.com/api/v1/product/by_category?id=2 [运行时间：0.084510s][吞吐率：11.83req/s] [内存消耗：3,596.34kb] [文件加载：55]

---------------------------------------------------------------
[ 2017-12-08T12:08:17+08:00 ] ::1 ::1 GET /api/v1/category/all
[ log ] www.test.com/api/v1/category/all [运行时间：0.071765s][吞吐率：13.93req/s] [内存消耗：3,439.94kb] [文件加载：56]

---------------------------------------------------------------
[ 2017-12-08T12:08:17+08:00 ] ::1 ::1 GET /api/v1/product/by_category?id=2
[ log ] www.test.com/api/v1/product/by_category?id=2 [运行时间：0.071180s][吞吐率：14.05req/s] [内存消耗：3,596.34kb] [文件加载：55]

---------------------------------------------------------------
[ 2017-12-08T12:08:18+08:00 ] ::1 ::1 GET /api/v1/product/recent
[ log ] www.test.com/api/v1/product/recent [运行时间：0.124256s][吞吐率：8.05req/s] [内存消耗：3,600.23kb] [文件加载：55]

---------------------------------------------------------------
[ 2017-12-08T12:08:18+08:00 ] ::1 ::1 GET /api/v1/banner/1
[ log ] www.test.com/api/v1/banner/1 [运行时间：0.146075s][吞吐率：6.85req/s] [内存消耗：3,782.32kb] [文件加载：61]

---------------------------------------------------------------
[ 2017-12-08T12:08:18+08:00 ] ::1 ::1 GET /api/v1/theme?ids=1,2,3
[ log ] www.test.com/api/v1/theme?ids=1,2,3 [运行时间：0.141723s][吞吐率：7.06req/s] [内存消耗：3,701.93kb] [文件加载：58]

---------------------------------------------------------------
[ 2017-12-08T12:08:18+08:00 ] ::1 ::1 GET /api/v1/category/all
[ log ] www.test.com/api/v1/category/all [运行时间：0.078411s][吞吐率：12.75req/s] [内存消耗：3,439.94kb] [文件加载：56]

---------------------------------------------------------------
[ 2017-12-08T12:08:18+08:00 ] ::1 ::1 GET /api/v1/product/by_category?id=2
[ log ] www.test.com/api/v1/product/by_category?id=2 [运行时间：0.082757s][吞吐率：12.08req/s] [内存消耗：3,596.34kb] [文件加载：55]

---------------------------------------------------------------
[ 2017-12-08T12:08:20+08:00 ] ::1 ::1 GET /api/v1/category/all
[ log ] www.test.com/api/v1/category/all [运行时间：0.076021s][吞吐率：13.15req/s] [内存消耗：3,439.94kb] [文件加载：56]

---------------------------------------------------------------
[ 2017-12-08T12:08:20+08:00 ] ::1 ::1 GET /api/v1/product/by_category?id=2
[ log ] www.test.com/api/v1/product/by_category?id=2 [运行时间：0.075097s][吞吐率：13.32req/s] [内存消耗：3,596.34kb] [文件加载：55]

---------------------------------------------------------------
[ 2017-12-08T12:08:21+08:00 ] ::1 ::1 GET /api/v1/product/recent
[ log ] www.test.com/api/v1/product/recent [运行时间：0.100802s][吞吐率：9.92req/s] [内存消耗：3,600.23kb] [文件加载：55]

---------------------------------------------------------------
[ 2017-12-08T12:08:21+08:00 ] ::1 ::1 GET /api/v1/banner/1
[ log ] www.test.com/api/v1/banner/1 [运行时间：0.120000s][吞吐率：8.33req/s] [内存消耗：3,782.32kb] [文件加载：61]

---------------------------------------------------------------
[ 2017-12-08T12:08:21+08:00 ] ::1 ::1 GET /api/v1/theme?ids=1,2,3
[ log ] www.test.com/api/v1/theme?ids=1,2,3 [运行时间：0.117811s][吞吐率：8.49req/s] [内存消耗：3,701.93kb] [文件加载：58]

---------------------------------------------------------------
[ 2017-12-08T12:08:21+08:00 ] ::1 ::1 GET /api/v1/category/all
[ log ] www.test.com/api/v1/category/all [运行时间：0.073796s][吞吐率：13.55req/s] [内存消耗：3,439.94kb] [文件加载：56]

---------------------------------------------------------------
[ 2017-12-08T12:08:21+08:00 ] ::1 ::1 GET /api/v1/product/by_category?id=2
[ log ] www.test.com/api/v1/product/by_category?id=2 [运行时间：0.085062s][吞吐率：11.76req/s] [内存消耗：3,596.34kb] [文件加载：55]

---------------------------------------------------------------
[ 2017-12-08T12:08:24+08:00 ] ::1 ::1 GET /api/v1/category/all
[ log ] www.test.com/api/v1/category/all [运行时间：0.070431s][吞吐率：14.20req/s] [内存消耗：3,439.94kb] [文件加载：56]

---------------------------------------------------------------
[ 2017-12-08T12:08:25+08:00 ] ::1 ::1 GET /api/v1/product/by_category?id=2
[ log ] www.test.com/api/v1/product/by_category?id=2 [运行时间：0.081481s][吞吐率：12.27req/s] [内存消耗：3,596.34kb] [文件加载：55]

---------------------------------------------------------------
[ 2017-12-08T12:08:25+08:00 ] ::1 ::1 GET /api/v1/product/recent
[ log ] www.test.com/api/v1/product/recent [运行时间：0.098396s][吞吐率：10.16req/s] [内存消耗：3,600.23kb] [文件加载：55]

---------------------------------------------------------------
[ 2017-12-08T12:08:25+08:00 ] ::1 ::1 GET /api/v1/theme?ids=1,2,3
[ log ] www.test.com/api/v1/theme?ids=1,2,3 [运行时间：0.097716s][吞吐率：10.23req/s] [内存消耗：3,701.93kb] [文件加载：58]

---------------------------------------------------------------
[ 2017-12-08T12:08:25+08:00 ] ::1 ::1 GET /api/v1/banner/1
[ log ] www.test.com/api/v1/banner/1 [运行时间：0.121181s][吞吐率：8.25req/s] [内存消耗：3,782.32kb] [文件加载：61]

---------------------------------------------------------------
[ 2017-12-08T12:08:26+08:00 ] ::1 ::1 GET /api/v1/category/all
[ log ] www.test.com/api/v1/category/all [运行时间：0.072441s][吞吐率：13.80req/s] [内存消耗：3,439.94kb] [文件加载：56]

---------------------------------------------------------------
[ 2017-12-08T12:08:26+08:00 ] ::1 ::1 GET /api/v1/product/by_category?id=2
[ log ] www.test.com/api/v1/product/by_category?id=2 [运行时间：0.077086s][吞吐率：12.97req/s] [内存消耗：3,596.34kb] [文件加载：55]

---------------------------------------------------------------
[ 2017-12-08T12:08:26+08:00 ] ::1 ::1 GET /api/v1/product/recent
[ log ] www.test.com/api/v1/product/recent [运行时间：0.098766s][吞吐率：10.12req/s] [内存消耗：3,600.23kb] [文件加载：55]

---------------------------------------------------------------
[ 2017-12-08T12:08:26+08:00 ] ::1 ::1 GET /api/v1/theme?ids=1,2,3
[ log ] www.test.com/api/v1/theme?ids=1,2,3 [运行时间：0.104975s][吞吐率：9.53req/s] [内存消耗：3,701.93kb] [文件加载：58]

---------------------------------------------------------------
[ 2017-12-08T12:08:26+08:00 ] ::1 ::1 GET /api/v1/banner/1
[ log ] www.test.com/api/v1/banner/1 [运行时间：0.119603s][吞吐率：8.36req/s] [内存消耗：3,782.32kb] [文件加载：61]

---------------------------------------------------------------
[ 2017-12-08T12:08:27+08:00 ] ::1 ::1 GET /api/v1/category/all
[ log ] www.test.com/api/v1/category/all [运行时间：0.081222s][吞吐率：12.31req/s] [内存消耗：3,439.94kb] [文件加载：56]

---------------------------------------------------------------
[ 2017-12-08T12:08:27+08:00 ] ::1 ::1 GET /api/v1/product/by_category?id=2
[ log ] www.test.com/api/v1/product/by_category?id=2 [运行时间：0.060200s][吞吐率：16.61req/s] [内存消耗：3,596.34kb] [文件加载：55]

---------------------------------------------------------------
[ 2017-12-08T12:08:33+08:00 ] ::1 ::1 GET /api/v1/category/all
[ log ] www.test.com/api/v1/category/all [运行时间：0.125388s][吞吐率：7.98req/s] [内存消耗：3,440.28kb] [文件加载：56]

---------------------------------------------------------------
[ 2017-12-08T12:08:33+08:00 ] ::1 ::1 GET /api/v1/product/by_category?id=2
[ log ] www.test.com/api/v1/product/by_category?id=2 [运行时间：0.096281s][吞吐率：10.39req/s] [内存消耗：3,596.80kb] [文件加载：55]

---------------------------------------------------------------
[ 2017-12-08T12:08:35+08:00 ] ::1 ::1 GET /api/v1/product/8
[ log ] www.test.com/api/v1/product/8 [运行时间：0.122600s][吞吐率：8.16req/s] [内存消耗：3,924.48kb] [文件加载：63]

---------------------------------------------------------------
[ 2017-12-08T12:33:30+08:00 ] ::1 ::1 GET /api/v1/theme?ids=1,2,3
[ log ] www.test.com/api/v1/theme?ids=1,2,3 [运行时间：0.244948s][吞吐率：4.08req/s] [内存消耗：3,701.93kb] [文件加载：58]

---------------------------------------------------------------
[ 2017-12-08T12:33:30+08:00 ] ::1 ::1 GET /api/v1/product/recent
[ log ] www.test.com/api/v1/product/recent [运行时间：0.243357s][吞吐率：4.11req/s] [内存消耗：3,600.23kb] [文件加载：55]

---------------------------------------------------------------
[ 2017-12-08T12:33:30+08:00 ] ::1 ::1 GET /api/v1/banner/1
[ log ] www.test.com/api/v1/banner/1 [运行时间：0.248667s][吞吐率：4.02req/s] [内存消耗：3,782.32kb] [文件加载：61]

---------------------------------------------------------------
[ 2017-12-08T12:36:14+08:00 ] ::1 ::1 GET /api/v1/category/all
[ log ] www.test.com/api/v1/category/all [运行时间：0.320331s][吞吐率：3.12req/s] [内存消耗：3,439.94kb] [文件加载：56]

---------------------------------------------------------------
[ 2017-12-08T12:36:14+08:00 ] ::1 ::1 GET /api/v1/product/by_category?id=2
[ log ] www.test.com/api/v1/product/by_category?id=2 [运行时间：0.084155s][吞吐率：11.88req/s] [内存消耗：3,596.34kb] [文件加载：55]

---------------------------------------------------------------
[ 2017-12-08T13:00:41+08:00 ] ::1 ::1 GET /api/v1/product/recent
[ log ] www.test.com/api/v1/product/recent [运行时间：0.179721s][吞吐率：5.56req/s] [内存消耗：3,600.23kb] [文件加载：55]

---------------------------------------------------------------
[ 2017-12-08T13:00:41+08:00 ] ::1 ::1 GET /api/v1/theme?ids=1,2,3
[ log ] www.test.com/api/v1/theme?ids=1,2,3 [运行时间：0.184545s][吞吐率：5.42req/s] [内存消耗：3,701.93kb] [文件加载：58]

---------------------------------------------------------------
[ 2017-12-08T13:00:41+08:00 ] ::1 ::1 GET /api/v1/banner/1
[ log ] www.test.com/api/v1/banner/1 [运行时间：0.201170s][吞吐率：4.97req/s] [内存消耗：3,782.32kb] [文件加载：61]

---------------------------------------------------------------
[ 2017-12-08T13:00:41+08:00 ] ::1 ::1 GET /api/v1/product/1
[ log ] www.test.com/api/v1/product/1 [运行时间：0.368117s][吞吐率：2.72req/s] [内存消耗：3,927.86kb] [文件加载：63]

---------------------------------------------------------------
[ 2017-12-08T13:01:17+08:00 ] ::1 ::1 GET /api/v1/product/recent
[ log ] www.test.com/api/v1/product/recent [运行时间：0.252789s][吞吐率：3.96req/s] [内存消耗：3,600.23kb] [文件加载：55]

---------------------------------------------------------------
[ 2017-12-08T13:01:17+08:00 ] ::1 ::1 GET /api/v1/theme?ids=1,2,3
[ log ] www.test.com/api/v1/theme?ids=1,2,3 [运行时间：0.273794s][吞吐率：3.65req/s] [内存消耗：3,701.93kb] [文件加载：58]

---------------------------------------------------------------
[ 2017-12-08T13:01:17+08:00 ] ::1 ::1 GET /api/v1/banner/1
[ log ] www.test.com/api/v1/banner/1 [运行时间：0.316388s][吞吐率：3.16req/s] [内存消耗：3,782.32kb] [文件加载：61]

---------------------------------------------------------------
[ 2017-12-08T13:01:18+08:00 ] ::1 ::1 GET /api/v1/category/all
[ log ] www.test.com/api/v1/category/all [运行时间：0.077605s][吞吐率：12.89req/s] [内存消耗：3,439.94kb] [文件加载：56]

---------------------------------------------------------------
[ 2017-12-08T13:01:19+08:00 ] ::1 ::1 GET /api/v1/product/by_category?id=2
[ log ] www.test.com/api/v1/product/by_category?id=2 [运行时间：0.061006s][吞吐率：16.39req/s] [内存消耗：3,596.34kb] [文件加载：55]

---------------------------------------------------------------
[ 2017-12-08T13:01:19+08:00 ] ::1 ::1 GET /api/v1/product/recent
[ log ] www.test.com/api/v1/product/recent [运行时间：0.094610s][吞吐率：10.57req/s] [内存消耗：3,600.23kb] [文件加载：55]

---------------------------------------------------------------
[ 2017-12-08T13:01:19+08:00 ] ::1 ::1 GET /api/v1/banner/1
[ log ] www.test.com/api/v1/banner/1 [运行时间：0.113925s][吞吐率：8.78req/s] [内存消耗：3,782.32kb] [文件加载：61]

---------------------------------------------------------------
[ 2017-12-08T13:01:19+08:00 ] ::1 ::1 GET /api/v1/theme?ids=1,2,3
[ log ] www.test.com/api/v1/theme?ids=1,2,3 [运行时间：0.117813s][吞吐率：8.49req/s] [内存消耗：3,701.93kb] [文件加载：58]

---------------------------------------------------------------
[ 2017-12-08T13:01:21+08:00 ] ::1 ::1 GET /api/v1/category/all
[ log ] www.test.com/api/v1/category/all [运行时间：0.069927s][吞吐率：14.30req/s] [内存消耗：3,439.94kb] [文件加载：56]

---------------------------------------------------------------
[ 2017-12-08T13:01:21+08:00 ] ::1 ::1 GET /api/v1/product/by_category?id=2
[ log ] www.test.com/api/v1/product/by_category?id=2 [运行时间：0.056928s][吞吐率：17.57req/s] [内存消耗：3,596.34kb] [文件加载：55]

---------------------------------------------------------------
[ 2017-12-08T13:01:22+08:00 ] ::1 ::1 GET /api/v1/product/recent
[ log ] www.test.com/api/v1/product/recent [运行时间：0.089373s][吞吐率：11.19req/s] [内存消耗：3,600.23kb] [文件加载：55]

---------------------------------------------------------------
[ 2017-12-08T13:01:22+08:00 ] ::1 ::1 GET /api/v1/banner/1
[ log ] www.test.com/api/v1/banner/1 [运行时间：0.103996s][吞吐率：9.62req/s] [内存消耗：3,782.32kb] [文件加载：61]

---------------------------------------------------------------
[ 2017-12-08T13:01:22+08:00 ] ::1 ::1 GET /api/v1/theme?ids=1,2,3
[ log ] www.test.com/api/v1/theme?ids=1,2,3 [运行时间：0.117169s][吞吐率：8.53req/s] [内存消耗：3,701.93kb] [文件加载：58]

---------------------------------------------------------------
[ 2017-12-08T13:01:25+08:00 ] ::1 ::1 GET /api/v1/category/all
[ log ] www.test.com/api/v1/category/all [运行时间：0.071683s][吞吐率：13.95req/s] [内存消耗：3,439.94kb] [文件加载：56]

---------------------------------------------------------------
[ 2017-12-08T13:01:25+08:00 ] ::1 ::1 GET /api/v1/product/by_category?id=2
[ log ] www.test.com/api/v1/product/by_category?id=2 [运行时间：0.058853s][吞吐率：16.99req/s] [内存消耗：3,596.34kb] [文件加载：55]

---------------------------------------------------------------
[ 2017-12-08T13:01:25+08:00 ] ::1 ::1 GET /api/v1/product/recent
[ log ] www.test.com/api/v1/product/recent [运行时间：0.112521s][吞吐率：8.89req/s] [内存消耗：3,600.23kb] [文件加载：55]

---------------------------------------------------------------
[ 2017-12-08T13:01:25+08:00 ] ::1 ::1 GET /api/v1/theme?ids=1,2,3
[ log ] www.test.com/api/v1/theme?ids=1,2,3 [运行时间：0.109008s][吞吐率：9.17req/s] [内存消耗：3,701.93kb] [文件加载：58]

---------------------------------------------------------------
[ 2017-12-08T13:01:26+08:00 ] ::1 ::1 GET /api/v1/banner/1
[ log ] www.test.com/api/v1/banner/1 [运行时间：0.153556s][吞吐率：6.51req/s] [内存消耗：3,782.32kb] [文件加载：61]

---------------------------------------------------------------
[ 2017-12-08T13:01:26+08:00 ] ::1 ::1 GET /api/v1/category/all
[ log ] www.test.com/api/v1/category/all [运行时间：0.070229s][吞吐率：14.24req/s] [内存消耗：3,439.94kb] [文件加载：56]

---------------------------------------------------------------
[ 2017-12-08T13:01:26+08:00 ] ::1 ::1 GET /api/v1/product/by_category?id=2
[ log ] www.test.com/api/v1/product/by_category?id=2 [运行时间：0.064338s][吞吐率：15.54req/s] [内存消耗：3,596.34kb] [文件加载：55]

---------------------------------------------------------------
