[ 2017-12-15T14:09:36+08:00 ] ::1 ::1 GET /api/v1/banner/1
[ log ] www.test.com/api/v1/banner/1 [运行时间：0.530939s][吞吐率：1.88req/s] [内存消耗：3,782.63kb] [文件加载：61]

---------------------------------------------------------------
[ 2017-12-15T14:15:49+08:00 ] 127.0.0.1 127.0.0.1 GET /api/v1/banner/1
[ log ] www.test.com/api/v1/banner/1 [运行时间：0.281065s][吞吐率：3.56req/s] [内存消耗：3,781.20kb] [文件加载：61]

---------------------------------------------------------------
[ 2017-12-15T14:27:07+08:00 ] ::1 ::1 POST /api/v1/token/verify
[ log ] www.test.com/api/v1/token/verify [运行时间：0.396717s][吞吐率：2.52req/s] [内存消耗：1,608.76kb] [文件加载：37]

---------------------------------------------------------------
[ 2017-12-15T14:27:08+08:00 ] ::1 ::1 GET /api/v1/product/recent
[ log ] www.test.com/api/v1/product/recent [运行时间：0.169109s][吞吐率：5.91req/s] [内存消耗：3,600.11kb] [文件加载：55]

---------------------------------------------------------------
[ 2017-12-15T14:27:08+08:00 ] ::1 ::1 GET /api/v1/banner/1
[ log ] www.test.com/api/v1/banner/1 [运行时间：0.673937s][吞吐率：1.48req/s] [内存消耗：3,782.21kb] [文件加载：61]

---------------------------------------------------------------
[ 2017-12-15T14:27:08+08:00 ] ::1 ::1 GET /api/v1/theme?ids=1,2,3
[ log ] www.test.com/api/v1/theme?ids=1,2,3 [运行时间：0.623636s][吞吐率：1.60req/s] [内存消耗：3,702.46kb] [文件加载：58]

---------------------------------------------------------------
[ 2017-12-15T14:27:09+08:00 ] ::1 ::1 POST /api/v1/token/user
[ log ] www.test.com/api/v1/token/user [运行时间：1.034037s][吞吐率：0.97req/s] [内存消耗：3,258.66kb] [文件加载：52]

---------------------------------------------------------------
[ 2017-12-15T14:27:12+08:00 ] ::1 ::1 GET /api/v1/category/all
[ log ] www.test.com/api/v1/category/all [运行时间：0.170370s][吞吐率：5.87req/s] [内存消耗：3,439.91kb] [文件加载：56]

---------------------------------------------------------------
[ 2017-12-15T14:27:13+08:00 ] ::1 ::1 GET /api/v1/product/by_category?id=2
[ log ] www.test.com/api/v1/product/by_category?id=2 [运行时间：0.143590s][吞吐率：6.96req/s] [内存消耗：3,596.47kb] [文件加载：55]

---------------------------------------------------------------
[ 2017-12-15T14:27:14+08:00 ] ::1 ::1 GET /api/v1/product/9
[ log ] www.test.com/api/v1/product/9 [运行时间：0.254847s][吞吐率：3.92req/s] [内存消耗：3,924.22kb] [文件加载：63]

---------------------------------------------------------------
[ 2017-12-15T14:27:30+08:00 ] ::1 ::1 GET /api/v1/product/9
[ log ] www.test.com/api/v1/product/9 [运行时间：0.147632s][吞吐率：6.77req/s] [内存消耗：3,924.22kb] [文件加载：63]

---------------------------------------------------------------
[ 2017-12-15T14:27:34+08:00 ] ::1 ::1 GET /api/v1/product/10
[ log ] www.test.com/api/v1/product/10 [运行时间：0.179154s][吞吐率：5.58req/s] [内存消耗：3,924.53kb] [文件加载：63]

---------------------------------------------------------------
[ 2017-12-15T14:27:46+08:00 ] ::1 ::1 GET /api/v1/address
[ log ] www.test.com/api/v1/address [运行时间：0.144812s][吞吐率：6.91req/s] [内存消耗：3,337.67kb] [文件加载：55]

---------------------------------------------------------------
[ 2017-12-15T15:14:56+08:00 ] ::1 ::1 GET /api/v1/banner/1
[ log ] localhost:8888/api/v1/banner/1 [运行时间：0.144825s][吞吐率：6.90req/s] [内存消耗：2,554.70kb] [文件加载：61]

---------------------------------------------------------------
[ 2017-12-15T15:16:18+08:00 ] ::1 ::1 GET /api/v1/banner/1
[ log ] localhost:8888/api/v1/banner/1 [运行时间：0.134019s][吞吐率：7.46req/s] [内存消耗：2,551.51kb] [文件加载：61]

---------------------------------------------------------------
[ 2017-12-15T15:16:18+08:00 ] ::1 ::1 GET /api/v1/banner/1
[ log ] localhost:8888/api/v1/banner/1 [运行时间：0.129359s][吞吐率：7.73req/s] [内存消耗：2,551.51kb] [文件加载：61]

---------------------------------------------------------------
[ 2017-12-15T15:16:43+08:00 ] ::1 ::1 POST /api/v1/token/verify
[ log ] localhost:8888/api/v1/token/verify [运行时间：0.147286s][吞吐率：6.79req/s] [内存消耗：1,127.45kb] [文件加载：37]

---------------------------------------------------------------
[ 2017-12-15T15:16:44+08:00 ] ::1 ::1 GET /api/v1/banner/1
[ log ] localhost:8888/api/v1/banner/1 [运行时间：0.165887s][吞吐率：6.03req/s] [内存消耗：2,552.93kb] [文件加载：61]

---------------------------------------------------------------
[ 2017-12-15T15:16:44+08:00 ] ::1 ::1 GET /api/v1/theme?ids=1,2,3
[ log ] localhost:8888/api/v1/theme?ids=1,2,3 [运行时间：0.164919s][吞吐率：6.06req/s] [内存消耗：2,526.67kb] [文件加载：58]

---------------------------------------------------------------
[ 2017-12-15T15:16:44+08:00 ] ::1 ::1 GET /api/v1/product/recent
[ log ] localhost:8888/api/v1/product/recent [运行时间：0.129798s][吞吐率：7.70req/s] [内存消耗：2,480.91kb] [文件加载：55]

---------------------------------------------------------------
[ 2017-12-15T15:16:47+08:00 ] ::1 ::1 GET /api/v1/category/all
[ log ] localhost:8888/api/v1/category/all [运行时间：0.103067s][吞吐率：9.70req/s] [内存消耗：2,384.51kb] [文件加载：56]

---------------------------------------------------------------
[ 2017-12-15T15:16:47+08:00 ] ::1 ::1 GET /api/v1/product/by_category?id=2
[ log ] localhost:8888/api/v1/product/by_category?id=2 [运行时间：0.074412s][吞吐率：13.44req/s] [内存消耗：2,481.41kb] [文件加载：55]

---------------------------------------------------------------
[ 2017-12-15T15:16:49+08:00 ] ::1 ::1 GET /api/v1/address
[ log ] localhost:8888/api/v1/address [运行时间：0.074935s][吞吐率：13.34req/s] [内存消耗：2,345.36kb] [文件加载：55]

---------------------------------------------------------------
[ 2017-12-15T15:16:50+08:00 ] ::1 ::1 POST /api/v1/order
[ log ] localhost:8888/api/v1/order [运行时间：0.075304s][吞吐率：13.28req/s] [内存消耗：2,588.55kb] [文件加载：64]

---------------------------------------------------------------
[ 2017-12-15T15:18:07+08:00 ] ::1 ::1 POST /api/v1/addAdminUser
[ log ] localhost:8888/api/v1/addAdminUser [运行时间：0.133543s][吞吐率：7.49req/s] [内存消耗：2,166.06kb] [文件加载：49]

---------------------------------------------------------------
[ 2017-12-15T15:19:37+08:00 ] ::1 ::1 POST /api/v1/addAdminUser
[ log ] localhost/api/v1/addAdminUser [运行时间：0.103440s][吞吐率：9.67req/s] [内存消耗：2,166.20kb] [文件加载：49]

---------------------------------------------------------------
[ 2017-12-15T15:30:58+08:00 ] ::1 ::1 POST /api/v1/addAdminUser
[ log ] localhost/api/v1/addAdminUser [运行时间：0.121013s][吞吐率：8.26req/s] [内存消耗：2,139.58kb] [文件加载：49]

---------------------------------------------------------------
[ 2017-12-15T15:31:10+08:00 ] ::1 ::1 POST /api/v1/addAdminUser
[ log ] localhost/api/v1/addAdminUser [运行时间：0.046127s][吞吐率：21.68req/s] [内存消耗：2,143.73kb] [文件加载：50]

---------------------------------------------------------------
[ 2017-12-15T15:33:02+08:00 ] ::1 ::1 POST /api/v1/addAdminUser
[ log ] localhost/api/v1/addAdminUser [运行时间：0.097559s][吞吐率：10.25req/s] [内存消耗：2,205.45kb] [文件加载：50]

---------------------------------------------------------------
[ 2017-12-15T15:36:58+08:00 ] ::1 ::1 POST /api/v1/addAdminUser
[ log ] localhost/api/v1/addAdminUser [运行时间：0.096003s][吞吐率：10.42req/s] [内存消耗：2,167.85kb] [文件加载：49]

---------------------------------------------------------------
[ 2017-12-15T15:37:44+08:00 ] ::1 ::1 POST /api/v1/addAdminUser
[ log ] localhost/api/v1/addAdminUser [运行时间：0.042588s][吞吐率：23.48req/s] [内存消耗：2,236.33kb] [文件加载：50]

---------------------------------------------------------------
[ 2017-12-15T23:17:59+08:00 ] ::1 ::1 POST /api/v1/addAdminUser
[ log ] localhost/api/v1/addAdminUser [运行时间：0.237181s][吞吐率：4.22req/s] [内存消耗：2,206.82kb] [文件加载：50]

---------------------------------------------------------------
[ 2017-12-15T23:19:22+08:00 ] ::1 ::1 GET /api/v1/banner/1
[ log ] localhost/api/v1/banner/1 [运行时间：0.117333s][吞吐率：8.52req/s] [内存消耗：2,551.66kb] [文件加载：61]

---------------------------------------------------------------
[ 2017-12-15T23:21:35+08:00 ] ::1 ::1 POST /api/v1/addAdminUser
[ log ] localhost/api/v1/addAdminUser [运行时间：0.099901s][吞吐率：10.01req/s] [内存消耗：2,207.24kb] [文件加载：50]

---------------------------------------------------------------
[ 2017-12-15T23:21:39+08:00 ] ::1 ::1 POST /api/v1/addAdminUser
[ log ] localhost/api/v1/addAdminUser [运行时间：0.068089s][吞吐率：14.69req/s] [内存消耗：2,236.44kb] [文件加载：50]

---------------------------------------------------------------
