[ 2017-12-16T01:06:49+08:00 ] ::1 ::1 POST /api/v1/addAdminUser
[ log ] localhost/api/v1/addAdminUser [运行时间：0.130959s][吞吐率：7.64req/s] [内存消耗：2,207.24kb] [文件加载：50]

---------------------------------------------------------------
[ 2017-12-16T01:07:12+08:00 ] ::1 ::1 GET /api/v1/banner/1
[ log ] localhost/api/v1/banner/1 [运行时间：0.102292s][吞吐率：9.78req/s] [内存消耗：2,554.29kb] [文件加载：61]

---------------------------------------------------------------
[ 2017-12-16T01:07:31+08:00 ] ::1 ::1 GET /api/v1/banner/1
[ log ] localhost/api/v1/banner/1 [运行时间：0.091062s][吞吐率：10.98req/s] [内存消耗：2,551.66kb] [文件加载：61]

---------------------------------------------------------------
[ 2017-12-16T01:14:00+08:00 ] 127.0.0.1 127.0.0.1 POST /api/v1/addAdminUser
[ log ] www.test.com/api/v1/addAdminUser [运行时间：0.131363s][吞吐率：7.61req/s] [内存消耗：2,207.31kb] [文件加载：50]

---------------------------------------------------------------
[ 2017-12-16T01:15:13+08:00 ] 127.0.0.1 127.0.0.1 POST /api/v1/token/app
[ log ] www.test.com/api/v1/token/app [运行时间：0.140521s][吞吐率：7.12req/s] [内存消耗：2,256.45kb] [文件加载：51]

---------------------------------------------------------------
[ 2017-12-16T22:14:15+08:00 ] ::1 ::1 POST /api/v1/token/verify
[ log ] localhost/api/v1/token/verify [运行时间：0.160111s][吞吐率：6.25req/s] [内存消耗：1,127.59kb] [文件加载：37]

---------------------------------------------------------------
[ 2017-12-16T22:14:15+08:00 ] ::1 ::1 GET /api/v1/theme?ids=1,2,3
[ log ] localhost/api/v1/theme?ids=1,2,3 [运行时间：0.214094s][吞吐率：4.67req/s] [内存消耗：2,526.82kb] [文件加载：58]

---------------------------------------------------------------
[ 2017-12-16T22:14:15+08:00 ] ::1 ::1 GET /api/v1/banner/1
[ log ] localhost/api/v1/banner/1 [运行时间：0.291755s][吞吐率：3.43req/s] [内存消耗：2,553.08kb] [文件加载：61]

---------------------------------------------------------------
[ 2017-12-16T22:14:15+08:00 ] ::1 ::1 GET /api/v1/product/recent
[ log ] localhost/api/v1/product/recent [运行时间：0.133661s][吞吐率：7.48req/s] [内存消耗：2,481.05kb] [文件加载：55]

---------------------------------------------------------------
[ 2017-12-16T22:14:16+08:00 ] ::1 ::1 POST /api/v1/token/user
[ log ] localhost/api/v1/token/user [运行时间：0.445324s][吞吐率：2.25req/s] [内存消耗：2,267.25kb] [文件加载：52]

---------------------------------------------------------------
[ 2017-12-16T22:14:22+08:00 ] ::1 ::1 GET /api/v1/category/all
[ log ] localhost/api/v1/category/all [运行时间：0.087148s][吞吐率：11.47req/s] [内存消耗：2,384.65kb] [文件加载：56]

---------------------------------------------------------------
[ 2017-12-16T22:14:23+08:00 ] ::1 ::1 GET /api/v1/product/by_category?id=2
[ log ] localhost/api/v1/product/by_category?id=2 [运行时间：0.057819s][吞吐率：17.30req/s] [内存消耗：2,481.56kb] [文件加载：55]

---------------------------------------------------------------
[ 2017-12-16T22:14:24+08:00 ] ::1 ::1 GET /api/v1/product/by_category?id=3
[ log ] localhost/api/v1/product/by_category?id=3 [运行时间：0.067236s][吞吐率：14.87req/s] [内存消耗：2,479.53kb] [文件加载：55]

---------------------------------------------------------------
[ 2017-12-16T22:14:25+08:00 ] ::1 ::1 GET /api/v1/product/by_category?id=4
[ log ] localhost/api/v1/product/by_category?id=4 [运行时间：0.052280s][吞吐率：19.13req/s] [内存消耗：2,480.36kb] [文件加载：55]

---------------------------------------------------------------
[ 2017-12-16T22:14:26+08:00 ] ::1 ::1 GET /api/v1/product/by_category?id=5
[ log ] localhost/api/v1/product/by_category?id=5 [运行时间：0.048365s][吞吐率：20.68req/s] [内存消耗：2,481.07kb] [文件加载：55]

---------------------------------------------------------------
[ 2017-12-16T22:14:27+08:00 ] ::1 ::1 GET /api/v1/product/by_category?id=6
[ log ] localhost/api/v1/product/by_category?id=6 [运行时间：0.096833s][吞吐率：10.33req/s] [内存消耗：2,479.92kb] [文件加载：55]

---------------------------------------------------------------
[ 2017-12-16T22:14:28+08:00 ] ::1 ::1 GET /api/v1/product/by_category?id=7
[ log ] localhost/api/v1/product/by_category?id=7 [运行时间：0.054670s][吞吐率：18.29req/s] [内存消耗：2,480.33kb] [文件加载：55]

---------------------------------------------------------------
[ 2017-12-16T22:14:28+08:00 ] ::1 ::1 GET /api/v1/product/by_category?id=8
[ log ] localhost/api/v1/product/by_category?id=8 [运行时间：0.105825s][吞吐率：9.45req/s] [内存消耗：2,479.14kb] [文件加载：55]

---------------------------------------------------------------
[ 2017-12-16T22:14:29+08:00 ] ::1 ::1 GET /api/v1/product/by_category?id=9
[ log ] localhost/api/v1/product/by_category?id=9 [运行时间：0.052312s][吞吐率：19.12req/s] [内存消耗：2,479.13kb] [文件加载：55]

---------------------------------------------------------------
[ 2017-12-16T22:36:42+08:00 ] ::1 ::1 GET /api/v1/banner/1
[ log ] localhost/api/v1/banner/1 [运行时间：0.161616s][吞吐率：6.19req/s] [内存消耗：2,554.85kb] [文件加载：61]

---------------------------------------------------------------
[ 2017-12-16T22:52:08+08:00 ] ::1 ::1 GET /api/v1/address
[ log ] localhost/api/v1/address [运行时间：0.172319s][吞吐率：5.80req/s] [内存消耗：2,345.51kb] [文件加载：55]

---------------------------------------------------------------
[ 2017-12-16T22:53:16+08:00 ] ::1 ::1 GET /api/v1/theme/2
[ log ] localhost/api/v1/theme/2 [运行时间：0.117670s][吞吐率：8.50req/s] [内存消耗：2,596.38kb] [文件加载：61]

---------------------------------------------------------------
[ 2017-12-16T22:53:22+08:00 ] ::1 ::1 GET /api/v1/theme/1
[ log ] localhost/api/v1/theme/1 [运行时间：0.114753s][吞吐率：8.71req/s] [内存消耗：2,596.35kb] [文件加载：61]

---------------------------------------------------------------
[ 2017-12-16T22:53:32+08:00 ] ::1 ::1 GET /api/v1/order/by_user?page=1
[ log ] localhost/api/v1/order/by_user?page=1 [运行时间：0.087935s][吞吐率：11.37req/s] [内存消耗：2,588.73kb] [文件加载：62]

---------------------------------------------------------------
[ 2017-12-16T22:53:33+08:00 ] ::1 ::1 GET /api/v1/address
[ log ] localhost/api/v1/address [运行时间：0.110435s][吞吐率：9.06req/s] [内存消耗：2,345.51kb] [文件加载：55]

---------------------------------------------------------------
[ 2017-12-16T22:53:35+08:00 ] ::1 ::1 POST /api/v1/address
[ log ] localhost/api/v1/address [运行时间：0.112446s][吞吐率：8.89req/s] [内存消耗：2,581.93kb] [文件加载：65]

---------------------------------------------------------------
