[ 2017-12-19T00:00:13+08:00 ] ::1 ::1 GET /api/v1/product/5
[ log ] localhost/api/v1/product/5 [运行时间：0.219594s][吞吐率：4.55req/s] [内存消耗：2,611.30kb] [文件加载：63]

---------------------------------------------------------------
[ 2017-12-19T00:12:07+08:00 ] ::1 ::1 POST /api/v1/token/verify
[ log ] localhost/api/v1/token/verify [运行时间：0.089082s][吞吐率：11.23req/s] [内存消耗：1,127.59kb] [文件加载：37]

---------------------------------------------------------------
[ 2017-12-19T00:12:09+08:00 ] ::1 ::1 GET /api/v1/banner/1
[ log ] localhost/api/v1/banner/1 [运行时间：0.238134s][吞吐率：4.20req/s] [内存消耗：2,553.08kb] [文件加载：61]

---------------------------------------------------------------
[ 2017-12-19T00:12:09+08:00 ] ::1 ::1 GET /api/v1/theme?ids=1,2,3
[ log ] localhost/api/v1/theme?ids=1,2,3 [运行时间：0.208997s][吞吐率：4.78req/s] [内存消耗：2,526.82kb] [文件加载：58]

---------------------------------------------------------------
[ 2017-12-19T00:12:09+08:00 ] ::1 ::1 GET /api/v1/product/recent
[ log ] localhost/api/v1/product/recent [运行时间：0.116431s][吞吐率：8.59req/s] [内存消耗：2,481.05kb] [文件加载：55]

---------------------------------------------------------------
[ 2017-12-19T00:18:39+08:00 ] ::1 ::1 POST /api/v1/token/verify
[ log ] localhost/api/v1/token/verify [运行时间：0.082613s][吞吐率：12.10req/s] [内存消耗：1,127.59kb] [文件加载：37]

---------------------------------------------------------------
[ 2017-12-19T00:18:41+08:00 ] ::1 ::1 GET /api/v1/banner/1
[ log ] localhost/api/v1/banner/1 [运行时间：0.213231s][吞吐率：4.69req/s] [内存消耗：2,553.08kb] [文件加载：61]

---------------------------------------------------------------
[ 2017-12-19T00:18:41+08:00 ] ::1 ::1 GET /api/v1/theme?ids=1,2,3
[ log ] localhost/api/v1/theme?ids=1,2,3 [运行时间：0.204807s][吞吐率：4.88req/s] [内存消耗：2,526.82kb] [文件加载：58]

---------------------------------------------------------------
[ 2017-12-19T00:18:41+08:00 ] ::1 ::1 GET /api/v1/product/recent
[ log ] localhost/api/v1/product/recent [运行时间：0.088782s][吞吐率：11.26req/s] [内存消耗：2,481.05kb] [文件加载：55]

---------------------------------------------------------------
[ 2017-12-19T00:22:09+08:00 ] ::1 ::1 POST /api/v1/token/verify
[ log ] localhost/api/v1/token/verify [运行时间：0.106777s][吞吐率：9.37req/s] [内存消耗：1,127.59kb] [文件加载：37]

---------------------------------------------------------------
[ 2017-12-19T00:22:11+08:00 ] ::1 ::1 GET /api/v1/banner/1
[ log ] localhost/api/v1/banner/1 [运行时间：0.247627s][吞吐率：4.04req/s] [内存消耗：2,553.08kb] [文件加载：61]

---------------------------------------------------------------
[ 2017-12-19T00:22:11+08:00 ] ::1 ::1 GET /api/v1/theme?ids=1,2,3
[ log ] localhost/api/v1/theme?ids=1,2,3 [运行时间：0.302343s][吞吐率：3.31req/s] [内存消耗：2,526.82kb] [文件加载：58]

---------------------------------------------------------------
[ 2017-12-19T00:22:11+08:00 ] ::1 ::1 GET /api/v1/product/recent
[ log ] localhost/api/v1/product/recent [运行时间：0.083616s][吞吐率：11.96req/s] [内存消耗：2,481.05kb] [文件加载：55]

---------------------------------------------------------------
[ 2017-12-19T00:23:07+08:00 ] ::1 ::1 POST /api/v1/token/verify
[ log ] localhost/api/v1/token/verify [运行时间：0.083627s][吞吐率：11.96req/s] [内存消耗：1,127.59kb] [文件加载：37]

---------------------------------------------------------------
[ 2017-12-19T00:23:10+08:00 ] ::1 ::1 GET /api/v1/banner/1
[ log ] localhost/api/v1/banner/1 [运行时间：0.149877s][吞吐率：6.67req/s] [内存消耗：2,553.08kb] [文件加载：61]

---------------------------------------------------------------
[ 2017-12-19T00:23:10+08:00 ] ::1 ::1 GET /api/v1/theme?ids=1,2,3
[ log ] localhost/api/v1/theme?ids=1,2,3 [运行时间：0.172732s][吞吐率：5.79req/s] [内存消耗：2,526.82kb] [文件加载：58]

---------------------------------------------------------------
[ 2017-12-19T00:23:10+08:00 ] ::1 ::1 GET /api/v1/product/recent
[ log ] localhost/api/v1/product/recent [运行时间：0.065348s][吞吐率：15.30req/s] [内存消耗：2,481.05kb] [文件加载：55]

---------------------------------------------------------------
[ 2017-12-19T00:24:20+08:00 ] ::1 ::1 POST /api/v1/token/verify
[ log ] localhost/api/v1/token/verify [运行时间：0.094644s][吞吐率：10.57req/s] [内存消耗：1,127.59kb] [文件加载：37]

---------------------------------------------------------------
[ 2017-12-19T00:24:22+08:00 ] ::1 ::1 GET /api/v1/banner/1
[ log ] localhost/api/v1/banner/1 [运行时间：0.238847s][吞吐率：4.19req/s] [内存消耗：2,553.08kb] [文件加载：61]

---------------------------------------------------------------
[ 2017-12-19T00:24:22+08:00 ] ::1 ::1 GET /api/v1/theme?ids=1,2,3
[ log ] localhost/api/v1/theme?ids=1,2,3 [运行时间：0.168041s][吞吐率：5.95req/s] [内存消耗：2,526.82kb] [文件加载：58]

---------------------------------------------------------------
[ 2017-12-19T00:24:22+08:00 ] ::1 ::1 GET /api/v1/product/recent
[ log ] localhost/api/v1/product/recent [运行时间：0.086309s][吞吐率：11.59req/s] [内存消耗：2,481.05kb] [文件加载：55]

---------------------------------------------------------------
[ 2017-12-19T00:26:43+08:00 ] ::1 ::1 POST /api/v1/token/user
[ log ] localhost/api/v1/token/user [运行时间：0.538946s][吞吐率：1.86req/s] [内存消耗：2,267.25kb] [文件加载：52]

---------------------------------------------------------------
[ 2017-12-19T00:26:59+08:00 ] ::1 ::1 POST /api/v1/token/verify
[ log ] localhost/api/v1/token/verify [运行时间：0.111573s][吞吐率：8.96req/s] [内存消耗：1,127.59kb] [文件加载：37]

---------------------------------------------------------------
[ 2017-12-19T00:27:01+08:00 ] ::1 ::1 GET /api/v1/banner/1
[ log ] localhost/api/v1/banner/1 [运行时间：0.217733s][吞吐率：4.59req/s] [内存消耗：2,553.08kb] [文件加载：61]

---------------------------------------------------------------
[ 2017-12-19T00:27:01+08:00 ] ::1 ::1 GET /api/v1/theme?ids=1,2,3
[ log ] localhost/api/v1/theme?ids=1,2,3 [运行时间：0.217988s][吞吐率：4.59req/s] [内存消耗：2,526.82kb] [文件加载：58]

---------------------------------------------------------------
[ 2017-12-19T00:27:01+08:00 ] ::1 ::1 GET /api/v1/product/recent
[ log ] localhost/api/v1/product/recent [运行时间：0.100042s][吞吐率：10.00req/s] [内存消耗：2,481.05kb] [文件加载：55]

---------------------------------------------------------------
[ 2017-12-19T00:28:25+08:00 ] ::1 ::1 POST /api/v1/address
[ log ] localhost/api/v1/address [运行时间：0.161491s][吞吐率：6.19req/s] [内存消耗：2,548.07kb] [文件加载：65]

---------------------------------------------------------------
[ 2017-12-19T00:28:34+08:00 ] ::1 ::1 GET /api/v1/address
[ log ] localhost/api/v1/address [运行时间：0.094826s][吞吐率：10.55req/s] [内存消耗：2,345.51kb] [文件加载：55]

---------------------------------------------------------------
[ 2017-12-19T00:28:39+08:00 ] ::1 ::1 GET /api/v1/address
[ log ] localhost/api/v1/address [运行时间：0.073587s][吞吐率：13.59req/s] [内存消耗：2,345.51kb] [文件加载：55]

---------------------------------------------------------------
[ 2017-12-19T00:28:54+08:00 ] ::1 ::1 GET /api/v1/address
[ log ] localhost/api/v1/address [运行时间：0.082179s][吞吐率：12.17req/s] [内存消耗：2,345.51kb] [文件加载：55]

---------------------------------------------------------------
[ 2017-12-19T00:29:14+08:00 ] ::1 ::1 POST /api/v1/token/verify
[ log ] localhost/api/v1/token/verify [运行时间：0.084030s][吞吐率：11.90req/s] [内存消耗：1,127.59kb] [文件加载：37]

---------------------------------------------------------------
[ 2017-12-19T00:29:15+08:00 ] ::1 ::1 GET /api/v1/banner/1
[ log ] localhost/api/v1/banner/1 [运行时间：0.352371s][吞吐率：2.84req/s] [内存消耗：2,553.08kb] [文件加载：61]

---------------------------------------------------------------
[ 2017-12-19T00:29:15+08:00 ] ::1 ::1 GET /api/v1/theme?ids=1,2,3
[ log ] localhost/api/v1/theme?ids=1,2,3 [运行时间：0.176327s][吞吐率：5.67req/s] [内存消耗：2,526.82kb] [文件加载：58]

---------------------------------------------------------------
[ 2017-12-19T00:29:16+08:00 ] ::1 ::1 GET /api/v1/product/recent
[ log ] localhost/api/v1/product/recent [运行时间：0.086124s][吞吐率：11.61req/s] [内存消耗：2,481.05kb] [文件加载：55]

---------------------------------------------------------------
[ 2017-12-19T00:30:45+08:00 ] ::1 ::1 POST /api/v1/token/verify
[ log ] localhost/api/v1/token/verify [运行时间：0.155473s][吞吐率：6.43req/s] [内存消耗：1,127.59kb] [文件加载：37]

---------------------------------------------------------------
[ 2017-12-19T00:30:47+08:00 ] ::1 ::1 GET /api/v1/banner/1
[ log ] localhost/api/v1/banner/1 [运行时间：0.396913s][吞吐率：2.52req/s] [内存消耗：2,553.08kb] [文件加载：61]

---------------------------------------------------------------
[ 2017-12-19T00:30:47+08:00 ] ::1 ::1 GET /api/v1/product/recent
[ log ] localhost/api/v1/product/recent [运行时间：0.167175s][吞吐率：5.98req/s] [内存消耗：2,481.05kb] [文件加载：55]

---------------------------------------------------------------
[ 2017-12-19T00:30:47+08:00 ] ::1 ::1 GET /api/v1/theme?ids=1,2,3
[ log ] localhost/api/v1/theme?ids=1,2,3 [运行时间：0.298212s][吞吐率：3.35req/s] [内存消耗：2,526.82kb] [文件加载：58]

---------------------------------------------------------------
[ 2017-12-19T00:31:12+08:00 ] ::1 ::1 POST /api/v1/address
[ log ] localhost/api/v1/address [运行时间：0.130773s][吞吐率：7.65req/s] [内存消耗：2,548.04kb] [文件加载：65]

---------------------------------------------------------------
[ 2017-12-19T00:32:08+08:00 ] ::1 ::1 GET /api/v1/address
[ log ] localhost/api/v1/address [运行时间：0.207834s][吞吐率：4.81req/s] [内存消耗：2,345.41kb] [文件加载：55]

---------------------------------------------------------------
[ 2017-12-19T00:34:01+08:00 ] ::1 ::1 POST /api/v1/token/verify
[ log ] localhost/api/v1/token/verify [运行时间：0.125137s][吞吐率：7.99req/s] [内存消耗：1,127.59kb] [文件加载：37]

---------------------------------------------------------------
[ 2017-12-19T00:34:03+08:00 ] ::1 ::1 GET /api/v1/banner/1
[ log ] localhost/api/v1/banner/1 [运行时间：0.225356s][吞吐率：4.44req/s] [内存消耗：2,553.08kb] [文件加载：61]

---------------------------------------------------------------
[ 2017-12-19T00:34:03+08:00 ] ::1 ::1 GET /api/v1/theme?ids=1,2,3
[ log ] localhost/api/v1/theme?ids=1,2,3 [运行时间：0.163220s][吞吐率：6.13req/s] [内存消耗：2,526.82kb] [文件加载：58]

---------------------------------------------------------------
[ 2017-12-19T00:34:03+08:00 ] ::1 ::1 GET /api/v1/product/recent
[ log ] localhost/api/v1/product/recent [运行时间：0.110840s][吞吐率：9.02req/s] [内存消耗：2,481.05kb] [文件加载：55]

---------------------------------------------------------------
[ 2017-12-19T00:34:09+08:00 ] ::1 ::1 GET /api/v1/address
[ log ] localhost/api/v1/address [运行时间：0.207497s][吞吐率：4.82req/s] [内存消耗：2,345.41kb] [文件加载：55]

---------------------------------------------------------------
[ 2017-12-19T00:34:09+08:00 ] ::1 ::1 GET /api/v1/address
[ log ] localhost/api/v1/address [运行时间：0.066349s][吞吐率：15.07req/s] [内存消耗：2,345.41kb] [文件加载：55]

---------------------------------------------------------------
[ 2017-12-19T00:34:12+08:00 ] ::1 ::1 GET /api/v1/address
[ log ] localhost/api/v1/address [运行时间：0.131528s][吞吐率：7.60req/s] [内存消耗：2,345.41kb] [文件加载：55]

---------------------------------------------------------------
[ 2017-12-19T00:34:25+08:00 ] ::1 ::1 POST /api/v1/address
[ log ] localhost/api/v1/address [运行时间：0.188193s][吞吐率：5.31req/s] [内存消耗：2,541.97kb] [文件加载：65]

---------------------------------------------------------------
[ 2017-12-19T00:34:26+08:00 ] ::1 ::1 GET /api/v1/address
[ log ] localhost/api/v1/address [运行时间：0.047241s][吞吐率：21.17req/s] [内存消耗：2,345.42kb] [文件加载：55]

---------------------------------------------------------------
[ 2017-12-19T00:34:54+08:00 ] ::1 ::1 POST /api/v1/token/verify
[ log ] localhost/api/v1/token/verify [运行时间：0.122602s][吞吐率：8.16req/s] [内存消耗：1,127.59kb] [文件加载：37]

---------------------------------------------------------------
[ 2017-12-19T00:34:56+08:00 ] ::1 ::1 GET /api/v1/banner/1
[ log ] localhost/api/v1/banner/1 [运行时间：0.257150s][吞吐率：3.89req/s] [内存消耗：2,553.08kb] [文件加载：61]

---------------------------------------------------------------
[ 2017-12-19T00:34:56+08:00 ] ::1 ::1 GET /api/v1/theme?ids=1,2,3
[ log ] localhost/api/v1/theme?ids=1,2,3 [运行时间：0.194827s][吞吐率：5.13req/s] [内存消耗：2,526.82kb] [文件加载：58]

---------------------------------------------------------------
[ 2017-12-19T00:34:57+08:00 ] ::1 ::1 GET /api/v1/product/recent
[ log ] localhost/api/v1/product/recent [运行时间：0.118934s][吞吐率：8.41req/s] [内存消耗：2,481.05kb] [文件加载：55]

---------------------------------------------------------------
[ 2017-12-19T00:35:03+08:00 ] ::1 ::1 GET /api/v1/address
[ log ] localhost/api/v1/address [运行时间：0.108851s][吞吐率：9.19req/s] [内存消耗：2,345.42kb] [文件加载：55]

---------------------------------------------------------------
[ 2017-12-19T00:35:03+08:00 ] ::1 ::1 GET /api/v1/address
[ log ] localhost/api/v1/address [运行时间：0.079776s][吞吐率：12.54req/s] [内存消耗：2,345.42kb] [文件加载：55]

---------------------------------------------------------------
[ 2017-12-19T00:35:05+08:00 ] ::1 ::1 GET /api/v1/address
[ log ] localhost/api/v1/address [运行时间：0.067411s][吞吐率：14.83req/s] [内存消耗：2,345.42kb] [文件加载：55]

---------------------------------------------------------------
[ 2017-12-19T00:35:09+08:00 ] ::1 ::1 POST /api/v1/address
[ log ] localhost/api/v1/address [运行时间：0.119940s][吞吐率：8.34req/s] [内存消耗：2,541.95kb] [文件加载：65]

---------------------------------------------------------------
[ 2017-12-19T00:35:11+08:00 ] ::1 ::1 GET /api/v1/address
[ log ] localhost/api/v1/address [运行时间：0.086190s][吞吐率：11.60req/s] [内存消耗：2,345.41kb] [文件加载：55]

---------------------------------------------------------------
[ 2017-12-19T00:35:17+08:00 ] ::1 ::1 GET /api/v1/address
[ log ] localhost/api/v1/address [运行时间：0.081180s][吞吐率：12.32req/s] [内存消耗：2,345.41kb] [文件加载：55]

---------------------------------------------------------------
[ 2017-12-19T00:35:43+08:00 ] ::1 ::1 POST /api/v1/token/verify
[ log ] localhost/api/v1/token/verify [运行时间：0.040898s][吞吐率：24.45req/s] [内存消耗：1,127.59kb] [文件加载：37]

---------------------------------------------------------------
[ 2017-12-19T00:35:44+08:00 ] ::1 ::1 GET /api/v1/banner/1
[ log ] localhost/api/v1/banner/1 [运行时间：0.170933s][吞吐率：5.85req/s] [内存消耗：2,553.08kb] [文件加载：61]

---------------------------------------------------------------
[ 2017-12-19T00:35:44+08:00 ] ::1 ::1 GET /api/v1/theme?ids=1,2,3
[ log ] localhost/api/v1/theme?ids=1,2,3 [运行时间：0.250186s][吞吐率：4.00req/s] [内存消耗：2,526.82kb] [文件加载：58]

---------------------------------------------------------------
[ 2017-12-19T00:35:45+08:00 ] ::1 ::1 GET /api/v1/product/recent
[ log ] localhost/api/v1/product/recent [运行时间：0.081074s][吞吐率：12.33req/s] [内存消耗：2,481.05kb] [文件加载：55]

---------------------------------------------------------------
[ 2017-12-19T00:36:25+08:00 ] ::1 ::1 POST /api/v1/address
[ log ] localhost/api/v1/address [运行时间：0.278033s][吞吐率：3.60req/s] [内存消耗：2,548.05kb] [文件加载：65]

---------------------------------------------------------------
[ 2017-12-19T00:36:27+08:00 ] ::1 ::1 GET /api/v1/address
[ log ] localhost/api/v1/address [运行时间：0.052686s][吞吐率：18.98req/s] [内存消耗：2,345.42kb] [文件加载：55]

---------------------------------------------------------------
[ 2017-12-19T00:36:30+08:00 ] ::1 ::1 POST /api/v1/order
[ log ] localhost/api/v1/order [运行时间：0.195885s][吞吐率：5.11req/s] [内存消耗：2,587.97kb] [文件加载：64]

---------------------------------------------------------------
[ 2017-12-19T00:36:46+08:00 ] ::1 ::1 GET /api/v1/address
[ log ] localhost/api/v1/address [运行时间：0.161551s][吞吐率：6.19req/s] [内存消耗：2,345.42kb] [文件加载：55]

---------------------------------------------------------------
[ 2017-12-19T00:36:50+08:00 ] ::1 ::1 GET /api/v1/order/8
[ log ] localhost/api/v1/order/8 [运行时间：0.158002s][吞吐率：6.33req/s] [内存消耗：2,502.22kb] [文件加载：58]

---------------------------------------------------------------
[ 2017-12-19T00:36:50+08:00 ] ::1 ::1 GET /api/v1/address
[ log ] localhost/api/v1/address [运行时间：0.195734s][吞吐率：5.11req/s] [内存消耗：2,345.42kb] [文件加载：55]

---------------------------------------------------------------
[ 2017-12-19T00:37:04+08:00 ] ::1 ::1 GET /api/v1/address
[ log ] localhost/api/v1/address [运行时间：0.165336s][吞吐率：6.05req/s] [内存消耗：2,345.42kb] [文件加载：55]

---------------------------------------------------------------
[ 2017-12-19T00:37:16+08:00 ] ::1 ::1 GET /api/v1/address
[ log ] localhost/api/v1/address [运行时间：0.199693s][吞吐率：5.01req/s] [内存消耗：2,345.42kb] [文件加载：55]

---------------------------------------------------------------
[ 2017-12-19T00:37:19+08:00 ] ::1 ::1 GET /api/v1/address
[ log ] localhost/api/v1/address [运行时间：0.055118s][吞吐率：18.14req/s] [内存消耗：2,345.42kb] [文件加载：55]

---------------------------------------------------------------
[ 2017-12-19T00:37:24+08:00 ] ::1 ::1 GET /api/v1/address
[ log ] localhost/api/v1/address [运行时间：0.117884s][吞吐率：8.48req/s] [内存消耗：2,345.42kb] [文件加载：55]

---------------------------------------------------------------
[ 2017-12-19T00:37:24+08:00 ] ::1 ::1 GET /api/v1/address
[ log ] localhost/api/v1/address [运行时间：0.084199s][吞吐率：11.88req/s] [内存消耗：2,345.42kb] [文件加载：55]

---------------------------------------------------------------
[ 2017-12-19T00:37:40+08:00 ] ::1 ::1 GET /api/v1/address
[ log ] localhost/api/v1/address [运行时间：0.198985s][吞吐率：5.03req/s] [内存消耗：2,345.42kb] [文件加载：55]

---------------------------------------------------------------
[ 2017-12-19T00:37:46+08:00 ] ::1 ::1 GET /api/v1/address
[ log ] localhost/api/v1/address [运行时间：0.091634s][吞吐率：10.91req/s] [内存消耗：2,345.42kb] [文件加载：55]

---------------------------------------------------------------
[ 2017-12-19T00:37:52+08:00 ] ::1 ::1 GET /api/v1/address
[ log ] localhost/api/v1/address [运行时间：0.147429s][吞吐率：6.78req/s] [内存消耗：2,345.42kb] [文件加载：55]

---------------------------------------------------------------
[ 2017-12-19T00:38:08+08:00 ] ::1 ::1 GET /api/v1/category/all
[ log ] localhost/api/v1/category/all [运行时间：0.183608s][吞吐率：5.45req/s] [内存消耗：2,384.65kb] [文件加载：56]

---------------------------------------------------------------
[ 2017-12-19T00:38:09+08:00 ] ::1 ::1 GET /api/v1/product/by_category?id=2
[ log ] localhost/api/v1/product/by_category?id=2 [运行时间：0.115058s][吞吐率：8.69req/s] [内存消耗：2,481.56kb] [文件加载：55]

---------------------------------------------------------------
[ 2017-12-19T00:38:51+08:00 ] ::1 ::1 GET /api/v1/product/8
[ log ] localhost/api/v1/product/8 [运行时间：0.174379s][吞吐率：5.73req/s] [内存消耗：2,611.30kb] [文件加载：63]

---------------------------------------------------------------
[ 2017-12-19T00:38:59+08:00 ] ::1 ::1 GET /api/v1/address
[ log ] localhost/api/v1/address [运行时间：0.149652s][吞吐率：6.68req/s] [内存消耗：2,345.42kb] [文件加载：55]

---------------------------------------------------------------
[ 2017-12-19T00:38:59+08:00 ] ::1 ::1 GET /api/v1/address
[ log ] localhost/api/v1/address [运行时间：0.143755s][吞吐率：6.96req/s] [内存消耗：2,345.42kb] [文件加载：55]

---------------------------------------------------------------
[ 2017-12-19T00:39:11+08:00 ] ::1 ::1 GET /api/v1/order/by_user?page=1
[ log ] localhost/api/v1/order/by_user?page=1 [运行时间：0.142057s][吞吐率：7.04req/s] [内存消耗：2,592.68kb] [文件加载：62]

---------------------------------------------------------------
[ 2017-12-19T00:45:26+08:00 ] ::1 ::1 GET /api/v1/address
[ log ] localhost/api/v1/address [运行时间：0.092212s][吞吐率：10.84req/s] [内存消耗：2,345.42kb] [文件加载：55]

---------------------------------------------------------------
[ 2017-12-19T00:45:26+08:00 ] ::1 ::1 GET /api/v1/address
[ log ] localhost/api/v1/address [运行时间：0.225164s][吞吐率：4.44req/s] [内存消耗：2,345.42kb] [文件加载：55]

---------------------------------------------------------------
[ 2017-12-19T00:45:29+08:00 ] ::1 ::1 GET /api/v1/address
[ log ] localhost/api/v1/address [运行时间：0.101385s][吞吐率：9.86req/s] [内存消耗：2,345.42kb] [文件加载：55]

---------------------------------------------------------------
[ 2017-12-19T00:45:31+08:00 ] ::1 ::1 GET /api/v1/address
[ log ] localhost/api/v1/address [运行时间：0.060585s][吞吐率：16.51req/s] [内存消耗：2,345.42kb] [文件加载：55]

---------------------------------------------------------------
[ 2017-12-19T14:53:26+08:00 ] ::1 ::1 POST /api/v1/token/verify
[ log ] localhost/api/v1/token/verify [运行时间：0.053164s][吞吐率：18.81req/s] [内存消耗：1,128.37kb] [文件加载：37]

---------------------------------------------------------------
[ 2017-12-19T14:53:27+08:00 ] ::1 ::1 GET /api/v1/banner/1
[ log ] localhost/api/v1/banner/1 [运行时间：0.200636s][吞吐率：4.98req/s] [内存消耗：2,553.86kb] [文件加载：61]

---------------------------------------------------------------
[ 2017-12-19T14:53:27+08:00 ] ::1 ::1 GET /api/v1/theme?ids=1,2,3
[ log ] localhost/api/v1/theme?ids=1,2,3 [运行时间：0.150520s][吞吐率：6.64req/s] [内存消耗：2,527.60kb] [文件加载：58]

---------------------------------------------------------------
[ 2017-12-19T14:53:27+08:00 ] ::1 ::1 GET /api/v1/product/recent
[ log ] localhost/api/v1/product/recent [运行时间：0.105753s][吞吐率：9.46req/s] [内存消耗：2,481.84kb] [文件加载：55]

---------------------------------------------------------------
[ 2017-12-19T14:53:29+08:00 ] ::1 ::1 POST /api/v1/token/user
[ log ] localhost/api/v1/token/user [运行时间：0.795963s][吞吐率：1.26req/s] [内存消耗：2,268.03kb] [文件加载：52]

---------------------------------------------------------------
[ 2017-12-19T14:53:31+08:00 ] ::1 ::1 GET /api/v1/address
[ log ] localhost/api/v1/address [运行时间：0.070831s][吞吐率：14.12req/s] [内存消耗：2,346.20kb] [文件加载：55]

---------------------------------------------------------------
[ 2017-12-19T14:53:33+08:00 ] ::1 ::1 GET /api/v1/order/by_user?page=1
[ log ] localhost/api/v1/order/by_user?page=1 [运行时间：0.104858s][吞吐率：9.54req/s] [内存消耗：2,593.46kb] [文件加载：62]

---------------------------------------------------------------
[ 2017-12-19T16:10:24+08:00 ] ::1 ::1 POST /api/v1/token/verify
[ log ] localhost/api/v1/token/verify [运行时间：0.088501s][吞吐率：11.30req/s] [内存消耗：1,128.37kb] [文件加载：37]

---------------------------------------------------------------
[ 2017-12-19T16:10:25+08:00 ] ::1 ::1 GET /api/v1/theme?ids=1,2,3
[ log ] localhost/api/v1/theme?ids=1,2,3 [运行时间：0.097861s][吞吐率：10.22req/s] [内存消耗：2,527.60kb] [文件加载：58]

---------------------------------------------------------------
[ 2017-12-19T16:10:25+08:00 ] ::1 ::1 GET /api/v1/banner/1
[ log ] localhost/api/v1/banner/1 [运行时间：0.164269s][吞吐率：6.09req/s] [内存消耗：2,553.86kb] [文件加载：61]

---------------------------------------------------------------
[ 2017-12-19T16:10:25+08:00 ] ::1 ::1 GET /api/v1/product/recent
[ log ] localhost/api/v1/product/recent [运行时间：0.090573s][吞吐率：11.04req/s] [内存消耗：2,481.84kb] [文件加载：55]

---------------------------------------------------------------
[ 2017-12-19T16:10:27+08:00 ] ::1 ::1 GET /api/v1/address
[ log ] localhost/api/v1/address [运行时间：0.096465s][吞吐率：10.37req/s] [内存消耗：2,346.20kb] [文件加载：55]

---------------------------------------------------------------
[ 2017-12-19T16:10:28+08:00 ] ::1 ::1 GET /api/v1/address
[ log ] localhost/api/v1/address [运行时间：0.065452s][吞吐率：15.28req/s] [内存消耗：2,346.20kb] [文件加载：55]

---------------------------------------------------------------
[ 2017-12-19T16:10:43+08:00 ] ::1 ::1 GET /api/v1/address
[ log ] localhost/api/v1/address [运行时间：0.072473s][吞吐率：13.80req/s] [内存消耗：2,346.20kb] [文件加载：55]

---------------------------------------------------------------
[ 2017-12-19T16:10:50+08:00 ] ::1 ::1 GET /api/v1/category/all
[ log ] localhost/api/v1/category/all [运行时间：0.081723s][吞吐率：12.24req/s] [内存消耗：2,385.43kb] [文件加载：56]

---------------------------------------------------------------
[ 2017-12-19T16:10:50+08:00 ] ::1 ::1 GET /api/v1/product/by_category?id=2
[ log ] localhost/api/v1/product/by_category?id=2 [运行时间：0.067979s][吞吐率：14.71req/s] [内存消耗：2,482.34kb] [文件加载：55]

---------------------------------------------------------------
[ 2017-12-19T16:10:54+08:00 ] ::1 ::1 GET /api/v1/address
[ log ] localhost/api/v1/address [运行时间：0.069522s][吞吐率：14.38req/s] [内存消耗：2,346.20kb] [文件加载：55]

---------------------------------------------------------------
[ 2017-12-19T16:10:54+08:00 ] ::1 ::1 GET /api/v1/address
[ log ] localhost/api/v1/address [运行时间：0.067003s][吞吐率：14.92req/s] [内存消耗：2,346.20kb] [文件加载：55]

---------------------------------------------------------------
[ 2017-12-19T16:11:54+08:00 ] ::1 ::1 GET /api/v1/order/by_user?page=1
[ log ] localhost/api/v1/order/by_user?page=1 [运行时间：0.088969s][吞吐率：11.24req/s] [内存消耗：2,593.46kb] [文件加载：62]

---------------------------------------------------------------
[ 2017-12-19T16:12:02+08:00 ] ::1 ::1 GET /api/v1/product/8
[ log ] localhost/api/v1/product/8 [运行时间：0.094610s][吞吐率：10.57req/s] [内存消耗：2,612.08kb] [文件加载：63]

---------------------------------------------------------------
[ 2017-12-19T16:14:07+08:00 ] 127.0.0.1 127.0.0.1 GET /api/v1/product/recent
[ log ] www.test.com/api/v1/product/recent [运行时间：0.177312s][吞吐率：5.64req/s] [内存消耗：2,481.24kb] [文件加载：55]

---------------------------------------------------------------
[ 2017-12-19T16:14:07+08:00 ] 127.0.0.1 127.0.0.1 GET /api/v1/banner/1
[ log ] www.test.com/api/v1/banner/1 [运行时间：0.177736s][吞吐率：5.63req/s] [内存消耗：2,553.26kb] [文件加载：61]

---------------------------------------------------------------
[ 2017-12-19T16:14:07+08:00 ] 127.0.0.1 127.0.0.1 GET /api/v1/theme?ids=1,2,3
[ log ] www.test.com/api/v1/theme?ids=1,2,3 [运行时间：0.177256s][吞吐率：5.64req/s] [内存消耗：2,525.75kb] [文件加载：58]

---------------------------------------------------------------
[ 2017-12-19T16:14:26+08:00 ] 127.0.0.1 127.0.0.1 GET /api/v1/category/all
[ log ] www.test.com/api/v1/category/all [运行时间：0.070364s][吞吐率：14.21req/s] [内存消耗：2,384.93kb] [文件加载：56]

---------------------------------------------------------------
[ 2017-12-19T16:14:26+08:00 ] 127.0.0.1 127.0.0.1 GET /api/v1/product/by_category?id=2
[ log ] www.test.com/api/v1/product/by_category?id=2 [运行时间：0.044944s][吞吐率：22.25req/s] [内存消耗：2,480.59kb] [文件加载：55]

---------------------------------------------------------------
[ 2017-12-19T16:14:28+08:00 ] 127.0.0.1 127.0.0.1 GET /api/v1/category/all
[ log ] www.test.com/api/v1/category/all [运行时间：0.041966s][吞吐率：23.83req/s] [内存消耗：2,384.93kb] [文件加载：56]

---------------------------------------------------------------
[ 2017-12-19T16:14:28+08:00 ] 127.0.0.1 127.0.0.1 GET /api/v1/product/by_category?id=4
[ log ] www.test.com/api/v1/product/by_category?id=4 [运行时间：0.038389s][吞吐率：26.05req/s] [内存消耗：2,479.38kb] [文件加载：55]

---------------------------------------------------------------
[ 2017-12-19T16:14:28+08:00 ] 127.0.0.1 127.0.0.1 GET /api/v1/category/all
[ log ] www.test.com/api/v1/category/all [运行时间：0.040870s][吞吐率：24.47req/s] [内存消耗：2,384.93kb] [文件加载：56]

---------------------------------------------------------------
[ 2017-12-19T16:14:28+08:00 ] 127.0.0.1 127.0.0.1 GET /api/v1/product/by_category?id=5
[ log ] www.test.com/api/v1/product/by_category?id=5 [运行时间：0.037360s][吞吐率：26.77req/s] [内存消耗：2,480.09kb] [文件加载：55]

---------------------------------------------------------------
[ 2017-12-19T16:14:29+08:00 ] 127.0.0.1 127.0.0.1 GET /api/v1/category/all
[ log ] www.test.com/api/v1/category/all [运行时间：0.041147s][吞吐率：24.30req/s] [内存消耗：2,384.93kb] [文件加载：56]

---------------------------------------------------------------
[ 2017-12-19T16:14:29+08:00 ] 127.0.0.1 127.0.0.1 GET /api/v1/product/by_category?id=6
[ log ] www.test.com/api/v1/product/by_category?id=6 [运行时间：0.036365s][吞吐率：27.50req/s] [内存消耗：2,478.95kb] [文件加载：55]

---------------------------------------------------------------
[ 2017-12-19T16:14:29+08:00 ] 127.0.0.1 127.0.0.1 GET /api/v1/category/all
[ log ] www.test.com/api/v1/category/all [运行时间：0.042306s][吞吐率：23.64req/s] [内存消耗：2,384.93kb] [文件加载：56]

---------------------------------------------------------------
[ 2017-12-19T16:14:29+08:00 ] 127.0.0.1 127.0.0.1 GET /api/v1/product/by_category?id=8
[ log ] www.test.com/api/v1/product/by_category?id=8 [运行时间：0.038846s][吞吐率：25.74req/s] [内存消耗：2,478.16kb] [文件加载：55]

---------------------------------------------------------------
[ 2017-12-19T16:14:29+08:00 ] 127.0.0.1 127.0.0.1 GET /api/v1/category/all
[ log ] www.test.com/api/v1/category/all [运行时间：0.038204s][吞吐率：26.18req/s] [内存消耗：2,384.93kb] [文件加载：56]

---------------------------------------------------------------
[ 2017-12-19T16:14:29+08:00 ] 127.0.0.1 127.0.0.1 GET /api/v1/product/by_category?id=8
[ log ] www.test.com/api/v1/product/by_category?id=8 [运行时间：0.036932s][吞吐率：27.08req/s] [内存消耗：2,478.16kb] [文件加载：55]

---------------------------------------------------------------
[ 2017-12-19T16:14:30+08:00 ] 127.0.0.1 127.0.0.1 GET /api/v1/category/all
[ log ] www.test.com/api/v1/category/all [运行时间：0.040301s][吞吐率：24.81req/s] [内存消耗：2,384.93kb] [文件加载：56]

---------------------------------------------------------------
[ 2017-12-19T16:14:30+08:00 ] 127.0.0.1 127.0.0.1 GET /api/v1/product/by_category?id=9
[ log ] www.test.com/api/v1/product/by_category?id=9 [运行时间：0.035877s][吞吐率：27.87req/s] [内存消耗：2,478.16kb] [文件加载：55]

---------------------------------------------------------------
[ 2017-12-19T16:14:30+08:00 ] 127.0.0.1 127.0.0.1 GET /api/v1/category/all
[ log ] www.test.com/api/v1/category/all [运行时间：0.044677s][吞吐率：22.38req/s] [内存消耗：2,384.93kb] [文件加载：56]

---------------------------------------------------------------
[ 2017-12-19T16:14:47+08:00 ] ::1 ::1 GET /api/v1/address
[ log ] localhost/api/v1/address [运行时间：0.109729s][吞吐率：9.11req/s] [内存消耗：2,346.20kb] [文件加载：55]

---------------------------------------------------------------
[ 2017-12-19T16:14:54+08:00 ] ::1 ::1 GET /api/v1/address
[ log ] localhost/api/v1/address [运行时间：0.068936s][吞吐率：14.51req/s] [内存消耗：2,346.20kb] [文件加载：55]

---------------------------------------------------------------
[ 2017-12-19T16:15:20+08:00 ] ::1 ::1 GET /api/v1/order/by_user?page=1
[ log ] localhost/api/v1/order/by_user?page=1 [运行时间：0.100457s][吞吐率：9.95req/s] [内存消耗：2,593.46kb] [文件加载：62]

---------------------------------------------------------------
[ 2017-12-19T16:15:29+08:00 ] ::1 ::1 GET /api/v1/address
[ log ] localhost/api/v1/address [运行时间：0.045436s][吞吐率：22.01req/s] [内存消耗：2,346.20kb] [文件加载：55]

---------------------------------------------------------------
