[ 2017-12-20T13:22:41+08:00 ] ::1 ::1 POST /api/v1/token/verify
[ log ] localhost/api/v1/token/verify [运行时间：0.105433s][吞吐率：9.48req/s] [内存消耗：1,128.37kb] [文件加载：37]

---------------------------------------------------------------
[ 2017-12-20T13:22:42+08:00 ] ::1 ::1 GET /api/v1/theme?ids=1,2,3
[ log ] localhost/api/v1/theme?ids=1,2,3 [运行时间：0.137625s][吞吐率：7.27req/s] [内存消耗：2,527.60kb] [文件加载：58]

---------------------------------------------------------------
[ 2017-12-20T13:22:42+08:00 ] ::1 ::1 GET /api/v1/banner/1
[ log ] localhost/api/v1/banner/1 [运行时间：0.197428s][吞吐率：5.07req/s] [内存消耗：2,553.86kb] [文件加载：61]

---------------------------------------------------------------
[ 2017-12-20T13:22:42+08:00 ] ::1 ::1 GET /api/v1/product/recent
[ log ] localhost/api/v1/product/recent [运行时间：0.151905s][吞吐率：6.58req/s] [内存消耗：2,481.84kb] [文件加载：55]

---------------------------------------------------------------
[ 2017-12-20T13:22:42+08:00 ] ::1 ::1 POST /api/v1/token/user
[ log ] localhost/api/v1/token/user [运行时间：0.419925s][吞吐率：2.38req/s] [内存消耗：2,268.03kb] [文件加载：52]

---------------------------------------------------------------
[ 2017-12-20T13:22:44+08:00 ] ::1 ::1 GET /api/v1/category/all
[ log ] localhost/api/v1/category/all [运行时间：0.075803s][吞吐率：13.19req/s] [内存消耗：2,385.43kb] [文件加载：56]

---------------------------------------------------------------
[ 2017-12-20T13:22:44+08:00 ] ::1 ::1 GET /api/v1/product/by_category?id=2
[ log ] localhost/api/v1/product/by_category?id=2 [运行时间：0.050598s][吞吐率：19.76req/s] [内存消耗：2,482.34kb] [文件加载：55]

---------------------------------------------------------------
[ 2017-12-20T13:22:45+08:00 ] ::1 ::1 GET /api/v1/product/by_category?id=4
[ log ] localhost/api/v1/product/by_category?id=4 [运行时间：0.062081s][吞吐率：16.11req/s] [内存消耗：2,481.14kb] [文件加载：55]

---------------------------------------------------------------
[ 2017-12-20T13:22:46+08:00 ] ::1 ::1 GET /api/v1/product/by_category?id=3
[ log ] localhost/api/v1/product/by_category?id=3 [运行时间：0.059714s][吞吐率：16.75req/s] [内存消耗：2,480.31kb] [文件加载：55]

---------------------------------------------------------------
[ 2017-12-20T13:22:46+08:00 ] ::1 ::1 GET /api/v1/product/by_category?id=5
[ log ] localhost/api/v1/product/by_category?id=5 [运行时间：0.054873s][吞吐率：18.22req/s] [内存消耗：2,481.85kb] [文件加载：55]

---------------------------------------------------------------
[ 2017-12-20T13:22:47+08:00 ] ::1 ::1 GET /api/v1/product/by_category?id=6
[ log ] localhost/api/v1/product/by_category?id=6 [运行时间：0.059772s][吞吐率：16.73req/s] [内存消耗：2,480.70kb] [文件加载：55]

---------------------------------------------------------------
[ 2017-12-20T13:22:48+08:00 ] ::1 ::1 GET /api/v1/product/by_category?id=7
[ log ] localhost/api/v1/product/by_category?id=7 [运行时间：0.055825s][吞吐率：17.91req/s] [内存消耗：2,481.11kb] [文件加载：55]

---------------------------------------------------------------
[ 2017-12-20T13:22:48+08:00 ] ::1 ::1 GET /api/v1/product/by_category?id=8
[ log ] localhost/api/v1/product/by_category?id=8 [运行时间：0.055394s][吞吐率：18.05req/s] [内存消耗：2,479.92kb] [文件加载：55]

---------------------------------------------------------------
[ 2017-12-20T13:22:49+08:00 ] ::1 ::1 GET /api/v1/product/by_category?id=9
[ log ] localhost/api/v1/product/by_category?id=9 [运行时间：0.059337s][吞吐率：16.85req/s] [内存消耗：2,479.91kb] [文件加载：55]

---------------------------------------------------------------
[ 2017-12-20T13:22:54+08:00 ] ::1 ::1 GET /api/v1/address
[ log ] localhost/api/v1/address [运行时间：0.090770s][吞吐率：11.02req/s] [内存消耗：2,346.20kb] [文件加载：55]

---------------------------------------------------------------
