[ 2017-12-21T00:08:07+08:00 ] ::1 ::1 POST /api/v1/token/user
[ log ] localhost/api/v1/token/user [运行时间：0.875440s][吞吐率：1.14req/s] [内存消耗：2,268.03kb] [文件加载：52]

---------------------------------------------------------------
[ 2017-12-21T00:08:07+08:00 ] ::1 ::1 GET /api/v1/order/by_user?page=1
[ log ] localhost/api/v1/order/by_user?page=1 [运行时间：0.068327s][吞吐率：14.64req/s] [内存消耗：2,593.46kb] [文件加载：62]

---------------------------------------------------------------
[ 2017-12-21T00:08:11+08:00 ] ::1 ::1 GET /api/v1/order/8
[ log ] localhost/api/v1/order/8 [运行时间：0.070837s][吞吐率：14.12req/s] [内存消耗：2,503.00kb] [文件加载：58]

---------------------------------------------------------------
[ 2017-12-21T00:08:11+08:00 ] ::1 ::1 GET /api/v1/address
[ log ] localhost/api/v1/address [运行时间：0.129228s][吞吐率：7.74req/s] [内存消耗：2,346.28kb] [文件加载：55]

---------------------------------------------------------------
[ 2017-12-21T00:08:15+08:00 ] ::1 ::1 GET /api/v1/order/4
[ log ] localhost/api/v1/order/4 [运行时间：0.127563s][吞吐率：7.84req/s] [内存消耗：2,502.98kb] [文件加载：58]

---------------------------------------------------------------
[ 2017-12-21T00:08:15+08:00 ] ::1 ::1 GET /api/v1/address
[ log ] localhost/api/v1/address [运行时间：0.075447s][吞吐率：13.25req/s] [内存消耗：2,346.28kb] [文件加载：55]

---------------------------------------------------------------
[ 2017-12-21T00:08:19+08:00 ] ::1 ::1 GET /api/v1/order/5
[ log ] localhost/api/v1/order/5 [运行时间：0.092582s][吞吐率：10.80req/s] [内存消耗：2,503.51kb] [文件加载：58]

---------------------------------------------------------------
[ 2017-12-21T00:08:19+08:00 ] ::1 ::1 GET /api/v1/address
[ log ] localhost/api/v1/address [运行时间：0.083453s][吞吐率：11.98req/s] [内存消耗：2,346.28kb] [文件加载：55]

---------------------------------------------------------------
[ 2017-12-21T00:09:10+08:00 ] ::1 ::1 POST /api/v1/token/verify
[ log ] localhost/api/v1/token/verify [运行时间：0.085254s][吞吐率：11.73req/s] [内存消耗：1,128.37kb] [文件加载：37]

---------------------------------------------------------------
[ 2017-12-21T00:09:11+08:00 ] ::1 ::1 GET /api/v1/banner/1
[ log ] localhost/api/v1/banner/1 [运行时间：0.140724s][吞吐率：7.11req/s] [内存消耗：2,553.86kb] [文件加载：61]

---------------------------------------------------------------
[ 2017-12-21T00:09:11+08:00 ] ::1 ::1 GET /api/v1/theme?ids=1,2,3
[ log ] localhost/api/v1/theme?ids=1,2,3 [运行时间：0.111205s][吞吐率：8.99req/s] [内存消耗：2,527.60kb] [文件加载：58]

---------------------------------------------------------------
[ 2017-12-21T00:09:11+08:00 ] ::1 ::1 GET /api/v1/product/recent
[ log ] localhost/api/v1/product/recent [运行时间：0.137580s][吞吐率：7.27req/s] [内存消耗：2,481.84kb] [文件加载：55]

---------------------------------------------------------------
[ 2017-12-21T00:09:13+08:00 ] ::1 ::1 GET /api/v1/address
[ log ] localhost/api/v1/address [运行时间：0.058403s][吞吐率：17.12req/s] [内存消耗：2,346.28kb] [文件加载：55]

---------------------------------------------------------------
[ 2017-12-21T00:09:14+08:00 ] ::1 ::1 GET /api/v1/order/by_user?page=1
[ log ] localhost/api/v1/order/by_user?page=1 [运行时间：0.077433s][吞吐率：12.91req/s] [内存消耗：2,593.46kb] [文件加载：62]

---------------------------------------------------------------
[ 2017-12-21T00:09:17+08:00 ] ::1 ::1 GET /api/v1/order/5
[ log ] localhost/api/v1/order/5 [运行时间：0.074202s][吞吐率：13.48req/s] [内存消耗：2,503.51kb] [文件加载：58]

---------------------------------------------------------------
[ 2017-12-21T00:09:17+08:00 ] ::1 ::1 GET /api/v1/address
[ log ] localhost/api/v1/address [运行时间：0.122707s][吞吐率：8.15req/s] [内存消耗：2,346.28kb] [文件加载：55]

---------------------------------------------------------------
[ 2017-12-21T16:15:08+08:00 ] ::1 ::1 POST /api/v1/token/user
[ log ] localhost/api/v1/token/user [运行时间：0.543330s][吞吐率：1.84req/s] [内存消耗：2,268.03kb] [文件加载：52]

---------------------------------------------------------------
[ 2017-12-21T16:15:08+08:00 ] ::1 ::1 GET /api/v1/address
[ log ] localhost/api/v1/address [运行时间：0.059878s][吞吐率：16.70req/s] [内存消耗：2,346.28kb] [文件加载：55]

---------------------------------------------------------------
[ 2017-12-21T16:15:11+08:00 ] ::1 ::1 GET /api/v1/order/8
[ log ] localhost/api/v1/order/8 [运行时间：0.102434s][吞吐率：9.76req/s] [内存消耗：2,503.00kb] [文件加载：58]

---------------------------------------------------------------
[ 2017-12-21T16:15:11+08:00 ] ::1 ::1 GET /api/v1/address
[ log ] localhost/api/v1/address [运行时间：0.214062s][吞吐率：4.67req/s] [内存消耗：2,346.28kb] [文件加载：55]

---------------------------------------------------------------
