[ 2017-12-22T12:24:17+08:00 ] ::1 ::1 GET /api/v1/category/all
[ log ] localhost/api/v1/category/all [运行时间：0.285391s][吞吐率：3.50req/s] [内存消耗：2,385.43kb] [文件加载：56]

---------------------------------------------------------------
[ 2017-12-22T12:24:17+08:00 ] ::1 ::1 GET /api/v1/product/by_category?id=2
[ log ] localhost/api/v1/product/by_category?id=2 [运行时间：0.056073s][吞吐率：17.83req/s] [内存消耗：2,482.34kb] [文件加载：55]

---------------------------------------------------------------
[ 2017-12-22T12:25:25+08:00 ] ::1 ::1 POST /api/v1/token/verify
[ log ] localhost/api/v1/token/verify [运行时间：0.043740s][吞吐率：22.86req/s] [内存消耗：1,128.37kb] [文件加载：37]

---------------------------------------------------------------
[ 2017-12-22T12:25:26+08:00 ] ::1 ::1 GET /api/v1/banner/1
[ log ] localhost/api/v1/banner/1 [运行时间：0.119499s][吞吐率：8.37req/s] [内存消耗：2,553.86kb] [文件加载：61]

---------------------------------------------------------------
[ 2017-12-22T12:25:26+08:00 ] ::1 ::1 GET /api/v1/theme?ids=1,2,3
[ log ] localhost/api/v1/theme?ids=1,2,3 [运行时间：0.127585s][吞吐率：7.84req/s] [内存消耗：2,527.60kb] [文件加载：58]

---------------------------------------------------------------
[ 2017-12-22T12:25:26+08:00 ] ::1 ::1 GET /api/v1/product/recent
[ log ] localhost/api/v1/product/recent [运行时间：0.093659s][吞吐率：10.68req/s] [内存消耗：2,481.84kb] [文件加载：55]

---------------------------------------------------------------
[ 2017-12-22T12:25:38+08:00 ] ::1 ::1 POST /api/v1/token/verify
[ log ] localhost/api/v1/token/verify [运行时间：0.029448s][吞吐率：33.96req/s] [内存消耗：1,128.37kb] [文件加载：37]

---------------------------------------------------------------
[ 2017-12-22T12:25:39+08:00 ] ::1 ::1 GET /api/v1/banner/1
[ log ] localhost/api/v1/banner/1 [运行时间：0.103539s][吞吐率：9.66req/s] [内存消耗：2,553.86kb] [文件加载：61]

---------------------------------------------------------------
[ 2017-12-22T12:25:39+08:00 ] ::1 ::1 GET /api/v1/theme?ids=1,2,3
[ log ] localhost/api/v1/theme?ids=1,2,3 [运行时间：0.185593s][吞吐率：5.39req/s] [内存消耗：2,527.60kb] [文件加载：58]

---------------------------------------------------------------
[ 2017-12-22T12:25:39+08:00 ] ::1 ::1 GET /api/v1/product/recent
[ log ] localhost/api/v1/product/recent [运行时间：0.097464s][吞吐率：10.26req/s] [内存消耗：2,481.84kb] [文件加载：55]

---------------------------------------------------------------
[ 2017-12-22T12:25:52+08:00 ] ::1 ::1 GET /api/v1/banner/1
[ log ] localhost/api/v1/banner/1 [运行时间：0.099024s][吞吐率：10.10req/s] [内存消耗：2,553.67kb] [文件加载：61]

---------------------------------------------------------------
[ 2017-12-22T12:25:52+08:00 ] ::1 ::1 GET /api/v1/product/recent
[ log ] localhost/api/v1/product/recent [运行时间：0.089328s][吞吐率：11.19req/s] [内存消耗：2,481.65kb] [文件加载：55]

---------------------------------------------------------------
[ 2017-12-22T12:25:52+08:00 ] ::1 ::1 GET /api/v1/theme?ids=1,2,3
[ log ] localhost/api/v1/theme?ids=1,2,3 [运行时间：0.178256s][吞吐率：5.61req/s] [内存消耗：2,527.41kb] [文件加载：58]

---------------------------------------------------------------
[ 2017-12-22T12:29:02+08:00 ] ::1 ::1 GET /api/v1/theme?ids=1,2,3
[ log ] localhost/api/v1/theme?ids=1,2,3 [运行时间：0.127673s][吞吐率：7.83req/s] [内存消耗：2,527.41kb] [文件加载：58]

---------------------------------------------------------------
[ 2017-12-22T12:29:02+08:00 ] ::1 ::1 GET /api/v1/banner/1
[ log ] localhost/api/v1/banner/1 [运行时间：0.201810s][吞吐率：4.96req/s] [内存消耗：2,553.67kb] [文件加载：61]

---------------------------------------------------------------
[ 2017-12-22T12:29:02+08:00 ] ::1 ::1 GET /api/v1/product/recent
[ log ] localhost/api/v1/product/recent [运行时间：0.092870s][吞吐率：10.77req/s] [内存消耗：2,481.65kb] [文件加载：55]

---------------------------------------------------------------
[ 2017-12-22T12:29:03+08:00 ] ::1 ::1 POST /api/v1/token/user
[ log ] localhost/api/v1/token/user [运行时间：0.445238s][吞吐率：2.25req/s] [内存消耗：2,268.03kb] [文件加载：52]

---------------------------------------------------------------
[ 2017-12-22T12:29:05+08:00 ] ::1 ::1 GET /api/v1/address
[ log ] localhost/api/v1/address [运行时间：0.073018s][吞吐率：13.70req/s] [内存消耗：2,346.28kb] [文件加载：55]

---------------------------------------------------------------
[ 2017-12-22T12:29:07+08:00 ] ::1 ::1 GET /api/v1/address
[ log ] localhost/api/v1/address [运行时间：0.076079s][吞吐率：13.14req/s] [内存消耗：2,346.28kb] [文件加载：55]

---------------------------------------------------------------
[ 2017-12-22T12:29:10+08:00 ] ::1 ::1 GET /api/v1/order/by_user?page=1
[ log ] localhost/api/v1/order/by_user?page=1 [运行时间：0.101622s][吞吐率：9.84req/s] [内存消耗：2,593.46kb] [文件加载：62]

---------------------------------------------------------------
[ 2017-12-22T12:29:21+08:00 ] ::1 ::1 GET /api/v1/address
[ log ] localhost/api/v1/address [运行时间：0.085692s][吞吐率：11.67req/s] [内存消耗：2,346.28kb] [文件加载：55]

---------------------------------------------------------------
[ 2017-12-22T12:29:25+08:00 ] ::1 ::1 GET /api/v1/category/all
[ log ] localhost/api/v1/category/all [运行时间：0.094817s][吞吐率：10.55req/s] [内存消耗：2,385.43kb] [文件加载：56]

---------------------------------------------------------------
[ 2017-12-22T12:29:26+08:00 ] ::1 ::1 GET /api/v1/product/by_category?id=2
[ log ] localhost/api/v1/product/by_category?id=2 [运行时间：0.069233s][吞吐率：14.44req/s] [内存消耗：2,482.34kb] [文件加载：55]

---------------------------------------------------------------
[ 2017-12-22T12:31:49+08:00 ] ::1 ::1 GET /api/v1/order/by_user?page=1
[ log ] localhost/api/v1/order/by_user?page=1 [运行时间：0.146767s][吞吐率：6.81req/s] [内存消耗：2,593.46kb] [文件加载：62]

---------------------------------------------------------------
[ 2017-12-22T12:33:13+08:00 ] ::1 ::1 POST /api/v1/token/app
[ log ] localhost/api/v1/token/app [运行时间：0.076400s][吞吐率：13.09req/s] [内存消耗：2,257.30kb] [文件加载：51]

---------------------------------------------------------------
[ 2017-12-22T12:33:13+08:00 ] ::1 ::1 GET /api/v1/order/paginate?page=1&size=20
[ log ] localhost/api/v1/order/paginate?page=1&size=20 [运行时间：0.112090s][吞吐率：8.92req/s] [内存消耗：2,592.82kb] [文件加载：62]

---------------------------------------------------------------
[ 2017-12-22T12:33:13+08:00 ] ::1 ::1 GET /api/v1/order/paginate?page=1&size=20
[ log ] localhost/api/v1/order/paginate?page=1&size=20 [运行时间：0.041940s][吞吐率：23.84req/s] [内存消耗：2,592.82kb] [文件加载：62]

---------------------------------------------------------------
[ 2017-12-22T12:33:17+08:00 ] ::1 ::1 GET /api/v1/order/paginate?page=1&size=20
[ log ] localhost/api/v1/order/paginate?page=1&size=20 [运行时间：0.090798s][吞吐率：11.01req/s] [内存消耗：2,592.82kb] [文件加载：62]

---------------------------------------------------------------
[ 2017-12-22T12:33:17+08:00 ] ::1 ::1 GET /api/v1/order/paginate?page=1&size=20
[ log ] localhost/api/v1/order/paginate?page=1&size=20 [运行时间：0.059378s][吞吐率：16.84req/s] [内存消耗：2,592.82kb] [文件加载：62]

---------------------------------------------------------------
[ 2017-12-22T12:33:43+08:00 ] ::1 ::1 GET /api/v1/order/paginate?page=1&size=20
[ log ] localhost/api/v1/order/paginate?page=1&size=20 [运行时间：0.130456s][吞吐率：7.67req/s] [内存消耗：2,592.82kb] [文件加载：62]

---------------------------------------------------------------
[ 2017-12-22T12:33:43+08:00 ] ::1 ::1 GET /api/v1/order/paginate?page=1&size=20
[ log ] localhost/api/v1/order/paginate?page=1&size=20 [运行时间：0.083130s][吞吐率：12.03req/s] [内存消耗：2,592.82kb] [文件加载：62]

---------------------------------------------------------------
[ 2017-12-22T12:33:44+08:00 ] ::1 ::1 GET /api/v1/order/paginate?page=1&size=20
[ log ] localhost/api/v1/order/paginate?page=1&size=20 [运行时间：0.080317s][吞吐率：12.45req/s] [内存消耗：2,592.82kb] [文件加载：62]

---------------------------------------------------------------
[ 2017-12-22T12:33:44+08:00 ] ::1 ::1 GET /api/v1/order/paginate?page=1&size=20
[ log ] localhost/api/v1/order/paginate?page=1&size=20 [运行时间：0.039821s][吞吐率：25.11req/s] [内存消耗：2,592.82kb] [文件加载：62]

---------------------------------------------------------------
[ 2017-12-22T12:33:45+08:00 ] ::1 ::1 GET /api/v1/order/paginate?page=1&size=20
[ log ] localhost/api/v1/order/paginate?page=1&size=20 [运行时间：0.078766s][吞吐率：12.70req/s] [内存消耗：2,592.82kb] [文件加载：62]

---------------------------------------------------------------
[ 2017-12-22T12:33:45+08:00 ] ::1 ::1 GET /api/v1/order/paginate?page=1&size=20
[ log ] localhost/api/v1/order/paginate?page=1&size=20 [运行时间：0.046634s][吞吐率：21.44req/s] [内存消耗：2,592.82kb] [文件加载：62]

---------------------------------------------------------------
[ 2017-12-22T12:33:45+08:00 ] ::1 ::1 GET /api/v1/order/paginate?page=1&size=20
[ log ] localhost/api/v1/order/paginate?page=1&size=20 [运行时间：0.066578s][吞吐率：15.02req/s] [内存消耗：2,592.82kb] [文件加载：62]

---------------------------------------------------------------
[ 2017-12-22T12:33:45+08:00 ] ::1 ::1 GET /api/v1/order/paginate?page=1&size=20
[ log ] localhost/api/v1/order/paginate?page=1&size=20 [运行时间：0.046053s][吞吐率：21.71req/s] [内存消耗：2,592.82kb] [文件加载：62]

---------------------------------------------------------------
[ 2017-12-22T12:33:45+08:00 ] ::1 ::1 GET /api/v1/order/paginate?page=1&size=20
[ log ] localhost/api/v1/order/paginate?page=1&size=20 [运行时间：0.085390s][吞吐率：11.71req/s] [内存消耗：2,592.82kb] [文件加载：62]

---------------------------------------------------------------
[ 2017-12-22T12:33:45+08:00 ] ::1 ::1 GET /api/v1/order/paginate?page=1&size=20
[ log ] localhost/api/v1/order/paginate?page=1&size=20 [运行时间：0.047805s][吞吐率：20.92req/s] [内存消耗：2,592.82kb] [文件加载：62]

---------------------------------------------------------------
[ 2017-12-22T12:33:46+08:00 ] ::1 ::1 GET /api/v1/order/paginate?page=1&size=20
[ log ] localhost/api/v1/order/paginate?page=1&size=20 [运行时间：0.086731s][吞吐率：11.53req/s] [内存消耗：2,592.82kb] [文件加载：62]

---------------------------------------------------------------
[ 2017-12-22T12:33:46+08:00 ] ::1 ::1 GET /api/v1/order/paginate?page=1&size=20
[ log ] localhost/api/v1/order/paginate?page=1&size=20 [运行时间：0.049964s][吞吐率：20.01req/s] [内存消耗：2,592.82kb] [文件加载：62]

---------------------------------------------------------------
[ 2017-12-22T12:33:47+08:00 ] ::1 ::1 GET /api/v1/order/paginate?page=1&size=20
[ log ] localhost/api/v1/order/paginate?page=1&size=20 [运行时间：0.050762s][吞吐率：19.70req/s] [内存消耗：2,592.82kb] [文件加载：62]

---------------------------------------------------------------
[ 2017-12-22T12:33:50+08:00 ] ::1 ::1 GET /api/v1/banner/1
[ log ] localhost/api/v1/banner/1 [运行时间：0.066029s][吞吐率：15.14req/s] [内存消耗：2,553.98kb] [文件加载：61]

---------------------------------------------------------------
[ 2017-12-22T12:33:51+08:00 ] ::1 ::1 GET /api/v1/theme/getAllTheme/all
[ log ] localhost/api/v1/theme/getAllTheme/all [运行时间：0.047230s][吞吐率：21.17req/s] [内存消耗：2,378.62kb] [文件加载：55]

---------------------------------------------------------------
[ 2017-12-22T12:33:51+08:00 ] ::1 ::1 GET /api/v1/product/AllInProduct
[ log ] localhost/api/v1/product/AllInProduct [运行时间：0.046005s][吞吐率：21.74req/s] [内存消耗：2,397.12kb] [文件加载：55]

---------------------------------------------------------------
[ 2017-12-22T12:33:58+08:00 ] ::1 ::1 GET /api/v1/category/all
[ log ] localhost/api/v1/category/all [运行时间：0.091414s][吞吐率：10.94req/s] [内存消耗：2,385.60kb] [文件加载：56]

---------------------------------------------------------------
[ 2017-12-22T12:34:01+08:00 ] ::1 ::1 GET /api/v1/order/paginate?page=1&size=20
[ log ] localhost/api/v1/order/paginate?page=1&size=20 [运行时间：0.055010s][吞吐率：18.18req/s] [内存消耗：2,592.82kb] [文件加载：62]

---------------------------------------------------------------
[ 2017-12-22T12:34:03+08:00 ] ::1 ::1 GET /api/v1/category/all
[ log ] localhost/api/v1/category/all [运行时间：0.048382s][吞吐率：20.67req/s] [内存消耗：2,385.60kb] [文件加载：56]

---------------------------------------------------------------
[ 2017-12-22T12:34:08+08:00 ] ::1 ::1 GET /api/v1/category/all
[ log ] localhost/api/v1/category/all [运行时间：0.046217s][吞吐率：21.64req/s] [内存消耗：2,385.60kb] [文件加载：56]

---------------------------------------------------------------
[ 2017-12-22T12:34:09+08:00 ] ::1 ::1 GET /api/v1/banner/1
[ log ] localhost/api/v1/banner/1 [运行时间：0.047809s][吞吐率：20.92req/s] [内存消耗：2,553.98kb] [文件加载：61]

---------------------------------------------------------------
[ 2017-12-22T12:34:12+08:00 ] ::1 ::1 GET /api/v1/category/all
[ log ] localhost/api/v1/category/all [运行时间：0.057118s][吞吐率：17.51req/s] [内存消耗：2,385.60kb] [文件加载：56]

---------------------------------------------------------------
[ 2017-12-22T12:34:18+08:00 ] ::1 ::1 GET /api/v1/category/all
[ log ] localhost/api/v1/category/all [运行时间：0.042689s][吞吐率：23.43req/s] [内存消耗：2,385.60kb] [文件加载：56]

---------------------------------------------------------------
[ 2017-12-22T12:34:21+08:00 ] ::1 ::1 GET /api/v1/theme/getAllTheme/all
[ log ] localhost/api/v1/theme/getAllTheme/all [运行时间：0.046550s][吞吐率：21.48req/s] [内存消耗：2,378.62kb] [文件加载：55]

---------------------------------------------------------------
[ 2017-12-22T12:34:33+08:00 ] ::1 ::1 GET /api/v1/theme/getAllTheme/all
[ log ] localhost/api/v1/theme/getAllTheme/all [运行时间：0.048843s][吞吐率：20.47req/s] [内存消耗：2,378.62kb] [文件加载：55]

---------------------------------------------------------------
[ 2017-12-22T12:34:33+08:00 ] ::1 ::1 GET /api/v1/product/AllInProduct
[ log ] localhost/api/v1/product/AllInProduct [运行时间：0.043637s][吞吐率：22.92req/s] [内存消耗：2,397.12kb] [文件加载：55]

---------------------------------------------------------------
[ 2017-12-22T12:34:35+08:00 ] ::1 ::1 GET /api/v1/getAllUser
[ log ] localhost/api/v1/getAllUser [运行时间：0.045785s][吞吐率：21.84req/s] [内存消耗：2,380.99kb] [文件加载：56]

---------------------------------------------------------------
[ 2017-12-22T12:35:04+08:00 ] ::1 ::1 GET /api/v1/getAllUser
[ log ] localhost/api/v1/getAllUser [运行时间：0.080600s][吞吐率：12.41req/s] [内存消耗：2,380.99kb] [文件加载：56]

---------------------------------------------------------------
[ 2017-12-22T12:35:06+08:00 ] ::1 ::1 GET /api/v1/getAllUser
[ log ] localhost/api/v1/getAllUser [运行时间：0.045731s][吞吐率：21.87req/s] [内存消耗：2,380.99kb] [文件加载：56]

---------------------------------------------------------------
[ 2017-12-22T12:35:07+08:00 ] ::1 ::1 GET /api/v1/product/AllInProduct
[ log ] localhost/api/v1/product/AllInProduct [运行时间：0.054539s][吞吐率：18.34req/s] [内存消耗：2,397.12kb] [文件加载：55]

---------------------------------------------------------------
[ 2017-12-22T12:35:08+08:00 ] ::1 ::1 GET /api/v1/theme/getAllTheme/all
[ log ] localhost/api/v1/theme/getAllTheme/all [运行时间：0.052616s][吞吐率：19.01req/s] [内存消耗：2,378.62kb] [文件加载：55]

---------------------------------------------------------------
[ 2017-12-22T12:35:08+08:00 ] ::1 ::1 GET /api/v1/banner/1
[ log ] localhost/api/v1/banner/1 [运行时间：0.057032s][吞吐率：17.53req/s] [内存消耗：2,553.98kb] [文件加载：61]

---------------------------------------------------------------
[ 2017-12-22T12:35:09+08:00 ] ::1 ::1 GET /api/v1/category/all
[ log ] localhost/api/v1/category/all [运行时间：0.041746s][吞吐率：23.95req/s] [内存消耗：2,385.60kb] [文件加载：56]

---------------------------------------------------------------
[ 2017-12-22T22:18:48+08:00 ] ::1 ::1 POST /api/v1/token/verify
[ log ] localhost/api/v1/token/verify [运行时间：0.088638s][吞吐率：11.28req/s] [内存消耗：1,128.37kb] [文件加载：37]

---------------------------------------------------------------
[ 2017-12-22T22:18:49+08:00 ] ::1 ::1 GET /api/v1/banner/1
[ log ] localhost/api/v1/banner/1 [运行时间：0.239222s][吞吐率：4.18req/s] [内存消耗：2,553.86kb] [文件加载：61]

---------------------------------------------------------------
[ 2017-12-22T22:18:49+08:00 ] ::1 ::1 GET /api/v1/theme?ids=1,2,3
[ log ] localhost/api/v1/theme?ids=1,2,3 [运行时间：0.146914s][吞吐率：6.81req/s] [内存消耗：2,527.60kb] [文件加载：58]

---------------------------------------------------------------
[ 2017-12-22T22:18:50+08:00 ] ::1 ::1 GET /api/v1/product/recent
[ log ] localhost/api/v1/product/recent [运行时间：0.097208s][吞吐率：10.29req/s] [内存消耗：2,481.84kb] [文件加载：55]

---------------------------------------------------------------
[ 2017-12-22T22:18:50+08:00 ] ::1 ::1 POST /api/v1/token/user
[ log ] localhost/api/v1/token/user [运行时间：0.383855s][吞吐率：2.61req/s] [内存消耗：2,268.03kb] [文件加载：52]

---------------------------------------------------------------
