[ 2017-12-23T18:47:53+08:00 ] ::1 ::1 POST /api/v1/token/user
[ log ] localhost/api/v1/token/user [运行时间：0.508925s][吞吐率：1.96req/s] [内存消耗：2,268.03kb] [文件加载：52]

---------------------------------------------------------------
[ 2017-12-23T18:47:53+08:00 ] ::1 ::1 GET /api/v1/address
[ log ] localhost/api/v1/address [运行时间：0.072783s][吞吐率：13.74req/s] [内存消耗：2,346.28kb] [文件加载：55]

---------------------------------------------------------------
[ 2017-12-23T18:47:57+08:00 ] ::1 ::1 POST /api/v1/token/verify
[ log ] localhost/api/v1/token/verify [运行时间：0.028433s][吞吐率：35.17req/s] [内存消耗：1,128.37kb] [文件加载：37]

---------------------------------------------------------------
[ 2017-12-23T18:47:58+08:00 ] ::1 ::1 GET /api/v1/banner/1
[ log ] localhost/api/v1/banner/1 [运行时间：0.204592s][吞吐率：4.89req/s] [内存消耗：2,553.86kb] [文件加载：61]

---------------------------------------------------------------
[ 2017-12-23T18:47:58+08:00 ] ::1 ::1 GET /api/v1/theme?ids=1,2,3
[ log ] localhost/api/v1/theme?ids=1,2,3 [运行时间：0.146444s][吞吐率：6.83req/s] [内存消耗：2,527.60kb] [文件加载：58]

---------------------------------------------------------------
[ 2017-12-23T18:47:58+08:00 ] ::1 ::1 GET /api/v1/product/recent
[ log ] localhost/api/v1/product/recent [运行时间：0.142297s][吞吐率：7.03req/s] [内存消耗：2,481.84kb] [文件加载：55]

---------------------------------------------------------------
[ 2017-12-23T18:48:00+08:00 ] ::1 ::1 GET /api/v1/address
[ log ] localhost/api/v1/address [运行时间：0.125425s][吞吐率：7.97req/s] [内存消耗：2,346.28kb] [文件加载：55]

---------------------------------------------------------------
[ 2017-12-23T18:48:02+08:00 ] ::1 ::1 GET /api/v1/order/by_user?page=1
[ log ] localhost/api/v1/order/by_user?page=1 [运行时间：0.086691s][吞吐率：11.54req/s] [内存消耗：2,593.46kb] [文件加载：62]

---------------------------------------------------------------
[ 2017-12-23T22:38:09+08:00 ] ::1 ::1 POST /api/v1/token/app
[ log ] localhost/api/v1/token/app [运行时间：0.064685s][吞吐率：15.46req/s] [内存消耗：2,257.25kb] [文件加载：51]

---------------------------------------------------------------
[ 2017-12-23T22:38:10+08:00 ] ::1 ::1 GET /api/v1/order/paginate?page=1&size=20
[ log ] localhost/api/v1/order/paginate?page=1&size=20 [运行时间：0.094468s][吞吐率：10.59req/s] [内存消耗：2,592.82kb] [文件加载：62]

---------------------------------------------------------------
[ 2017-12-23T22:38:10+08:00 ] ::1 ::1 GET /api/v1/order/paginate?page=1&size=20
[ log ] localhost/api/v1/order/paginate?page=1&size=20 [运行时间：0.043619s][吞吐率：22.93req/s] [内存消耗：2,592.82kb] [文件加载：62]

---------------------------------------------------------------
[ 2017-12-23T22:38:12+08:00 ] ::1 ::1 GET /api/v1/order/paginate?page=1&size=20
[ log ] localhost/api/v1/order/paginate?page=1&size=20 [运行时间：0.076719s][吞吐率：13.03req/s] [内存消耗：2,592.82kb] [文件加载：62]

---------------------------------------------------------------
[ 2017-12-23T22:38:12+08:00 ] ::1 ::1 GET /api/v1/order/paginate?page=1&size=20
[ log ] localhost/api/v1/order/paginate?page=1&size=20 [运行时间：0.064578s][吞吐率：15.49req/s] [内存消耗：2,592.82kb] [文件加载：62]

---------------------------------------------------------------
[ 2017-12-23T22:38:16+08:00 ] ::1 ::1 GET /api/v1/order/paginate?page=1&size=20
[ log ] localhost/api/v1/order/paginate?page=1&size=20 [运行时间：0.045992s][吞吐率：21.74req/s] [内存消耗：2,592.82kb] [文件加载：62]

---------------------------------------------------------------
[ 2017-12-23T22:38:17+08:00 ] ::1 ::1 GET /api/v1/category/all
[ log ] localhost/api/v1/category/all [运行时间：0.051563s][吞吐率：19.39req/s] [内存消耗：2,385.60kb] [文件加载：56]

---------------------------------------------------------------
[ 2017-12-23T22:38:19+08:00 ] ::1 ::1 GET /api/v1/banner/1
[ log ] localhost/api/v1/banner/1 [运行时间：0.056354s][吞吐率：17.74req/s] [内存消耗：2,553.98kb] [文件加载：61]

---------------------------------------------------------------
[ 2017-12-23T22:38:20+08:00 ] ::1 ::1 GET /api/v1/theme/getAllTheme/all
[ log ] localhost/api/v1/theme/getAllTheme/all [运行时间：0.046433s][吞吐率：21.54req/s] [内存消耗：2,378.62kb] [文件加载：55]

---------------------------------------------------------------
[ 2017-12-23T22:38:21+08:00 ] ::1 ::1 GET /api/v1/product/AllInProduct
[ log ] localhost/api/v1/product/AllInProduct [运行时间：0.044912s][吞吐率：22.27req/s] [内存消耗：2,397.12kb] [文件加载：55]

---------------------------------------------------------------
[ 2017-12-23T22:38:48+08:00 ] ::1 ::1 GET /api/v1/theme/getAllTheme/all
[ log ] localhost/api/v1/theme/getAllTheme/all [运行时间：0.077805s][吞吐率：12.85req/s] [内存消耗：2,378.62kb] [文件加载：55]

---------------------------------------------------------------
[ 2017-12-23T22:38:51+08:00 ] ::1 ::1 GET /api/v1/product/AllInProduct
[ log ] localhost/api/v1/product/AllInProduct [运行时间：0.052580s][吞吐率：19.02req/s] [内存消耗：2,397.12kb] [文件加载：55]

---------------------------------------------------------------
[ 2017-12-23T22:38:52+08:00 ] ::1 ::1 GET /api/v1/getAllUser
[ log ] localhost/api/v1/getAllUser [运行时间：0.045847s][吞吐率：21.81req/s] [内存消耗：2,380.99kb] [文件加载：56]

---------------------------------------------------------------
[ 2017-12-23T22:38:57+08:00 ] ::1 ::1 GET /api/v1/order/paginate?page=1&size=20
[ log ] localhost/api/v1/order/paginate?page=1&size=20 [运行时间：0.085626s][吞吐率：11.68req/s] [内存消耗：2,592.82kb] [文件加载：62]

---------------------------------------------------------------
[ 2017-12-23T22:38:57+08:00 ] ::1 ::1 GET /api/v1/order/paginate?page=1&size=20
[ log ] localhost/api/v1/order/paginate?page=1&size=20 [运行时间：0.049926s][吞吐率：20.03req/s] [内存消耗：2,592.82kb] [文件加载：62]

---------------------------------------------------------------
[ 2017-12-23T22:38:58+08:00 ] ::1 ::1 GET /api/v1/order/paginate?page=1&size=20
[ log ] localhost/api/v1/order/paginate?page=1&size=20 [运行时间：0.061490s][吞吐率：16.26req/s] [内存消耗：2,592.82kb] [文件加载：62]

---------------------------------------------------------------
[ 2017-12-23T22:38:58+08:00 ] ::1 ::1 GET /api/v1/order/paginate?page=1&size=20
[ log ] localhost/api/v1/order/paginate?page=1&size=20 [运行时间：0.071239s][吞吐率：14.04req/s] [内存消耗：2,592.82kb] [文件加载：62]

---------------------------------------------------------------
[ 2017-12-23T22:38:59+08:00 ] ::1 ::1 GET /api/v1/order/paginate?page=1&size=20
[ log ] localhost/api/v1/order/paginate?page=1&size=20 [运行时间：0.073858s][吞吐率：13.54req/s] [内存消耗：2,592.82kb] [文件加载：62]

---------------------------------------------------------------
[ 2017-12-23T22:38:59+08:00 ] ::1 ::1 GET /api/v1/order/paginate?page=1&size=20
[ log ] localhost/api/v1/order/paginate?page=1&size=20 [运行时间：0.050471s][吞吐率：19.81req/s] [内存消耗：2,592.82kb] [文件加载：62]

---------------------------------------------------------------
[ 2017-12-23T22:39:00+08:00 ] ::1 ::1 GET /api/v1/order/paginate?page=1&size=20
[ log ] localhost/api/v1/order/paginate?page=1&size=20 [运行时间：0.047451s][吞吐率：21.07req/s] [内存消耗：2,592.82kb] [文件加载：62]

---------------------------------------------------------------
[ 2017-12-23T22:39:01+08:00 ] ::1 ::1 GET /api/v1/category/all
[ log ] localhost/api/v1/category/all [运行时间：0.043874s][吞吐率：22.79req/s] [内存消耗：2,385.60kb] [文件加载：56]

---------------------------------------------------------------
[ 2017-12-23T22:39:04+08:00 ] ::1 ::1 GET /api/v1/banner/1
[ log ] localhost/api/v1/banner/1 [运行时间：0.053360s][吞吐率：18.74req/s] [内存消耗：2,553.98kb] [文件加载：61]

---------------------------------------------------------------
[ 2017-12-23T22:40:30+08:00 ] ::1 ::1 GET /api/v1/category/all
[ log ] localhost/api/v1/category/all [运行时间：0.039020s][吞吐率：25.63req/s] [内存消耗：2,385.60kb] [文件加载：56]

---------------------------------------------------------------
[ 2017-12-23T22:40:35+08:00 ] ::1 ::1 GET /api/v1/order/paginate?page=1&size=20
[ log ] localhost/api/v1/order/paginate?page=1&size=20 [运行时间：0.047493s][吞吐率：21.06req/s] [内存消耗：2,592.82kb] [文件加载：62]

---------------------------------------------------------------
[ 2017-12-23T22:41:08+08:00 ] ::1 ::1 GET /api/v1/banner/1
[ log ] localhost/api/v1/banner/1 [运行时间：0.063149s][吞吐率：15.84req/s] [内存消耗：2,553.98kb] [文件加载：61]

---------------------------------------------------------------
[ 2017-12-23T22:41:11+08:00 ] ::1 ::1 GET /api/v1/banner/1
[ log ] localhost/api/v1/banner/1 [运行时间：0.054058s][吞吐率：18.50req/s] [内存消耗：2,553.98kb] [文件加载：61]

---------------------------------------------------------------
[ 2017-12-23T22:41:18+08:00 ] ::1 ::1 GET /api/v1/order/paginate?page=1&size=20
[ log ] localhost/api/v1/order/paginate?page=1&size=20 [运行时间：0.057386s][吞吐率：17.43req/s] [内存消耗：2,592.82kb] [文件加载：62]

---------------------------------------------------------------
[ 2017-12-23T22:41:20+08:00 ] ::1 ::1 GET /api/v1/category/all
[ log ] localhost/api/v1/category/all [运行时间：0.051711s][吞吐率：19.34req/s] [内存消耗：2,385.60kb] [文件加载：56]

---------------------------------------------------------------
[ 2017-12-23T22:41:22+08:00 ] ::1 ::1 GET /api/v1/theme/getAllTheme/all
[ log ] localhost/api/v1/theme/getAllTheme/all [运行时间：0.046715s][吞吐率：21.41req/s] [内存消耗：2,378.62kb] [文件加载：55]

---------------------------------------------------------------
[ 2017-12-23T22:41:23+08:00 ] ::1 ::1 GET /api/v1/product/AllInProduct
[ log ] localhost/api/v1/product/AllInProduct [运行时间：0.055564s][吞吐率：18.00req/s] [内存消耗：2,397.12kb] [文件加载：55]

---------------------------------------------------------------
[ 2017-12-23T22:41:28+08:00 ] ::1 ::1 GET /api/v1/category/all
[ log ] localhost/api/v1/category/all [运行时间：0.046545s][吞吐率：21.48req/s] [内存消耗：2,385.60kb] [文件加载：56]

---------------------------------------------------------------
[ 2017-12-23T22:41:31+08:00 ] ::1 ::1 GET /api/v1/product/AllInProduct
[ log ] localhost/api/v1/product/AllInProduct [运行时间：0.046614s][吞吐率：21.45req/s] [内存消耗：2,397.12kb] [文件加载：55]

---------------------------------------------------------------
[ 2017-12-23T22:45:23+08:00 ] ::1 ::1 POST /api/v1/token/app
[ log ] localhost/api/v1/token/app [运行时间：0.051388s][吞吐率：19.46req/s] [内存消耗：2,257.25kb] [文件加载：51]

---------------------------------------------------------------
[ 2017-12-23T22:45:23+08:00 ] ::1 ::1 GET /api/v1/order/paginate?page=1&size=20
[ log ] localhost/api/v1/order/paginate?page=1&size=20 [运行时间：0.053301s][吞吐率：18.76req/s] [内存消耗：2,592.82kb] [文件加载：62]

---------------------------------------------------------------
[ 2017-12-23T22:45:23+08:00 ] ::1 ::1 GET /api/v1/order/paginate?page=1&size=20
[ log ] localhost/api/v1/order/paginate?page=1&size=20 [运行时间：0.043080s][吞吐率：23.21req/s] [内存消耗：2,592.82kb] [文件加载：62]

---------------------------------------------------------------
[ 2017-12-23T22:45:26+08:00 ] ::1 ::1 GET /api/v1/order/paginate?page=1&size=20
[ log ] localhost/api/v1/order/paginate?page=1&size=20 [运行时间：0.073659s][吞吐率：13.58req/s] [内存消耗：2,592.82kb] [文件加载：62]

---------------------------------------------------------------
[ 2017-12-23T22:45:26+08:00 ] ::1 ::1 GET /api/v1/order/paginate?page=1&size=20
[ log ] localhost/api/v1/order/paginate?page=1&size=20 [运行时间：0.062959s][吞吐率：15.88req/s] [内存消耗：2,592.82kb] [文件加载：62]

---------------------------------------------------------------
[ 2017-12-23T22:46:33+08:00 ] ::1 ::1 GET /api/v1/category/all
[ log ] localhost/api/v1/category/all [运行时间：0.052884s][吞吐率：18.91req/s] [内存消耗：2,385.60kb] [文件加载：56]

---------------------------------------------------------------
[ 2017-12-23T22:46:47+08:00 ] ::1 ::1 GET /api/v1/order/paginate?page=1&size=20
[ log ] localhost/api/v1/order/paginate?page=1&size=20 [运行时间：0.080677s][吞吐率：12.40req/s] [内存消耗：2,592.82kb] [文件加载：62]

---------------------------------------------------------------
[ 2017-12-23T22:46:47+08:00 ] ::1 ::1 GET /api/v1/order/paginate?page=1&size=20
[ log ] localhost/api/v1/order/paginate?page=1&size=20 [运行时间：0.049237s][吞吐率：20.31req/s] [内存消耗：2,592.82kb] [文件加载：62]

---------------------------------------------------------------
[ 2017-12-23T22:46:48+08:00 ] ::1 ::1 GET /api/v1/order/paginate?page=1&size=20
[ log ] localhost/api/v1/order/paginate?page=1&size=20 [运行时间：0.078158s][吞吐率：12.79req/s] [内存消耗：2,592.82kb] [文件加载：62]

---------------------------------------------------------------
[ 2017-12-23T22:46:48+08:00 ] ::1 ::1 GET /api/v1/order/paginate?page=1&size=20
[ log ] localhost/api/v1/order/paginate?page=1&size=20 [运行时间：0.064314s][吞吐率：15.55req/s] [内存消耗：2,592.82kb] [文件加载：62]

---------------------------------------------------------------
[ 2017-12-23T22:46:49+08:00 ] ::1 ::1 GET /api/v1/order/paginate?page=1&size=20
[ log ] localhost/api/v1/order/paginate?page=1&size=20 [运行时间：0.080205s][吞吐率：12.47req/s] [内存消耗：2,592.82kb] [文件加载：62]

---------------------------------------------------------------
[ 2017-12-23T22:46:49+08:00 ] ::1 ::1 GET /api/v1/order/paginate?page=1&size=20
[ log ] localhost/api/v1/order/paginate?page=1&size=20 [运行时间：0.056298s][吞吐率：17.76req/s] [内存消耗：2,592.82kb] [文件加载：62]

---------------------------------------------------------------
[ 2017-12-23T22:46:50+08:00 ] ::1 ::1 GET /api/v1/order/paginate?page=1&size=20
[ log ] localhost/api/v1/order/paginate?page=1&size=20 [运行时间：0.077155s][吞吐率：12.96req/s] [内存消耗：2,592.82kb] [文件加载：62]

---------------------------------------------------------------
[ 2017-12-23T22:46:50+08:00 ] ::1 ::1 GET /api/v1/order/paginate?page=1&size=20
[ log ] localhost/api/v1/order/paginate?page=1&size=20 [运行时间：0.061610s][吞吐率：16.23req/s] [内存消耗：2,592.82kb] [文件加载：62]

---------------------------------------------------------------
[ 2017-12-23T22:46:50+08:00 ] ::1 ::1 GET /api/v1/order/paginate?page=1&size=20
[ log ] localhost/api/v1/order/paginate?page=1&size=20 [运行时间：0.073249s][吞吐率：13.65req/s] [内存消耗：2,592.82kb] [文件加载：62]

---------------------------------------------------------------
[ 2017-12-23T22:46:50+08:00 ] ::1 ::1 GET /api/v1/order/paginate?page=1&size=20
[ log ] localhost/api/v1/order/paginate?page=1&size=20 [运行时间：0.067172s][吞吐率：14.89req/s] [内存消耗：2,592.82kb] [文件加载：62]

---------------------------------------------------------------
[ 2017-12-23T22:46:51+08:00 ] ::1 ::1 GET /api/v1/order/paginate?page=1&size=20
[ log ] localhost/api/v1/order/paginate?page=1&size=20 [运行时间：0.072802s][吞吐率：13.74req/s] [内存消耗：2,592.82kb] [文件加载：62]

---------------------------------------------------------------
[ 2017-12-23T22:46:51+08:00 ] ::1 ::1 GET /api/v1/order/paginate?page=1&size=20
[ log ] localhost/api/v1/order/paginate?page=1&size=20 [运行时间：0.066108s][吞吐率：15.13req/s] [内存消耗：2,592.82kb] [文件加载：62]

---------------------------------------------------------------
[ 2017-12-23T22:47:00+08:00 ] ::1 ::1 GET /api/v1/order/paginate?page=1&size=20
[ log ] localhost/api/v1/order/paginate?page=1&size=20 [运行时间：0.075617s][吞吐率：13.22req/s] [内存消耗：2,592.82kb] [文件加载：62]

---------------------------------------------------------------
[ 2017-12-23T22:47:01+08:00 ] ::1 ::1 GET /api/v1/order/paginate?page=1&size=20
[ log ] localhost/api/v1/order/paginate?page=1&size=20 [运行时间：0.064463s][吞吐率：15.51req/s] [内存消耗：2,592.82kb] [文件加载：62]

---------------------------------------------------------------
[ 2017-12-23T22:47:01+08:00 ] ::1 ::1 GET /api/v1/order/paginate?page=1&size=20
[ log ] localhost/api/v1/order/paginate?page=1&size=20 [运行时间：0.071148s][吞吐率：14.06req/s] [内存消耗：2,592.82kb] [文件加载：62]

---------------------------------------------------------------
[ 2017-12-23T22:47:01+08:00 ] ::1 ::1 GET /api/v1/order/paginate?page=1&size=20
[ log ] localhost/api/v1/order/paginate?page=1&size=20 [运行时间：0.050890s][吞吐率：19.65req/s] [内存消耗：2,592.82kb] [文件加载：62]

---------------------------------------------------------------
[ 2017-12-23T22:47:05+08:00 ] ::1 ::1 GET /api/v1/order/paginate?page=1&size=20
[ log ] localhost/api/v1/order/paginate?page=1&size=20 [运行时间：0.084680s][吞吐率：11.81req/s] [内存消耗：2,592.82kb] [文件加载：62]

---------------------------------------------------------------
[ 2017-12-23T22:47:05+08:00 ] ::1 ::1 GET /api/v1/order/paginate?page=1&size=20
[ log ] localhost/api/v1/order/paginate?page=1&size=20 [运行时间：0.066942s][吞吐率：14.94req/s] [内存消耗：2,592.82kb] [文件加载：62]

---------------------------------------------------------------
[ 2017-12-23T22:47:06+08:00 ] ::1 ::1 GET /api/v1/order/paginate?page=1&size=20
[ log ] localhost/api/v1/order/paginate?page=1&size=20 [运行时间：0.071578s][吞吐率：13.97req/s] [内存消耗：2,592.82kb] [文件加载：62]

---------------------------------------------------------------
[ 2017-12-23T22:47:06+08:00 ] ::1 ::1 GET /api/v1/order/paginate?page=1&size=20
[ log ] localhost/api/v1/order/paginate?page=1&size=20 [运行时间：0.066585s][吞吐率：15.02req/s] [内存消耗：2,592.82kb] [文件加载：62]

---------------------------------------------------------------
[ 2017-12-23T22:47:06+08:00 ] ::1 ::1 GET /api/v1/order/paginate?page=1&size=20
[ log ] localhost/api/v1/order/paginate?page=1&size=20 [运行时间：0.098620s][吞吐率：10.14req/s] [内存消耗：2,592.82kb] [文件加载：62]

---------------------------------------------------------------
[ 2017-12-23T22:47:06+08:00 ] ::1 ::1 GET /api/v1/order/paginate?page=1&size=20
[ log ] localhost/api/v1/order/paginate?page=1&size=20 [运行时间：0.058365s][吞吐率：17.13req/s] [内存消耗：2,592.82kb] [文件加载：62]

---------------------------------------------------------------
[ 2017-12-23T22:47:07+08:00 ] ::1 ::1 GET /api/v1/order/paginate?page=1&size=20
[ log ] localhost/api/v1/order/paginate?page=1&size=20 [运行时间：0.103713s][吞吐率：9.64req/s] [内存消耗：2,592.82kb] [文件加载：62]

---------------------------------------------------------------
[ 2017-12-23T22:47:07+08:00 ] ::1 ::1 GET /api/v1/order/paginate?page=1&size=20
[ log ] localhost/api/v1/order/paginate?page=1&size=20 [运行时间：0.090202s][吞吐率：11.09req/s] [内存消耗：2,592.82kb] [文件加载：62]

---------------------------------------------------------------
[ 2017-12-23T22:47:08+08:00 ] ::1 ::1 GET /api/v1/order/paginate?page=1&size=20
[ log ] localhost/api/v1/order/paginate?page=1&size=20 [运行时间：0.084078s][吞吐率：11.89req/s] [内存消耗：2,592.82kb] [文件加载：62]

---------------------------------------------------------------
[ 2017-12-23T22:47:08+08:00 ] ::1 ::1 GET /api/v1/order/paginate?page=1&size=20
[ log ] localhost/api/v1/order/paginate?page=1&size=20 [运行时间：0.056223s][吞吐率：17.79req/s] [内存消耗：2,592.82kb] [文件加载：62]

---------------------------------------------------------------
[ 2017-12-23T22:47:08+08:00 ] ::1 ::1 GET /api/v1/order/paginate?page=1&size=20
[ log ] localhost/api/v1/order/paginate?page=1&size=20 [运行时间：0.073974s][吞吐率：13.52req/s] [内存消耗：2,592.82kb] [文件加载：62]

---------------------------------------------------------------
[ 2017-12-23T22:47:08+08:00 ] ::1 ::1 GET /api/v1/order/paginate?page=1&size=20
[ log ] localhost/api/v1/order/paginate?page=1&size=20 [运行时间：0.081667s][吞吐率：12.24req/s] [内存消耗：2,592.82kb] [文件加载：62]

---------------------------------------------------------------
[ 2017-12-23T22:47:08+08:00 ] ::1 ::1 GET /api/v1/order/paginate?page=1&size=20
[ log ] localhost/api/v1/order/paginate?page=1&size=20 [运行时间：0.084519s][吞吐率：11.83req/s] [内存消耗：2,592.82kb] [文件加载：62]

---------------------------------------------------------------
[ 2017-12-23T22:47:08+08:00 ] ::1 ::1 GET /api/v1/order/paginate?page=1&size=20
[ log ] localhost/api/v1/order/paginate?page=1&size=20 [运行时间：0.079925s][吞吐率：12.51req/s] [内存消耗：2,592.82kb] [文件加载：62]

---------------------------------------------------------------
[ 2017-12-23T22:47:09+08:00 ] ::1 ::1 GET /api/v1/order/paginate?page=1&size=20
[ log ] localhost/api/v1/order/paginate?page=1&size=20 [运行时间：0.075636s][吞吐率：13.22req/s] [内存消耗：2,592.82kb] [文件加载：62]

---------------------------------------------------------------
[ 2017-12-23T22:47:09+08:00 ] ::1 ::1 GET /api/v1/order/paginate?page=1&size=20
[ log ] localhost/api/v1/order/paginate?page=1&size=20 [运行时间：0.059852s][吞吐率：16.71req/s] [内存消耗：2,592.82kb] [文件加载：62]

---------------------------------------------------------------
[ 2017-12-23T22:47:10+08:00 ] ::1 ::1 GET /api/v1/order/paginate?page=1&size=20
[ log ] localhost/api/v1/order/paginate?page=1&size=20 [运行时间：0.071895s][吞吐率：13.91req/s] [内存消耗：2,592.82kb] [文件加载：62]

---------------------------------------------------------------
[ 2017-12-23T22:47:10+08:00 ] ::1 ::1 GET /api/v1/order/paginate?page=1&size=20
[ log ] localhost/api/v1/order/paginate?page=1&size=20 [运行时间：0.059633s][吞吐率：16.77req/s] [内存消耗：2,592.82kb] [文件加载：62]

---------------------------------------------------------------
[ 2017-12-23T22:47:10+08:00 ] ::1 ::1 GET /api/v1/order/paginate?page=1&size=20
[ log ] localhost/api/v1/order/paginate?page=1&size=20 [运行时间：0.077554s][吞吐率：12.89req/s] [内存消耗：2,592.82kb] [文件加载：62]

---------------------------------------------------------------
[ 2017-12-23T22:47:10+08:00 ] ::1 ::1 GET /api/v1/order/paginate?page=1&size=20
[ log ] localhost/api/v1/order/paginate?page=1&size=20 [运行时间：0.072015s][吞吐率：13.89req/s] [内存消耗：2,592.82kb] [文件加载：62]

---------------------------------------------------------------
[ 2017-12-23T22:47:11+08:00 ] ::1 ::1 GET /api/v1/order/paginate?page=1&size=20
[ log ] localhost/api/v1/order/paginate?page=1&size=20 [运行时间：0.062181s][吞吐率：16.08req/s] [内存消耗：2,592.82kb] [文件加载：62]

---------------------------------------------------------------
[ 2017-12-23T22:47:11+08:00 ] ::1 ::1 GET /api/v1/order/paginate?page=1&size=20
[ log ] localhost/api/v1/order/paginate?page=1&size=20 [运行时间：0.058306s][吞吐率：17.15req/s] [内存消耗：2,592.82kb] [文件加载：62]

---------------------------------------------------------------
[ 2017-12-23T22:47:11+08:00 ] ::1 ::1 GET /api/v1/order/paginate?page=1&size=20
[ log ] localhost/api/v1/order/paginate?page=1&size=20 [运行时间：0.064896s][吞吐率：15.41req/s] [内存消耗：2,592.82kb] [文件加载：62]

---------------------------------------------------------------
[ 2017-12-23T22:47:11+08:00 ] ::1 ::1 GET /api/v1/order/paginate?page=1&size=20
[ log ] localhost/api/v1/order/paginate?page=1&size=20 [运行时间：0.073168s][吞吐率：13.67req/s] [内存消耗：2,592.82kb] [文件加载：62]

---------------------------------------------------------------
[ 2017-12-23T22:47:12+08:00 ] ::1 ::1 GET /api/v1/order/paginate?page=1&size=20
[ log ] localhost/api/v1/order/paginate?page=1&size=20 [运行时间：0.137160s][吞吐率：7.29req/s] [内存消耗：2,592.82kb] [文件加载：62]

---------------------------------------------------------------
[ 2017-12-23T22:47:12+08:00 ] ::1 ::1 GET /api/v1/order/paginate?page=1&size=20
[ log ] localhost/api/v1/order/paginate?page=1&size=20 [运行时间：0.064513s][吞吐率：15.50req/s] [内存消耗：2,592.82kb] [文件加载：62]

---------------------------------------------------------------
[ 2017-12-23T22:47:12+08:00 ] ::1 ::1 GET /api/v1/order/paginate?page=1&size=20
[ log ] localhost/api/v1/order/paginate?page=1&size=20 [运行时间：0.078064s][吞吐率：12.81req/s] [内存消耗：2,592.82kb] [文件加载：62]

---------------------------------------------------------------
[ 2017-12-23T22:47:12+08:00 ] ::1 ::1 GET /api/v1/order/paginate?page=1&size=20
[ log ] localhost/api/v1/order/paginate?page=1&size=20 [运行时间：0.063399s][吞吐率：15.77req/s] [内存消耗：2,592.82kb] [文件加载：62]

---------------------------------------------------------------
[ 2017-12-23T22:47:12+08:00 ] ::1 ::1 GET /api/v1/order/paginate?page=1&size=20
[ log ] localhost/api/v1/order/paginate?page=1&size=20 [运行时间：0.080239s][吞吐率：12.46req/s] [内存消耗：2,592.82kb] [文件加载：62]

---------------------------------------------------------------
[ 2017-12-23T22:47:13+08:00 ] ::1 ::1 GET /api/v1/order/paginate?page=1&size=20
[ log ] localhost/api/v1/order/paginate?page=1&size=20 [运行时间：0.060928s][吞吐率：16.41req/s] [内存消耗：2,592.82kb] [文件加载：62]

---------------------------------------------------------------
[ 2017-12-23T22:47:13+08:00 ] ::1 ::1 GET /api/v1/order/paginate?page=1&size=20
[ log ] localhost/api/v1/order/paginate?page=1&size=20 [运行时间：0.070579s][吞吐率：14.17req/s] [内存消耗：2,592.82kb] [文件加载：62]

---------------------------------------------------------------
[ 2017-12-23T22:47:13+08:00 ] ::1 ::1 GET /api/v1/order/paginate?page=1&size=20
[ log ] localhost/api/v1/order/paginate?page=1&size=20 [运行时间：0.061984s][吞吐率：16.13req/s] [内存消耗：2,592.82kb] [文件加载：62]

---------------------------------------------------------------
[ 2017-12-23T22:47:13+08:00 ] ::1 ::1 GET /api/v1/order/paginate?page=1&size=20
[ log ] localhost/api/v1/order/paginate?page=1&size=20 [运行时间：0.079883s][吞吐率：12.52req/s] [内存消耗：2,592.82kb] [文件加载：62]

---------------------------------------------------------------
[ 2017-12-23T22:47:13+08:00 ] ::1 ::1 GET /api/v1/order/paginate?page=1&size=20
[ log ] localhost/api/v1/order/paginate?page=1&size=20 [运行时间：0.081319s][吞吐率：12.30req/s] [内存消耗：2,592.82kb] [文件加载：62]

---------------------------------------------------------------
[ 2017-12-23T22:47:14+08:00 ] ::1 ::1 GET /api/v1/order/paginate?page=1&size=20
[ log ] localhost/api/v1/order/paginate?page=1&size=20 [运行时间：0.073117s][吞吐率：13.68req/s] [内存消耗：2,592.82kb] [文件加载：62]

---------------------------------------------------------------
[ 2017-12-23T22:47:14+08:00 ] ::1 ::1 GET /api/v1/order/paginate?page=1&size=20
[ log ] localhost/api/v1/order/paginate?page=1&size=20 [运行时间：0.085607s][吞吐率：11.68req/s] [内存消耗：2,592.82kb] [文件加载：62]

---------------------------------------------------------------
[ 2017-12-23T22:47:14+08:00 ] ::1 ::1 GET /api/v1/order/paginate?page=1&size=20
[ log ] localhost/api/v1/order/paginate?page=1&size=20 [运行时间：0.071288s][吞吐率：14.03req/s] [内存消耗：2,592.82kb] [文件加载：62]

---------------------------------------------------------------
[ 2017-12-23T22:47:14+08:00 ] ::1 ::1 GET /api/v1/order/paginate?page=1&size=20
[ log ] localhost/api/v1/order/paginate?page=1&size=20 [运行时间：0.061568s][吞吐率：16.24req/s] [内存消耗：2,592.82kb] [文件加载：62]

---------------------------------------------------------------
[ 2017-12-23T22:47:15+08:00 ] ::1 ::1 GET /api/v1/order/paginate?page=1&size=20
[ log ] localhost/api/v1/order/paginate?page=1&size=20 [运行时间：0.111960s][吞吐率：8.93req/s] [内存消耗：2,592.82kb] [文件加载：62]

---------------------------------------------------------------
[ 2017-12-23T22:47:15+08:00 ] ::1 ::1 GET /api/v1/order/paginate?page=1&size=20
[ log ] localhost/api/v1/order/paginate?page=1&size=20 [运行时间：0.067643s][吞吐率：14.78req/s] [内存消耗：2,592.82kb] [文件加载：62]

---------------------------------------------------------------
[ 2017-12-23T22:47:15+08:00 ] ::1 ::1 GET /api/v1/order/paginate?page=1&size=20
[ log ] localhost/api/v1/order/paginate?page=1&size=20 [运行时间：0.073214s][吞吐率：13.66req/s] [内存消耗：2,592.82kb] [文件加载：62]

---------------------------------------------------------------
[ 2017-12-23T22:47:15+08:00 ] ::1 ::1 GET /api/v1/order/paginate?page=1&size=20
[ log ] localhost/api/v1/order/paginate?page=1&size=20 [运行时间：0.068551s][吞吐率：14.59req/s] [内存消耗：2,592.82kb] [文件加载：62]

---------------------------------------------------------------
[ 2017-12-23T22:47:16+08:00 ] ::1 ::1 GET /api/v1/order/paginate?page=1&size=20
[ log ] localhost/api/v1/order/paginate?page=1&size=20 [运行时间：0.060311s][吞吐率：16.58req/s] [内存消耗：2,592.82kb] [文件加载：62]

---------------------------------------------------------------
[ 2017-12-23T22:47:16+08:00 ] ::1 ::1 GET /api/v1/order/paginate?page=1&size=20
[ log ] localhost/api/v1/order/paginate?page=1&size=20 [运行时间：0.049289s][吞吐率：20.29req/s] [内存消耗：2,592.82kb] [文件加载：62]

---------------------------------------------------------------
[ 2017-12-23T22:47:17+08:00 ] ::1 ::1 GET /api/v1/order/paginate?page=1&size=20
[ log ] localhost/api/v1/order/paginate?page=1&size=20 [运行时间：0.069697s][吞吐率：14.35req/s] [内存消耗：2,592.82kb] [文件加载：62]

---------------------------------------------------------------
[ 2017-12-23T22:47:17+08:00 ] ::1 ::1 GET /api/v1/order/paginate?page=1&size=20
[ log ] localhost/api/v1/order/paginate?page=1&size=20 [运行时间：0.054860s][吞吐率：18.23req/s] [内存消耗：2,592.82kb] [文件加载：62]

---------------------------------------------------------------
[ 2017-12-23T22:47:28+08:00 ] ::1 ::1 GET /api/v1/category/all
[ log ] localhost/api/v1/category/all [运行时间：0.043242s][吞吐率：23.13req/s] [内存消耗：2,385.60kb] [文件加载：56]

---------------------------------------------------------------
[ 2017-12-23T22:47:29+08:00 ] ::1 ::1 GET /api/v1/banner/1
[ log ] localhost/api/v1/banner/1 [运行时间：0.054457s][吞吐率：18.36req/s] [内存消耗：2,553.98kb] [文件加载：61]

---------------------------------------------------------------
[ 2017-12-23T22:47:31+08:00 ] ::1 ::1 GET /api/v1/theme/getAllTheme/all
[ log ] localhost/api/v1/theme/getAllTheme/all [运行时间：0.046733s][吞吐率：21.40req/s] [内存消耗：2,378.62kb] [文件加载：55]

---------------------------------------------------------------
[ 2017-12-23T22:47:35+08:00 ] ::1 ::1 GET /api/v1/order/paginate?page=1&size=20
[ log ] localhost/api/v1/order/paginate?page=1&size=20 [运行时间：0.066798s][吞吐率：14.97req/s] [内存消耗：2,592.82kb] [文件加载：62]

---------------------------------------------------------------
[ 2017-12-23T22:47:35+08:00 ] ::1 ::1 GET /api/v1/order/paginate?page=1&size=20
[ log ] localhost/api/v1/order/paginate?page=1&size=20 [运行时间：0.049072s][吞吐率：20.38req/s] [内存消耗：2,592.82kb] [文件加载：62]

---------------------------------------------------------------
[ 2017-12-23T22:47:35+08:00 ] ::1 ::1 GET /api/v1/order/paginate?page=1&size=20
[ log ] localhost/api/v1/order/paginate?page=1&size=20 [运行时间：0.087351s][吞吐率：11.45req/s] [内存消耗：2,592.82kb] [文件加载：62]

---------------------------------------------------------------
[ 2017-12-23T22:47:35+08:00 ] ::1 ::1 GET /api/v1/order/paginate?page=1&size=20
[ log ] localhost/api/v1/order/paginate?page=1&size=20 [运行时间：0.075130s][吞吐率：13.31req/s] [内存消耗：2,592.82kb] [文件加载：62]

---------------------------------------------------------------
[ 2017-12-23T22:47:36+08:00 ] ::1 ::1 GET /api/v1/order/paginate?page=1&size=20
[ log ] localhost/api/v1/order/paginate?page=1&size=20 [运行时间：0.077646s][吞吐率：12.88req/s] [内存消耗：2,592.82kb] [文件加载：62]

---------------------------------------------------------------
[ 2017-12-23T22:47:36+08:00 ] ::1 ::1 GET /api/v1/order/paginate?page=1&size=20
[ log ] localhost/api/v1/order/paginate?page=1&size=20 [运行时间：0.061943s][吞吐率：16.14req/s] [内存消耗：2,592.82kb] [文件加载：62]

---------------------------------------------------------------
[ 2017-12-23T22:47:36+08:00 ] ::1 ::1 GET /api/v1/order/paginate?page=1&size=20
[ log ] localhost/api/v1/order/paginate?page=1&size=20 [运行时间：0.088533s][吞吐率：11.30req/s] [内存消耗：2,592.82kb] [文件加载：62]

---------------------------------------------------------------
[ 2017-12-23T22:47:36+08:00 ] ::1 ::1 GET /api/v1/order/paginate?page=1&size=20
[ log ] localhost/api/v1/order/paginate?page=1&size=20 [运行时间：0.068504s][吞吐率：14.60req/s] [内存消耗：2,592.82kb] [文件加载：62]

---------------------------------------------------------------
[ 2017-12-23T22:47:36+08:00 ] ::1 ::1 GET /api/v1/order/paginate?page=1&size=20
[ log ] localhost/api/v1/order/paginate?page=1&size=20 [运行时间：0.070794s][吞吐率：14.13req/s] [内存消耗：2,592.82kb] [文件加载：62]

---------------------------------------------------------------
[ 2017-12-23T22:47:37+08:00 ] ::1 ::1 GET /api/v1/order/paginate?page=1&size=20
[ log ] localhost/api/v1/order/paginate?page=1&size=20 [运行时间：0.144619s][吞吐率：6.91req/s] [内存消耗：2,592.82kb] [文件加载：62]

---------------------------------------------------------------
[ 2017-12-23T22:47:37+08:00 ] ::1 ::1 GET /api/v1/order/paginate?page=1&size=20
[ log ] localhost/api/v1/order/paginate?page=1&size=20 [运行时间：0.085234s][吞吐率：11.73req/s] [内存消耗：2,592.82kb] [文件加载：62]

---------------------------------------------------------------
[ 2017-12-23T22:47:37+08:00 ] ::1 ::1 GET /api/v1/order/paginate?page=1&size=20
[ log ] localhost/api/v1/order/paginate?page=1&size=20 [运行时间：0.073137s][吞吐率：13.67req/s] [内存消耗：2,592.82kb] [文件加载：62]

---------------------------------------------------------------
[ 2017-12-23T22:47:38+08:00 ] ::1 ::1 GET /api/v1/order/paginate?page=1&size=20
[ log ] localhost/api/v1/order/paginate?page=1&size=20 [运行时间：0.092350s][吞吐率：10.83req/s] [内存消耗：2,592.82kb] [文件加载：62]

---------------------------------------------------------------
[ 2017-12-23T22:47:38+08:00 ] ::1 ::1 GET /api/v1/order/paginate?page=1&size=20
[ log ] localhost/api/v1/order/paginate?page=1&size=20 [运行时间：0.066862s][吞吐率：14.96req/s] [内存消耗：2,592.82kb] [文件加载：62]

---------------------------------------------------------------
[ 2017-12-23T22:47:38+08:00 ] ::1 ::1 GET /api/v1/order/paginate?page=1&size=20
[ log ] localhost/api/v1/order/paginate?page=1&size=20 [运行时间：0.091563s][吞吐率：10.92req/s] [内存消耗：2,592.82kb] [文件加载：62]

---------------------------------------------------------------
[ 2017-12-23T22:47:38+08:00 ] ::1 ::1 GET /api/v1/order/paginate?page=1&size=20
[ log ] localhost/api/v1/order/paginate?page=1&size=20 [运行时间：0.061666s][吞吐率：16.22req/s] [内存消耗：2,592.82kb] [文件加载：62]

---------------------------------------------------------------
[ 2017-12-23T22:47:39+08:00 ] ::1 ::1 GET /api/v1/order/paginate?page=1&size=20
[ log ] localhost/api/v1/order/paginate?page=1&size=20 [运行时间：0.069971s][吞吐率：14.29req/s] [内存消耗：2,592.82kb] [文件加载：62]

---------------------------------------------------------------
[ 2017-12-23T22:47:39+08:00 ] ::1 ::1 GET /api/v1/order/paginate?page=1&size=20
[ log ] localhost/api/v1/order/paginate?page=1&size=20 [运行时间：0.079135s][吞吐率：12.64req/s] [内存消耗：2,592.82kb] [文件加载：62]

---------------------------------------------------------------
[ 2017-12-23T22:47:39+08:00 ] ::1 ::1 GET /api/v1/order/paginate?page=1&size=20
[ log ] localhost/api/v1/order/paginate?page=1&size=20 [运行时间：0.061961s][吞吐率：16.14req/s] [内存消耗：2,592.82kb] [文件加载：62]

---------------------------------------------------------------
[ 2017-12-23T22:47:39+08:00 ] ::1 ::1 GET /api/v1/order/paginate?page=1&size=20
[ log ] localhost/api/v1/order/paginate?page=1&size=20 [运行时间：0.060188s][吞吐率：16.61req/s] [内存消耗：2,592.82kb] [文件加载：62]

---------------------------------------------------------------
[ 2017-12-23T22:49:11+08:00 ] ::1 ::1 GET /api/v1/category/all
[ log ] localhost/api/v1/category/all [运行时间：0.044184s][吞吐率：22.63req/s] [内存消耗：2,385.60kb] [文件加载：56]

---------------------------------------------------------------
[ 2017-12-23T22:49:28+08:00 ] ::1 ::1 GET /api/v1/category/all
[ log ] localhost/api/v1/category/all [运行时间：0.086291s][吞吐率：11.59req/s] [内存消耗：2,385.60kb] [文件加载：56]

---------------------------------------------------------------
[ 2017-12-23T22:49:29+08:00 ] ::1 ::1 GET /api/v1/banner/1
[ log ] localhost/api/v1/banner/1 [运行时间：0.057717s][吞吐率：17.33req/s] [内存消耗：2,553.98kb] [文件加载：61]

---------------------------------------------------------------
[ 2017-12-23T22:49:30+08:00 ] ::1 ::1 GET /api/v1/theme/getAllTheme/all
[ log ] localhost/api/v1/theme/getAllTheme/all [运行时间：0.047754s][吞吐率：20.94req/s] [内存消耗：2,378.62kb] [文件加载：55]

---------------------------------------------------------------
[ 2017-12-23T22:49:32+08:00 ] ::1 ::1 GET /api/v1/product/AllInProduct
[ log ] localhost/api/v1/product/AllInProduct [运行时间：0.050390s][吞吐率：19.85req/s] [内存消耗：2,397.12kb] [文件加载：55]

---------------------------------------------------------------
[ 2017-12-23T22:49:51+08:00 ] ::1 ::1 GET /api/v1/category/all
[ log ] localhost/api/v1/category/all [运行时间：0.042793s][吞吐率：23.37req/s] [内存消耗：2,385.60kb] [文件加载：56]

---------------------------------------------------------------
[ 2017-12-23T22:49:52+08:00 ] ::1 ::1 GET /api/v1/order/paginate?page=1&size=20
[ log ] localhost/api/v1/order/paginate?page=1&size=20 [运行时间：0.056583s][吞吐率：17.67req/s] [内存消耗：2,592.82kb] [文件加载：62]

---------------------------------------------------------------
[ 2017-12-23T22:49:54+08:00 ] ::1 ::1 GET /api/v1/banner/1
[ log ] localhost/api/v1/banner/1 [运行时间：0.056604s][吞吐率：17.67req/s] [内存消耗：2,553.98kb] [文件加载：61]

---------------------------------------------------------------
[ 2017-12-23T22:49:55+08:00 ] ::1 ::1 GET /api/v1/theme/getAllTheme/all
[ log ] localhost/api/v1/theme/getAllTheme/all [运行时间：0.043760s][吞吐率：22.85req/s] [内存消耗：2,378.62kb] [文件加载：55]

---------------------------------------------------------------
[ 2017-12-23T22:49:56+08:00 ] ::1 ::1 GET /api/v1/product/AllInProduct
[ log ] localhost/api/v1/product/AllInProduct [运行时间：0.048089s][吞吐率：20.79req/s] [内存消耗：2,397.12kb] [文件加载：55]

---------------------------------------------------------------
[ 2017-12-23T22:49:56+08:00 ] ::1 ::1 GET /api/v1/getAllUser
[ log ] localhost/api/v1/getAllUser [运行时间：0.048421s][吞吐率：20.65req/s] [内存消耗：2,380.99kb] [文件加载：56]

---------------------------------------------------------------
[ 2017-12-23T22:49:59+08:00 ] ::1 ::1 GET /api/v1/getAllUser
[ log ] localhost/api/v1/getAllUser [运行时间：0.050750s][吞吐率：19.70req/s] [内存消耗：2,380.99kb] [文件加载：56]

---------------------------------------------------------------
[ 2017-12-23T22:50:37+08:00 ] ::1 ::1 POST /api/v1/token/verify
[ log ] localhost/api/v1/token/verify [运行时间：0.032747s][吞吐率：30.54req/s] [内存消耗：1,128.37kb] [文件加载：37]

---------------------------------------------------------------
[ 2017-12-23T22:50:38+08:00 ] ::1 ::1 GET /api/v1/banner/1
[ log ] localhost/api/v1/banner/1 [运行时间：0.115383s][吞吐率：8.67req/s] [内存消耗：2,553.86kb] [文件加载：61]

---------------------------------------------------------------
[ 2017-12-23T22:50:38+08:00 ] ::1 ::1 GET /api/v1/theme?ids=1,2,3
[ log ] localhost/api/v1/theme?ids=1,2,3 [运行时间：0.101989s][吞吐率：9.80req/s] [内存消耗：2,527.60kb] [文件加载：58]

---------------------------------------------------------------
[ 2017-12-23T22:50:38+08:00 ] ::1 ::1 GET /api/v1/product/recent
[ log ] localhost/api/v1/product/recent [运行时间：0.086001s][吞吐率：11.63req/s] [内存消耗：2,481.84kb] [文件加载：55]

---------------------------------------------------------------
[ 2017-12-23T22:50:39+08:00 ] ::1 ::1 POST /api/v1/token/user
[ log ] localhost/api/v1/token/user [运行时间：0.648944s][吞吐率：1.54req/s] [内存消耗：2,268.03kb] [文件加载：52]

---------------------------------------------------------------
[ 2017-12-23T22:50:41+08:00 ] ::1 ::1 GET /api/v1/address
[ log ] localhost/api/v1/address [运行时间：0.105340s][吞吐率：9.49req/s] [内存消耗：2,346.28kb] [文件加载：55]

---------------------------------------------------------------
[ 2017-12-23T22:50:43+08:00 ] ::1 ::1 GET /api/v1/order/by_user?page=1
[ log ] localhost/api/v1/order/by_user?page=1 [运行时间：0.094060s][吞吐率：10.63req/s] [内存消耗：2,593.46kb] [文件加载：62]

---------------------------------------------------------------
[ 2017-12-23T22:50:49+08:00 ] ::1 ::1 GET /api/v1/address
[ log ] localhost/api/v1/address [运行时间：0.085852s][吞吐率：11.65req/s] [内存消耗：2,346.28kb] [文件加载：55]

---------------------------------------------------------------
[ 2017-12-23T22:50:54+08:00 ] ::1 ::1 POST /api/v1/address
[ log ] localhost/api/v1/address [运行时间：0.105006s][吞吐率：9.52req/s] [内存消耗：2,544.30kb] [文件加载：65]

---------------------------------------------------------------
[ 2017-12-23T22:51:07+08:00 ] ::1 ::1 GET /api/v1/order/paginate?page=1&size=20
[ log ] localhost/api/v1/order/paginate?page=1&size=20 [运行时间：0.084466s][吞吐率：11.84req/s] [内存消耗：2,592.82kb] [文件加载：62]

---------------------------------------------------------------
[ 2017-12-23T22:51:07+08:00 ] ::1 ::1 GET /api/v1/order/paginate?page=1&size=20
[ log ] localhost/api/v1/order/paginate?page=1&size=20 [运行时间：0.084358s][吞吐率：11.85req/s] [内存消耗：2,592.82kb] [文件加载：62]

---------------------------------------------------------------
[ 2017-12-23T22:51:09+08:00 ] ::1 ::1 GET /api/v1/getAllUser
[ log ] localhost/api/v1/getAllUser [运行时间：0.067788s][吞吐率：14.75req/s] [内存消耗：2,381.00kb] [文件加载：56]

---------------------------------------------------------------
[ 2017-12-23T22:51:22+08:00 ] ::1 ::1 GET /api/v1/category/all
[ log ] localhost/api/v1/category/all [运行时间：0.057434s][吞吐率：17.41req/s] [内存消耗：2,385.60kb] [文件加载：56]

---------------------------------------------------------------
[ 2017-12-23T22:51:24+08:00 ] ::1 ::1 GET /api/v1/category/all
[ log ] localhost/api/v1/category/all [运行时间：0.055759s][吞吐率：17.93req/s] [内存消耗：2,385.60kb] [文件加载：56]

---------------------------------------------------------------
[ 2017-12-23T22:51:29+08:00 ] ::1 ::1 GET /api/v1/getAllUser
[ log ] localhost/api/v1/getAllUser [运行时间：0.048418s][吞吐率：20.65req/s] [内存消耗：2,381.00kb] [文件加载：56]

---------------------------------------------------------------
[ 2017-12-23T22:51:30+08:00 ] ::1 ::1 GET /api/v1/product/AllInProduct
[ log ] localhost/api/v1/product/AllInProduct [运行时间：0.057303s][吞吐率：17.45req/s] [内存消耗：2,397.12kb] [文件加载：55]

---------------------------------------------------------------
[ 2017-12-23T22:51:30+08:00 ] ::1 ::1 GET /api/v1/theme/getAllTheme/all
[ log ] localhost/api/v1/theme/getAllTheme/all [运行时间：0.050874s][吞吐率：19.66req/s] [内存消耗：2,378.62kb] [文件加载：55]

---------------------------------------------------------------
[ 2017-12-23T22:51:31+08:00 ] ::1 ::1 GET /api/v1/banner/1
[ log ] localhost/api/v1/banner/1 [运行时间：0.062078s][吞吐率：16.11req/s] [内存消耗：2,553.98kb] [文件加载：61]

---------------------------------------------------------------
[ 2017-12-23T22:51:32+08:00 ] ::1 ::1 GET /api/v1/category/all
[ log ] localhost/api/v1/category/all [运行时间：0.051042s][吞吐率：19.59req/s] [内存消耗：2,385.60kb] [文件加载：56]

---------------------------------------------------------------
[ 2017-12-23T22:51:34+08:00 ] ::1 ::1 GET /api/v1/category/all
[ log ] localhost/api/v1/category/all [运行时间：0.062973s][吞吐率：15.88req/s] [内存消耗：2,385.60kb] [文件加载：56]

---------------------------------------------------------------
[ 2017-12-23T22:51:34+08:00 ] ::1 ::1 GET /api/v1/order/paginate?page=1&size=20
[ log ] localhost/api/v1/order/paginate?page=1&size=20 [运行时间：0.050569s][吞吐率：19.77req/s] [内存消耗：2,592.82kb] [文件加载：62]

---------------------------------------------------------------
