[ 2017-06-19T17:49:48+08:00 ] ::1 ::1 POST /index.php/api/v1/token/user
[ log ] localhost/index.php/api/v1/token/user [运行时间：0.595789s][吞吐率：1.68req/s] [内存消耗：2,239.99kb] [文件加载：50]

---------------------------------------------------------------
[ 2017-06-19T17:54:48+08:00 ] ::1 ::1 POST /api/v1/address
[ log ] localhost/api/v1/address [运行时间：0.027601s][吞吐率：36.23req/s] [内存消耗：1,490.09kb] [文件加载：43]

---------------------------------------------------------------
[ 2017-06-19T17:55:06+08:00 ] ::1 ::1 POST /api/v1/address
[ log ] localhost/api/v1/address [运行时间：0.029937s][吞吐率：33.40req/s] [内存消耗：1,490.09kb] [文件加载：43]

---------------------------------------------------------------
[ 2017-06-19T17:55:17+08:00 ] ::1 ::1 POST /api/v1/address
[ log ] localhost/api/v1/address [运行时间：0.054367s][吞吐率：18.39req/s] [内存消耗：2,403.54kb] [文件加载：53]

---------------------------------------------------------------
[ 2017-06-19T17:55:42+08:00 ] ::1 ::1 POST /api/v1/address
[ log ] localhost/api/v1/address [运行时间：0.049116s][吞吐率：20.36req/s] [内存消耗：2,403.54kb] [文件加载：53]

---------------------------------------------------------------
[ 2017-06-19T17:55:43+08:00 ] ::1 ::1 POST /api/v1/address
[ log ] localhost/api/v1/address [运行时间：0.053911s][吞吐率：18.55req/s] [内存消耗：2,403.54kb] [文件加载：53]

---------------------------------------------------------------
[ 2017-06-19T17:55:44+08:00 ] ::1 ::1 POST /api/v1/address
[ log ] localhost/api/v1/address [运行时间：0.049321s][吞吐率：20.28req/s] [内存消耗：2,403.54kb] [文件加载：53]

---------------------------------------------------------------
[ 2017-06-19T17:56:01+08:00 ] ::1 ::1 POST /api/v1/address
[ log ] localhost/api/v1/address [运行时间：0.036724s][吞吐率：27.23req/s] [内存消耗：1,490.09kb] [文件加载：43]

---------------------------------------------------------------
[ 2017-06-19T17:56:39+08:00 ] ::1 ::1 POST /api/v1/address
[ log ] localhost/api/v1/address [运行时间：0.028708s][吞吐率：34.83req/s] [内存消耗：1,489.93kb] [文件加载：43]

---------------------------------------------------------------
[ 2017-06-19T17:57:12+08:00 ] ::1 ::1 POST /api/v1/address
[ log ] localhost/api/v1/address [运行时间：0.027881s][吞吐率：35.87req/s] [内存消耗：1,489.93kb] [文件加载：43]

---------------------------------------------------------------
[ 2017-06-19T17:57:48+08:00 ] ::1 ::1 POST /index.php/api/v1/token/user
[ log ] localhost/index.php/api/v1/token/user [运行时间：0.526991s][吞吐率：1.90req/s] [内存消耗：2,240.21kb] [文件加载：50]

---------------------------------------------------------------
[ 2017-06-19T18:02:18+08:00 ] ::1 ::1 POST /index.php/api/v1/token/user
[ log ] localhost/index.php/api/v1/token/user [运行时间：0.559441s][吞吐率：1.79req/s] [内存消耗：2,240.21kb] [文件加载：50]

---------------------------------------------------------------
