[ 2017-11-17T12:51:05+08:00 ] ::1 ::1 POST /api/v1/token/verify
[ log ] www.test.com/api/v1/token/verify [运行时间：0.155583s][吞吐率：6.43req/s] [内存消耗：1,608.81kb] [文件加载：37]

---------------------------------------------------------------
[ 2017-11-17T12:51:05+08:00 ] ::1 ::1 GET /api/v1/product/recent
[ log ] www.test.com/api/v1/product/recent [运行时间：0.190604s][吞吐率：5.25req/s] [内存消耗：3,600.35kb] [文件加载：55]

---------------------------------------------------------------
[ 2017-11-17T12:51:05+08:00 ] ::1 ::1 GET /api/v1/theme?ids=1,2,3
[ log ] www.test.com/api/v1/theme?ids=1,2,3 [运行时间：0.208060s][吞吐率：4.81req/s] [内存消耗：3,702.79kb] [文件加载：58]

---------------------------------------------------------------
[ 2017-11-17T12:51:05+08:00 ] ::1 ::1 GET /api/v1/banner/1
[ log ] www.test.com/api/v1/banner/1 [运行时间：0.290477s][吞吐率：3.44req/s] [内存消耗：3,782.70kb] [文件加载：61]

---------------------------------------------------------------
[ 2017-11-17T12:51:06+08:00 ] ::1 ::1 POST /api/v1/token/user
[ log ] www.test.com/api/v1/token/user [运行时间：0.545793s][吞吐率：1.83req/s] [内存消耗：3,259.01kb] [文件加载：52]

---------------------------------------------------------------
[ 2017-11-17T12:51:08+08:00 ] ::1 ::1 GET /api/v1/category/all
[ log ] www.test.com/api/v1/category/all [运行时间：0.108050s][吞吐率：9.25req/s] [内存消耗：3,440.28kb] [文件加载：56]

---------------------------------------------------------------
[ 2017-11-17T12:51:08+08:00 ] ::1 ::1 GET /api/v1/product/by_category?id=2
[ log ] www.test.com/api/v1/product/by_category?id=2 [运行时间：0.071637s][吞吐率：13.96req/s] [内存消耗：3,596.80kb] [文件加载：55]

---------------------------------------------------------------
[ 2017-11-17T12:51:11+08:00 ] ::1 ::1 GET /api/v1/product/10
[ log ] www.test.com/api/v1/product/10 [运行时间：0.190173s][吞吐率：5.26req/s] [内存消耗：3,924.70kb] [文件加载：63]

---------------------------------------------------------------
[ 2017-11-17T12:51:49+08:00 ] ::1 ::1 GET /api/v1/product/10
[ log ] www.test.com/api/v1/product/10 [运行时间：0.171886s][吞吐率：5.82req/s] [内存消耗：3,924.70kb] [文件加载：63]

---------------------------------------------------------------
[ 2017-11-17T12:51:55+08:00 ] ::1 ::1 GET /api/v1/product/by_category?id=3
[ log ] www.test.com/api/v1/product/by_category?id=3 [运行时间：0.073314s][吞吐率：13.64req/s] [内存消耗：3,594.19kb] [文件加载：55]

---------------------------------------------------------------
[ 2017-11-17T12:51:55+08:00 ] ::1 ::1 GET /api/v1/product/by_category?id=4
[ log ] www.test.com/api/v1/product/by_category?id=4 [运行时间：0.059190s][吞吐率：16.89req/s] [内存消耗：3,595.08kb] [文件加载：55]

---------------------------------------------------------------
[ 2017-11-17T12:51:56+08:00 ] ::1 ::1 GET /api/v1/product/by_category?id=5
[ log ] www.test.com/api/v1/product/by_category?id=5 [运行时间：0.062429s][吞吐率：16.02req/s] [内存消耗：3,596.06kb] [文件加载：55]

---------------------------------------------------------------
[ 2017-11-17T12:51:57+08:00 ] ::1 ::1 GET /api/v1/product/by_category?id=6
[ log ] www.test.com/api/v1/product/by_category?id=6 [运行时间：0.066608s][吞吐率：15.01req/s] [内存消耗：3,594.26kb] [文件加载：55]

---------------------------------------------------------------
[ 2017-11-17T12:51:57+08:00 ] ::1 ::1 GET /api/v1/product/by_category?id=7
[ log ] www.test.com/api/v1/product/by_category?id=7 [运行时间：0.067637s][吞吐率：14.78req/s] [内存消耗：3,595.02kb] [文件加载：55]

---------------------------------------------------------------
[ 2017-11-17T12:51:58+08:00 ] ::1 ::1 GET /api/v1/product/by_category?id=8
[ log ] www.test.com/api/v1/product/by_category?id=8 [运行时间：0.059553s][吞吐率：16.79req/s] [内存消耗：3,592.52kb] [文件加载：55]

---------------------------------------------------------------
[ 2017-11-17T12:51:59+08:00 ] ::1 ::1 GET /api/v1/product/by_category?id=10
[ log ] www.test.com/api/v1/product/by_category?id=10 [运行时间：0.061659s][吞吐率：16.22req/s] [内存消耗：3,592.59kb] [文件加载：55]

---------------------------------------------------------------
[ 2017-11-17T12:52:00+08:00 ] ::1 ::1 GET /api/v1/product/by_category?id=9
[ log ] www.test.com/api/v1/product/by_category?id=9 [运行时间：0.060374s][吞吐率：16.56req/s] [内存消耗：3,592.53kb] [文件加载：55]

---------------------------------------------------------------
[ 2017-11-17T12:52:03+08:00 ] ::1 ::1 GET /api/v1/product/9
[ log ] www.test.com/api/v1/product/9 [运行时间：0.198273s][吞吐率：5.04req/s] [内存消耗：3,924.53kb] [文件加载：63]

---------------------------------------------------------------
[ 2017-11-17T12:52:08+08:00 ] ::1 ::1 GET /api/v1/product/6
[ log ] www.test.com/api/v1/product/6 [运行时间：0.171331s][吞吐率：5.84req/s] [内存消耗：3,924.45kb] [文件加载：63]

---------------------------------------------------------------
[ 2017-11-17T12:53:07+08:00 ] ::1 ::1 GET /api/v1/theme?ids=1,2,3
[ log ] www.test.com/api/v1/theme?ids=1,2,3 [运行时间：0.147666s][吞吐率：6.77req/s] [内存消耗：3,702.79kb] [文件加载：58]

---------------------------------------------------------------
[ 2017-11-17T12:53:07+08:00 ] ::1 ::1 GET /api/v1/product/recent
[ log ] www.test.com/api/v1/product/recent [运行时间：0.117747s][吞吐率：8.49req/s] [内存消耗：3,600.35kb] [文件加载：55]

---------------------------------------------------------------
[ 2017-11-17T12:53:07+08:00 ] ::1 ::1 GET /api/v1/banner/1
[ log ] www.test.com/api/v1/banner/1 [运行时间：0.204724s][吞吐率：4.88req/s] [内存消耗：3,782.70kb] [文件加载：61]

---------------------------------------------------------------
