[ 2018-01-09T13:51:41+08:00 ] ::1 ::1 POST /api/v1/token/verify
[ log ] localhost/api/v1/token/verify [运行时间：0.084939s][吞吐率：11.77req/s] [内存消耗：1,127.61kb] [文件加载：37]

---------------------------------------------------------------
[ 2018-01-09T13:51:42+08:00 ] ::1 ::1 GET /api/v1/banner/1
[ log ] localhost/api/v1/banner/1 [运行时间：0.192004s][吞吐率：5.21req/s] [内存消耗：2,553.08kb] [文件加载：61]

---------------------------------------------------------------
[ 2018-01-09T13:51:42+08:00 ] ::1 ::1 GET /api/v1/theme?ids=1,2,3
[ log ] localhost/api/v1/theme?ids=1,2,3 [运行时间：0.137274s][吞吐率：7.28req/s] [内存消耗：2,526.82kb] [文件加载：58]

---------------------------------------------------------------
[ 2018-01-09T13:51:42+08:00 ] ::1 ::1 GET /api/v1/product/recent
[ log ] localhost/api/v1/product/recent [运行时间：0.117465s][吞吐率：8.51req/s] [内存消耗：2,481.05kb] [文件加载：55]

---------------------------------------------------------------
[ 2018-01-09T13:51:43+08:00 ] ::1 ::1 POST /api/v1/token/user
[ log ] localhost/api/v1/token/user [运行时间：0.845096s][吞吐率：1.18req/s] [内存消耗：2,267.25kb] [文件加载：52]

---------------------------------------------------------------
[ 2018-01-09T13:51:46+08:00 ] ::1 ::1 GET /api/v1/category/all
[ log ] localhost/api/v1/category/all [运行时间：0.067893s][吞吐率：14.73req/s] [内存消耗：2,384.65kb] [文件加载：56]

---------------------------------------------------------------
[ 2018-01-09T13:51:46+08:00 ] ::1 ::1 GET /api/v1/product/by_category?id=2
[ log ] localhost/api/v1/product/by_category?id=2 [运行时间：0.102150s][吞吐率：9.79req/s] [内存消耗：2,481.56kb] [文件加载：55]

---------------------------------------------------------------
[ 2018-01-09T13:51:49+08:00 ] ::1 ::1 GET /api/v1/address
[ log ] localhost/api/v1/address [运行时间：0.087683s][吞吐率：11.40req/s] [内存消耗：2,345.59kb] [文件加载：55]

---------------------------------------------------------------
[ 2018-01-09T13:53:09+08:00 ] ::1 ::1 POST /api/v1/token/app
[ log ] localhost/api/v1/token/app [运行时间：0.063210s][吞吐率：15.82req/s] [内存消耗：2,256.52kb] [文件加载：51]

---------------------------------------------------------------
[ 2018-01-09T13:53:09+08:00 ] ::1 ::1 GET /api/v1/order/paginate?page=1&size=20
[ log ] localhost/api/v1/order/paginate?page=1&size=20 [运行时间：0.087630s][吞吐率：11.41req/s] [内存消耗：2,592.04kb] [文件加载：62]

---------------------------------------------------------------
[ 2018-01-09T13:53:09+08:00 ] ::1 ::1 GET /api/v1/order/paginate?page=1&size=20
[ log ] localhost/api/v1/order/paginate?page=1&size=20 [运行时间：0.052559s][吞吐率：19.03req/s] [内存消耗：2,592.04kb] [文件加载：62]

---------------------------------------------------------------
[ 2018-01-09T13:53:14+08:00 ] ::1 ::1 GET /api/v1/order/paginate?page=1&size=20
[ log ] localhost/api/v1/order/paginate?page=1&size=20 [运行时间：0.083353s][吞吐率：12.00req/s] [内存消耗：2,592.04kb] [文件加载：62]

---------------------------------------------------------------
[ 2018-01-09T13:53:14+08:00 ] ::1 ::1 GET /api/v1/order/paginate?page=1&size=20
[ log ] localhost/api/v1/order/paginate?page=1&size=20 [运行时间：0.076614s][吞吐率：13.05req/s] [内存消耗：2,592.04kb] [文件加载：62]

---------------------------------------------------------------
[ 2018-01-09T13:53:33+08:00 ] ::1 ::1 GET /api/v1/order/paginate?page=1&size=20
[ log ] localhost/api/v1/order/paginate?page=1&size=20 [运行时间：0.049356s][吞吐率：20.26req/s] [内存消耗：2,592.04kb] [文件加载：62]

---------------------------------------------------------------
[ 2018-01-09T13:53:34+08:00 ] ::1 ::1 GET /api/v1/category/all
[ log ] localhost/api/v1/category/all [运行时间：0.056081s][吞吐率：17.83req/s] [内存消耗：2,384.82kb] [文件加载：56]

---------------------------------------------------------------
[ 2018-01-09T13:53:38+08:00 ] ::1 ::1 GET /api/v1/product/AllInProduct
[ log ] localhost/api/v1/product/AllInProduct [运行时间：0.048357s][吞吐率：20.68req/s] [内存消耗：2,396.34kb] [文件加载：55]

---------------------------------------------------------------
[ 2018-01-09T14:23:13+08:00 ] ::1 ::1 GET /api/v1/theme?ids=1,2,3
[ log ] localhost/api/v1/theme?ids=1,2,3 [运行时间：0.199762s][吞吐率：5.01req/s] [内存消耗：2,529.91kb] [文件加载：58]

---------------------------------------------------------------
[ 2018-01-09T14:23:13+08:00 ] ::1 ::1 GET /api/v1/product/recent
[ log ] localhost/api/v1/product/recent [运行时间：0.153019s][吞吐率：6.54req/s] [内存消耗：2,484.07kb] [文件加载：55]

---------------------------------------------------------------
[ 2018-01-09T14:23:13+08:00 ] ::1 ::1 GET /api/v1/banner/1
[ log ] localhost/api/v1/banner/1 [运行时间：0.234812s][吞吐率：4.26req/s] [内存消耗：2,556.28kb] [文件加载：61]

---------------------------------------------------------------
[ 2018-01-09T14:23:13+08:00 ] ::1 ::1 POST /api/v1/token/user
[ log ] localhost/api/v1/token/user [运行时间：0.445210s][吞吐率：2.25req/s] [内存消耗：2,270.17kb] [文件加载：52]

---------------------------------------------------------------
[ 2018-01-09T14:23:17+08:00 ] ::1 ::1 GET /api/v1/category/all
[ log ] localhost/api/v1/category/all [运行时间：0.074315s][吞吐率：13.46req/s] [内存消耗：2,387.87kb] [文件加载：56]

---------------------------------------------------------------
[ 2018-01-09T14:23:17+08:00 ] ::1 ::1 GET /api/v1/product/by_category?id=2
[ log ] localhost/api/v1/product/by_category?id=2 [运行时间：0.055664s][吞吐率：17.96req/s] [内存消耗：2,484.77kb] [文件加载：55]

---------------------------------------------------------------
[ 2018-01-09T14:23:19+08:00 ] ::1 ::1 GET /api/v1/address
[ log ] localhost/api/v1/address [运行时间：0.074478s][吞吐率：13.43req/s] [内存消耗：2,348.68kb] [文件加载：55]

---------------------------------------------------------------
[ 2018-01-09T14:23:21+08:00 ] ::1 ::1 GET /api/v1/address
[ log ] localhost/api/v1/address [运行时间：0.062684s][吞吐率：15.95req/s] [内存消耗：2,348.68kb] [文件加载：55]

---------------------------------------------------------------
[ 2018-01-09T14:25:11+08:00 ] ::1 ::1 GET /api/v1/order/paginate?page=1&size=20
[ log ] localhost/api/v1/order/paginate?page=1&size=20 [运行时间：0.185084s][吞吐率：5.40req/s] [内存消耗：2,595.41kb] [文件加载：62]

---------------------------------------------------------------
[ 2018-01-09T14:25:11+08:00 ] ::1 ::1 GET /api/v1/order/paginate?page=1&size=20
[ log ] localhost/api/v1/order/paginate?page=1&size=20 [运行时间：0.156667s][吞吐率：6.38req/s] [内存消耗：2,595.59kb] [文件加载：62]

---------------------------------------------------------------
[ 2018-01-09T14:25:18+08:00 ] ::1 ::1 POST /api/v1/token/app
[ log ] localhost/api/v1/token/app [运行时间：0.038927s][吞吐率：25.69req/s] [内存消耗：2,259.39kb] [文件加载：51]

---------------------------------------------------------------
[ 2018-01-09T14:25:19+08:00 ] ::1 ::1 GET /api/v1/order/paginate?page=1&size=20
[ log ] localhost/api/v1/order/paginate?page=1&size=20 [运行时间：0.105250s][吞吐率：9.50req/s] [内存消耗：2,595.41kb] [文件加载：62]

---------------------------------------------------------------
[ 2018-01-09T14:25:19+08:00 ] ::1 ::1 GET /api/v1/order/paginate?page=1&size=20
[ log ] localhost/api/v1/order/paginate?page=1&size=20 [运行时间：0.054389s][吞吐率：18.39req/s] [内存消耗：2,595.59kb] [文件加载：62]

---------------------------------------------------------------
[ 2018-01-09T14:30:16+08:00 ] ::1 ::1 GET /api/v1/order/paginate?page=1&size=20
[ log ] localhost/api/v1/order/paginate?page=1&size=20 [运行时间：0.163527s][吞吐率：6.12req/s] [内存消耗：2,595.41kb] [文件加载：62]

---------------------------------------------------------------
[ 2018-01-09T14:30:16+08:00 ] ::1 ::1 GET /api/v1/order/paginate?page=1&size=20
[ log ] localhost/api/v1/order/paginate?page=1&size=20 [运行时间：0.073370s][吞吐率：13.63req/s] [内存消耗：2,595.59kb] [文件加载：62]

---------------------------------------------------------------
[ 2018-01-09T14:30:19+08:00 ] ::1 ::1 POST /api/v1/token/app
[ log ] localhost/api/v1/token/app [运行时间：0.044290s][吞吐率：22.58req/s] [内存消耗：2,259.39kb] [文件加载：51]

---------------------------------------------------------------
[ 2018-01-09T14:30:19+08:00 ] ::1 ::1 GET /api/v1/order/paginate?page=1&size=20
[ log ] localhost/api/v1/order/paginate?page=1&size=20 [运行时间：0.085090s][吞吐率：11.75req/s] [内存消耗：2,595.41kb] [文件加载：62]

---------------------------------------------------------------
[ 2018-01-09T14:30:19+08:00 ] ::1 ::1 GET /api/v1/order/paginate?page=1&size=20
[ log ] localhost/api/v1/order/paginate?page=1&size=20 [运行时间：0.052061s][吞吐率：19.21req/s] [内存消耗：2,595.59kb] [文件加载：62]

---------------------------------------------------------------
[ 2018-01-09T14:30:22+08:00 ] ::1 ::1 POST /api/v1/token/app
[ log ] localhost/api/v1/token/app [运行时间：0.034790s][吞吐率：28.74req/s] [内存消耗：2,259.39kb] [文件加载：51]

---------------------------------------------------------------
[ 2018-01-09T14:30:22+08:00 ] ::1 ::1 GET /api/v1/order/paginate?page=1&size=20
[ log ] localhost/api/v1/order/paginate?page=1&size=20 [运行时间：0.069526s][吞吐率：14.38req/s] [内存消耗：2,595.41kb] [文件加载：62]

---------------------------------------------------------------
[ 2018-01-09T14:30:22+08:00 ] ::1 ::1 GET /api/v1/order/paginate?page=1&size=20
[ log ] localhost/api/v1/order/paginate?page=1&size=20 [运行时间：0.042318s][吞吐率：23.63req/s] [内存消耗：2,595.59kb] [文件加载：62]

---------------------------------------------------------------
[ 2018-01-09T14:31:44+08:00 ] ::1 ::1 POST /api/v1/token/app
[ log ] localhost/api/v1/token/app [运行时间：0.094672s][吞吐率：10.56req/s] [内存消耗：2,259.48kb] [文件加载：51]

---------------------------------------------------------------
[ 2018-01-09T14:31:45+08:00 ] ::1 ::1 GET /api/v1/order/paginate?page=1&size=20
[ log ] localhost/api/v1/order/paginate?page=1&size=20 [运行时间：0.161169s][吞吐率：6.20req/s] [内存消耗：2,595.41kb] [文件加载：62]

---------------------------------------------------------------
[ 2018-01-09T14:31:45+08:00 ] ::1 ::1 GET /api/v1/order/paginate?page=1&size=20
[ log ] localhost/api/v1/order/paginate?page=1&size=20 [运行时间：0.121063s][吞吐率：8.26req/s] [内存消耗：2,595.59kb] [文件加载：62]

---------------------------------------------------------------
[ 2018-01-09T14:31:51+08:00 ] ::1 ::1 POST /api/v1/token/app
[ log ] localhost/api/v1/token/app [运行时间：0.036008s][吞吐率：27.77req/s] [内存消耗：2,259.39kb] [文件加载：51]

---------------------------------------------------------------
[ 2018-01-09T14:31:51+08:00 ] ::1 ::1 GET /api/v1/order/paginate?page=1&size=20
[ log ] localhost/api/v1/order/paginate?page=1&size=20 [运行时间：0.058950s][吞吐率：16.96req/s] [内存消耗：2,595.41kb] [文件加载：62]

---------------------------------------------------------------
[ 2018-01-09T14:31:51+08:00 ] ::1 ::1 GET /api/v1/order/paginate?page=1&size=20
[ log ] localhost/api/v1/order/paginate?page=1&size=20 [运行时间：0.044098s][吞吐率：22.68req/s] [内存消耗：2,595.59kb] [文件加载：62]

---------------------------------------------------------------
[ 2018-01-09T14:32:00+08:00 ] ::1 ::1 POST /api/v1/token/app
[ log ] localhost/api/v1/token/app [运行时间：0.034440s][吞吐率：29.04req/s] [内存消耗：2,259.39kb] [文件加载：51]

---------------------------------------------------------------
[ 2018-01-09T14:32:00+08:00 ] ::1 ::1 GET /api/v1/order/paginate?page=1&size=20
[ log ] localhost/api/v1/order/paginate?page=1&size=20 [运行时间：0.064728s][吞吐率：15.45req/s] [内存消耗：2,595.41kb] [文件加载：62]

---------------------------------------------------------------
[ 2018-01-09T14:32:00+08:00 ] ::1 ::1 GET /api/v1/order/paginate?page=1&size=20
[ log ] localhost/api/v1/order/paginate?page=1&size=20 [运行时间：0.044878s][吞吐率：22.28req/s] [内存消耗：2,595.59kb] [文件加载：62]

---------------------------------------------------------------
[ 2018-01-09T14:32:37+08:00 ] ::1 ::1 POST /api/v1/token/app
[ log ] localhost/api/v1/token/app [运行时间：0.107561s][吞吐率：9.30req/s] [内存消耗：2,259.48kb] [文件加载：51]

---------------------------------------------------------------
[ 2018-01-09T14:32:38+08:00 ] ::1 ::1 GET /api/v1/order/paginate?page=1&size=20
[ log ] localhost/api/v1/order/paginate?page=1&size=20 [运行时间：0.153356s][吞吐率：6.52req/s] [内存消耗：2,595.41kb] [文件加载：62]

---------------------------------------------------------------
[ 2018-01-09T14:32:38+08:00 ] ::1 ::1 GET /api/v1/order/paginate?page=1&size=20
[ log ] localhost/api/v1/order/paginate?page=1&size=20 [运行时间：0.058176s][吞吐率：17.19req/s] [内存消耗：2,595.59kb] [文件加载：62]

---------------------------------------------------------------
[ 2018-01-09T14:33:27+08:00 ] ::1 ::1 POST /api/v1/token/app
[ log ] localhost/api/v1/token/app [运行时间：0.058662s][吞吐率：17.05req/s] [内存消耗：2,259.39kb] [文件加载：51]

---------------------------------------------------------------
[ 2018-01-09T14:33:27+08:00 ] ::1 ::1 GET /api/v1/order/paginate?page=1&size=20
[ log ] localhost/api/v1/order/paginate?page=1&size=20 [运行时间：0.117261s][吞吐率：8.53req/s] [内存消耗：2,595.41kb] [文件加载：62]

---------------------------------------------------------------
[ 2018-01-09T14:33:27+08:00 ] ::1 ::1 GET /api/v1/order/paginate?page=1&size=20
[ log ] localhost/api/v1/order/paginate?page=1&size=20 [运行时间：0.042517s][吞吐率：23.52req/s] [内存消耗：2,595.59kb] [文件加载：62]

---------------------------------------------------------------
[ 2018-01-09T14:34:35+08:00 ] ::1 ::1 POST /api/v1/token/app
[ log ] localhost/api/v1/token/app [运行时间：0.088293s][吞吐率：11.33req/s] [内存消耗：2,259.48kb] [文件加载：51]

---------------------------------------------------------------
[ 2018-01-09T14:34:35+08:00 ] ::1 ::1 GET /api/v1/order/paginate?page=1&size=20
[ log ] localhost/api/v1/order/paginate?page=1&size=20 [运行时间：0.184002s][吞吐率：5.43req/s] [内存消耗：2,595.41kb] [文件加载：62]

---------------------------------------------------------------
[ 2018-01-09T14:34:35+08:00 ] ::1 ::1 GET /api/v1/order/paginate?page=1&size=20
[ log ] localhost/api/v1/order/paginate?page=1&size=20 [运行时间：0.065280s][吞吐率：15.32req/s] [内存消耗：2,595.59kb] [文件加载：62]

---------------------------------------------------------------
[ 2018-01-09T14:35:38+08:00 ] ::1 ::1 POST /api/v1/token/app
[ log ] localhost/api/v1/token/app [运行时间：0.059670s][吞吐率：16.76req/s] [内存消耗：2,259.39kb] [文件加载：51]

---------------------------------------------------------------
[ 2018-01-09T14:35:38+08:00 ] ::1 ::1 GET /api/v1/order/paginate?page=1&size=20
[ log ] localhost/api/v1/order/paginate?page=1&size=20 [运行时间：0.097395s][吞吐率：10.27req/s] [内存消耗：2,595.41kb] [文件加载：62]

---------------------------------------------------------------
[ 2018-01-09T14:35:38+08:00 ] ::1 ::1 GET /api/v1/order/paginate?page=1&size=20
[ log ] localhost/api/v1/order/paginate?page=1&size=20 [运行时间：0.072042s][吞吐率：13.88req/s] [内存消耗：2,595.59kb] [文件加载：62]

---------------------------------------------------------------
[ 2018-01-09T14:35:41+08:00 ] ::1 ::1 POST /api/v1/token/app
[ log ] localhost/api/v1/token/app [运行时间：0.036916s][吞吐率：27.09req/s] [内存消耗：2,259.39kb] [文件加载：51]

---------------------------------------------------------------
[ 2018-01-09T14:35:42+08:00 ] ::1 ::1 GET /api/v1/order/paginate?page=1&size=20
[ log ] localhost/api/v1/order/paginate?page=1&size=20 [运行时间：0.106448s][吞吐率：9.39req/s] [内存消耗：2,595.41kb] [文件加载：62]

---------------------------------------------------------------
[ 2018-01-09T14:35:42+08:00 ] ::1 ::1 GET /api/v1/order/paginate?page=1&size=20
[ log ] localhost/api/v1/order/paginate?page=1&size=20 [运行时间：0.067815s][吞吐率：14.75req/s] [内存消耗：2,595.59kb] [文件加载：62]

---------------------------------------------------------------
[ 2018-01-09T14:35:46+08:00 ] ::1 ::1 POST /api/v1/token/app
[ log ] localhost/api/v1/token/app [运行时间：0.043895s][吞吐率：22.78req/s] [内存消耗：2,259.39kb] [文件加载：51]

---------------------------------------------------------------
[ 2018-01-09T14:35:46+08:00 ] ::1 ::1 GET /api/v1/order/paginate?page=1&size=20
[ log ] localhost/api/v1/order/paginate?page=1&size=20 [运行时间：0.147356s][吞吐率：6.79req/s] [内存消耗：2,595.41kb] [文件加载：62]

---------------------------------------------------------------
[ 2018-01-09T14:35:46+08:00 ] ::1 ::1 GET /api/v1/order/paginate?page=1&size=20
[ log ] localhost/api/v1/order/paginate?page=1&size=20 [运行时间：0.068770s][吞吐率：14.54req/s] [内存消耗：2,595.59kb] [文件加载：62]

---------------------------------------------------------------
[ 2018-01-09T14:35:50+08:00 ] ::1 ::1 POST /api/v1/token/app
[ log ] localhost/api/v1/token/app [运行时间：0.040610s][吞吐率：24.62req/s] [内存消耗：2,259.39kb] [文件加载：51]

---------------------------------------------------------------
[ 2018-01-09T14:35:50+08:00 ] ::1 ::1 GET /api/v1/order/paginate?page=1&size=20
[ log ] localhost/api/v1/order/paginate?page=1&size=20 [运行时间：0.088343s][吞吐率：11.32req/s] [内存消耗：2,595.41kb] [文件加载：62]

---------------------------------------------------------------
[ 2018-01-09T14:35:50+08:00 ] ::1 ::1 GET /api/v1/order/paginate?page=1&size=20
[ log ] localhost/api/v1/order/paginate?page=1&size=20 [运行时间：0.074014s][吞吐率：13.51req/s] [内存消耗：2,595.59kb] [文件加载：62]

---------------------------------------------------------------
[ 2018-01-09T14:35:54+08:00 ] ::1 ::1 POST /api/v1/token/app
[ log ] localhost/api/v1/token/app [运行时间：0.037996s][吞吐率：26.32req/s] [内存消耗：2,259.39kb] [文件加载：51]

---------------------------------------------------------------
[ 2018-01-09T14:35:55+08:00 ] ::1 ::1 GET /api/v1/order/paginate?page=1&size=20
[ log ] localhost/api/v1/order/paginate?page=1&size=20 [运行时间：0.084615s][吞吐率：11.82req/s] [内存消耗：2,595.41kb] [文件加载：62]

---------------------------------------------------------------
[ 2018-01-09T14:35:55+08:00 ] ::1 ::1 GET /api/v1/order/paginate?page=1&size=20
[ log ] localhost/api/v1/order/paginate?page=1&size=20 [运行时间：0.063852s][吞吐率：15.66req/s] [内存消耗：2,595.59kb] [文件加载：62]

---------------------------------------------------------------
[ 2018-01-09T14:35:58+08:00 ] ::1 ::1 GET /api/v1/getAllUser
[ log ] localhost/api/v1/getAllUser [运行时间：0.048725s][吞吐率：20.52req/s] [内存消耗：2,383.42kb] [文件加载：56]

---------------------------------------------------------------
[ 2018-01-09T14:35:59+08:00 ] ::1 ::1 GET /api/v1/product/AllInProduct
[ log ] localhost/api/v1/product/AllInProduct [运行时间：0.083997s][吞吐率：11.91req/s] [内存消耗：2,399.54kb] [文件加载：55]

---------------------------------------------------------------
[ 2018-01-09T14:36:01+08:00 ] ::1 ::1 GET /api/v1/theme/getAllTheme/all
[ log ] localhost/api/v1/theme/getAllTheme/all [运行时间：0.054633s][吞吐率：18.30req/s] [内存消耗：2,381.21kb] [文件加载：55]

---------------------------------------------------------------
[ 2018-01-09T14:36:03+08:00 ] ::1 ::1 GET /api/v1/theme/getAllTheme/all
[ log ] localhost/api/v1/theme/getAllTheme/all [运行时间：0.045981s][吞吐率：21.75req/s] [内存消耗：2,381.21kb] [文件加载：55]

---------------------------------------------------------------
[ 2018-01-09T14:36:04+08:00 ] ::1 ::1 GET /api/v1/banner/1
[ log ] localhost/api/v1/banner/1 [运行时间：0.056585s][吞吐率：17.67req/s] [内存消耗：2,556.64kb] [文件加载：61]

---------------------------------------------------------------
[ 2018-01-09T15:15:06+08:00 ] ::1 ::1 POST /api/v1/token/app
[ log ] localhost/api/v1/token/app [运行时间：0.061037s][吞吐率：16.38req/s] [内存消耗：2,259.39kb] [文件加载：51]

---------------------------------------------------------------
[ 2018-01-09T15:15:06+08:00 ] ::1 ::1 GET /api/v1/order/paginate?page=1&size=20
[ log ] localhost/api/v1/order/paginate?page=1&size=20 [运行时间：0.098613s][吞吐率：10.14req/s] [内存消耗：2,595.41kb] [文件加载：62]

---------------------------------------------------------------
[ 2018-01-09T15:15:06+08:00 ] ::1 ::1 GET /api/v1/order/paginate?page=1&size=20
[ log ] localhost/api/v1/order/paginate?page=1&size=20 [运行时间：0.068601s][吞吐率：14.58req/s] [内存消耗：2,595.59kb] [文件加载：62]

---------------------------------------------------------------
[ 2018-01-09T15:15:08+08:00 ] ::1 ::1 GET /api/v1/order/paginate?page=1&size=20
[ log ] localhost/api/v1/order/paginate?page=1&size=20 [运行时间：0.059840s][吞吐率：16.71req/s] [内存消耗：2,595.59kb] [文件加载：62]

---------------------------------------------------------------
[ 2018-01-09T15:15:09+08:00 ] ::1 ::1 GET /api/v1/category/all
[ log ] localhost/api/v1/category/all [运行时间：0.053903s][吞吐率：18.55req/s] [内存消耗：2,388.04kb] [文件加载：56]

---------------------------------------------------------------
[ 2018-01-09T15:15:23+08:00 ] ::1 ::1 GET /api/v1/order/paginate?page=1&size=20
[ log ] localhost/api/v1/order/paginate?page=1&size=20 [运行时间：0.240172s][吞吐率：4.16req/s] [内存消耗：2,595.41kb] [文件加载：62]

---------------------------------------------------------------
[ 2018-01-09T15:15:23+08:00 ] ::1 ::1 GET /api/v1/order/paginate?page=1&size=20
[ log ] localhost/api/v1/order/paginate?page=1&size=20 [运行时间：0.050566s][吞吐率：19.78req/s] [内存消耗：2,595.59kb] [文件加载：62]

---------------------------------------------------------------
[ 2018-01-09T15:15:24+08:00 ] ::1 ::1 GET /api/v1/order/paginate?page=1&size=20
[ log ] localhost/api/v1/order/paginate?page=1&size=20 [运行时间：0.082078s][吞吐率：12.18req/s] [内存消耗：2,595.41kb] [文件加载：62]

---------------------------------------------------------------
[ 2018-01-09T15:15:24+08:00 ] ::1 ::1 GET /api/v1/order/paginate?page=1&size=20
[ log ] localhost/api/v1/order/paginate?page=1&size=20 [运行时间：0.044352s][吞吐率：22.55req/s] [内存消耗：2,595.59kb] [文件加载：62]

---------------------------------------------------------------
[ 2018-01-09T15:15:25+08:00 ] ::1 ::1 GET /api/v1/order/paginate?page=1&size=20
[ log ] localhost/api/v1/order/paginate?page=1&size=20 [运行时间：0.057951s][吞吐率：17.26req/s] [内存消耗：2,595.41kb] [文件加载：62]

---------------------------------------------------------------
[ 2018-01-09T15:15:25+08:00 ] ::1 ::1 GET /api/v1/order/paginate?page=1&size=20
[ log ] localhost/api/v1/order/paginate?page=1&size=20 [运行时间：0.040362s][吞吐率：24.78req/s] [内存消耗：2,595.59kb] [文件加载：62]

---------------------------------------------------------------
[ 2018-01-09T15:15:25+08:00 ] ::1 ::1 GET /api/v1/order/paginate?page=1&size=20
[ log ] localhost/api/v1/order/paginate?page=1&size=20 [运行时间：0.065238s][吞吐率：15.33req/s] [内存消耗：2,595.41kb] [文件加载：62]

---------------------------------------------------------------
[ 2018-01-09T15:15:25+08:00 ] ::1 ::1 GET /api/v1/order/paginate?page=1&size=20
[ log ] localhost/api/v1/order/paginate?page=1&size=20 [运行时间：0.045126s][吞吐率：22.16req/s] [内存消耗：2,595.59kb] [文件加载：62]

---------------------------------------------------------------
[ 2018-01-09T15:15:26+08:00 ] ::1 ::1 GET /api/v1/order/paginate?page=1&size=20
[ log ] localhost/api/v1/order/paginate?page=1&size=20 [运行时间：0.082175s][吞吐率：12.17req/s] [内存消耗：2,595.41kb] [文件加载：62]

---------------------------------------------------------------
[ 2018-01-09T15:15:26+08:00 ] ::1 ::1 GET /api/v1/order/paginate?page=1&size=20
[ log ] localhost/api/v1/order/paginate?page=1&size=20 [运行时间：0.040195s][吞吐率：24.88req/s] [内存消耗：2,595.59kb] [文件加载：62]

---------------------------------------------------------------
[ 2018-01-09T15:15:26+08:00 ] ::1 ::1 GET /api/v1/order/paginate?page=1&size=20
[ log ] localhost/api/v1/order/paginate?page=1&size=20 [运行时间：0.067958s][吞吐率：14.71req/s] [内存消耗：2,595.41kb] [文件加载：62]

---------------------------------------------------------------
[ 2018-01-09T15:15:27+08:00 ] ::1 ::1 GET /api/v1/order/paginate?page=1&size=20
[ log ] localhost/api/v1/order/paginate?page=1&size=20 [运行时间：0.041151s][吞吐率：24.30req/s] [内存消耗：2,595.59kb] [文件加载：62]

---------------------------------------------------------------
[ 2018-01-09T15:39:42+08:00 ] ::1 ::1 GET /api/v1/order/paginate?page=1&size=20
[ log ] localhost/api/v1/order/paginate?page=1&size=20 [运行时间：0.204187s][吞吐率：4.90req/s] [内存消耗：2,595.41kb] [文件加载：62]

---------------------------------------------------------------
[ 2018-01-09T15:39:42+08:00 ] ::1 ::1 GET /api/v1/order/paginate?page=1&size=20
[ log ] localhost/api/v1/order/paginate?page=1&size=20 [运行时间：0.046910s][吞吐率：21.32req/s] [内存消耗：2,595.59kb] [文件加载：62]

---------------------------------------------------------------
[ 2018-01-09T15:39:47+08:00 ] ::1 ::1 POST /api/v1/token/app
[ log ] localhost/api/v1/token/app [运行时间：0.044682s][吞吐率：22.38req/s] [内存消耗：2,259.39kb] [文件加载：51]

---------------------------------------------------------------
[ 2018-01-09T15:39:47+08:00 ] ::1 ::1 GET /api/v1/order/paginate?page=1&size=20
[ log ] localhost/api/v1/order/paginate?page=1&size=20 [运行时间：0.096844s][吞吐率：10.33req/s] [内存消耗：2,595.41kb] [文件加载：62]

---------------------------------------------------------------
[ 2018-01-09T15:39:47+08:00 ] ::1 ::1 GET /api/v1/order/paginate?page=1&size=20
[ log ] localhost/api/v1/order/paginate?page=1&size=20 [运行时间：0.057120s][吞吐率：17.51req/s] [内存消耗：2,595.59kb] [文件加载：62]

---------------------------------------------------------------
[ 2018-01-09T15:39:49+08:00 ] ::1 ::1 GET /api/v1/category/all
[ log ] localhost/api/v1/category/all [运行时间：0.058714s][吞吐率：17.03req/s] [内存消耗：2,388.04kb] [文件加载：56]

---------------------------------------------------------------
[ 2018-01-09T15:39:51+08:00 ] ::1 ::1 GET /api/v1/category/all
[ log ] localhost/api/v1/category/all [运行时间：0.054732s][吞吐率：18.27req/s] [内存消耗：2,388.04kb] [文件加载：56]

---------------------------------------------------------------
[ 2018-01-09T15:39:52+08:00 ] ::1 ::1 GET /api/v1/banner/1
[ log ] localhost/api/v1/banner/1 [运行时间：0.058874s][吞吐率：16.99req/s] [内存消耗：2,556.64kb] [文件加载：61]

---------------------------------------------------------------
[ 2018-01-09T15:39:53+08:00 ] ::1 ::1 GET /api/v1/theme/getAllTheme/all
[ log ] localhost/api/v1/theme/getAllTheme/all [运行时间：0.043850s][吞吐率：22.80req/s] [内存消耗：2,381.21kb] [文件加载：55]

---------------------------------------------------------------
[ 2018-01-09T15:39:55+08:00 ] ::1 ::1 GET /api/v1/product/AllInProduct
[ log ] localhost/api/v1/product/AllInProduct [运行时间：0.047020s][吞吐率：21.27req/s] [内存消耗：2,399.54kb] [文件加载：55]

---------------------------------------------------------------
[ 2018-01-09T15:39:59+08:00 ] ::1 ::1 GET /api/v1/product/getThirdOne/1
[ log ] localhost/api/v1/product/getThirdOne/1 [运行时间：0.077277s][吞吐率：12.94req/s] [内存消耗：2,614.42kb] [文件加载：63]

---------------------------------------------------------------
[ 2018-01-09T15:39:59+08:00 ] ::1 ::1 GET /api/v1/category/all
[ log ] localhost/api/v1/category/all [运行时间：0.051969s][吞吐率：19.24req/s] [内存消耗：2,388.04kb] [文件加载：56]

---------------------------------------------------------------
[ 2018-01-09T15:40:09+08:00 ] ::1 ::1 POST /api/v1/product/editproduct
[ log ] localhost/api/v1/product/editproduct [运行时间：0.061490s][吞吐率：16.26req/s] [内存消耗：2,337.57kb] [文件加载：55]

---------------------------------------------------------------
[ 2018-01-09T15:40:11+08:00 ] ::1 ::1 GET /api/v1/product/AllInProduct
[ log ] localhost/api/v1/product/AllInProduct [运行时间：0.052507s][吞吐率：19.05req/s] [内存消耗：2,399.54kb] [文件加载：55]

---------------------------------------------------------------
[ 2018-01-09T15:53:29+08:00 ] ::1 ::1 GET /api/v1/theme/getAllTheme/all
[ log ] localhost/api/v1/theme/getAllTheme/all [运行时间：0.089786s][吞吐率：11.14req/s] [内存消耗：2,381.21kb] [文件加载：55]

---------------------------------------------------------------
[ 2018-01-09T15:53:32+08:00 ] ::1 ::1 GET /api/v1/product/AllInProduct
[ log ] localhost/api/v1/product/AllInProduct [运行时间：0.053612s][吞吐率：18.65req/s] [内存消耗：2,399.54kb] [文件加载：55]

---------------------------------------------------------------
[ 2018-01-09T15:53:34+08:00 ] ::1 ::1 GET /api/v1/banner/1
[ log ] localhost/api/v1/banner/1 [运行时间：0.054055s][吞吐率：18.50req/s] [内存消耗：2,556.64kb] [文件加载：61]

---------------------------------------------------------------
[ 2018-01-09T15:53:35+08:00 ] ::1 ::1 GET /api/v1/category/all
[ log ] localhost/api/v1/category/all [运行时间：0.068133s][吞吐率：14.68req/s] [内存消耗：2,388.04kb] [文件加载：56]

---------------------------------------------------------------
[ 2018-01-09T15:53:36+08:00 ] ::1 ::1 GET /api/v1/order/paginate?page=1&size=20
[ log ] localhost/api/v1/order/paginate?page=1&size=20 [运行时间：0.072706s][吞吐率：13.75req/s] [内存消耗：2,595.59kb] [文件加载：62]

---------------------------------------------------------------
[ 2018-01-09T15:53:39+08:00 ] ::1 ::1 GET /api/v1/getAllUser
[ log ] localhost/api/v1/getAllUser [运行时间：0.099114s][吞吐率：10.09req/s] [内存消耗：2,383.42kb] [文件加载：56]

---------------------------------------------------------------
[ 2018-01-09T16:37:25+08:00 ] ::1 ::1 POST /api/v1/token/app
[ log ] localhost/api/v1/token/app [运行时间：0.087470s][吞吐率：11.43req/s] [内存消耗：2,259.34kb] [文件加载：51]

---------------------------------------------------------------
[ 2018-01-09T16:37:25+08:00 ] ::1 ::1 GET /api/v1/order/paginate?page=1&size=20
[ log ] localhost/api/v1/order/paginate?page=1&size=20 [运行时间：0.155919s][吞吐率：6.41req/s] [内存消耗：2,595.37kb] [文件加载：62]

---------------------------------------------------------------
[ 2018-01-09T16:37:25+08:00 ] ::1 ::1 GET /api/v1/order/paginate?page=1&size=20
[ log ] localhost/api/v1/order/paginate?page=1&size=20 [运行时间：0.063676s][吞吐率：15.70req/s] [内存消耗：2,595.41kb] [文件加载：62]

---------------------------------------------------------------
[ 2018-01-09T16:37:28+08:00 ] ::1 ::1 GET /api/v1/category/all
[ log ] localhost/api/v1/category/all [运行时间：0.054929s][吞吐率：18.21req/s] [内存消耗：2,387.87kb] [文件加载：56]

---------------------------------------------------------------
[ 2018-01-09T16:37:29+08:00 ] ::1 ::1 GET /api/v1/order/paginate?page=1&size=20
[ log ] localhost/api/v1/order/paginate?page=1&size=20 [运行时间：0.060367s][吞吐率：16.57req/s] [内存消耗：2,595.41kb] [文件加载：62]

---------------------------------------------------------------
[ 2018-01-09T16:37:30+08:00 ] ::1 ::1 GET /api/v1/banner/1
[ log ] localhost/api/v1/banner/1 [运行时间：0.054543s][吞吐率：18.33req/s] [内存消耗：2,556.47kb] [文件加载：61]

---------------------------------------------------------------
[ 2018-01-09T16:37:32+08:00 ] ::1 ::1 GET /api/v1/theme/getAllTheme/all
[ log ] localhost/api/v1/theme/getAllTheme/all [运行时间：0.045034s][吞吐率：22.21req/s] [内存消耗：2,381.04kb] [文件加载：55]

---------------------------------------------------------------
[ 2018-01-09T16:37:33+08:00 ] ::1 ::1 GET /api/v1/product/AllInProduct
[ log ] localhost/api/v1/product/AllInProduct [运行时间：0.047379s][吞吐率：21.11req/s] [内存消耗：2,399.37kb] [文件加载：55]

---------------------------------------------------------------
[ 2018-01-09T16:37:35+08:00 ] ::1 ::1 GET /api/v1/getAllUser
[ log ] localhost/api/v1/getAllUser [运行时间：0.057117s][吞吐率：17.51req/s] [内存消耗：2,383.25kb] [文件加载：56]

---------------------------------------------------------------
[ 2018-01-09T16:37:36+08:00 ] ::1 ::1 GET /api/v1/getAllUser
[ log ] localhost/api/v1/getAllUser [运行时间：0.066890s][吞吐率：14.95req/s] [内存消耗：2,383.25kb] [文件加载：56]

---------------------------------------------------------------
[ 2018-01-09T16:37:37+08:00 ] ::1 ::1 GET /api/v1/product/AllInProduct
[ log ] localhost/api/v1/product/AllInProduct [运行时间：0.052421s][吞吐率：19.08req/s] [内存消耗：2,399.37kb] [文件加载：55]

---------------------------------------------------------------
[ 2018-01-09T16:37:38+08:00 ] ::1 ::1 GET /api/v1/theme/getAllTheme/all
[ log ] localhost/api/v1/theme/getAllTheme/all [运行时间：0.051439s][吞吐率：19.44req/s] [内存消耗：2,381.04kb] [文件加载：55]

---------------------------------------------------------------
[ 2018-01-09T16:42:42+08:00 ] ::1 ::1 POST /api/v1/token/verify
[ log ] localhost/api/v1/token/verify [运行时间：0.099622s][吞吐率：10.04req/s] [内存消耗：1,129.95kb] [文件加载：37]

---------------------------------------------------------------
[ 2018-01-09T16:42:43+08:00 ] ::1 ::1 GET /api/v1/banner/1
[ log ] localhost/api/v1/banner/1 [运行时间：0.227693s][吞吐率：4.39req/s] [内存消耗：2,556.47kb] [文件加载：61]

---------------------------------------------------------------
[ 2018-01-09T16:42:43+08:00 ] ::1 ::1 GET /api/v1/theme?ids=1,2,3
[ log ] localhost/api/v1/theme?ids=1,2,3 [运行时间：0.173349s][吞吐率：5.77req/s] [内存消耗：2,530.10kb] [文件加载：58]

---------------------------------------------------------------
[ 2018-01-09T16:42:43+08:00 ] ::1 ::1 GET /api/v1/product/recent
[ log ] localhost/api/v1/product/recent [运行时间：0.137840s][吞吐率：7.25req/s] [内存消耗：2,484.26kb] [文件加载：55]

---------------------------------------------------------------
[ 2018-01-09T16:42:43+08:00 ] ::1 ::1 POST /api/v1/token/user
[ log ] localhost/api/v1/token/user [运行时间：0.478235s][吞吐率：2.09req/s] [内存消耗：2,270.17kb] [文件加载：52]

---------------------------------------------------------------
[ 2018-01-09T16:48:31+08:00 ] ::1 ::1 GET /api/v1/category/all
[ log ] localhost/api/v1/category/all [运行时间：0.152163s][吞吐率：6.57req/s] [内存消耗：2,387.87kb] [文件加载：56]

---------------------------------------------------------------
[ 2018-01-09T16:48:31+08:00 ] ::1 ::1 GET /api/v1/product/by_category?id=2
[ log ] localhost/api/v1/product/by_category?id=2 [运行时间：0.071618s][吞吐率：13.96req/s] [内存消耗：2,484.77kb] [文件加载：55]

---------------------------------------------------------------
[ 2018-01-09T16:48:34+08:00 ] ::1 ::1 GET /api/v1/address
[ log ] localhost/api/v1/address [运行时间：0.074183s][吞吐率：13.48req/s] [内存消耗：2,348.68kb] [文件加载：55]

---------------------------------------------------------------
[ 2018-01-09T16:48:42+08:00 ] ::1 ::1 GET /api/v1/address
[ log ] localhost/api/v1/address [运行时间：0.077145s][吞吐率：12.96req/s] [内存消耗：2,348.68kb] [文件加载：55]

---------------------------------------------------------------
[ 2018-01-09T17:00:50+08:00 ] ::1 ::1 GET /api/v1/product/10
[ log ] localhost/api/v1/product/10 [运行时间：0.196649s][吞吐率：5.09req/s] [内存消耗：2,614.77kb] [文件加载：63]

---------------------------------------------------------------
[ 2018-01-09T17:00:54+08:00 ] ::1 ::1 GET /api/v1/product/by_category?id=3
[ log ] localhost/api/v1/product/by_category?id=3 [运行时间：0.058039s][吞吐率：17.23req/s] [内存消耗：2,482.73kb] [文件加载：55]

---------------------------------------------------------------
[ 2018-01-09T17:00:55+08:00 ] ::1 ::1 GET /api/v1/product/by_category?id=4
[ log ] localhost/api/v1/product/by_category?id=4 [运行时间：0.067707s][吞吐率：14.77req/s] [内存消耗：2,484.26kb] [文件加载：55]

---------------------------------------------------------------
[ 2018-01-09T17:00:55+08:00 ] ::1 ::1 GET /api/v1/product/by_category?id=5
[ log ] localhost/api/v1/product/by_category?id=5 [运行时间：0.074933s][吞吐率：13.35req/s] [内存消耗：2,483.58kb] [文件加载：55]

---------------------------------------------------------------
[ 2018-01-09T17:00:56+08:00 ] ::1 ::1 GET /api/v1/product/by_category?id=6
[ log ] localhost/api/v1/product/by_category?id=6 [运行时间：0.066077s][吞吐率：15.13req/s] [内存消耗：2,483.13kb] [文件加载：55]

---------------------------------------------------------------
[ 2018-01-09T17:00:57+08:00 ] ::1 ::1 GET /api/v1/product/by_category?id=7
[ log ] localhost/api/v1/product/by_category?id=7 [运行时间：0.061310s][吞吐率：16.31req/s] [内存消耗：2,483.53kb] [文件加载：55]

---------------------------------------------------------------
[ 2018-01-09T17:00:57+08:00 ] ::1 ::1 GET /api/v1/product/by_category?id=8
[ log ] localhost/api/v1/product/by_category?id=8 [运行时间：0.064014s][吞吐率：15.62req/s] [内存消耗：2,482.34kb] [文件加载：55]

---------------------------------------------------------------
[ 2018-01-09T17:00:58+08:00 ] ::1 ::1 GET /api/v1/product/by_category?id=9
[ log ] localhost/api/v1/product/by_category?id=9 [运行时间：0.056560s][吞吐率：17.68req/s] [内存消耗：2,482.34kb] [文件加载：55]

---------------------------------------------------------------
[ 2018-01-09T17:01:28+08:00 ] ::1 ::1 GET /api/v1/order/paginate?page=1&size=20
[ log ] localhost/api/v1/order/paginate?page=1&size=20 [运行时间：0.204466s][吞吐率：4.89req/s] [内存消耗：2,595.41kb] [文件加载：62]

---------------------------------------------------------------
[ 2018-01-09T17:01:28+08:00 ] ::1 ::1 GET /api/v1/order/paginate?page=1&size=20
[ log ] localhost/api/v1/order/paginate?page=1&size=20 [运行时间：0.047610s][吞吐率：21.00req/s] [内存消耗：2,595.59kb] [文件加载：62]

---------------------------------------------------------------
[ 2018-01-09T17:01:36+08:00 ] ::1 ::1 POST /api/v1/token/app
[ log ] localhost/api/v1/token/app [运行时间：0.132001s][吞吐率：7.58req/s] [内存消耗：2,259.39kb] [文件加载：51]

---------------------------------------------------------------
[ 2018-01-09T17:01:36+08:00 ] ::1 ::1 GET /api/v1/order/paginate?page=1&size=20
[ log ] localhost/api/v1/order/paginate?page=1&size=20 [运行时间：0.183348s][吞吐率：5.45req/s] [内存消耗：2,595.41kb] [文件加载：62]

---------------------------------------------------------------
[ 2018-01-09T17:01:37+08:00 ] ::1 ::1 GET /api/v1/order/paginate?page=1&size=20
[ log ] localhost/api/v1/order/paginate?page=1&size=20 [运行时间：0.068148s][吞吐率：14.67req/s] [内存消耗：2,595.59kb] [文件加载：62]

---------------------------------------------------------------
[ 2018-01-09T17:02:11+08:00 ] ::1 ::1 GET /api/v1/order/paginate?page=1&size=20
[ log ] localhost/api/v1/order/paginate?page=1&size=20 [运行时间：0.244753s][吞吐率：4.09req/s] [内存消耗：2,595.41kb] [文件加载：62]

---------------------------------------------------------------
[ 2018-01-09T17:02:11+08:00 ] ::1 ::1 GET /api/v1/order/paginate?page=1&size=20
[ log ] localhost/api/v1/order/paginate?page=1&size=20 [运行时间：0.044269s][吞吐率：22.59req/s] [内存消耗：2,595.59kb] [文件加载：62]

---------------------------------------------------------------
[ 2018-01-09T17:02:17+08:00 ] ::1 ::1 GET /api/v1/order/paginate?page=1&size=20
[ log ] localhost/api/v1/order/paginate?page=1&size=20 [运行时间：0.043921s][吞吐率：22.77req/s] [内存消耗：2,595.59kb] [文件加载：62]

---------------------------------------------------------------
[ 2018-01-09T17:02:19+08:00 ] ::1 ::1 GET /api/v1/category/all
[ log ] localhost/api/v1/category/all [运行时间：0.058485s][吞吐率：17.10req/s] [内存消耗：2,388.04kb] [文件加载：56]

---------------------------------------------------------------
[ 2018-01-09T17:02:21+08:00 ] ::1 ::1 GET /api/v1/banner/1
[ log ] localhost/api/v1/banner/1 [运行时间：0.159067s][吞吐率：6.29req/s] [内存消耗：2,556.64kb] [文件加载：61]

---------------------------------------------------------------
[ 2018-01-09T17:02:22+08:00 ] ::1 ::1 GET /api/v1/theme/getAllTheme/all
[ log ] localhost/api/v1/theme/getAllTheme/all [运行时间：0.044717s][吞吐率：22.36req/s] [内存消耗：2,381.21kb] [文件加载：55]

---------------------------------------------------------------
[ 2018-01-09T17:02:24+08:00 ] ::1 ::1 GET /api/v1/product/AllInProduct
[ log ] localhost/api/v1/product/AllInProduct [运行时间：0.046627s][吞吐率：21.45req/s] [内存消耗：2,399.54kb] [文件加载：55]

---------------------------------------------------------------
[ 2018-01-09T17:02:25+08:00 ] ::1 ::1 GET /api/v1/getAllUser
[ log ] localhost/api/v1/getAllUser [运行时间：0.066420s][吞吐率：15.06req/s] [内存消耗：2,383.42kb] [文件加载：56]

---------------------------------------------------------------
[ 2018-01-09T17:02:26+08:00 ] ::1 ::1 GET /api/v1/order/paginate?page=1&size=20
[ log ] localhost/api/v1/order/paginate?page=1&size=20 [运行时间：0.054311s][吞吐率：18.41req/s] [内存消耗：2,595.59kb] [文件加载：62]

---------------------------------------------------------------
[ 2018-01-09T17:09:20+08:00 ] ::1 ::1 GET /api/v1/order/paginate?page=1&size=20
[ log ] localhost/api/v1/order/paginate?page=1&size=20 [运行时间：0.101929s][吞吐率：9.81req/s] [内存消耗：2,595.59kb] [文件加载：62]

---------------------------------------------------------------
[ 2018-01-09T17:09:23+08:00 ] ::1 ::1 GET /api/v1/category/all
[ log ] localhost/api/v1/category/all [运行时间：0.054288s][吞吐率：18.42req/s] [内存消耗：2,388.04kb] [文件加载：56]

---------------------------------------------------------------
[ 2018-01-09T17:09:32+08:00 ] ::1 ::1 POST /api/v1/category/delCategory
[ log ] localhost/api/v1/category/delCategory [运行时间：0.056046s][吞吐率：17.84req/s] [内存消耗：2,494.98kb] [文件加载：60]

---------------------------------------------------------------
[ 2018-01-09T17:09:34+08:00 ] ::1 ::1 GET /api/v1/category/all
[ log ] localhost/api/v1/category/all [运行时间：0.042262s][吞吐率：23.66req/s] [内存消耗：2,386.91kb] [文件加载：56]

---------------------------------------------------------------
[ 2018-01-09T17:09:42+08:00 ] ::1 ::1 POST /api/v1/category/delCategory
[ log ] localhost/api/v1/category/delCategory [运行时间：0.044912s][吞吐率：22.27req/s] [内存消耗：2,494.96kb] [文件加载：60]

---------------------------------------------------------------
[ 2018-01-09T17:09:44+08:00 ] ::1 ::1 GET /api/v1/category/all
[ log ] localhost/api/v1/category/all [运行时间：0.041837s][吞吐率：23.90req/s] [内存消耗：2,386.11kb] [文件加载：56]

---------------------------------------------------------------
[ 2018-01-09T17:09:51+08:00 ] ::1 ::1 POST /api/v1/token/verify
[ log ] localhost/api/v1/token/verify [运行时间：0.037807s][吞吐率：26.45req/s] [内存消耗：1,129.95kb] [文件加载：37]

---------------------------------------------------------------
[ 2018-01-09T17:09:52+08:00 ] ::1 ::1 GET /api/v1/banner/1
[ log ] localhost/api/v1/banner/1 [运行时间：0.112170s][吞吐率：8.92req/s] [内存消耗：2,556.47kb] [文件加载：61]

---------------------------------------------------------------
[ 2018-01-09T17:09:52+08:00 ] ::1 ::1 GET /api/v1/theme?ids=1,2,3
[ log ] localhost/api/v1/theme?ids=1,2,3 [运行时间：0.175948s][吞吐率：5.68req/s] [内存消耗：2,530.10kb] [文件加载：58]

---------------------------------------------------------------
[ 2018-01-09T17:09:52+08:00 ] ::1 ::1 GET /api/v1/product/recent
[ log ] localhost/api/v1/product/recent [运行时间：0.116683s][吞吐率：8.57req/s] [内存消耗：2,484.26kb] [文件加载：55]

---------------------------------------------------------------
[ 2018-01-09T17:09:53+08:00 ] ::1 ::1 GET /api/v1/category/all
[ log ] localhost/api/v1/category/all [运行时间：0.063755s][吞吐率：15.69req/s] [内存消耗：2,385.94kb] [文件加载：56]

---------------------------------------------------------------
[ 2018-01-09T17:09:53+08:00 ] ::1 ::1 GET /api/v1/product/by_category?id=2
[ log ] localhost/api/v1/product/by_category?id=2 [运行时间：0.055435s][吞吐率：18.04req/s] [内存消耗：2,484.77kb] [文件加载：55]

---------------------------------------------------------------
[ 2018-01-09T17:09:54+08:00 ] ::1 ::1 GET /api/v1/product/by_category?id=8
[ log ] localhost/api/v1/product/by_category?id=8 [运行时间：0.064015s][吞吐率：15.62req/s] [内存消耗：2,482.34kb] [文件加载：55]

---------------------------------------------------------------
[ 2018-01-09T17:09:55+08:00 ] ::1 ::1 GET /api/v1/product/by_category?id=7
[ log ] localhost/api/v1/product/by_category?id=7 [运行时间：0.053732s][吞吐率：18.61req/s] [内存消耗：2,483.53kb] [文件加载：55]

---------------------------------------------------------------
[ 2018-01-09T17:09:57+08:00 ] ::1 ::1 GET /api/v1/product/by_category?id=3
[ log ] localhost/api/v1/product/by_category?id=3 [运行时间：0.064219s][吞吐率：15.57req/s] [内存消耗：2,482.73kb] [文件加载：55]

---------------------------------------------------------------
[ 2018-01-09T17:09:58+08:00 ] ::1 ::1 GET /api/v1/product/by_category?id=4
[ log ] localhost/api/v1/product/by_category?id=4 [运行时间：0.062359s][吞吐率：16.04req/s] [内存消耗：2,484.26kb] [文件加载：55]

---------------------------------------------------------------
[ 2018-01-09T17:09:59+08:00 ] ::1 ::1 GET /api/v1/product/by_category?id=5
[ log ] localhost/api/v1/product/by_category?id=5 [运行时间：0.057893s][吞吐率：17.27req/s] [内存消耗：2,483.58kb] [文件加载：55]

---------------------------------------------------------------
[ 2018-01-09T17:09:59+08:00 ] ::1 ::1 GET /api/v1/product/by_category?id=6
[ log ] localhost/api/v1/product/by_category?id=6 [运行时间：0.067769s][吞吐率：14.76req/s] [内存消耗：2,483.13kb] [文件加载：55]

---------------------------------------------------------------
[ 2018-01-09T17:18:20+08:00 ] ::1 ::1 GET /api/v1/product/AllInProduct
[ log ] localhost/api/v1/product/AllInProduct [运行时间：0.098291s][吞吐率：10.17req/s] [内存消耗：2,399.48kb] [文件加载：55]

---------------------------------------------------------------
[ 2018-01-09T17:18:24+08:00 ] ::1 ::1 GET /api/v1/product/getThirdOne/1
[ log ] localhost/api/v1/product/getThirdOne/1 [运行时间：0.081259s][吞吐率：12.31req/s] [内存消耗：2,614.42kb] [文件加载：63]

---------------------------------------------------------------
[ 2018-01-09T17:18:24+08:00 ] ::1 ::1 GET /api/v1/category/all
[ log ] localhost/api/v1/category/all [运行时间：0.054855s][吞吐率：18.23req/s] [内存消耗：2,386.11kb] [文件加载：56]

---------------------------------------------------------------
[ 2018-01-09T17:18:30+08:00 ] ::1 ::1 GET /api/v1/product/AllInProduct
[ log ] localhost/api/v1/product/AllInProduct [运行时间：0.046833s][吞吐率：21.35req/s] [内存消耗：2,399.48kb] [文件加载：55]

---------------------------------------------------------------
[ 2018-01-09T17:19:24+08:00 ] ::1 ::1 GET /api/v1/order/paginate?page=1&size=20
[ log ] localhost/api/v1/order/paginate?page=1&size=20 [运行时间：0.206095s][吞吐率：4.85req/s] [内存消耗：2,595.41kb] [文件加载：62]

---------------------------------------------------------------
[ 2018-01-09T17:19:24+08:00 ] ::1 ::1 GET /api/v1/order/paginate?page=1&size=20
[ log ] localhost/api/v1/order/paginate?page=1&size=20 [运行时间：0.110441s][吞吐率：9.05req/s] [内存消耗：2,595.59kb] [文件加载：62]

---------------------------------------------------------------
[ 2018-01-09T17:19:27+08:00 ] ::1 ::1 GET /api/v1/product/AllInProduct
[ log ] localhost/api/v1/product/AllInProduct [运行时间：0.054226s][吞吐率：18.44req/s] [内存消耗：2,399.48kb] [文件加载：55]

---------------------------------------------------------------
[ 2018-01-09T17:19:36+08:00 ] ::1 ::1 GET /api/v1/product/getThirdOne/1
[ log ] localhost/api/v1/product/getThirdOne/1 [运行时间：0.072175s][吞吐率：13.86req/s] [内存消耗：2,614.42kb] [文件加载：63]

---------------------------------------------------------------
[ 2018-01-09T17:19:36+08:00 ] ::1 ::1 GET /api/v1/category/all
[ log ] localhost/api/v1/category/all [运行时间：0.054209s][吞吐率：18.45req/s] [内存消耗：2,386.11kb] [文件加载：56]

---------------------------------------------------------------
[ 2018-01-09T18:39:42+08:00 ] ::1 ::1 GET /api/v1/getAllUser
[ log ] localhost/api/v1/getAllUser [运行时间：0.099840s][吞吐率：10.02req/s] [内存消耗：2,383.42kb] [文件加载：56]

---------------------------------------------------------------
[ 2018-01-09T18:39:43+08:00 ] ::1 ::1 GET /api/v1/getAllUser
[ log ] localhost/api/v1/getAllUser [运行时间：0.050463s][吞吐率：19.82req/s] [内存消耗：2,383.42kb] [文件加载：56]

---------------------------------------------------------------
[ 2018-01-09T18:39:44+08:00 ] ::1 ::1 GET /api/v1/product/AllInProduct
[ log ] localhost/api/v1/product/AllInProduct [运行时间：0.049144s][吞吐率：20.35req/s] [内存消耗：2,399.48kb] [文件加载：55]

---------------------------------------------------------------
[ 2018-01-09T18:39:46+08:00 ] ::1 ::1 GET /api/v1/theme/getAllTheme/all
[ log ] localhost/api/v1/theme/getAllTheme/all [运行时间：0.046202s][吞吐率：21.64req/s] [内存消耗：2,381.21kb] [文件加载：55]

---------------------------------------------------------------
[ 2018-01-09T18:39:52+08:00 ] ::1 ::1 GET /api/v1/banner/1
[ log ] localhost/api/v1/banner/1 [运行时间：0.065558s][吞吐率：15.25req/s] [内存消耗：2,556.64kb] [文件加载：61]

---------------------------------------------------------------
[ 2018-01-09T18:39:53+08:00 ] ::1 ::1 GET /api/v1/category/all
[ log ] localhost/api/v1/category/all [运行时间：0.050769s][吞吐率：19.70req/s] [内存消耗：2,386.11kb] [文件加载：56]

---------------------------------------------------------------
[ 2018-01-09T18:39:55+08:00 ] ::1 ::1 GET /api/v1/banner/1
[ log ] localhost/api/v1/banner/1 [运行时间：0.047885s][吞吐率：20.88req/s] [内存消耗：2,556.64kb] [文件加载：61]

---------------------------------------------------------------
[ 2018-01-09T18:39:56+08:00 ] ::1 ::1 GET /api/v1/theme/getAllTheme/all
[ log ] localhost/api/v1/theme/getAllTheme/all [运行时间：0.041391s][吞吐率：24.16req/s] [内存消耗：2,381.21kb] [文件加载：55]

---------------------------------------------------------------
[ 2018-01-09T18:39:57+08:00 ] ::1 ::1 GET /api/v1/category/all
[ log ] localhost/api/v1/category/all [运行时间：0.049038s][吞吐率：20.39req/s] [内存消耗：2,386.11kb] [文件加载：56]

---------------------------------------------------------------
[ 2018-01-09T18:39:58+08:00 ] ::1 ::1 GET /api/v1/order/paginate?page=1&size=20
[ log ] localhost/api/v1/order/paginate?page=1&size=20 [运行时间：0.061236s][吞吐率：16.33req/s] [内存消耗：2,595.59kb] [文件加载：62]

---------------------------------------------------------------
[ 2018-01-09T18:40:00+08:00 ] ::1 ::1 GET /api/v1/category/all
[ log ] localhost/api/v1/category/all [运行时间：0.040428s][吞吐率：24.74req/s] [内存消耗：2,386.11kb] [文件加载：56]

---------------------------------------------------------------
[ 2018-01-09T18:40:01+08:00 ] ::1 ::1 GET /api/v1/order/paginate?page=1&size=20
[ log ] localhost/api/v1/order/paginate?page=1&size=20 [运行时间：0.045571s][吞吐率：21.94req/s] [内存消耗：2,595.59kb] [文件加载：62]

---------------------------------------------------------------
[ 2018-01-09T18:40:02+08:00 ] ::1 ::1 GET /api/v1/order/paginate?page=1&size=20
[ log ] localhost/api/v1/order/paginate?page=1&size=20 [运行时间：0.048562s][吞吐率：20.59req/s] [内存消耗：2,595.59kb] [文件加载：62]

---------------------------------------------------------------
[ 2018-01-09T18:40:02+08:00 ] ::1 ::1 GET /api/v1/category/all
[ log ] localhost/api/v1/category/all [运行时间：0.041928s][吞吐率：23.85req/s] [内存消耗：2,386.11kb] [文件加载：56]

---------------------------------------------------------------
[ 2018-01-09T18:40:03+08:00 ] ::1 ::1 GET /api/v1/banner/1
[ log ] localhost/api/v1/banner/1 [运行时间：0.045239s][吞吐率：22.10req/s] [内存消耗：2,556.64kb] [文件加载：61]

---------------------------------------------------------------
[ 2018-01-09T18:40:17+08:00 ] ::1 ::1 GET /api/v1/category/all
[ log ] localhost/api/v1/category/all [运行时间：0.055986s][吞吐率：17.86req/s] [内存消耗：2,385.86kb] [文件加载：56]

---------------------------------------------------------------
[ 2018-01-09T18:40:22+08:00 ] ::1 ::1 GET /api/v1/banner/1
[ log ] localhost/api/v1/banner/1 [运行时间：0.096402s][吞吐率：10.37req/s] [内存消耗：2,556.39kb] [文件加载：61]

---------------------------------------------------------------
[ 2018-01-09T18:43:11+08:00 ] ::1 ::1 POST /api/v1/token/app
[ log ] localhost/api/v1/token/app [运行时间：0.065444s][吞吐率：15.28req/s] [内存消耗：2,259.39kb] [文件加载：51]

---------------------------------------------------------------
[ 2018-01-09T18:43:11+08:00 ] ::1 ::1 GET /api/v1/order/paginate?page=1&size=20
[ log ] localhost/api/v1/order/paginate?page=1&size=20 [运行时间：0.119394s][吞吐率：8.38req/s] [内存消耗：2,595.41kb] [文件加载：62]

---------------------------------------------------------------
[ 2018-01-09T18:43:11+08:00 ] ::1 ::1 GET /api/v1/order/paginate?page=1&size=20
[ log ] localhost/api/v1/order/paginate?page=1&size=20 [运行时间：0.176573s][吞吐率：5.66req/s] [内存消耗：2,595.59kb] [文件加载：62]

---------------------------------------------------------------
[ 2018-01-09T18:43:15+08:00 ] ::1 ::1 GET /api/v1/order/paginate?page=1&size=20
[ log ] localhost/api/v1/order/paginate?page=1&size=20 [运行时间：0.047058s][吞吐率：21.25req/s] [内存消耗：2,595.59kb] [文件加载：62]

---------------------------------------------------------------
[ 2018-01-09T18:43:17+08:00 ] ::1 ::1 GET /api/v1/category/all
[ log ] localhost/api/v1/category/all [运行时间：0.057485s][吞吐率：17.40req/s] [内存消耗：2,386.11kb] [文件加载：56]

---------------------------------------------------------------
[ 2018-01-09T18:43:18+08:00 ] ::1 ::1 GET /api/v1/banner/1
[ log ] localhost/api/v1/banner/1 [运行时间：0.056186s][吞吐率：17.80req/s] [内存消耗：2,556.64kb] [文件加载：61]

---------------------------------------------------------------
[ 2018-01-09T18:43:19+08:00 ] ::1 ::1 GET /api/v1/theme/getAllTheme/all
[ log ] localhost/api/v1/theme/getAllTheme/all [运行时间：0.044657s][吞吐率：22.39req/s] [内存消耗：2,381.21kb] [文件加载：55]

---------------------------------------------------------------
[ 2018-01-09T18:43:23+08:00 ] ::1 ::1 GET /api/v1/product/AllInProduct
[ log ] localhost/api/v1/product/AllInProduct [运行时间：0.047111s][吞吐率：21.23req/s] [内存消耗：2,399.48kb] [文件加载：55]

---------------------------------------------------------------
[ 2018-01-09T18:43:24+08:00 ] ::1 ::1 GET /api/v1/theme/getAllTheme/all
[ log ] localhost/api/v1/theme/getAllTheme/all [运行时间：0.056938s][吞吐率：17.56req/s] [内存消耗：2,381.21kb] [文件加载：55]

---------------------------------------------------------------
[ 2018-01-09T18:43:25+08:00 ] ::1 ::1 GET /api/v1/product/AllInProduct
[ log ] localhost/api/v1/product/AllInProduct [运行时间：0.051295s][吞吐率：19.50req/s] [内存消耗：2,399.48kb] [文件加载：55]

---------------------------------------------------------------
[ 2018-01-09T18:43:27+08:00 ] ::1 ::1 GET /api/v1/product/getThirdOne/1
[ log ] localhost/api/v1/product/getThirdOne/1 [运行时间：0.082427s][吞吐率：12.13req/s] [内存消耗：2,614.42kb] [文件加载：63]

---------------------------------------------------------------
[ 2018-01-09T18:43:27+08:00 ] ::1 ::1 GET /api/v1/category/all
[ log ] localhost/api/v1/category/all [运行时间：0.059922s][吞吐率：16.69req/s] [内存消耗：2,386.11kb] [文件加载：56]

---------------------------------------------------------------
[ 2018-01-09T18:43:33+08:00 ] ::1 ::1 GET /api/v1/product/AllInProduct
[ log ] localhost/api/v1/product/AllInProduct [运行时间：0.048656s][吞吐率：20.55req/s] [内存消耗：2,399.48kb] [文件加载：55]

---------------------------------------------------------------
[ 2018-01-09T18:43:36+08:00 ] ::1 ::1 GET /api/v1/order/paginate?page=1&size=20
[ log ] localhost/api/v1/order/paginate?page=1&size=20 [运行时间：0.061108s][吞吐率：16.36req/s] [内存消耗：2,595.59kb] [文件加载：62]

---------------------------------------------------------------
[ 2018-01-09T18:43:43+08:00 ] ::1 ::1 GET /api/v1/order/paginate?page=1&size=20
[ log ] localhost/api/v1/order/paginate?page=1&size=20 [运行时间：0.041814s][吞吐率：23.92req/s] [内存消耗：2,595.59kb] [文件加载：62]

---------------------------------------------------------------
[ 2018-01-09T18:43:44+08:00 ] ::1 ::1 GET /api/v1/category/all
[ log ] localhost/api/v1/category/all [运行时间：0.042603s][吞吐率：23.47req/s] [内存消耗：2,386.11kb] [文件加载：56]

---------------------------------------------------------------
[ 2018-01-09T18:43:47+08:00 ] ::1 ::1 GET /api/v1/category/all
[ log ] localhost/api/v1/category/all [运行时间：0.064579s][吞吐率：15.48req/s] [内存消耗：2,386.11kb] [文件加载：56]

---------------------------------------------------------------
[ 2018-01-09T18:43:49+08:00 ] ::1 ::1 GET /api/v1/category/all
[ log ] localhost/api/v1/category/all [运行时间：0.041637s][吞吐率：24.02req/s] [内存消耗：2,386.11kb] [文件加载：56]

---------------------------------------------------------------
[ 2018-01-09T18:43:56+08:00 ] ::1 ::1 GET /api/v1/category/all
[ log ] localhost/api/v1/category/all [运行时间：0.043275s][吞吐率：23.11req/s] [内存消耗：2,386.11kb] [文件加载：56]

---------------------------------------------------------------
[ 2018-01-09T18:43:57+08:00 ] ::1 ::1 GET /api/v1/banner/1
[ log ] localhost/api/v1/banner/1 [运行时间：0.055115s][吞吐率：18.14req/s] [内存消耗：2,556.64kb] [文件加载：61]

---------------------------------------------------------------
[ 2018-01-09T18:44:02+08:00 ] ::1 ::1 GET /api/v1/category/all
[ log ] localhost/api/v1/category/all [运行时间：0.050062s][吞吐率：19.98req/s] [内存消耗：2,386.11kb] [文件加载：56]

---------------------------------------------------------------
[ 2018-01-09T18:44:04+08:00 ] ::1 ::1 GET /api/v1/banner/1
[ log ] localhost/api/v1/banner/1 [运行时间：0.047273s][吞吐率：21.15req/s] [内存消耗：2,556.64kb] [文件加载：61]

---------------------------------------------------------------
[ 2018-01-09T18:44:09+08:00 ] ::1 ::1 GET /api/v1/order/paginate?page=1&size=20
[ log ] localhost/api/v1/order/paginate?page=1&size=20 [运行时间：0.060747s][吞吐率：16.46req/s] [内存消耗：2,595.59kb] [文件加载：62]

---------------------------------------------------------------
