[ 2018-01-10T00:24:24+08:00 ] ::1 ::1 POST /api/v1/token/app
[ log ] localhost/api/v1/token/app [运行时间：0.072360s][吞吐率：13.82req/s] [内存消耗：2,259.39kb] [文件加载：51]

---------------------------------------------------------------
[ 2018-01-10T00:24:24+08:00 ] ::1 ::1 GET /api/v1/order/paginate?page=1&size=20
[ log ] localhost/api/v1/order/paginate?page=1&size=20 [运行时间：0.081826s][吞吐率：12.22req/s] [内存消耗：2,595.41kb] [文件加载：62]

---------------------------------------------------------------
[ 2018-01-10T00:24:24+08:00 ] ::1 ::1 GET /api/v1/order/paginate?page=1&size=20
[ log ] localhost/api/v1/order/paginate?page=1&size=20 [运行时间：0.061326s][吞吐率：16.31req/s] [内存消耗：2,595.59kb] [文件加载：62]

---------------------------------------------------------------
[ 2018-01-10T00:24:27+08:00 ] ::1 ::1 GET /api/v1/category/all
[ log ] localhost/api/v1/category/all [运行时间：0.067378s][吞吐率：14.84req/s] [内存消耗：2,386.11kb] [文件加载：56]

---------------------------------------------------------------
[ 2018-01-10T00:24:32+08:00 ] ::1 ::1 GET /api/v1/theme/getAllTheme/all
[ log ] localhost/api/v1/theme/getAllTheme/all [运行时间：0.056866s][吞吐率：17.59req/s] [内存消耗：2,381.21kb] [文件加载：55]

---------------------------------------------------------------
[ 2018-01-10T00:24:33+08:00 ] ::1 ::1 GET /api/v1/product/AllInProduct
[ log ] localhost/api/v1/product/AllInProduct [运行时间：0.056934s][吞吐率：17.56req/s] [内存消耗：2,399.48kb] [文件加载：55]

---------------------------------------------------------------
[ 2018-01-10T00:26:36+08:00 ] ::1 ::1 GET /api/v1/product/AllInProduct
[ log ] localhost/api/v1/product/AllInProduct [运行时间：0.100806s][吞吐率：9.92req/s] [内存消耗：2,399.48kb] [文件加载：55]

---------------------------------------------------------------
[ 2018-01-10T00:26:38+08:00 ] ::1 ::1 GET /api/v1/product/getThirdOne/1
[ log ] localhost/api/v1/product/getThirdOne/1 [运行时间：0.074624s][吞吐率：13.40req/s] [内存消耗：2,614.42kb] [文件加载：63]

---------------------------------------------------------------
[ 2018-01-10T00:26:38+08:00 ] ::1 ::1 GET /api/v1/category/all
[ log ] localhost/api/v1/category/all [运行时间：0.050136s][吞吐率：19.95req/s] [内存消耗：2,386.11kb] [文件加载：56]

---------------------------------------------------------------
[ 2018-01-10T00:34:32+08:00 ] ::1 ::1 GET /api/v1/product/AllInProduct
[ log ] localhost/api/v1/product/AllInProduct [运行时间：0.093297s][吞吐率：10.72req/s] [内存消耗：2,399.48kb] [文件加载：55]

---------------------------------------------------------------
[ 2018-01-10T00:34:38+08:00 ] ::1 ::1 GET /api/v1/product/AllInProduct
[ log ] localhost/api/v1/product/AllInProduct [运行时间：0.047916s][吞吐率：20.87req/s] [内存消耗：2,399.48kb] [文件加载：55]

---------------------------------------------------------------
[ 2018-01-10T00:34:39+08:00 ] ::1 ::1 GET /api/v1/theme/getAllTheme/all
[ log ] localhost/api/v1/theme/getAllTheme/all [运行时间：0.056542s][吞吐率：17.69req/s] [内存消耗：2,381.21kb] [文件加载：55]

---------------------------------------------------------------
[ 2018-01-10T00:34:41+08:00 ] ::1 ::1 GET /api/v1/banner/1
[ log ] localhost/api/v1/banner/1 [运行时间：0.062248s][吞吐率：16.06req/s] [内存消耗：2,556.64kb] [文件加载：61]

---------------------------------------------------------------
[ 2018-01-10T00:34:43+08:00 ] ::1 ::1 GET /api/v1/category/all
[ log ] localhost/api/v1/category/all [运行时间：0.056498s][吞吐率：17.70req/s] [内存消耗：2,386.11kb] [文件加载：56]

---------------------------------------------------------------
[ 2018-01-10T00:34:45+08:00 ] ::1 ::1 GET /api/v1/order/paginate?page=1&size=20
[ log ] localhost/api/v1/order/paginate?page=1&size=20 [运行时间：0.063071s][吞吐率：15.86req/s] [内存消耗：2,595.59kb] [文件加载：62]

---------------------------------------------------------------
[ 2018-01-10T01:17:31+08:00 ] ::1 ::1 POST /api/v1/token/verify
[ log ] localhost/api/v1/token/verify [运行时间：0.085550s][吞吐率：11.69req/s] [内存消耗：1,129.95kb] [文件加载：37]

---------------------------------------------------------------
[ 2018-01-10T01:17:32+08:00 ] ::1 ::1 GET /api/v1/banner/1
[ log ] localhost/api/v1/banner/1 [运行时间：0.182609s][吞吐率：5.48req/s] [内存消耗：2,556.47kb] [文件加载：61]

---------------------------------------------------------------
[ 2018-01-10T01:17:32+08:00 ] ::1 ::1 GET /api/v1/theme?ids=1,2,3
[ log ] localhost/api/v1/theme?ids=1,2,3 [运行时间：0.173423s][吞吐率：5.77req/s] [内存消耗：2,530.10kb] [文件加载：58]

---------------------------------------------------------------
[ 2018-01-10T01:17:32+08:00 ] ::1 ::1 GET /api/v1/product/recent
[ log ] localhost/api/v1/product/recent [运行时间：0.098033s][吞吐率：10.20req/s] [内存消耗：2,484.26kb] [文件加载：55]

---------------------------------------------------------------
[ 2018-01-10T01:17:33+08:00 ] ::1 ::1 POST /api/v1/token/user
[ log ] localhost/api/v1/token/user [运行时间：0.419456s][吞吐率：2.38req/s] [内存消耗：2,270.17kb] [文件加载：52]

---------------------------------------------------------------
[ 2018-01-10T10:58:32+08:00 ] ::1 ::1 POST /api/v1/token/verify
[ log ] localhost/api/v1/token/verify [运行时间：0.113637s][吞吐率：8.80req/s] [内存消耗：1,129.95kb] [文件加载：37]

---------------------------------------------------------------
[ 2018-01-10T10:58:33+08:00 ] ::1 ::1 GET /api/v1/product/recent
[ log ] localhost/api/v1/product/recent [运行时间：0.150440s][吞吐率：6.65req/s] [内存消耗：2,484.26kb] [文件加载：55]

---------------------------------------------------------------
[ 2018-01-10T10:58:33+08:00 ] ::1 ::1 GET /api/v1/theme?ids=1,2,3
[ log ] localhost/api/v1/theme?ids=1,2,3 [运行时间：0.257727s][吞吐率：3.88req/s] [内存消耗：2,530.10kb] [文件加载：58]

---------------------------------------------------------------
[ 2018-01-10T10:58:33+08:00 ] ::1 ::1 GET /api/v1/banner/1
[ log ] localhost/api/v1/banner/1 [运行时间：0.328184s][吞吐率：3.05req/s] [内存消耗：2,556.47kb] [文件加载：61]

---------------------------------------------------------------
[ 2018-01-10T10:58:34+08:00 ] ::1 ::1 POST /api/v1/token/user
[ log ] localhost/api/v1/token/user [运行时间：0.539966s][吞吐率：1.85req/s] [内存消耗：2,270.17kb] [文件加载：52]

---------------------------------------------------------------
[ 2018-01-10T11:22:41+08:00 ] ::1 ::1 POST /api/v1/token/verify
[ log ] localhost/api/v1/token/verify [运行时间：0.046754s][吞吐率：21.39req/s] [内存消耗：1,129.95kb] [文件加载：37]

---------------------------------------------------------------
[ 2018-01-10T11:22:42+08:00 ] ::1 ::1 GET /api/v1/banner/1
[ log ] localhost/api/v1/banner/1 [运行时间：0.192460s][吞吐率：5.20req/s] [内存消耗：2,556.47kb] [文件加载：61]

---------------------------------------------------------------
[ 2018-01-10T11:22:42+08:00 ] ::1 ::1 GET /api/v1/product/recent
[ log ] localhost/api/v1/product/recent [运行时间：0.099972s][吞吐率：10.00req/s] [内存消耗：2,484.26kb] [文件加载：55]

---------------------------------------------------------------
[ 2018-01-10T11:22:42+08:00 ] ::1 ::1 GET /api/v1/theme?ids=1,2,3
[ log ] localhost/api/v1/theme?ids=1,2,3 [运行时间：0.235906s][吞吐率：4.24req/s] [内存消耗：2,530.10kb] [文件加载：58]

---------------------------------------------------------------
