[ 2018-01-13T00:28:21+08:00 ] ::1 ::1 POST /api/v1/token/verify
[ log ] localhost/api/v1/token/verify [运行时间：0.090941s][吞吐率：11.00req/s] [内存消耗：1,136.39kb] [文件加载：37]

---------------------------------------------------------------
[ 2018-01-13T00:28:22+08:00 ] ::1 ::1 GET /api/v1/getUseCount
[ log ] localhost/api/v1/getUseCount [运行时间：0.141140s][吞吐率：7.09req/s] [内存消耗：2,344.22kb] [文件加载：54]

---------------------------------------------------------------
[ 2018-01-13T00:28:22+08:00 ] ::1 ::1 GET /api/v1/priceList
[ log ] localhost/api/v1/priceList [运行时间：0.168457s][吞吐率：5.94req/s] [内存消耗：2,308.01kb] [文件加载：52]

---------------------------------------------------------------
[ 2018-01-13T00:29:14+08:00 ] ::1 ::1 POST /api/v1/token/verify
[ log ] localhost/api/v1/token/verify [运行时间：0.088283s][吞吐率：11.33req/s] [内存消耗：1,136.39kb] [文件加载：37]

---------------------------------------------------------------
[ 2018-01-13T00:29:15+08:00 ] ::1 ::1 GET /api/v1/getUseCount
[ log ] localhost/api/v1/getUseCount [运行时间：0.092905s][吞吐率：10.76req/s] [内存消耗：2,344.22kb] [文件加载：54]

---------------------------------------------------------------
[ 2018-01-13T00:29:15+08:00 ] ::1 ::1 GET /api/v1/priceList
[ log ] localhost/api/v1/priceList [运行时间：0.079428s][吞吐率：12.59req/s] [内存消耗：2,308.01kb] [文件加载：52]

---------------------------------------------------------------
[ 2018-01-13T00:29:57+08:00 ] ::1 ::1 POST /api/v1/token/verify
[ log ] localhost/api/v1/token/verify [运行时间：0.100662s][吞吐率：9.93req/s] [内存消耗：1,136.39kb] [文件加载：37]

---------------------------------------------------------------
[ 2018-01-13T00:29:58+08:00 ] ::1 ::1 GET /api/v1/getUseCount
[ log ] localhost/api/v1/getUseCount [运行时间：0.099164s][吞吐率：10.08req/s] [内存消耗：2,344.22kb] [文件加载：54]

---------------------------------------------------------------
[ 2018-01-13T00:29:58+08:00 ] ::1 ::1 GET /api/v1/priceList
[ log ] localhost/api/v1/priceList [运行时间：0.101056s][吞吐率：9.90req/s] [内存消耗：2,308.01kb] [文件加载：52]

---------------------------------------------------------------
[ 2018-01-13T00:45:50+08:00 ] ::1 ::1 POST /api/v1/token/verify
[ log ] localhost/api/v1/token/verify [运行时间：0.081358s][吞吐率：12.29req/s] [内存消耗：1,136.40kb] [文件加载：37]

---------------------------------------------------------------
[ 2018-01-13T00:46:10+08:00 ] ::1 ::1 POST /api/v1/token/verify
[ log ] localhost/api/v1/token/verify [运行时间：0.083985s][吞吐率：11.91req/s] [内存消耗：1,136.40kb] [文件加载：37]

---------------------------------------------------------------
[ 2018-01-13T00:46:44+08:00 ] ::1 ::1 POST /api/v1/token/verify
[ log ] localhost/api/v1/token/verify [运行时间：0.072932s][吞吐率：13.71req/s] [内存消耗：1,136.39kb] [文件加载：37]

---------------------------------------------------------------
[ 2018-01-13T00:46:45+08:00 ] ::1 ::1 GET /api/v1/getUseCount
[ log ] localhost/api/v1/getUseCount [运行时间：0.121024s][吞吐率：8.26req/s] [内存消耗：2,344.22kb] [文件加载：54]

---------------------------------------------------------------
[ 2018-01-13T00:46:45+08:00 ] ::1 ::1 GET /api/v1/priceList
[ log ] localhost/api/v1/priceList [运行时间：0.099767s][吞吐率：10.02req/s] [内存消耗：2,309.48kb] [文件加载：52]

---------------------------------------------------------------
[ 2018-01-13T00:47:29+08:00 ] ::1 ::1 POST /api/v1/token/verify
[ log ] localhost/api/v1/token/verify [运行时间：0.088599s][吞吐率：11.29req/s] [内存消耗：1,136.39kb] [文件加载：37]

---------------------------------------------------------------
[ 2018-01-13T00:47:30+08:00 ] ::1 ::1 GET /api/v1/getUseCount
[ log ] localhost/api/v1/getUseCount [运行时间：0.121488s][吞吐率：8.23req/s] [内存消耗：2,344.22kb] [文件加载：54]

---------------------------------------------------------------
[ 2018-01-13T00:47:30+08:00 ] ::1 ::1 GET /api/v1/priceList
[ log ] localhost/api/v1/priceList [运行时间：0.112545s][吞吐率：8.89req/s] [内存消耗：2,309.48kb] [文件加载：52]

---------------------------------------------------------------
[ 2018-01-13T00:47:37+08:00 ] ::1 ::1 POST /api/v1/token/verify
[ log ] localhost/api/v1/token/verify [运行时间：0.029948s][吞吐率：33.39req/s] [内存消耗：1,136.39kb] [文件加载：37]

---------------------------------------------------------------
[ 2018-01-13T00:47:37+08:00 ] ::1 ::1 GET /api/v1/getUseCount
[ log ] localhost/api/v1/getUseCount [运行时间：0.075698s][吞吐率：13.21req/s] [内存消耗：2,344.22kb] [文件加载：54]

---------------------------------------------------------------
[ 2018-01-13T00:47:37+08:00 ] ::1 ::1 GET /api/v1/priceList
[ log ] localhost/api/v1/priceList [运行时间：0.059143s][吞吐率：16.91req/s] [内存消耗：2,309.48kb] [文件加载：52]

---------------------------------------------------------------
[ 2018-01-13T00:48:10+08:00 ] ::1 ::1 POST /api/v1/token/verify
[ log ] localhost/api/v1/token/verify [运行时间：0.078257s][吞吐率：12.78req/s] [内存消耗：1,136.39kb] [文件加载：37]

---------------------------------------------------------------
[ 2018-01-13T00:48:11+08:00 ] ::1 ::1 GET /api/v1/priceList
[ log ] localhost/api/v1/priceList [运行时间：0.078126s][吞吐率：12.80req/s] [内存消耗：2,309.48kb] [文件加载：52]

---------------------------------------------------------------
[ 2018-01-13T00:48:12+08:00 ] ::1 ::1 POST /api/v1/token/verify
[ log ] localhost/api/v1/token/verify [运行时间：0.035807s][吞吐率：27.93req/s] [内存消耗：1,136.39kb] [文件加载：37]

---------------------------------------------------------------
[ 2018-01-13T00:48:13+08:00 ] ::1 ::1 GET /api/v1/priceList
[ log ] localhost/api/v1/priceList [运行时间：0.083869s][吞吐率：11.92req/s] [内存消耗：2,309.48kb] [文件加载：52]

---------------------------------------------------------------
[ 2018-01-13T00:48:14+08:00 ] ::1 ::1 POST /api/v1/token/user
[ log ] localhost/api/v1/token/user [运行时间：0.560634s][吞吐率：1.78req/s] [内存消耗：2,277.09kb] [文件加载：52]

---------------------------------------------------------------
[ 2018-01-13T00:48:14+08:00 ] ::1 ::1 POST /api/v1/token/user
[ log ] localhost/api/v1/token/user [运行时间：0.355890s][吞吐率：2.81req/s] [内存消耗：2,277.09kb] [文件加载：52]

---------------------------------------------------------------
[ 2018-01-13T00:48:15+08:00 ] ::1 ::1 GET /api/v1/getUseCount
[ log ] localhost/api/v1/getUseCount [运行时间：0.144469s][吞吐率：6.92req/s] [内存消耗：2,344.22kb] [文件加载：54]

---------------------------------------------------------------
[ 2018-01-13T00:48:15+08:00 ] ::1 ::1 POST /api/v1/token/user
[ log ] localhost/api/v1/token/user [运行时间：0.406485s][吞吐率：2.46req/s] [内存消耗：2,277.09kb] [文件加载：52]

---------------------------------------------------------------
[ 2018-01-13T00:58:20+08:00 ] ::1 ::1 POST /api/v1/token/verify
[ log ] localhost/api/v1/token/verify [运行时间：0.077189s][吞吐率：12.96req/s] [内存消耗：1,136.40kb] [文件加载：37]

---------------------------------------------------------------
[ 2018-01-13T00:58:21+08:00 ] ::1 ::1 GET /api/v1/getUseCount
[ log ] localhost/api/v1/getUseCount [运行时间：0.822073s][吞吐率：1.22req/s] [内存消耗：2,339.99kb] [文件加载：53]

---------------------------------------------------------------
[ 2018-01-13T00:58:22+08:00 ] ::1 ::1 GET /api/v1/priceList
[ log ] localhost/api/v1/priceList [运行时间：1.058757s][吞吐率：0.94req/s] [内存消耗：2,309.53kb] [文件加载：52]

---------------------------------------------------------------
[ 2018-01-13T00:58:53+08:00 ] ::1 ::1 POST /api/v1/token/verify
[ log ] localhost/api/v1/token/verify [运行时间：0.071794s][吞吐率：13.93req/s] [内存消耗：1,136.40kb] [文件加载：37]

---------------------------------------------------------------
[ 2018-01-13T00:58:54+08:00 ] ::1 ::1 GET /api/v1/getUseCount
[ log ] localhost/api/v1/getUseCount [运行时间：0.414004s][吞吐率：2.42req/s] [内存消耗：2,339.99kb] [文件加载：53]

---------------------------------------------------------------
[ 2018-01-13T00:58:55+08:00 ] ::1 ::1 GET /api/v1/priceList
[ log ] localhost/api/v1/priceList [运行时间：0.475209s][吞吐率：2.10req/s] [内存消耗：2,309.53kb] [文件加载：52]

---------------------------------------------------------------
[ 2018-01-13T00:59:26+08:00 ] ::1 ::1 POST /api/v1/token/verify
[ log ] localhost/api/v1/token/verify [运行时间：0.044780s][吞吐率：22.33req/s] [内存消耗：1,136.40kb] [文件加载：37]

---------------------------------------------------------------
[ 2018-01-13T00:59:28+08:00 ] ::1 ::1 GET /api/v1/getUseCount
[ log ] localhost/api/v1/getUseCount [运行时间：0.449727s][吞吐率：2.22req/s] [内存消耗：2,339.99kb] [文件加载：53]

---------------------------------------------------------------
[ 2018-01-13T00:59:28+08:00 ] ::1 ::1 GET /api/v1/priceList
[ log ] localhost/api/v1/priceList [运行时间：0.461128s][吞吐率：2.17req/s] [内存消耗：2,309.53kb] [文件加载：52]

---------------------------------------------------------------
[ 2018-01-13T01:00:57+08:00 ] ::1 ::1 POST /api/v1/token/verify
[ log ] localhost/api/v1/token/verify [运行时间：0.046358s][吞吐率：21.57req/s] [内存消耗：1,136.40kb] [文件加载：37]

---------------------------------------------------------------
[ 2018-01-13T01:00:58+08:00 ] ::1 ::1 GET /api/v1/getUseCount
[ log ] localhost/api/v1/getUseCount [运行时间：0.457353s][吞吐率：2.19req/s] [内存消耗：2,339.99kb] [文件加载：53]

---------------------------------------------------------------
[ 2018-01-13T01:00:58+08:00 ] ::1 ::1 GET /api/v1/priceList
[ log ] localhost/api/v1/priceList [运行时间：0.452841s][吞吐率：2.21req/s] [内存消耗：2,309.53kb] [文件加载：52]

---------------------------------------------------------------
[ 2018-01-13T01:02:08+08:00 ] ::1 ::1 POST /api/v1/token/verify
[ log ] localhost/api/v1/token/verify [运行时间：0.047374s][吞吐率：21.11req/s] [内存消耗：1,136.40kb] [文件加载：37]

---------------------------------------------------------------
[ 2018-01-13T01:02:10+08:00 ] ::1 ::1 GET /api/v1/priceList
[ log ] localhost/api/v1/priceList [运行时间：1.286295s][吞吐率：0.78req/s] [内存消耗：2,309.53kb] [文件加载：52]

---------------------------------------------------------------
[ 2018-01-13T01:02:10+08:00 ] ::1 ::1 GET /api/v1/getUseCount
[ log ] localhost/api/v1/getUseCount [运行时间：1.527352s][吞吐率：0.65req/s] [内存消耗：2,339.99kb] [文件加载：53]

---------------------------------------------------------------
[ 2018-01-13T01:02:36+08:00 ] ::1 ::1 POST /api/v1/token/verify
[ log ] localhost/api/v1/token/verify [运行时间：0.039159s][吞吐率：25.54req/s] [内存消耗：1,136.40kb] [文件加载：37]

---------------------------------------------------------------
[ 2018-01-13T01:02:37+08:00 ] ::1 ::1 GET /api/v1/getUseCount
[ log ] localhost/api/v1/getUseCount [运行时间：0.569344s][吞吐率：1.76req/s] [内存消耗：2,339.99kb] [文件加载：53]

---------------------------------------------------------------
[ 2018-01-13T01:02:37+08:00 ] ::1 ::1 GET /api/v1/priceList
[ log ] localhost/api/v1/priceList [运行时间：0.493440s][吞吐率：2.03req/s] [内存消耗：2,309.53kb] [文件加载：52]

---------------------------------------------------------------
[ 2018-01-13T01:07:52+08:00 ] ::1 ::1 POST /api/v1/token/verify
[ log ] localhost/api/v1/token/verify [运行时间：0.038473s][吞吐率：25.99req/s] [内存消耗：1,136.40kb] [文件加载：37]

---------------------------------------------------------------
[ 2018-01-13T01:07:53+08:00 ] ::1 ::1 GET /api/v1/getUseCount
[ log ] localhost/api/v1/getUseCount [运行时间：1.011928s][吞吐率：0.99req/s] [内存消耗：2,339.99kb] [文件加载：53]

---------------------------------------------------------------
[ 2018-01-13T01:07:53+08:00 ] ::1 ::1 GET /api/v1/priceList
[ log ] localhost/api/v1/priceList [运行时间：1.007369s][吞吐率：0.99req/s] [内存消耗：2,309.53kb] [文件加载：52]

---------------------------------------------------------------
[ 2018-01-13T01:13:31+08:00 ] ::1 ::1 POST /api/v1/token/app
[ log ] localhost/api/v1/token/app [运行时间：0.402207s][吞吐率：2.49req/s] [内存消耗：2,266.02kb] [文件加载：51]

---------------------------------------------------------------
[ 2018-01-13T01:13:32+08:00 ] ::1 ::1 GET /api/v1/order/paginate?page=1&size=20
[ log ] localhost/api/v1/order/paginate?page=1&size=20 [运行时间：0.441462s][吞吐率：2.27req/s] [内存消耗：2,593.37kb] [文件加载：62]

---------------------------------------------------------------
[ 2018-01-13T01:13:32+08:00 ] ::1 ::1 GET /api/v1/order/paginate?page=1&size=20
[ log ] localhost/api/v1/order/paginate?page=1&size=20 [运行时间：0.420968s][吞吐率：2.38req/s] [内存消耗：2,593.54kb] [文件加载：62]

---------------------------------------------------------------
[ 2018-01-13T01:22:21+08:00 ] ::1 ::1 POST /api/v1/token/verify
[ log ] localhost/api/v1/token/verify [运行时间：0.090550s][吞吐率：11.04req/s] [内存消耗：1,136.40kb] [文件加载：37]

---------------------------------------------------------------
[ 2018-01-13T01:22:22+08:00 ] ::1 ::1 GET /api/v1/getUseCount
[ log ] localhost/api/v1/getUseCount [运行时间：0.452082s][吞吐率：2.21req/s] [内存消耗：2,339.99kb] [文件加载：53]

---------------------------------------------------------------
[ 2018-01-13T01:22:23+08:00 ] ::1 ::1 GET /api/v1/priceList
[ log ] localhost/api/v1/priceList [运行时间：0.436340s][吞吐率：2.29req/s] [内存消耗：2,309.53kb] [文件加载：52]

---------------------------------------------------------------
[ 2018-01-13T01:22:30+08:00 ] ::1 ::1 POST /api/v1/pay/pre_order
[ log ] localhost/api/v1/pay/pre_order [运行时间：1.481168s][吞吐率：0.68req/s] [内存消耗：2,868.73kb] [文件加载：66]

---------------------------------------------------------------
[ 2018-01-13T01:22:37+08:00 ] ::1 ::1 POST /api/v1/pay/pre_order
[ log ] localhost/api/v1/pay/pre_order [运行时间：1.267758s][吞吐率：0.79req/s] [内存消耗：2,868.73kb] [文件加载：66]

---------------------------------------------------------------
[ 2018-01-13T01:22:44+08:00 ] ::1 ::1 POST /api/v1/pay/pre_order
[ log ] localhost/api/v1/pay/pre_order [运行时间：1.352710s][吞吐率：0.74req/s] [内存消耗：2,868.73kb] [文件加载：66]

---------------------------------------------------------------
[ 2018-01-13T01:22:47+08:00 ] ::1 ::1 POST /api/v1/pay/pre_order
[ log ] localhost/api/v1/pay/pre_order [运行时间：0.864646s][吞吐率：1.16req/s] [内存消耗：2,868.73kb] [文件加载：66]

---------------------------------------------------------------
[ 2018-01-13T01:22:50+08:00 ] ::1 ::1 POST /api/v1/pay/pre_order
[ log ] localhost/api/v1/pay/pre_order [运行时间：0.802654s][吞吐率：1.25req/s] [内存消耗：2,868.73kb] [文件加载：66]

---------------------------------------------------------------
[ 2018-01-13T01:22:53+08:00 ] ::1 ::1 POST /api/v1/pay/pre_order
[ log ] localhost/api/v1/pay/pre_order [运行时间：0.917624s][吞吐率：1.09req/s] [内存消耗：2,868.73kb] [文件加载：66]

---------------------------------------------------------------
[ 2018-01-13T01:26:19+08:00 ] ::1 ::1 POST /api/v1/pay/pre_order
[ log ] localhost/api/v1/pay/pre_order [运行时间：0.706619s][吞吐率：1.42req/s] [内存消耗：2,902.45kb] [文件加载：66]

---------------------------------------------------------------
[ 2018-01-13T01:27:35+08:00 ] ::1 ::1 POST /api/v1/token/verify
[ log ] localhost/api/v1/token/verify [运行时间：0.087438s][吞吐率：11.44req/s] [内存消耗：1,136.40kb] [文件加载：37]

---------------------------------------------------------------
[ 2018-01-13T01:27:36+08:00 ] ::1 ::1 GET /api/v1/getUseCount
[ log ] localhost/api/v1/getUseCount [运行时间：0.473292s][吞吐率：2.11req/s] [内存消耗：2,339.99kb] [文件加载：53]

---------------------------------------------------------------
[ 2018-01-13T01:27:36+08:00 ] ::1 ::1 GET /api/v1/priceList
[ log ] localhost/api/v1/priceList [运行时间：0.481556s][吞吐率：2.08req/s] [内存消耗：2,309.53kb] [文件加载：52]

---------------------------------------------------------------
[ 2018-01-13T01:27:39+08:00 ] ::1 ::1 POST /api/v1/pay/pre_order
[ log ] localhost/api/v1/pay/pre_order [运行时间：0.606636s][吞吐率：1.65req/s] [内存消耗：2,902.45kb] [文件加载：66]

---------------------------------------------------------------
[ 2018-01-13T01:27:43+08:00 ] ::1 ::1 POST /api/v1/pay/pre_order
[ log ] localhost/api/v1/pay/pre_order [运行时间：0.629095s][吞吐率：1.59req/s] [内存消耗：2,902.45kb] [文件加载：66]

---------------------------------------------------------------
[ 2018-01-13T01:27:46+08:00 ] ::1 ::1 POST /api/v1/pay/pre_order
[ log ] localhost/api/v1/pay/pre_order [运行时间：0.601430s][吞吐率：1.66req/s] [内存消耗：2,902.45kb] [文件加载：66]

---------------------------------------------------------------
[ 2018-01-13T01:27:50+08:00 ] ::1 ::1 POST /api/v1/pay/pre_order
[ log ] localhost/api/v1/pay/pre_order [运行时间：0.594260s][吞吐率：1.68req/s] [内存消耗：2,902.45kb] [文件加载：66]

---------------------------------------------------------------
[ 2018-01-13T01:27:53+08:00 ] ::1 ::1 POST /api/v1/pay/pre_order
[ log ] localhost/api/v1/pay/pre_order [运行时间：0.622926s][吞吐率：1.61req/s] [内存消耗：2,902.45kb] [文件加载：66]

---------------------------------------------------------------
[ 2018-01-13T01:28:10+08:00 ] ::1 ::1 POST /api/v1/pay/pre_order
[ log ] localhost/api/v1/pay/pre_order [运行时间：0.680937s][吞吐率：1.47req/s] [内存消耗：2,939.49kb] [文件加载：68]

---------------------------------------------------------------
[ 2018-01-13T01:30:07+08:00 ] ::1 ::1 POST /api/v1/pay/pre_order
[ log ] localhost/api/v1/pay/pre_order [运行时间：0.667487s][吞吐率：1.50req/s] [内存消耗：2,907.98kb] [文件加载：67]

---------------------------------------------------------------
[ 2018-01-13T01:30:11+08:00 ] ::1 ::1 POST /api/v1/pay/pre_order
[ log ] localhost/api/v1/pay/pre_order [运行时间：0.617729s][吞吐率：1.62req/s] [内存消耗：2,907.98kb] [文件加载：67]

---------------------------------------------------------------
[ 2018-01-13T01:30:14+08:00 ] ::1 ::1 POST /api/v1/pay/pre_order
[ log ] localhost/api/v1/pay/pre_order [运行时间：1.271575s][吞吐率：0.79req/s] [内存消耗：2,907.98kb] [文件加载：67]

---------------------------------------------------------------
[ 2018-01-13T01:37:09+08:00 ] ::1 ::1 POST /api/v1/pay/pre_order
[ log ] localhost/api/v1/pay/pre_order [运行时间：0.682892s][吞吐率：1.46req/s] [内存消耗：2,906.45kb] [文件加载：67]

---------------------------------------------------------------
[ 2018-01-13T01:37:28+08:00 ] ::1 ::1 POST /api/v1/pay/pre_order
[ log ] localhost/api/v1/pay/pre_order [运行时间：1.284921s][吞吐率：0.78req/s] [内存消耗：2,905.89kb] [文件加载：67]

---------------------------------------------------------------
[ 2018-01-13T01:37:33+08:00 ] ::1 ::1 POST /api/v1/pay/pre_order
[ log ] localhost/api/v1/pay/pre_order [运行时间：0.578257s][吞吐率：1.73req/s] [内存消耗：2,905.89kb] [文件加载：67]

---------------------------------------------------------------
[ 2018-01-13T01:38:42+08:00 ] ::1 ::1 POST /api/v1/pay/pre_order
[ log ] localhost/api/v1/pay/pre_order [运行时间：0.595002s][吞吐率：1.68req/s] [内存消耗：2,906.14kb] [文件加载：67]

---------------------------------------------------------------
[ 2018-01-13T01:38:59+08:00 ] ::1 ::1 POST /api/v1/pay/pre_order
[ log ] localhost/api/v1/pay/pre_order [运行时间：1.545488s][吞吐率：0.65req/s] [内存消耗：2,905.88kb] [文件加载：67]

---------------------------------------------------------------
[ 2018-01-13T01:39:02+08:00 ] ::1 ::1 POST /api/v1/pay/pre_order
[ log ] localhost/api/v1/pay/pre_order [运行时间：0.644090s][吞吐率：1.55req/s] [内存消耗：2,905.88kb] [文件加载：67]

---------------------------------------------------------------
[ 2018-01-13T01:39:22+08:00 ] ::1 ::1 POST /api/v1/pay/pre_order
[ log ] localhost/api/v1/pay/pre_order [运行时间：0.879336s][吞吐率：1.14req/s] [内存消耗：2,905.88kb] [文件加载：67]

---------------------------------------------------------------
[ 2018-01-13T01:39:30+08:00 ] ::1 ::1 POST /api/v1/pay/pre_order
[ log ] localhost/api/v1/pay/pre_order [运行时间：0.954556s][吞吐率：1.05req/s] [内存消耗：2,905.76kb] [文件加载：67]

---------------------------------------------------------------
[ 2018-01-13T01:44:27+08:00 ] ::1 ::1 POST /api/v1/pay/pre_order
[ log ] localhost/api/v1/pay/pre_order [运行时间：1.562704s][吞吐率：0.64req/s] [内存消耗：2,906.16kb] [文件加载：67]

---------------------------------------------------------------
[ 2018-01-13T01:44:51+08:00 ] ::1 ::1 POST /api/v1/pay/pre_order
[ log ] localhost/api/v1/pay/pre_order [运行时间：0.686414s][吞吐率：1.46req/s] [内存消耗：2,905.63kb] [文件加载：67]

---------------------------------------------------------------
[ 2018-01-13T01:45:32+08:00 ] ::1 ::1 POST /api/v1/token/verify
[ log ] localhost/api/v1/token/verify [运行时间：0.089669s][吞吐率：11.15req/s] [内存消耗：1,136.40kb] [文件加载：37]

---------------------------------------------------------------
[ 2018-01-13T01:45:34+08:00 ] ::1 ::1 GET /api/v1/getUseCount
[ log ] localhost/api/v1/getUseCount [运行时间：0.972551s][吞吐率：1.03req/s] [内存消耗：2,339.99kb] [文件加载：53]

---------------------------------------------------------------
[ 2018-01-13T01:45:34+08:00 ] ::1 ::1 GET /api/v1/priceList
[ log ] localhost/api/v1/priceList [运行时间：0.928361s][吞吐率：1.08req/s] [内存消耗：2,309.53kb] [文件加载：52]

---------------------------------------------------------------
[ 2018-01-13T01:45:37+08:00 ] ::1 ::1 POST /api/v1/pay/pre_order
[ log ] localhost/api/v1/pay/pre_order [运行时间：0.627743s][吞吐率：1.59req/s] [内存消耗：2,905.63kb] [文件加载：67]

---------------------------------------------------------------
[ 2018-01-13T01:46:06+08:00 ] ::1 ::1 POST /api/v1/pay/pre_order
[ log ] localhost/api/v1/pay/pre_order [运行时间：1.221500s][吞吐率：0.82req/s] [内存消耗：2,905.63kb] [文件加载：67]

---------------------------------------------------------------
[ 2018-01-13T01:46:44+08:00 ] ::1 ::1 POST /api/v1/pay/pre_order
[ log ] localhost/api/v1/pay/pre_order [运行时间：0.866792s][吞吐率：1.15req/s] [内存消耗：2,904.78kb] [文件加载：68]

---------------------------------------------------------------
[ 2018-01-13T01:46:51+08:00 ] ::1 ::1 POST /api/v1/pay/pre_order
[ log ] localhost/api/v1/pay/pre_order [运行时间：1.416975s][吞吐率：0.71req/s] [内存消耗：2,904.78kb] [文件加载：68]

---------------------------------------------------------------
[ 2018-01-13T01:47:10+08:00 ] ::1 ::1 POST /api/v1/token/verify
[ log ] localhost/api/v1/token/verify [运行时间：0.078790s][吞吐率：12.69req/s] [内存消耗：1,136.40kb] [文件加载：37]

---------------------------------------------------------------
[ 2018-01-13T01:47:11+08:00 ] ::1 ::1 GET /api/v1/getUseCount
[ log ] localhost/api/v1/getUseCount [运行时间：0.509034s][吞吐率：1.96req/s] [内存消耗：2,339.99kb] [文件加载：53]

---------------------------------------------------------------
[ 2018-01-13T01:47:11+08:00 ] ::1 ::1 GET /api/v1/priceList
[ log ] localhost/api/v1/priceList [运行时间：0.531724s][吞吐率：1.88req/s] [内存消耗：2,309.53kb] [文件加载：52]

---------------------------------------------------------------
[ 2018-01-13T01:47:15+08:00 ] ::1 ::1 POST /api/v1/pay/pre_order
[ log ] localhost/api/v1/pay/pre_order [运行时间：0.831877s][吞吐率：1.20req/s] [内存消耗：2,904.78kb] [文件加载：68]

---------------------------------------------------------------
[ 2018-01-13T01:48:15+08:00 ] ::1 ::1 POST /api/v1/pay/pre_order
[ log ] localhost/api/v1/pay/pre_order [运行时间：1.198597s][吞吐率：0.83req/s] [内存消耗：2,904.78kb] [文件加载：68]

---------------------------------------------------------------
[ 2018-01-13T01:51:48+08:00 ] ::1 ::1 POST /api/v1/pay/pre_order
[ log ] localhost/api/v1/pay/pre_order [运行时间：0.609713s][吞吐率：1.64req/s] [内存消耗：2,907.14kb] [文件加载：67]

---------------------------------------------------------------
[ 2018-01-13T01:52:23+08:00 ] ::1 ::1 POST /api/v1/pay/pre_order
[ log ] localhost/api/v1/pay/pre_order [运行时间：0.699571s][吞吐率：1.43req/s] [内存消耗：2,907.52kb] [文件加载：67]

---------------------------------------------------------------
[ 2018-01-13T01:52:27+08:00 ] ::1 ::1 POST /api/v1/pay/pre_order
[ log ] localhost/api/v1/pay/pre_order [运行时间：0.603065s][吞吐率：1.66req/s] [内存消耗：2,907.52kb] [文件加载：67]

---------------------------------------------------------------
[ 2018-01-13T01:52:30+08:00 ] ::1 ::1 POST /api/v1/pay/pre_order
[ log ] localhost/api/v1/pay/pre_order [运行时间：0.606873s][吞吐率：1.65req/s] [内存消耗：2,907.52kb] [文件加载：67]

---------------------------------------------------------------
[ 2018-01-13T01:52:31+08:00 ] ::1 ::1 POST /api/v1/pay/pre_order
[ log ] localhost/api/v1/pay/pre_order [运行时间：0.603611s][吞吐率：1.66req/s] [内存消耗：2,907.52kb] [文件加载：67]

---------------------------------------------------------------
[ 2018-01-13T01:52:34+08:00 ] ::1 ::1 POST /api/v1/pay/pre_order
[ log ] localhost/api/v1/pay/pre_order [运行时间：0.637549s][吞吐率：1.57req/s] [内存消耗：2,907.52kb] [文件加载：67]

---------------------------------------------------------------
[ 2018-01-13T01:52:38+08:00 ] ::1 ::1 POST /api/v1/pay/pre_order
[ log ] localhost/api/v1/pay/pre_order [运行时间：0.585449s][吞吐率：1.71req/s] [内存消耗：2,907.52kb] [文件加载：67]

---------------------------------------------------------------
[ 2018-01-13T01:52:43+08:00 ] ::1 ::1 POST /api/v1/pay/pre_order
[ log ] localhost/api/v1/pay/pre_order [运行时间：0.575688s][吞吐率：1.74req/s] [内存消耗：2,907.52kb] [文件加载：67]

---------------------------------------------------------------
[ 2018-01-13T10:41:13+08:00 ] ::1 ::1 POST /api/v1/token/verify
[ log ] localhost/api/v1/token/verify [运行时间：0.124947s][吞吐率：8.00req/s] [内存消耗：1,136.40kb] [文件加载：37]

---------------------------------------------------------------
[ 2018-01-13T10:41:15+08:00 ] ::1 ::1 GET /api/v1/priceList
[ log ] localhost/api/v1/priceList [运行时间：0.584277s][吞吐率：1.71req/s] [内存消耗：2,309.53kb] [文件加载：52]

---------------------------------------------------------------
[ 2018-01-13T10:41:15+08:00 ] ::1 ::1 POST /api/v1/token/user
[ log ] localhost/api/v1/token/user [运行时间：0.806130s][吞吐率：1.24req/s] [内存消耗：2,277.13kb] [文件加载：52]

---------------------------------------------------------------
[ 2018-01-13T10:41:15+08:00 ] ::1 ::1 POST /api/v1/token/user
[ log ] localhost/api/v1/token/user [运行时间：0.718538s][吞吐率：1.39req/s] [内存消耗：2,277.13kb] [文件加载：52]

---------------------------------------------------------------
[ 2018-01-13T10:41:16+08:00 ] ::1 ::1 GET /api/v1/getUseCount
[ log ] localhost/api/v1/getUseCount [运行时间：0.386903s][吞吐率：2.58req/s] [内存消耗：2,344.85kb] [文件加载：54]

---------------------------------------------------------------
[ 2018-01-13T10:43:52+08:00 ] ::1 ::1 POST /api/v1/token/verify
[ log ] localhost/api/v1/token/verify [运行时间：0.108900s][吞吐率：9.18req/s] [内存消耗：1,136.40kb] [文件加载：37]

---------------------------------------------------------------
[ 2018-01-13T10:43:53+08:00 ] ::1 ::1 GET /api/v1/priceList
[ log ] localhost/api/v1/priceList [运行时间：0.751920s][吞吐率：1.33req/s] [内存消耗：2,309.53kb] [文件加载：52]

---------------------------------------------------------------
[ 2018-01-13T10:43:54+08:00 ] ::1 ::1 GET /api/v1/getUseCount
[ log ] localhost/api/v1/getUseCount [运行时间：1.192392s][吞吐率：0.84req/s] [内存消耗：2,344.85kb] [文件加载：54]

---------------------------------------------------------------
[ 2018-01-13T10:44:19+08:00 ] ::1 ::1 POST /api/v1/token/verify
[ log ] localhost/api/v1/token/verify [运行时间：0.094688s][吞吐率：10.56req/s] [内存消耗：1,136.40kb] [文件加载：37]

---------------------------------------------------------------
[ 2018-01-13T10:44:20+08:00 ] ::1 ::1 GET /api/v1/getUseCount
[ log ] localhost/api/v1/getUseCount [运行时间：0.470446s][吞吐率：2.13req/s] [内存消耗：2,344.85kb] [文件加载：54]

---------------------------------------------------------------
[ 2018-01-13T10:44:20+08:00 ] ::1 ::1 GET /api/v1/priceList
[ log ] localhost/api/v1/priceList [运行时间：0.464202s][吞吐率：2.15req/s] [内存消耗：2,309.53kb] [文件加载：52]

---------------------------------------------------------------
[ 2018-01-13T10:44:25+08:00 ] ::1 ::1 POST /api/v1/token/verify
[ log ] localhost/api/v1/token/verify [运行时间：0.035336s][吞吐率：28.30req/s] [内存消耗：1,136.40kb] [文件加载：37]

---------------------------------------------------------------
[ 2018-01-13T10:44:26+08:00 ] ::1 ::1 GET /api/v1/getUseCount
[ log ] localhost/api/v1/getUseCount [运行时间：0.433110s][吞吐率：2.31req/s] [内存消耗：2,344.85kb] [文件加载：54]

---------------------------------------------------------------
[ 2018-01-13T10:44:26+08:00 ] ::1 ::1 GET /api/v1/priceList
[ log ] localhost/api/v1/priceList [运行时间：0.496249s][吞吐率：2.02req/s] [内存消耗：2,309.53kb] [文件加载：52]

---------------------------------------------------------------
[ 2018-01-13T10:48:13+08:00 ] ::1 ::1 POST /api/v1/pay/pre_order
[ log ] localhost/api/v1/pay/pre_order [运行时间：0.950163s][吞吐率：1.05req/s] [内存消耗：2,907.14kb] [文件加载：67]

---------------------------------------------------------------
[ 2018-01-13T10:54:52+08:00 ] ::1 ::1 POST /api/v1/pay/pre_order
[ log ] localhost/api/v1/pay/pre_order [运行时间：0.664444s][吞吐率：1.51req/s] [内存消耗：2,907.84kb] [文件加载：67]

---------------------------------------------------------------
[ 2018-01-13T10:55:44+08:00 ] ::1 ::1 POST /api/v1/pay/pre_order
[ log ] localhost/api/v1/pay/pre_order [运行时间：0.702948s][吞吐率：1.42req/s] [内存消耗：2,907.84kb] [文件加载：67]

---------------------------------------------------------------
[ 2018-01-13T10:55:47+08:00 ] ::1 ::1 POST /api/v1/pay/pre_order
[ log ] localhost/api/v1/pay/pre_order [运行时间：0.621807s][吞吐率：1.61req/s] [内存消耗：2,907.84kb] [文件加载：67]

---------------------------------------------------------------
[ 2018-01-13T10:55:50+08:00 ] ::1 ::1 POST /api/v1/pay/pre_order
[ log ] localhost/api/v1/pay/pre_order [运行时间：1.424900s][吞吐率：0.70req/s] [内存消耗：2,907.84kb] [文件加载：67]

---------------------------------------------------------------
[ 2018-01-13T10:55:52+08:00 ] ::1 ::1 POST /api/v1/pay/pre_order
[ log ] localhost/api/v1/pay/pre_order [运行时间：0.609887s][吞吐率：1.64req/s] [内存消耗：2,907.84kb] [文件加载：67]

---------------------------------------------------------------
[ 2018-01-13T10:55:58+08:00 ] ::1 ::1 POST /api/v1/pay/pre_order
[ log ] localhost/api/v1/pay/pre_order [运行时间：0.636830s][吞吐率：1.57req/s] [内存消耗：2,907.84kb] [文件加载：67]

---------------------------------------------------------------
[ 2018-01-13T10:55:59+08:00 ] ::1 ::1 POST /api/v1/pay/pre_order
[ log ] localhost/api/v1/pay/pre_order [运行时间：0.633554s][吞吐率：1.58req/s] [内存消耗：2,907.84kb] [文件加载：67]

---------------------------------------------------------------
[ 2018-01-13T11:02:58+08:00 ] ::1 ::1 POST /api/v1/pay/pre_order
[ log ] localhost/api/v1/pay/pre_order [运行时间：0.679821s][吞吐率：1.47req/s] [内存消耗：2,908.58kb] [文件加载：67]

---------------------------------------------------------------
[ 2018-01-13T11:22:47+08:00 ] ::1 ::1 POST /api/v1/token/verify
[ log ] localhost/api/v1/token/verify [运行时间：0.091528s][吞吐率：10.93req/s] [内存消耗：1,136.40kb] [文件加载：37]

---------------------------------------------------------------
[ 2018-01-13T11:22:49+08:00 ] ::1 ::1 GET /api/v1/priceList
[ log ] localhost/api/v1/priceList [运行时间：1.109606s][吞吐率：0.90req/s] [内存消耗：2,309.53kb] [文件加载：52]

---------------------------------------------------------------
[ 2018-01-13T11:22:50+08:00 ] ::1 ::1 POST /api/v1/token/user
[ log ] localhost/api/v1/token/user [运行时间：0.673113s][吞吐率：1.49req/s] [内存消耗：2,277.13kb] [文件加载：52]

---------------------------------------------------------------
[ 2018-01-13T11:22:50+08:00 ] ::1 ::1 POST /api/v1/token/user
[ log ] localhost/api/v1/token/user [运行时间：0.787163s][吞吐率：1.27req/s] [内存消耗：2,277.13kb] [文件加载：52]

---------------------------------------------------------------
[ 2018-01-13T11:22:50+08:00 ] ::1 ::1 GET /api/v1/getUseCount
[ log ] localhost/api/v1/getUseCount [运行时间：0.404565s][吞吐率：2.47req/s] [内存消耗：2,344.85kb] [文件加载：54]

---------------------------------------------------------------
[ 2018-01-13T11:24:48+08:00 ] ::1 ::1 POST /api/v1/token/verify
[ log ] localhost/api/v1/token/verify [运行时间：0.079140s][吞吐率：12.64req/s] [内存消耗：1,136.40kb] [文件加载：37]

---------------------------------------------------------------
[ 2018-01-13T11:24:49+08:00 ] ::1 ::1 GET /api/v1/getUseCount
[ log ] localhost/api/v1/getUseCount [运行时间：0.449370s][吞吐率：2.23req/s] [内存消耗：2,344.85kb] [文件加载：54]

---------------------------------------------------------------
[ 2018-01-13T11:24:49+08:00 ] ::1 ::1 GET /api/v1/priceList
[ log ] localhost/api/v1/priceList [运行时间：0.489450s][吞吐率：2.04req/s] [内存消耗：2,309.53kb] [文件加载：52]

---------------------------------------------------------------
[ 2018-01-13T11:26:04+08:00 ] ::1 ::1 POST /api/v1/token/verify
[ log ] localhost/api/v1/token/verify [运行时间：0.093255s][吞吐率：10.72req/s] [内存消耗：1,136.40kb] [文件加载：37]

---------------------------------------------------------------
[ 2018-01-13T11:26:05+08:00 ] ::1 ::1 GET /api/v1/getUseCount
[ log ] localhost/api/v1/getUseCount [运行时间：0.456827s][吞吐率：2.19req/s] [内存消耗：2,344.85kb] [文件加载：54]

---------------------------------------------------------------
[ 2018-01-13T11:26:05+08:00 ] ::1 ::1 GET /api/v1/priceList
[ log ] localhost/api/v1/priceList [运行时间：0.430233s][吞吐率：2.32req/s] [内存消耗：2,309.53kb] [文件加载：52]

---------------------------------------------------------------
[ 2018-01-13T11:26:20+08:00 ] ::1 ::1 POST /api/v1/token/verify
[ log ] localhost/api/v1/token/verify [运行时间：0.037864s][吞吐率：26.41req/s] [内存消耗：1,136.40kb] [文件加载：37]

---------------------------------------------------------------
[ 2018-01-13T11:26:22+08:00 ] ::1 ::1 GET /api/v1/getUseCount
[ log ] localhost/api/v1/getUseCount [运行时间：1.278254s][吞吐率：0.78req/s] [内存消耗：2,344.85kb] [文件加载：54]

---------------------------------------------------------------
[ 2018-01-13T11:26:22+08:00 ] ::1 ::1 GET /api/v1/priceList
[ log ] localhost/api/v1/priceList [运行时间：1.413672s][吞吐率：0.71req/s] [内存消耗：2,309.53kb] [文件加载：52]

---------------------------------------------------------------
