[ 2018-01-14T11:34:59+08:00 ] ::1 ::1 POST /api/v1/token/verify
[ log ] localhost/api/v1/token/verify [运行时间：0.135752s][吞吐率：7.37req/s] [内存消耗：1,138.43kb] [文件加载：37]

---------------------------------------------------------------
[ 2018-01-14T11:35:01+08:00 ] ::1 ::1 GET /api/v1/product/recent
[ log ] localhost/api/v1/product/recent [运行时间：0.460470s][吞吐率：2.17req/s] [内存消耗：2,492.93kb] [文件加载：55]

---------------------------------------------------------------
[ 2018-01-14T11:35:01+08:00 ] ::1 ::1 GET /api/v1/theme?ids=1,2,3
[ log ] localhost/api/v1/theme?ids=1,2,3 [运行时间：0.910542s][吞吐率：1.10req/s] [内存消耗：2,538.77kb] [文件加载：58]

---------------------------------------------------------------
[ 2018-01-14T11:35:02+08:00 ] ::1 ::1 GET /api/v1/banner/1
[ log ] localhost/api/v1/banner/1 [运行时间：1.241890s][吞吐率：0.81req/s] [内存消耗：2,565.20kb] [文件加载：61]

---------------------------------------------------------------
[ 2018-01-14T11:35:02+08:00 ] ::1 ::1 POST /api/v1/token/user
[ log ] localhost/api/v1/token/user [运行时间：0.947476s][吞吐率：1.06req/s] [内存消耗：2,283.07kb] [文件加载：52]

---------------------------------------------------------------
[ 2018-01-14T11:35:11+08:00 ] ::1 ::1 GET /api/v1/product/2
[ log ] localhost/api/v1/product/2 [运行时间：1.075366s][吞吐率：0.93req/s] [内存消耗：2,623.38kb] [文件加载：63]

---------------------------------------------------------------
[ 2018-01-14T12:43:57+08:00 ] ::1 ::1 GET /api/v1/getAllUser
[ log ] localhost/api/v1/getAllUser [运行时间：1.218484s][吞吐率：0.82req/s] [内存消耗：2,396.05kb] [文件加载：56]

---------------------------------------------------------------
[ 2018-01-14T12:43:57+08:00 ] ::1 ::1 GET /api/v1/product/AllInProduct
[ log ] localhost/api/v1/product/AllInProduct [运行时间：2.292422s][吞吐率：0.44req/s] [内存消耗：2,408.47kb] [文件加载：55]

---------------------------------------------------------------
[ 2018-01-14T12:44:00+08:00 ] ::1 ::1 GET /api/v1/product/AllInProduct
[ log ] localhost/api/v1/product/AllInProduct [运行时间：0.663186s][吞吐率：1.51req/s] [内存消耗：2,408.47kb] [文件加载：55]

---------------------------------------------------------------
[ 2018-01-14T12:44:02+08:00 ] ::1 ::1 GET /api/v1/theme/getAllTheme/all
[ log ] localhost/api/v1/theme/getAllTheme/all [运行时间：0.741242s][吞吐率：1.35req/s] [内存消耗：2,390.16kb] [文件加载：55]

---------------------------------------------------------------
[ 2018-01-14T12:44:05+08:00 ] ::1 ::1 GET /api/v1/banner/1
[ log ] localhost/api/v1/banner/1 [运行时间：1.102127s][吞吐率：0.91req/s] [内存消耗：2,565.37kb] [文件加载：61]

---------------------------------------------------------------
[ 2018-01-14T12:44:06+08:00 ] ::1 ::1 GET /api/v1/category/all
[ log ] localhost/api/v1/category/all [运行时间：0.750071s][吞吐率：1.33req/s] [内存消耗：2,395.42kb] [文件加载：56]

---------------------------------------------------------------
[ 2018-01-14T12:44:12+08:00 ] ::1 ::1 GET /api/v1/product/AllInProduct
[ log ] localhost/api/v1/product/AllInProduct [运行时间：2.591550s][吞吐率：0.39req/s] [内存消耗：2,408.47kb] [文件加载：55]

---------------------------------------------------------------
[ 2018-01-14T12:44:13+08:00 ] ::1 ::1 GET /api/v1/getAllUser
[ log ] localhost/api/v1/getAllUser [运行时间：1.048605s][吞吐率：0.95req/s] [内存消耗：2,396.05kb] [文件加载：56]

---------------------------------------------------------------
[ 2018-01-14T13:19:33+08:00 ] ::1 ::1 POST /api/v1/token/app
[ log ] localhost/api/v1/token/app [运行时间：0.473436s][吞吐率：2.11req/s] [内存消耗：2,268.14kb] [文件加载：51]

---------------------------------------------------------------
[ 2018-01-14T13:19:33+08:00 ] ::1 ::1 GET /api/v1/order/paginate?page=1&size=20
[ log ] localhost/api/v1/order/paginate?page=1&size=20 [运行时间：0.452991s][吞吐率：2.21req/s] [内存消耗：2,595.40kb] [文件加载：62]

---------------------------------------------------------------
[ 2018-01-14T13:19:34+08:00 ] ::1 ::1 GET /api/v1/order/paginate?page=1&size=20
[ log ] localhost/api/v1/order/paginate?page=1&size=20 [运行时间：0.380331s][吞吐率：2.63req/s] [内存消耗：2,595.57kb] [文件加载：62]

---------------------------------------------------------------
[ 2018-01-14T13:19:39+08:00 ] ::1 ::1 GET /api/v1/getAllUser
[ log ] localhost/api/v1/getAllUser [运行时间：0.914801s][吞吐率：1.09req/s] [内存消耗：2,396.05kb] [文件加载：56]

---------------------------------------------------------------
[ 2018-01-14T13:19:45+08:00 ] ::1 ::1 GET /api/v1/product/AllInProduct
[ log ] localhost/api/v1/product/AllInProduct [运行时间：0.882536s][吞吐率：1.13req/s] [内存消耗：2,408.47kb] [文件加载：55]

---------------------------------------------------------------
[ 2018-01-14T13:19:49+08:00 ] ::1 ::1 GET /api/v1/theme/getAllTheme/all
[ log ] localhost/api/v1/theme/getAllTheme/all [运行时间：0.782049s][吞吐率：1.28req/s] [内存消耗：2,390.16kb] [文件加载：55]

---------------------------------------------------------------
[ 2018-01-14T13:19:53+08:00 ] ::1 ::1 GET /api/v1/banner/1
[ log ] localhost/api/v1/banner/1 [运行时间：1.417611s][吞吐率：0.71req/s] [内存消耗：2,565.37kb] [文件加载：61]

---------------------------------------------------------------
[ 2018-01-14T13:19:56+08:00 ] ::1 ::1 GET /api/v1/category/all
[ log ] localhost/api/v1/category/all [运行时间：0.594689s][吞吐率：1.68req/s] [内存消耗：2,395.42kb] [文件加载：56]

---------------------------------------------------------------
[ 2018-01-14T13:21:23+08:00 ] ::1 ::1 GET /api/v1/getAllUser
[ log ] localhost/api/v1/getAllUser [运行时间：1.416172s][吞吐率：0.71req/s] [内存消耗：2,396.05kb] [文件加载：56]

---------------------------------------------------------------
[ 2018-01-14T13:21:24+08:00 ] ::1 ::1 GET /api/v1/product/AllInProduct
[ log ] localhost/api/v1/product/AllInProduct [运行时间：1.669047s][吞吐率：0.60req/s] [内存消耗：2,408.47kb] [文件加载：55]

---------------------------------------------------------------
[ 2018-01-14T13:21:24+08:00 ] ::1 ::1 GET /api/v1/theme/getAllTheme/all
[ log ] localhost/api/v1/theme/getAllTheme/all [运行时间：0.776589s][吞吐率：1.29req/s] [内存消耗：2,390.16kb] [文件加载：55]

---------------------------------------------------------------
[ 2018-01-14T13:21:26+08:00 ] ::1 ::1 GET /api/v1/banner/1
[ log ] localhost/api/v1/banner/1 [运行时间：1.054848s][吞吐率：0.95req/s] [内存消耗：2,565.37kb] [文件加载：61]

---------------------------------------------------------------
[ 2018-01-14T13:21:28+08:00 ] ::1 ::1 GET /api/v1/category/all
[ log ] localhost/api/v1/category/all [运行时间：0.633215s][吞吐率：1.58req/s] [内存消耗：2,395.42kb] [文件加载：56]

---------------------------------------------------------------
[ 2018-01-14T13:21:29+08:00 ] ::1 ::1 GET /api/v1/order/paginate?page=1&size=20
[ log ] localhost/api/v1/order/paginate?page=1&size=20 [运行时间：0.430096s][吞吐率：2.33req/s] [内存消耗：2,595.57kb] [文件加载：62]

---------------------------------------------------------------
[ 2018-01-14T13:35:22+08:00 ] ::1 ::1 POST /api/v1/token/app
[ log ] localhost/api/v1/token/app [运行时间：0.442928s][吞吐率：2.26req/s] [内存消耗：2,268.14kb] [文件加载：51]

---------------------------------------------------------------
[ 2018-01-14T13:35:23+08:00 ] ::1 ::1 GET /api/v1/order/paginate?page=1&size=20
[ log ] localhost/api/v1/order/paginate?page=1&size=20 [运行时间：0.528235s][吞吐率：1.89req/s] [内存消耗：2,595.40kb] [文件加载：62]

---------------------------------------------------------------
[ 2018-01-14T13:35:23+08:00 ] ::1 ::1 GET /api/v1/order/paginate?page=1&size=20
[ log ] localhost/api/v1/order/paginate?page=1&size=20 [运行时间：0.389436s][吞吐率：2.57req/s] [内存消耗：2,595.57kb] [文件加载：62]

---------------------------------------------------------------
[ 2018-01-14T13:38:03+08:00 ] ::1 ::1 GET /api/v1/order/paginate?page=1&size=20
[ log ] localhost/api/v1/order/paginate?page=1&size=20 [运行时间：0.591441s][吞吐率：1.69req/s] [内存消耗：2,595.40kb] [文件加载：62]

---------------------------------------------------------------
[ 2018-01-14T13:38:03+08:00 ] ::1 ::1 GET /api/v1/order/paginate?page=1&size=20
[ log ] localhost/api/v1/order/paginate?page=1&size=20 [运行时间：0.444876s][吞吐率：2.25req/s] [内存消耗：2,595.57kb] [文件加载：62]

---------------------------------------------------------------
[ 2018-01-14T13:38:14+08:00 ] ::1 ::1 GET /api/v1/category/all
[ log ] localhost/api/v1/category/all [运行时间：1.333957s][吞吐率：0.75req/s] [内存消耗：2,395.42kb] [文件加载：56]

---------------------------------------------------------------
[ 2018-01-14T13:45:54+08:00 ] ::1 ::1 GET /api/v1/category/all
[ log ] localhost/api/v1/category/all [运行时间：0.957847s][吞吐率：1.04req/s] [内存消耗：2,396.46kb] [文件加载：56]

---------------------------------------------------------------
[ 2018-01-14T13:46:00+08:00 ] ::1 ::1 GET /api/v1/getAllUser
[ log ] localhost/api/v1/getAllUser [运行时间：1.001747s][吞吐率：1.00req/s] [内存消耗：2,396.05kb] [文件加载：56]

---------------------------------------------------------------
[ 2018-01-14T13:46:06+08:00 ] ::1 ::1 GET /api/v1/order/paginate?page=1&size=20
[ log ] localhost/api/v1/order/paginate?page=1&size=20 [运行时间：0.528215s][吞吐率：1.89req/s] [内存消耗：2,595.40kb] [文件加载：62]

---------------------------------------------------------------
[ 2018-01-14T13:46:07+08:00 ] ::1 ::1 GET /api/v1/order/paginate?page=1&size=20
[ log ] localhost/api/v1/order/paginate?page=1&size=20 [运行时间：0.430909s][吞吐率：2.32req/s] [内存消耗：2,595.57kb] [文件加载：62]

---------------------------------------------------------------
[ 2018-01-14T13:46:09+08:00 ] ::1 ::1 GET /api/v1/getAllUser
[ log ] localhost/api/v1/getAllUser [运行时间：0.633705s][吞吐率：1.58req/s] [内存消耗：2,396.05kb] [文件加载：56]

---------------------------------------------------------------
[ 2018-01-14T13:48:54+08:00 ] ::1 ::1 POST /api/v1/token/app
[ log ] localhost/api/v1/token/app [运行时间：0.554292s][吞吐率：1.80req/s] [内存消耗：2,240.03kb] [文件加载：49]

---------------------------------------------------------------
[ 2018-01-14T13:49:00+08:00 ] ::1 ::1 POST /api/v1/token/app
[ log ] localhost/api/v1/token/app [运行时间：1.571207s][吞吐率：0.64req/s] [内存消耗：2,240.03kb] [文件加载：49]

---------------------------------------------------------------
[ 2018-01-14T13:49:00+08:00 ] ::1 ::1 POST /api/v1/token/app
[ log ] localhost/api/v1/token/app [运行时间：0.454864s][吞吐率：2.20req/s] [内存消耗：2,240.03kb] [文件加载：49]

---------------------------------------------------------------
[ 2018-01-14T13:49:33+08:00 ] ::1 ::1 POST /api/v1/token/app
[ log ] localhost/api/v1/token/app [运行时间：0.415000s][吞吐率：2.41req/s] [内存消耗：2,239.05kb] [文件加载：49]

---------------------------------------------------------------
[ 2018-01-14T13:49:35+08:00 ] ::1 ::1 POST /api/v1/token/app
[ log ] localhost/api/v1/token/app [运行时间：0.458558s][吞吐率：2.18req/s] [内存消耗：2,239.05kb] [文件加载：49]

---------------------------------------------------------------
[ 2018-01-14T13:49:36+08:00 ] ::1 ::1 POST /api/v1/token/app
[ log ] localhost/api/v1/token/app [运行时间：0.471866s][吞吐率：2.12req/s] [内存消耗：2,239.05kb] [文件加载：49]

---------------------------------------------------------------
[ 2018-01-14T13:49:43+08:00 ] ::1 ::1 POST /api/v1/token/app
[ log ] localhost/api/v1/token/app [运行时间：0.490251s][吞吐率：2.04req/s] [内存消耗：2,239.05kb] [文件加载：49]

---------------------------------------------------------------
[ 2018-01-14T13:50:13+08:00 ] ::1 ::1 POST /api/v1/token/app
[ log ] localhost/api/v1/token/app [运行时间：1.031917s][吞吐率：0.97req/s] [内存消耗：2,239.05kb] [文件加载：49]

---------------------------------------------------------------
[ 2018-01-14T13:50:22+08:00 ] ::1 ::1 POST /api/v1/token/app
[ log ] localhost/api/v1/token/app [运行时间：0.494296s][吞吐率：2.02req/s] [内存消耗：2,240.03kb] [文件加载：49]

---------------------------------------------------------------
[ 2018-01-14T13:50:36+08:00 ] ::1 ::1 GET /api/v1/order/paginate?page=1&size=20
[ log ] localhost/api/v1/order/paginate?page=1&size=20 [运行时间：2.386385s][吞吐率：0.42req/s] [内存消耗：2,595.57kb] [文件加载：62]

---------------------------------------------------------------
[ 2018-01-14T13:50:36+08:00 ] ::1 ::1 GET /api/v1/order/paginate?page=1&size=20
[ log ] localhost/api/v1/order/paginate?page=1&size=20 [运行时间：1.288086s][吞吐率：0.78req/s] [内存消耗：2,595.57kb] [文件加载：62]

---------------------------------------------------------------
[ 2018-01-14T14:24:22+08:00 ] ::1 ::1 POST /api/v1/token/app
[ log ] localhost/api/v1/token/app [运行时间：0.907959s][吞吐率：1.10req/s] [内存消耗：2,268.14kb] [文件加载：51]

---------------------------------------------------------------
[ 2018-01-14T14:24:23+08:00 ] ::1 ::1 GET /api/v1/order/paginate?page=1&size=20
[ log ] localhost/api/v1/order/paginate?page=1&size=20 [运行时间：0.480522s][吞吐率：2.08req/s] [内存消耗：2,595.40kb] [文件加载：62]

---------------------------------------------------------------
[ 2018-01-14T14:24:23+08:00 ] ::1 ::1 GET /api/v1/order/paginate?page=1&size=20
[ log ] localhost/api/v1/order/paginate?page=1&size=20 [运行时间：0.376641s][吞吐率：2.66req/s] [内存消耗：2,595.57kb] [文件加载：62]

---------------------------------------------------------------
[ 2018-01-14T14:24:31+08:00 ] ::1 ::1 GET /api/v1/order/paginate?page=1&size=20
[ log ] localhost/api/v1/order/paginate?page=1&size=20 [运行时间：0.485571s][吞吐率：2.06req/s] [内存消耗：2,595.40kb] [文件加载：62]

---------------------------------------------------------------
[ 2018-01-14T14:24:32+08:00 ] ::1 ::1 GET /api/v1/order/paginate?page=1&size=20
[ log ] localhost/api/v1/order/paginate?page=1&size=20 [运行时间：0.449548s][吞吐率：2.22req/s] [内存消耗：2,595.57kb] [文件加载：62]

---------------------------------------------------------------
[ 2018-01-14T14:24:53+08:00 ] ::1 ::1 GET /api/v1/order/paginate?page=1&size=20
[ log ] localhost/api/v1/order/paginate?page=1&size=20 [运行时间：0.899495s][吞吐率：1.11req/s] [内存消耗：2,595.57kb] [文件加载：62]

---------------------------------------------------------------
[ 2018-01-14T14:37:43+08:00 ] ::1 ::1 GET /api/v1/order/paginate?page=1&size=20
[ log ] localhost/api/v1/order/paginate?page=1&size=20 [运行时间：1.311597s][吞吐率：0.76req/s] [内存消耗：2,595.57kb] [文件加载：62]

---------------------------------------------------------------
[ 2018-01-14T14:37:45+08:00 ] ::1 ::1 GET /api/v1/category/all
[ log ] localhost/api/v1/category/all [运行时间：0.644488s][吞吐率：1.55req/s] [内存消耗：2,395.42kb] [文件加载：56]

---------------------------------------------------------------
[ 2018-01-14T14:37:47+08:00 ] ::1 ::1 GET /api/v1/banner/1
[ log ] localhost/api/v1/banner/1 [运行时间：1.066632s][吞吐率：0.94req/s] [内存消耗：2,565.37kb] [文件加载：61]

---------------------------------------------------------------
[ 2018-01-14T14:37:50+08:00 ] ::1 ::1 GET /api/v1/theme/getAllTheme/all
[ log ] localhost/api/v1/theme/getAllTheme/all [运行时间：1.541329s][吞吐率：0.65req/s] [内存消耗：2,390.16kb] [文件加载：55]

---------------------------------------------------------------
[ 2018-01-14T14:37:50+08:00 ] ::1 ::1 GET /api/v1/product/AllInProduct
[ log ] localhost/api/v1/product/AllInProduct [运行时间：0.697964s][吞吐率：1.43req/s] [内存消耗：2,408.47kb] [文件加载：55]

---------------------------------------------------------------
[ 2018-01-14T14:37:53+08:00 ] ::1 ::1 GET /api/v1/getAllUser
[ log ] localhost/api/v1/getAllUser [运行时间：0.657460s][吞吐率：1.52req/s] [内存消耗：2,396.73kb] [文件加载：56]

---------------------------------------------------------------
[ 2018-01-14T14:41:18+08:00 ] ::1 ::1 GET /api/v1/order/paginate?page=1&size=20
[ log ] localhost/api/v1/order/paginate?page=1&size=20 [运行时间：3.248893s][吞吐率：0.31req/s] [内存消耗：2,595.60kb] [文件加载：62]

---------------------------------------------------------------
[ 2018-01-14T14:41:19+08:00 ] ::1 ::1 GET /api/v1/category/all
[ log ] localhost/api/v1/category/all [运行时间：1.326561s][吞吐率：0.75req/s] [内存消耗：2,395.63kb] [文件加载：56]

---------------------------------------------------------------
[ 2018-01-14T14:41:20+08:00 ] ::1 ::1 GET /api/v1/banner/1
[ log ] localhost/api/v1/banner/1 [运行时间：2.030682s][吞吐率：0.49req/s] [内存消耗：2,565.57kb] [文件加载：61]

---------------------------------------------------------------
[ 2018-01-14T14:41:21+08:00 ] ::1 ::1 GET /api/v1/theme/getAllTheme/all
[ log ] localhost/api/v1/theme/getAllTheme/all [运行时间：1.655353s][吞吐率：0.60req/s] [内存消耗：2,390.36kb] [文件加载：55]

---------------------------------------------------------------
[ 2018-01-14T14:41:21+08:00 ] ::1 ::1 GET /api/v1/product/AllInProduct
[ log ] localhost/api/v1/product/AllInProduct [运行时间：1.230452s][吞吐率：0.81req/s] [内存消耗：2,408.67kb] [文件加载：55]

---------------------------------------------------------------
[ 2018-01-14T14:41:22+08:00 ] ::1 ::1 GET /api/v1/getAllUser
[ log ] localhost/api/v1/getAllUser [运行时间：0.889112s][吞吐率：1.12req/s] [内存消耗：2,396.94kb] [文件加载：56]

---------------------------------------------------------------
[ 2018-01-14T14:41:32+08:00 ] ::1 ::1 GET /api/v1/order/paginate?page=1&size=20
[ log ] localhost/api/v1/order/paginate?page=1&size=20 [运行时间：0.467381s][吞吐率：2.14req/s] [内存消耗：2,595.40kb] [文件加载：62]

---------------------------------------------------------------
[ 2018-01-14T14:41:32+08:00 ] ::1 ::1 GET /api/v1/order/paginate?page=1&size=20
[ log ] localhost/api/v1/order/paginate?page=1&size=20 [运行时间：0.418976s][吞吐率：2.39req/s] [内存消耗：2,595.57kb] [文件加载：62]

---------------------------------------------------------------
[ 2018-01-14T14:41:33+08:00 ] ::1 ::1 GET /api/v1/order/paginate?page=1&size=20
[ log ] localhost/api/v1/order/paginate?page=1&size=20 [运行时间：0.395543s][吞吐率：2.53req/s] [内存消耗：2,595.57kb] [文件加载：62]

---------------------------------------------------------------
[ 2018-01-14T14:41:44+08:00 ] ::1 ::1 GET /api/v1/order/paginate?page=1&size=20
[ log ] localhost/api/v1/order/paginate?page=1&size=20 [运行时间：0.436222s][吞吐率：2.29req/s] [内存消耗：2,595.40kb] [文件加载：62]

---------------------------------------------------------------
[ 2018-01-14T14:41:44+08:00 ] ::1 ::1 GET /api/v1/order/paginate?page=1&size=20
[ log ] localhost/api/v1/order/paginate?page=1&size=20 [运行时间：0.434520s][吞吐率：2.30req/s] [内存消耗：2,595.57kb] [文件加载：62]

---------------------------------------------------------------
[ 2018-01-14T14:45:59+08:00 ] ::1 ::1 GET /api/v1/order/paginate?page=1&size=20
[ log ] localhost/api/v1/order/paginate?page=1&size=20 [运行时间：0.418096s][吞吐率：2.39req/s] [内存消耗：2,595.57kb] [文件加载：62]

---------------------------------------------------------------
[ 2018-01-14T14:46:00+08:00 ] ::1 ::1 GET /api/v1/category/all
[ log ] localhost/api/v1/category/all [运行时间：0.622556s][吞吐率：1.61req/s] [内存消耗：2,395.42kb] [文件加载：56]

---------------------------------------------------------------
[ 2018-01-14T14:46:01+08:00 ] ::1 ::1 GET /api/v1/category/all
[ log ] localhost/api/v1/category/all [运行时间：0.620735s][吞吐率：1.61req/s] [内存消耗：2,395.42kb] [文件加载：56]

---------------------------------------------------------------
[ 2018-01-14T14:46:02+08:00 ] ::1 ::1 GET /api/v1/order/paginate?page=1&size=20
[ log ] localhost/api/v1/order/paginate?page=1&size=20 [运行时间：0.491530s][吞吐率：2.03req/s] [内存消耗：2,595.57kb] [文件加载：62]

---------------------------------------------------------------
[ 2018-01-14T14:46:18+08:00 ] ::1 ::1 GET /api/v1/order/paginate?page=1&size=20
[ log ] localhost/api/v1/order/paginate?page=1&size=20 [运行时间：0.481869s][吞吐率：2.08req/s] [内存消耗：2,595.57kb] [文件加载：62]

---------------------------------------------------------------
[ 2018-01-14T15:21:12+08:00 ] 127.0.0.1 127.0.0.1 POST /api/v1/token/app
[ log ] www.test.com/api/v1/token/app [运行时间：0.454688s][吞吐率：2.20req/s] [内存消耗：2,268.20kb] [文件加载：51]

---------------------------------------------------------------
[ 2018-01-14T15:21:13+08:00 ] 127.0.0.1 127.0.0.1 GET /api/v1/order/paginate?page=1&size=20
[ log ] www.test.com/api/v1/order/paginate?page=1&size=20 [运行时间：0.441064s][吞吐率：2.27req/s] [内存消耗：2,595.58kb] [文件加载：62]

---------------------------------------------------------------
[ 2018-01-14T15:21:17+08:00 ] 127.0.0.1 127.0.0.1 GET /api/v1/getAllUser
[ log ] www.test.com/api/v1/getAllUser [运行时间：0.674909s][吞吐率：1.48req/s] [内存消耗：2,396.74kb] [文件加载：56]

---------------------------------------------------------------
[ 2018-01-14T15:21:18+08:00 ] 127.0.0.1 127.0.0.1 GET /api/v1/category/all
[ log ] www.test.com/api/v1/category/all [运行时间：0.796333s][吞吐率：1.26req/s] [内存消耗：2,395.44kb] [文件加载：56]

---------------------------------------------------------------
[ 2018-01-14T15:21:21+08:00 ] 127.0.0.1 127.0.0.1 GET /api/v1/category/all
[ log ] www.test.com/api/v1/category/all [运行时间：0.614909s][吞吐率：1.63req/s] [内存消耗：2,395.44kb] [文件加载：56]

---------------------------------------------------------------
[ 2018-01-14T15:21:22+08:00 ] 127.0.0.1 127.0.0.1 GET /api/v1/order/paginate?page=1&size=20
[ log ] www.test.com/api/v1/order/paginate?page=1&size=20 [运行时间：1.140084s][吞吐率：0.88req/s] [内存消耗：2,595.58kb] [文件加载：62]

---------------------------------------------------------------
[ 2018-01-14T15:21:58+08:00 ] 127.0.0.1 127.0.0.1 GET /api/v1/order/paginate?page=1&size=20
[ log ] www.test.com/api/v1/order/paginate?page=1&size=20 [运行时间：0.460897s][吞吐率：2.17req/s] [内存消耗：2,595.67kb] [文件加载：62]

---------------------------------------------------------------
[ 2018-01-14T15:22:10+08:00 ] 127.0.0.1 127.0.0.1 GET /api/v1/order/paginate?page=1&size=20
[ log ] www.test.com/api/v1/order/paginate?page=1&size=20 [运行时间：0.533139s][吞吐率：1.88req/s] [内存消耗：2,595.67kb] [文件加载：62]

---------------------------------------------------------------
[ 2018-01-14T15:22:34+08:00 ] 127.0.0.1 127.0.0.1 GET /api/v1/getAllUser
[ log ] www.test.com/api/v1/getAllUser [运行时间：0.697534s][吞吐率：1.43req/s] [内存消耗：2,396.84kb] [文件加载：56]

---------------------------------------------------------------
[ 2018-01-14T15:22:56+08:00 ] 127.0.0.1 127.0.0.1 GET /api/v1/getAllUser
[ log ] www.test.com/api/v1/getAllUser [运行时间：0.708161s][吞吐率：1.41req/s] [内存消耗：2,396.42kb] [文件加载：56]

---------------------------------------------------------------
[ 2018-01-14T15:42:15+08:00 ] ::1 ::1 POST /api/v1/token/app
[ log ] localhost/api/v1/token/app [运行时间：0.469723s][吞吐率：2.13req/s] [内存消耗：2,268.14kb] [文件加载：51]

---------------------------------------------------------------
[ 2018-01-14T15:42:16+08:00 ] ::1 ::1 GET /api/v1/order/paginate?page=1&size=20
[ log ] localhost/api/v1/order/paginate?page=1&size=20 [运行时间：0.585800s][吞吐率：1.71req/s] [内存消耗：2,595.40kb] [文件加载：62]

---------------------------------------------------------------
[ 2018-01-14T15:42:16+08:00 ] ::1 ::1 GET /api/v1/order/paginate?page=1&size=20
[ log ] localhost/api/v1/order/paginate?page=1&size=20 [运行时间：0.423477s][吞吐率：2.36req/s] [内存消耗：2,595.57kb] [文件加载：62]

---------------------------------------------------------------
[ 2018-01-14T15:42:49+08:00 ] ::1 ::1 GET /api/v1/order/paginate?page=1&size=20
[ log ] localhost/api/v1/order/paginate?page=1&size=20 [运行时间：0.471643s][吞吐率：2.12req/s] [内存消耗：2,595.40kb] [文件加载：62]

---------------------------------------------------------------
[ 2018-01-14T15:42:49+08:00 ] ::1 ::1 GET /api/v1/order/paginate?page=1&size=20
[ log ] localhost/api/v1/order/paginate?page=1&size=20 [运行时间：0.416879s][吞吐率：2.40req/s] [内存消耗：2,595.57kb] [文件加载：62]

---------------------------------------------------------------
[ 2018-01-14T15:42:56+08:00 ] ::1 ::1 GET /api/v1/product/AllInProduct
[ log ] localhost/api/v1/product/AllInProduct [运行时间：0.720924s][吞吐率：1.39req/s] [内存消耗：2,408.47kb] [文件加载：55]

---------------------------------------------------------------
[ 2018-01-14T15:42:57+08:00 ] ::1 ::1 GET /api/v1/getAllUser
[ log ] localhost/api/v1/getAllUser [运行时间：0.714104s][吞吐率：1.40req/s] [内存消耗：2,396.73kb] [文件加载：56]

---------------------------------------------------------------
[ 2018-01-14T15:43:05+08:00 ] ::1 ::1 GET /api/v1/order/paginate?page=1&size=20
[ log ] localhost/api/v1/order/paginate?page=1&size=20 [运行时间：0.473518s][吞吐率：2.11req/s] [内存消耗：2,595.57kb] [文件加载：62]

---------------------------------------------------------------
[ 2018-01-14T19:42:52+08:00 ] ::1 ::1 GET /api/v1/category/all
[ log ] localhost/api/v1/category/all [运行时间：0.653070s][吞吐率：1.53req/s] [内存消耗：2,395.42kb] [文件加载：56]

---------------------------------------------------------------
[ 2018-01-14T19:42:57+08:00 ] ::1 ::1 GET /api/v1/banner/1
[ log ] localhost/api/v1/banner/1 [运行时间：1.012356s][吞吐率：0.99req/s] [内存消耗：2,565.37kb] [文件加载：61]

---------------------------------------------------------------
[ 2018-01-14T19:42:59+08:00 ] ::1 ::1 GET /api/v1/theme/getAllTheme/all
[ log ] localhost/api/v1/theme/getAllTheme/all [运行时间：1.112093s][吞吐率：0.90req/s] [内存消耗：2,390.16kb] [文件加载：55]

---------------------------------------------------------------
[ 2018-01-14T19:43:03+08:00 ] ::1 ::1 GET /api/v1/product/AllInProduct
[ log ] localhost/api/v1/product/AllInProduct [运行时间：1.226763s][吞吐率：0.82req/s] [内存消耗：2,408.48kb] [文件加载：55]

---------------------------------------------------------------
[ 2018-01-14T19:43:04+08:00 ] ::1 ::1 GET /api/v1/getAllUser
[ log ] localhost/api/v1/getAllUser [运行时间：0.629158s][吞吐率：1.59req/s] [内存消耗：2,391.72kb] [文件加载：56]

---------------------------------------------------------------
[ 2018-01-14T19:43:08+08:00 ] ::1 ::1 GET /api/v1/getAllUser
[ log ] localhost/api/v1/getAllUser [运行时间：0.677136s][吞吐率：1.48req/s] [内存消耗：2,391.72kb] [文件加载：56]

---------------------------------------------------------------
[ 2018-01-14T19:43:18+08:00 ] ::1 ::1 GET /api/v1/getAllUser
[ log ] localhost/api/v1/getAllUser [运行时间：1.195013s][吞吐率：0.84req/s] [内存消耗：2,391.72kb] [文件加载：56]

---------------------------------------------------------------
[ 2018-01-14T19:43:19+08:00 ] ::1 ::1 GET /api/v1/getAllUser
[ log ] localhost/api/v1/getAllUser [运行时间：0.632115s][吞吐率：1.58req/s] [内存消耗：2,391.72kb] [文件加载：56]

---------------------------------------------------------------
[ 2018-01-14T19:43:22+08:00 ] ::1 ::1 GET /api/v1/getAllUser
[ log ] localhost/api/v1/getAllUser [运行时间：0.597322s][吞吐率：1.67req/s] [内存消耗：2,391.72kb] [文件加载：56]

---------------------------------------------------------------
[ 2018-01-14T19:43:26+08:00 ] ::1 ::1 GET /api/v1/category/all
[ log ] localhost/api/v1/category/all [运行时间：1.829948s][吞吐率：0.55req/s] [内存消耗：2,395.42kb] [文件加载：56]

---------------------------------------------------------------
[ 2018-01-14T19:43:26+08:00 ] ::1 ::1 GET /api/v1/banner/1
[ log ] localhost/api/v1/banner/1 [运行时间：1.127500s][吞吐率：0.89req/s] [内存消耗：2,565.37kb] [文件加载：61]

---------------------------------------------------------------
[ 2018-01-14T19:43:27+08:00 ] ::1 ::1 GET /api/v1/theme/getAllTheme/all
[ log ] localhost/api/v1/theme/getAllTheme/all [运行时间：1.067974s][吞吐率：0.94req/s] [内存消耗：2,390.16kb] [文件加载：55]

---------------------------------------------------------------
[ 2018-01-14T19:43:28+08:00 ] ::1 ::1 GET /api/v1/product/AllInProduct
[ log ] localhost/api/v1/product/AllInProduct [运行时间：0.638856s][吞吐率：1.57req/s] [内存消耗：2,408.48kb] [文件加载：55]

---------------------------------------------------------------
[ 2018-01-14T19:43:35+08:00 ] ::1 ::1 GET /api/v1/theme/getAllTheme/all
[ log ] localhost/api/v1/theme/getAllTheme/all [运行时间：0.743499s][吞吐率：1.34req/s] [内存消耗：2,390.16kb] [文件加载：55]

---------------------------------------------------------------
[ 2018-01-14T19:43:37+08:00 ] ::1 ::1 GET /api/v1/banner/1
[ log ] localhost/api/v1/banner/1 [运行时间：0.993581s][吞吐率：1.01req/s] [内存消耗：2,565.37kb] [文件加载：61]

---------------------------------------------------------------
[ 2018-01-14T19:50:18+08:00 ] ::1 ::1 GET /api/v1/category/all
[ log ] localhost/api/v1/category/all [运行时间：0.677290s][吞吐率：1.48req/s] [内存消耗：2,395.42kb] [文件加载：56]

---------------------------------------------------------------
[ 2018-01-14T19:50:18+08:00 ] ::1 ::1 GET /api/v1/category/all
[ log ] localhost/api/v1/category/all [运行时间：0.630954s][吞吐率：1.58req/s] [内存消耗：2,395.42kb] [文件加载：56]

---------------------------------------------------------------
[ 2018-01-14T19:50:20+08:00 ] ::1 ::1 GET /api/v1/banner/1
[ log ] localhost/api/v1/banner/1 [运行时间：0.991280s][吞吐率：1.01req/s] [内存消耗：2,565.37kb] [文件加载：61]

---------------------------------------------------------------
[ 2018-01-14T19:50:20+08:00 ] ::1 ::1 GET /api/v1/banner/1
[ log ] localhost/api/v1/banner/1 [运行时间：1.035754s][吞吐率：0.97req/s] [内存消耗：2,565.37kb] [文件加载：61]

---------------------------------------------------------------
[ 2018-01-14T19:50:40+08:00 ] ::1 ::1 POST /api/v1/token/app
[ log ] localhost/api/v1/token/app [运行时间：0.703030s][吞吐率：1.42req/s] [内存消耗：2,268.13kb] [文件加载：51]

---------------------------------------------------------------
[ 2018-01-14T19:50:40+08:00 ] ::1 ::1 GET /api/v1/order/paginate?page=1&size=20
[ log ] localhost/api/v1/order/paginate?page=1&size=20 [运行时间：0.402988s][吞吐率：2.48req/s] [内存消耗：2,593.15kb] [文件加载：62]

---------------------------------------------------------------
[ 2018-01-14T19:50:41+08:00 ] ::1 ::1 GET /api/v1/order/paginate?page=1&size=20
[ log ] localhost/api/v1/order/paginate?page=1&size=20 [运行时间：0.425560s][吞吐率：2.35req/s] [内存消耗：2,593.20kb] [文件加载：62]

---------------------------------------------------------------
[ 2018-01-14T19:50:45+08:00 ] ::1 ::1 GET /api/v1/category/all
[ log ] localhost/api/v1/category/all [运行时间：0.667238s][吞吐率：1.50req/s] [内存消耗：2,395.42kb] [文件加载：56]

---------------------------------------------------------------
[ 2018-01-14T19:50:49+08:00 ] ::1 ::1 GET /api/v1/banner/1
[ log ] localhost/api/v1/banner/1 [运行时间：1.719116s][吞吐率：0.58req/s] [内存消耗：2,565.37kb] [文件加载：61]

---------------------------------------------------------------
[ 2018-01-14T19:50:50+08:00 ] ::1 ::1 GET /api/v1/theme/getAllTheme/all
[ log ] localhost/api/v1/theme/getAllTheme/all [运行时间：0.794181s][吞吐率：1.26req/s] [内存消耗：2,390.16kb] [文件加载：55]

---------------------------------------------------------------
[ 2018-01-14T19:50:50+08:00 ] ::1 ::1 GET /api/v1/product/AllInProduct
[ log ] localhost/api/v1/product/AllInProduct [运行时间：0.571111s][吞吐率：1.75req/s] [内存消耗：2,408.48kb] [文件加载：55]

---------------------------------------------------------------
[ 2018-01-14T19:50:56+08:00 ] ::1 ::1 GET /api/v1/getAllUser
[ log ] localhost/api/v1/getAllUser [运行时间：2.591634s][吞吐率：0.39req/s] [内存消耗：2,391.72kb] [文件加载：56]

---------------------------------------------------------------
[ 2018-01-14T19:50:57+08:00 ] ::1 ::1 GET /api/v1/getAllUser
[ log ] localhost/api/v1/getAllUser [运行时间：0.687698s][吞吐率：1.45req/s] [内存消耗：2,391.72kb] [文件加载：56]

---------------------------------------------------------------
[ 2018-01-14T21:20:07+08:00 ] ::1 ::1 GET /api/v1/banner/1
[ log ] localhost:8888/api/v1/banner/1 [运行时间：2.269992s][吞吐率：0.44req/s] [内存消耗：2,567.52kb] [文件加载：61]

---------------------------------------------------------------
[ 2018-01-14T21:21:40+08:00 ] ::1 ::1 GET /api/v1/banner/1
[ log ] localhost:8888/api/v1/banner/1 [运行时间：1.066943s][吞吐率：0.94req/s] [内存消耗：2,568.08kb] [文件加载：61]

---------------------------------------------------------------
[ 2018-01-14T21:26:01+08:00 ] ::1 ::1 POST /api/v1/token/app
[ log ] localhost:8888/api/v1/token/app [运行时间：0.547406s][吞吐率：1.83req/s] [内存消耗：2,269.33kb] [文件加载：51]

---------------------------------------------------------------
[ 2018-01-14T21:26:02+08:00 ] ::1 ::1 GET /api/v1/order/paginate?page=1&size=20
[ log ] localhost:8888/api/v1/order/paginate?page=1&size=20 [运行时间：0.449055s][吞吐率：2.23req/s] [内存消耗：2,594.26kb] [文件加载：62]

---------------------------------------------------------------
[ 2018-01-14T21:26:02+08:00 ] ::1 ::1 GET /api/v1/order/paginate?page=1&size=20
[ log ] localhost:8888/api/v1/order/paginate?page=1&size=20 [运行时间：0.538030s][吞吐率：1.86req/s] [内存消耗：2,594.30kb] [文件加载：62]

---------------------------------------------------------------
[ 2018-01-14T21:26:04+08:00 ] ::1 ::1 GET /api/v1/order/paginate?page=1&size=20
[ log ] localhost:8888/api/v1/order/paginate?page=1&size=20 [运行时间：1.027093s][吞吐率：0.97req/s] [内存消耗：2,594.30kb] [文件加载：62]

---------------------------------------------------------------
[ 2018-01-14T21:26:04+08:00 ] ::1 ::1 GET /api/v1/category/all
[ log ] localhost:8888/api/v1/category/all [运行时间：0.737591s][吞吐率：1.36req/s] [内存消耗：2,396.54kb] [文件加载：56]

---------------------------------------------------------------
[ 2018-01-14T21:26:05+08:00 ] ::1 ::1 GET /api/v1/banner/1
[ log ] localhost:8888/api/v1/banner/1 [运行时间：1.046636s][吞吐率：0.96req/s] [内存消耗：2,566.48kb] [文件加载：61]

---------------------------------------------------------------
[ 2018-01-14T21:26:06+08:00 ] ::1 ::1 GET /api/v1/theme/getAllTheme/all
[ log ] localhost:8888/api/v1/theme/getAllTheme/all [运行时间：0.826688s][吞吐率：1.21req/s] [内存消耗：2,391.28kb] [文件加载：55]

---------------------------------------------------------------
[ 2018-01-14T21:26:07+08:00 ] ::1 ::1 GET /api/v1/product/AllInProduct
[ log ] localhost:8888/api/v1/product/AllInProduct [运行时间：0.792510s][吞吐率：1.26req/s] [内存消耗：2,409.61kb] [文件加载：55]

---------------------------------------------------------------
[ 2018-01-14T21:26:08+08:00 ] ::1 ::1 GET /api/v1/getAllUser
[ log ] localhost:8888/api/v1/getAllUser [运行时间：0.713844s][吞吐率：1.40req/s] [内存消耗：2,392.84kb] [文件加载：56]

---------------------------------------------------------------
[ 2018-01-14T21:26:12+08:00 ] ::1 ::1 GET /api/v1/getAllUser
[ log ] localhost:8888/api/v1/getAllUser [运行时间：1.659714s][吞吐率：0.60req/s] [内存消耗：2,392.84kb] [文件加载：56]

---------------------------------------------------------------
[ 2018-01-14T21:26:12+08:00 ] ::1 ::1 GET /api/v1/order/paginate?page=1&size=20
[ log ] localhost:8888/api/v1/order/paginate?page=1&size=20 [运行时间：0.421783s][吞吐率：2.37req/s] [内存消耗：2,594.30kb] [文件加载：62]

---------------------------------------------------------------
[ 2018-01-14T21:26:20+08:00 ] ::1 ::1 GET /api/v1/product/AllInProduct
[ log ] localhost:8888/api/v1/product/AllInProduct [运行时间：1.120766s][吞吐率：0.89req/s] [内存消耗：2,409.61kb] [文件加载：55]

---------------------------------------------------------------
[ 2018-01-14T21:26:21+08:00 ] ::1 ::1 GET /api/v1/theme/getAllTheme/all
[ log ] localhost:8888/api/v1/theme/getAllTheme/all [运行时间：0.974342s][吞吐率：1.03req/s] [内存消耗：2,391.28kb] [文件加载：55]

---------------------------------------------------------------
[ 2018-01-14T21:26:22+08:00 ] ::1 ::1 GET /api/v1/banner/1
[ log ] localhost:8888/api/v1/banner/1 [运行时间：1.001310s][吞吐率：1.00req/s] [内存消耗：2,566.48kb] [文件加载：61]

---------------------------------------------------------------
[ 2018-01-14T21:26:23+08:00 ] ::1 ::1 GET /api/v1/order/paginate?page=1&size=20
[ log ] localhost:8888/api/v1/order/paginate?page=1&size=20 [运行时间：0.421652s][吞吐率：2.37req/s] [内存消耗：2,594.30kb] [文件加载：62]

---------------------------------------------------------------
[ 2018-01-14T21:26:35+08:00 ] ::1 ::1 GET /api/v1/category/all
[ log ] localhost:8888/api/v1/category/all [运行时间：0.657574s][吞吐率：1.52req/s] [内存消耗：2,396.54kb] [文件加载：56]

---------------------------------------------------------------
[ 2018-01-14T21:26:40+08:00 ] ::1 ::1 GET /api/v1/product/AllInProduct
[ log ] localhost:8888/api/v1/product/AllInProduct [运行时间：0.722891s][吞吐率：1.38req/s] [内存消耗：2,409.61kb] [文件加载：55]

---------------------------------------------------------------
[ 2018-01-14T21:26:50+08:00 ] ::1 ::1 POST /api/v1/product/deletepro
[ log ] localhost:8888/api/v1/product/deletepro [运行时间：1.357873s][吞吐率：0.74req/s] [内存消耗：2,361.55kb] [文件加载：54]

---------------------------------------------------------------
[ 2018-01-14T21:26:50+08:00 ] ::1 ::1 GET /api/v1/product/AllInProduct
[ log ] localhost:8888/api/v1/product/AllInProduct [运行时间：0.676758s][吞吐率：1.48req/s] [内存消耗：2,408.76kb] [文件加载：55]

---------------------------------------------------------------
[ 2018-01-14T21:27:06+08:00 ] ::1 ::1 POST /api/v1/product/deletepro
[ log ] localhost:8888/api/v1/product/deletepro [运行时间：0.591273s][吞吐率：1.69req/s] [内存消耗：2,361.55kb] [文件加载：54]

---------------------------------------------------------------
[ 2018-01-14T21:27:06+08:00 ] ::1 ::1 GET /api/v1/product/AllInProduct
[ log ] localhost:8888/api/v1/product/AllInProduct [运行时间：0.717387s][吞吐率：1.39req/s] [内存消耗：2,408.09kb] [文件加载：55]

---------------------------------------------------------------
[ 2018-01-14T21:27:15+08:00 ] ::1 ::1 POST /api/v1/product/deletepro
[ log ] localhost:8888/api/v1/product/deletepro [运行时间：0.591389s][吞吐率：1.69req/s] [内存消耗：2,361.55kb] [文件加载：54]

---------------------------------------------------------------
[ 2018-01-14T21:27:15+08:00 ] ::1 ::1 GET /api/v1/product/AllInProduct
[ log ] localhost:8888/api/v1/product/AllInProduct [运行时间：0.736821s][吞吐率：1.36req/s] [内存消耗：2,407.55kb] [文件加载：55]

---------------------------------------------------------------
[ 2018-01-14T21:27:20+08:00 ] ::1 ::1 POST /api/v1/product/deletepro
[ log ] localhost:8888/api/v1/product/deletepro [运行时间：1.150706s][吞吐率：0.87req/s] [内存消耗：2,361.55kb] [文件加载：54]

---------------------------------------------------------------
[ 2018-01-14T21:27:21+08:00 ] ::1 ::1 GET /api/v1/product/AllInProduct
[ log ] localhost:8888/api/v1/product/AllInProduct [运行时间：0.746749s][吞吐率：1.34req/s] [内存消耗：2,406.77kb] [文件加载：55]

---------------------------------------------------------------
[ 2018-01-14T21:27:24+08:00 ] ::1 ::1 POST /api/v1/product/deletepro
[ log ] localhost:8888/api/v1/product/deletepro [运行时间：0.582207s][吞吐率：1.72req/s] [内存消耗：2,361.55kb] [文件加载：54]

---------------------------------------------------------------
[ 2018-01-14T21:27:26+08:00 ] ::1 ::1 GET /api/v1/product/AllInProduct
[ log ] localhost:8888/api/v1/product/AllInProduct [运行时间：1.688280s][吞吐率：0.59req/s] [内存消耗：2,406.23kb] [文件加载：55]

---------------------------------------------------------------
[ 2018-01-14T21:27:29+08:00 ] ::1 ::1 POST /api/v1/product/deletepro
[ log ] localhost:8888/api/v1/product/deletepro [运行时间：0.496979s][吞吐率：2.01req/s] [内存消耗：2,361.55kb] [文件加载：54]

---------------------------------------------------------------
[ 2018-01-14T21:27:29+08:00 ] ::1 ::1 GET /api/v1/product/AllInProduct
[ log ] localhost:8888/api/v1/product/AllInProduct [运行时间：0.643214s][吞吐率：1.55req/s] [内存消耗：2,405.50kb] [文件加载：55]

---------------------------------------------------------------
[ 2018-01-14T21:27:32+08:00 ] ::1 ::1 POST /api/v1/product/deletepro
[ log ] localhost:8888/api/v1/product/deletepro [运行时间：0.519461s][吞吐率：1.93req/s] [内存消耗：2,361.55kb] [文件加载：54]

---------------------------------------------------------------
[ 2018-01-14T21:27:33+08:00 ] ::1 ::1 GET /api/v1/product/AllInProduct
[ log ] localhost:8888/api/v1/product/AllInProduct [运行时间：0.629536s][吞吐率：1.59req/s] [内存消耗：2,404.96kb] [文件加载：55]

---------------------------------------------------------------
[ 2018-01-14T21:27:35+08:00 ] ::1 ::1 POST /api/v1/product/deletepro
[ log ] localhost:8888/api/v1/product/deletepro [运行时间：0.646736s][吞吐率：1.55req/s] [内存消耗：2,361.55kb] [文件加载：54]

---------------------------------------------------------------
[ 2018-01-14T21:27:36+08:00 ] ::1 ::1 GET /api/v1/product/AllInProduct
[ log ] localhost:8888/api/v1/product/AllInProduct [运行时间：0.607323s][吞吐率：1.65req/s] [内存消耗：2,404.30kb] [文件加载：55]

---------------------------------------------------------------
[ 2018-01-14T21:27:39+08:00 ] ::1 ::1 POST /api/v1/product/deletepro
[ log ] localhost:8888/api/v1/product/deletepro [运行时间：0.609884s][吞吐率：1.64req/s] [内存消耗：2,361.55kb] [文件加载：54]

---------------------------------------------------------------
[ 2018-01-14T21:27:40+08:00 ] ::1 ::1 GET /api/v1/product/AllInProduct
[ log ] localhost:8888/api/v1/product/AllInProduct [运行时间：0.707847s][吞吐率：1.41req/s] [内存消耗：2,403.70kb] [文件加载：55]

---------------------------------------------------------------
[ 2018-01-14T21:27:44+08:00 ] ::1 ::1 POST /api/v1/product/deletepro
[ log ] localhost:8888/api/v1/product/deletepro [运行时间：0.613183s][吞吐率：1.63req/s] [内存消耗：2,361.55kb] [文件加载：54]

---------------------------------------------------------------
[ 2018-01-14T21:27:45+08:00 ] ::1 ::1 GET /api/v1/product/AllInProduct
[ log ] localhost:8888/api/v1/product/AllInProduct [运行时间：0.971880s][吞吐率：1.03req/s] [内存消耗：2,403.09kb] [文件加载：55]

---------------------------------------------------------------
[ 2018-01-14T21:27:47+08:00 ] ::1 ::1 POST /api/v1/product/deletepro
[ log ] localhost:8888/api/v1/product/deletepro [运行时间：0.701102s][吞吐率：1.43req/s] [内存消耗：2,361.55kb] [文件加载：54]

---------------------------------------------------------------
[ 2018-01-14T21:27:48+08:00 ] ::1 ::1 GET /api/v1/product/AllInProduct
[ log ] localhost:8888/api/v1/product/AllInProduct [运行时间：0.696218s][吞吐率：1.44req/s] [内存消耗：2,400.62kb] [文件加载：55]

---------------------------------------------------------------
[ 2018-01-14T21:27:51+08:00 ] ::1 ::1 POST /api/v1/product/deletepro
[ log ] localhost:8888/api/v1/product/deletepro [运行时间：0.742334s][吞吐率：1.35req/s] [内存消耗：2,361.55kb] [文件加载：54]

---------------------------------------------------------------
[ 2018-01-14T21:27:51+08:00 ] ::1 ::1 GET /api/v1/product/AllInProduct
[ log ] localhost:8888/api/v1/product/AllInProduct [运行时间：0.712363s][吞吐率：1.40req/s] [内存消耗：2,399.95kb] [文件加载：55]

---------------------------------------------------------------
[ 2018-01-14T21:27:55+08:00 ] ::1 ::1 POST /api/v1/product/deletepro
[ log ] localhost:8888/api/v1/product/deletepro [运行时间：0.544890s][吞吐率：1.84req/s] [内存消耗：2,361.55kb] [文件加载：54]

---------------------------------------------------------------
[ 2018-01-14T21:27:56+08:00 ] ::1 ::1 GET /api/v1/product/AllInProduct
[ log ] localhost:8888/api/v1/product/AllInProduct [运行时间：0.629490s][吞吐率：1.59req/s] [内存消耗：2,399.41kb] [文件加载：55]

---------------------------------------------------------------
[ 2018-01-14T21:28:24+08:00 ] ::1 ::1 GET /api/v1/order/paginate?page=1&size=20
[ log ] localhost:8888/api/v1/order/paginate?page=1&size=20 [运行时间：0.846226s][吞吐率：1.18req/s] [内存消耗：2,594.26kb] [文件加载：62]

---------------------------------------------------------------
[ 2018-01-14T21:28:24+08:00 ] ::1 ::1 GET /api/v1/order/paginate?page=1&size=20
[ log ] localhost:8888/api/v1/order/paginate?page=1&size=20 [运行时间：0.550045s][吞吐率：1.82req/s] [内存消耗：2,594.30kb] [文件加载：62]

---------------------------------------------------------------
[ 2018-01-14T21:28:28+08:00 ] ::1 ::1 GET /api/v1/product/AllInProduct
[ log ] localhost:8888/api/v1/product/AllInProduct [运行时间：1.800766s][吞吐率：0.56req/s] [内存消耗：2,399.41kb] [文件加载：55]

---------------------------------------------------------------
