[ 2018-01-19T13:15:45+08:00 ] ::1 ::1 POST /api/v1/token/app
[ log ] localhost:8888/api/v1/token/app [运行时间：2.708868s][吞吐率：0.37req/s] [内存消耗：2,277.46kb] [文件加载：51]

---------------------------------------------------------------
[ 2018-01-19T13:15:46+08:00 ] ::1 ::1 POST /api/v1/token/app
[ log ] localhost:8888/api/v1/token/app [运行时间：1.140689s][吞吐率：0.88req/s] [内存消耗：2,277.46kb] [文件加载：51]

---------------------------------------------------------------
[ 2018-01-19T13:15:46+08:00 ] ::1 ::1 GET /api/v1/order/paginate?page=1&size=20
[ log ] localhost:8888/api/v1/order/paginate?page=1&size=20 [运行时间：0.533593s][吞吐率：1.87req/s] [内存消耗：2,607.56kb] [文件加载：62]

---------------------------------------------------------------
[ 2018-01-19T13:15:47+08:00 ] ::1 ::1 GET /api/v1/order/paginate?page=1&size=20
[ log ] localhost:8888/api/v1/order/paginate?page=1&size=20 [运行时间：0.990842s][吞吐率：1.01req/s] [内存消耗：2,607.61kb] [文件加载：62]

---------------------------------------------------------------
[ 2018-01-19T13:15:49+08:00 ] ::1 ::1 GET /api/v1/order/paginate?page=1&size=20
[ log ] localhost:8888/api/v1/order/paginate?page=1&size=20 [运行时间：1.699480s][吞吐率：0.59req/s] [内存消耗：2,607.61kb] [文件加载：62]

---------------------------------------------------------------
[ 2018-01-19T13:15:50+08:00 ] ::1 ::1 GET /api/v1/order/paginate?page=1&size=20
[ log ] localhost:8888/api/v1/order/paginate?page=1&size=20 [运行时间：1.403500s][吞吐率：0.71req/s] [内存消耗：2,607.61kb] [文件加载：62]

---------------------------------------------------------------
[ 2018-01-19T13:15:56+08:00 ] ::1 ::1 GET /api/v1/product/AllInProduct
[ log ] localhost:8888/api/v1/product/AllInProduct [运行时间：1.278732s][吞吐率：0.78req/s] [内存消耗：2,401.25kb] [文件加载：55]

---------------------------------------------------------------
[ 2018-01-19T13:16:00+08:00 ] ::1 ::1 GET /api/v1/getAllUser
[ log ] localhost:8888/api/v1/getAllUser [运行时间：0.557152s][吞吐率：1.79req/s] [内存消耗：2,407.52kb] [文件加载：56]

---------------------------------------------------------------
[ 2018-01-19T13:16:07+08:00 ] ::1 ::1 GET /api/v1/theme/getAllTheme/all
[ log ] localhost:8888/api/v1/theme/getAllTheme/all [运行时间：0.675853s][吞吐率：1.48req/s] [内存消耗：2,398.95kb] [文件加载：55]

---------------------------------------------------------------
[ 2018-01-19T13:16:09+08:00 ] ::1 ::1 GET /api/v1/banner/1
[ log ] localhost:8888/api/v1/banner/1 [运行时间：1.369776s][吞吐率：0.73req/s] [内存消耗：2,574.55kb] [文件加载：61]

---------------------------------------------------------------
[ 2018-01-19T13:16:10+08:00 ] ::1 ::1 GET /api/v1/category/all
[ log ] localhost:8888/api/v1/category/all [运行时间：1.084815s][吞吐率：0.92req/s] [内存消耗：2,404.29kb] [文件加载：56]

---------------------------------------------------------------
[ 2018-01-19T13:16:13+08:00 ] ::1 ::1 GET /api/v1/banner/1
[ log ] localhost:8888/api/v1/banner/1 [运行时间：0.802168s][吞吐率：1.25req/s] [内存消耗：2,574.55kb] [文件加载：61]

---------------------------------------------------------------
[ 2018-01-19T13:16:15+08:00 ] ::1 ::1 GET /api/v1/product/AllInProduct
[ log ] localhost:8888/api/v1/product/AllInProduct [运行时间：0.533388s][吞吐率：1.87req/s] [内存消耗：2,401.25kb] [文件加载：55]

---------------------------------------------------------------
[ 2018-01-19T13:16:23+08:00 ] ::1 ::1 GET /api/v1/product/AllInProduct
[ log ] localhost:8888/api/v1/product/AllInProduct [运行时间：0.522912s][吞吐率：1.91req/s] [内存消耗：2,401.25kb] [文件加载：55]

---------------------------------------------------------------
[ 2018-01-19T13:16:30+08:00 ] ::1 ::1 GET /api/v1/order/paginate?page=1&size=20
[ log ] localhost:8888/api/v1/order/paginate?page=1&size=20 [运行时间：0.496239s][吞吐率：2.02req/s] [内存消耗：2,607.56kb] [文件加载：62]

---------------------------------------------------------------
[ 2018-01-19T13:16:31+08:00 ] ::1 ::1 GET /api/v1/order/paginate?page=1&size=20
[ log ] localhost:8888/api/v1/order/paginate?page=1&size=20 [运行时间：0.405223s][吞吐率：2.47req/s] [内存消耗：2,607.61kb] [文件加载：62]

---------------------------------------------------------------
[ 2018-01-19T13:17:19+08:00 ] ::1 ::1 GET /api/v1/order/paginate?page=1&size=20
[ log ] localhost:8888/api/v1/order/paginate?page=1&size=20 [运行时间：2.137168s][吞吐率：0.47req/s] [内存消耗：2,607.56kb] [文件加载：62]

---------------------------------------------------------------
[ 2018-01-19T13:17:20+08:00 ] ::1 ::1 GET /api/v1/order/paginate?page=1&size=20
[ log ] localhost:8888/api/v1/order/paginate?page=1&size=20 [运行时间：0.735534s][吞吐率：1.36req/s] [内存消耗：2,607.61kb] [文件加载：62]

---------------------------------------------------------------
[ 2018-01-19T13:17:21+08:00 ] ::1 ::1 GET /api/v1/order/paginate?page=1&size=20
[ log ] localhost:8888/api/v1/order/paginate?page=1&size=20 [运行时间：0.402075s][吞吐率：2.49req/s] [内存消耗：2,607.61kb] [文件加载：62]

---------------------------------------------------------------
[ 2018-01-19T13:25:28+08:00 ] ::1 ::1 GET /api/v1/order/paginate?page=1&size=20
[ log ] localhost:8888/api/v1/order/paginate?page=1&size=20 [运行时间：0.423127s][吞吐率：2.36req/s] [内存消耗：2,607.56kb] [文件加载：62]

---------------------------------------------------------------
[ 2018-01-19T13:25:28+08:00 ] ::1 ::1 GET /api/v1/banner/1
[ log ] localhost:8888/api/v1/banner/1 [运行时间：0.977289s][吞吐率：1.02req/s] [内存消耗：2,574.55kb] [文件加载：61]

---------------------------------------------------------------
[ 2018-01-19T13:26:05+08:00 ] ::1 ::1 GET /api/v1/order/paginate?page=1&size=20
[ log ] localhost:8888/api/v1/order/paginate?page=1&size=20 [运行时间：0.678715s][吞吐率：1.47req/s] [内存消耗：2,607.61kb] [文件加载：62]

---------------------------------------------------------------
[ 2018-01-19T13:26:06+08:00 ] ::1 ::1 GET /api/v1/category/all
[ log ] localhost:8888/api/v1/category/all [运行时间：0.635879s][吞吐率：1.57req/s] [内存消耗：2,404.29kb] [文件加载：56]

---------------------------------------------------------------
[ 2018-01-19T13:26:07+08:00 ] ::1 ::1 GET /api/v1/order/paginate?page=1&size=20
[ log ] localhost:8888/api/v1/order/paginate?page=1&size=20 [运行时间：0.419909s][吞吐率：2.38req/s] [内存消耗：2,607.61kb] [文件加载：62]

---------------------------------------------------------------
[ 2018-01-19T13:26:08+08:00 ] ::1 ::1 GET /api/v1/category/all
[ log ] localhost:8888/api/v1/category/all [运行时间：0.627805s][吞吐率：1.59req/s] [内存消耗：2,404.29kb] [文件加载：56]

---------------------------------------------------------------
[ 2018-01-19T13:26:09+08:00 ] ::1 ::1 GET /api/v1/order/paginate?page=1&size=20
[ log ] localhost:8888/api/v1/order/paginate?page=1&size=20 [运行时间：0.976159s][吞吐率：1.02req/s] [内存消耗：2,607.61kb] [文件加载：62]

---------------------------------------------------------------
[ 2018-01-19T14:16:38+08:00 ] ::1 ::1 POST /api/v1/token/app
[ log ] localhost:8888/api/v1/token/app [运行时间：0.515276s][吞吐率：1.94req/s] [内存消耗：2,277.27kb] [文件加载：51]

---------------------------------------------------------------
[ 2018-01-19T14:16:39+08:00 ] ::1 ::1 GET /api/v1/order/paginate?page=1&size=20
[ log ] localhost:8888/api/v1/order/paginate?page=1&size=20 [运行时间：1.340942s][吞吐率：0.75req/s] [内存消耗：2,607.39kb] [文件加载：62]

---------------------------------------------------------------
[ 2018-01-19T14:16:41+08:00 ] ::1 ::1 GET /api/v1/order/paginate?page=1&size=20
[ log ] localhost:8888/api/v1/order/paginate?page=1&size=20 [运行时间：1.044437s][吞吐率：0.96req/s] [内存消耗：2,607.44kb] [文件加载：62]

---------------------------------------------------------------
[ 2018-01-19T14:16:54+08:00 ] ::1 ::1 GET /api/v1/product/AllInProduct
[ log ] localhost:8888/api/v1/product/AllInProduct [运行时间：0.657037s][吞吐率：1.52req/s] [内存消耗：2,401.20kb] [文件加载：55]

---------------------------------------------------------------
[ 2018-01-19T14:16:57+08:00 ] ::1 ::1 GET /api/v1/getAllUser
[ log ] localhost:8888/api/v1/getAllUser [运行时间：0.592280s][吞吐率：1.69req/s] [内存消耗：2,407.35kb] [文件加载：56]

---------------------------------------------------------------
[ 2018-01-19T14:17:01+08:00 ] ::1 ::1 GET /api/v1/order/paginate?page=1&size=20
[ log ] localhost:8888/api/v1/order/paginate?page=1&size=20 [运行时间：0.357945s][吞吐率：2.79req/s] [内存消耗：2,607.44kb] [文件加载：62]

---------------------------------------------------------------
[ 2018-01-19T14:17:04+08:00 ] ::1 ::1 GET /api/v1/category/all
[ log ] localhost:8888/api/v1/category/all [运行时间：0.564194s][吞吐率：1.77req/s] [内存消耗：2,404.24kb] [文件加载：56]

---------------------------------------------------------------
[ 2018-01-19T14:17:06+08:00 ] ::1 ::1 GET /api/v1/banner/1
[ log ] localhost:8888/api/v1/banner/1 [运行时间：0.835509s][吞吐率：1.20req/s] [内存消耗：2,574.38kb] [文件加载：61]

---------------------------------------------------------------
[ 2018-01-19T14:17:07+08:00 ] ::1 ::1 GET /api/v1/theme/getAllTheme/all
[ log ] localhost:8888/api/v1/theme/getAllTheme/all [运行时间：0.735858s][吞吐率：1.36req/s] [内存消耗：2,398.77kb] [文件加载：55]

---------------------------------------------------------------
[ 2018-01-19T14:17:43+08:00 ] ::1 ::1 GET /api/v1/order/paginate?page=1&size=20
[ log ] localhost:8888/api/v1/order/paginate?page=1&size=20 [运行时间：0.399757s][吞吐率：2.50req/s] [内存消耗：2,607.44kb] [文件加载：62]

---------------------------------------------------------------
[ 2018-01-19T14:56:36+08:00 ] ::1 ::1 GET /api/v1/order/paginate?page=1&size=20
[ log ] localhost:8888/api/v1/order/paginate?page=1&size=20 [运行时间：4.851475s][吞吐率：0.21req/s] [内存消耗：2,607.44kb] [文件加载：62]

---------------------------------------------------------------
[ 2018-01-19T14:56:37+08:00 ] ::1 ::1 GET /api/v1/order/paginate?page=1&size=20
[ log ] localhost:8888/api/v1/order/paginate?page=1&size=20 [运行时间：1.599584s][吞吐率：0.63req/s] [内存消耗：2,607.44kb] [文件加载：62]

---------------------------------------------------------------
[ 2018-01-19T14:56:38+08:00 ] ::1 ::1 GET /api/v1/theme/getAllTheme/all
[ log ] localhost:8888/api/v1/theme/getAllTheme/all [运行时间：1.152746s][吞吐率：0.87req/s] [内存消耗：2,398.77kb] [文件加载：55]

---------------------------------------------------------------
[ 2018-01-19T14:56:38+08:00 ] ::1 ::1 GET /api/v1/banner/1
[ log ] localhost:8888/api/v1/banner/1 [运行时间：1.457871s][吞吐率：0.69req/s] [内存消耗：2,574.38kb] [文件加载：61]

---------------------------------------------------------------
[ 2018-01-19T14:56:38+08:00 ] ::1 ::1 GET /api/v1/product/AllInProduct
[ log ] localhost:8888/api/v1/product/AllInProduct [运行时间：0.677966s][吞吐率：1.48req/s] [内存消耗：2,401.20kb] [文件加载：55]

---------------------------------------------------------------
[ 2018-01-19T14:56:39+08:00 ] ::1 ::1 GET /api/v1/getAllUser
[ log ] localhost:8888/api/v1/getAllUser [运行时间：0.542660s][吞吐率：1.84req/s] [内存消耗：2,407.35kb] [文件加载：56]

---------------------------------------------------------------
[ 2018-01-19T15:40:12+08:00 ] ::1 ::1 POST /api/v1/token/app
[ log ] localhost:8888/api/v1/token/app [运行时间：0.386491s][吞吐率：2.59req/s] [内存消耗：2,277.32kb] [文件加载：51]

---------------------------------------------------------------
[ 2018-01-19T15:40:13+08:00 ] ::1 ::1 GET /api/v1/order/paginate?page=1&size=20
[ log ] localhost:8888/api/v1/order/paginate?page=1&size=20 [运行时间：1.456924s][吞吐率：0.69req/s] [内存消耗：2,607.56kb] [文件加载：62]

---------------------------------------------------------------
[ 2018-01-19T15:40:14+08:00 ] ::1 ::1 GET /api/v1/order/paginate?page=1&size=20
[ log ] localhost:8888/api/v1/order/paginate?page=1&size=20 [运行时间：0.470632s][吞吐率：2.12req/s] [内存消耗：2,607.56kb] [文件加载：62]

---------------------------------------------------------------
[ 2018-01-19T15:40:20+08:00 ] ::1 ::1 GET /api/v1/category/all
[ log ] localhost:8888/api/v1/category/all [运行时间：0.550952s][吞吐率：1.82req/s] [内存消耗：2,404.24kb] [文件加载：56]

---------------------------------------------------------------
[ 2018-01-19T15:40:25+08:00 ] ::1 ::1 GET /api/v1/product/AllInProduct
[ log ] localhost:8888/api/v1/product/AllInProduct [运行时间：1.281716s][吞吐率：0.78req/s] [内存消耗：2,401.20kb] [文件加载：55]

---------------------------------------------------------------
[ 2018-01-19T15:40:29+08:00 ] ::1 ::1 GET /api/v1/order/paginate?page=1&size=20
[ log ] localhost:8888/api/v1/order/paginate?page=1&size=20 [运行时间：0.418429s][吞吐率：2.39req/s] [内存消耗：2,607.56kb] [文件加载：62]

---------------------------------------------------------------
[ 2018-01-19T15:40:32+08:00 ] ::1 ::1 GET /api/v1/category/all
[ log ] localhost:8888/api/v1/category/all [运行时间：2.197976s][吞吐率：0.45req/s] [内存消耗：2,404.24kb] [文件加载：56]

---------------------------------------------------------------
[ 2018-01-19T15:40:35+08:00 ] ::1 ::1 GET /api/v1/banner/1
[ log ] localhost:8888/api/v1/banner/1 [运行时间：0.786524s][吞吐率：1.27req/s] [内存消耗：2,574.51kb] [文件加载：61]

---------------------------------------------------------------
[ 2018-01-19T15:40:36+08:00 ] ::1 ::1 GET /api/v1/theme/getAllTheme/all
[ log ] localhost:8888/api/v1/theme/getAllTheme/all [运行时间：0.661579s][吞吐率：1.51req/s] [内存消耗：2,398.90kb] [文件加载：55]

---------------------------------------------------------------
[ 2018-01-19T15:40:36+08:00 ] ::1 ::1 GET /api/v1/product/AllInProduct
[ log ] localhost:8888/api/v1/product/AllInProduct [运行时间：0.552847s][吞吐率：1.81req/s] [内存消耗：2,401.20kb] [文件加载：55]

---------------------------------------------------------------
[ 2018-01-19T15:40:40+08:00 ] ::1 ::1 GET /api/v1/getAllUser
[ log ] localhost:8888/api/v1/getAllUser [运行时间：2.520777s][吞吐率：0.40req/s] [内存消耗：2,407.48kb] [文件加载：56]

---------------------------------------------------------------
[ 2018-01-19T15:48:46+08:00 ] ::1 ::1 GET /api/v1/order/paginate?page=1&size=20
[ log ] localhost:8888/api/v1/order/paginate?page=1&size=20 [运行时间：0.460933s][吞吐率：2.17req/s] [内存消耗：2,607.56kb] [文件加载：62]

---------------------------------------------------------------
[ 2018-01-19T15:48:46+08:00 ] ::1 ::1 GET /api/v1/order/paginate?page=1&size=20
[ log ] localhost:8888/api/v1/order/paginate?page=1&size=20 [运行时间：0.350917s][吞吐率：2.85req/s] [内存消耗：2,607.56kb] [文件加载：62]

---------------------------------------------------------------
[ 2018-01-19T15:49:18+08:00 ] ::1 ::1 GET /api/v1/category/all
[ log ] localhost:8888/api/v1/category/all [运行时间：0.706092s][吞吐率：1.42req/s] [内存消耗：2,404.24kb] [文件加载：56]

---------------------------------------------------------------
[ 2018-01-19T15:49:22+08:00 ] ::1 ::1 GET /api/v1/order/paginate?page=1&size=20
[ log ] localhost:8888/api/v1/order/paginate?page=1&size=20 [运行时间：0.969484s][吞吐率：1.03req/s] [内存消耗：2,607.56kb] [文件加载：62]

---------------------------------------------------------------
[ 2018-01-19T15:49:23+08:00 ] ::1 ::1 GET /api/v1/order/paginate?page=1&size=20
[ log ] localhost:8888/api/v1/order/paginate?page=1&size=20 [运行时间：0.830135s][吞吐率：1.20req/s] [内存消耗：2,607.56kb] [文件加载：62]

---------------------------------------------------------------
[ 2018-01-19T15:49:23+08:00 ] ::1 ::1 GET /api/v1/order/paginate?page=1&size=20
[ log ] localhost:8888/api/v1/order/paginate?page=1&size=20 [运行时间：0.537891s][吞吐率：1.86req/s] [内存消耗：2,607.56kb] [文件加载：62]

---------------------------------------------------------------
[ 2018-01-19T15:49:50+08:00 ] ::1 ::1 GET /api/v1/order/paginate?page=1&size=20
[ log ] localhost:8888/api/v1/order/paginate?page=1&size=20 [运行时间：0.441893s][吞吐率：2.26req/s] [内存消耗：2,607.56kb] [文件加载：62]

---------------------------------------------------------------
[ 2018-01-19T15:49:50+08:00 ] ::1 ::1 GET /api/v1/order/paginate?page=1&size=20
[ log ] localhost:8888/api/v1/order/paginate?page=1&size=20 [运行时间：0.393609s][吞吐率：2.54req/s] [内存消耗：2,607.56kb] [文件加载：62]

---------------------------------------------------------------
[ 2018-01-19T15:53:43+08:00 ] ::1 ::1 GET /api/v1/order/paginate?page=1&size=20
[ log ] localhost:8888/api/v1/order/paginate?page=1&size=20 [运行时间：0.441191s][吞吐率：2.27req/s] [内存消耗：2,607.56kb] [文件加载：62]

---------------------------------------------------------------
[ 2018-01-19T15:53:43+08:00 ] ::1 ::1 GET /api/v1/order/paginate?page=1&size=20
[ log ] localhost:8888/api/v1/order/paginate?page=1&size=20 [运行时间：0.403932s][吞吐率：2.48req/s] [内存消耗：2,607.56kb] [文件加载：62]

---------------------------------------------------------------
[ 2018-01-19T15:54:12+08:00 ] ::1 ::1 GET /api/v1/order/paginate?page=1&size=20
[ log ] localhost:8888/api/v1/order/paginate?page=1&size=20 [运行时间：0.439972s][吞吐率：2.27req/s] [内存消耗：2,607.56kb] [文件加载：62]

---------------------------------------------------------------
[ 2018-01-19T15:54:12+08:00 ] ::1 ::1 GET /api/v1/order/paginate?page=1&size=20
[ log ] localhost:8888/api/v1/order/paginate?page=1&size=20 [运行时间：0.382343s][吞吐率：2.62req/s] [内存消耗：2,607.56kb] [文件加载：62]

---------------------------------------------------------------
