[ 2017-09-13T00:20:45+08:00 ] ::1 ::1 GET /api/v1/banner/1
[ log ] www.test.com/api/v1/banner/1 [运行时间：0.168914s][吞吐率：5.92req/s] [内存消耗：3,750.94kb] [文件加载：61]

---------------------------------------------------------------
[ 2017-09-13T00:25:25+08:00 ] ::1 ::1 GET /api/v1/theme?ids=1,2,3
[ log ] www.test.com/api/v1/theme?ids=1,2,3 [运行时间：0.305558s][吞吐率：3.27req/s] [内存消耗：3,669.20kb] [文件加载：58]

---------------------------------------------------------------
[ 2017-09-13T00:25:25+08:00 ] ::1 ::1 GET /api/v1/product/recent
[ log ] www.test.com/api/v1/product/recent [运行时间：0.204296s][吞吐率：4.89req/s] [内存消耗：3,532.90kb] [文件加载：54]

---------------------------------------------------------------
[ 2017-09-13T00:25:25+08:00 ] ::1 ::1 GET /api/v1/banner/1
[ log ] www.test.com/api/v1/banner/1 [运行时间：0.339234s][吞吐率：2.95req/s] [内存消耗：3,750.98kb] [文件加载：61]

---------------------------------------------------------------
[ 2017-09-13T00:25:26+08:00 ] ::1 ::1 POST /api/v1/token/user
[ log ] www.test.com/api/v1/token/user [运行时间：1.117136s][吞吐率：0.90req/s] [内存消耗：3,221.69kb] [文件加载：52]

---------------------------------------------------------------
[ 2017-09-13T00:25:29+08:00 ] ::1 ::1 GET /api/v1/order/by_user?page=1
[ log ] www.test.com/api/v1/order/by_user?page=1 [运行时间：0.249858s][吞吐率：4.00req/s] [内存消耗：3,767.46kb] [文件加载：62]

---------------------------------------------------------------
[ 2017-09-13T00:25:29+08:00 ] ::1 ::1 GET /api/v1/address
[ log ] www.test.com/api/v1/address [运行时间：0.262585s][吞吐率：3.81req/s] [内存消耗：3,306.34kb] [文件加载：55]

---------------------------------------------------------------
[ 2017-09-13T00:25:36+08:00 ] ::1 ::1 POST /api/v1/token/verify
[ log ] www.test.com/api/v1/token/verify [运行时间：0.092262s][吞吐率：10.84req/s] [内存消耗：1,576.00kb] [文件加载：37]

---------------------------------------------------------------
[ 2017-09-13T00:25:37+08:00 ] ::1 ::1 GET /api/v1/banner/1
[ log ] www.test.com/api/v1/banner/1 [运行时间：0.182538s][吞吐率：5.48req/s] [内存消耗：3,750.72kb] [文件加载：61]

---------------------------------------------------------------
[ 2017-09-13T00:25:37+08:00 ] ::1 ::1 GET /api/v1/theme?ids=1,2,3
[ log ] www.test.com/api/v1/theme?ids=1,2,3 [运行时间：0.164271s][吞吐率：6.09req/s] [内存消耗：3,669.18kb] [文件加载：58]

---------------------------------------------------------------
[ 2017-09-13T00:25:37+08:00 ] ::1 ::1 GET /api/v1/product/recent
[ log ] www.test.com/api/v1/product/recent [运行时间：0.163880s][吞吐率：6.10req/s] [内存消耗：3,532.94kb] [文件加载：54]

---------------------------------------------------------------
[ 2017-09-13T00:25:38+08:00 ] ::1 ::1 GET /api/v1/order/by_user?page=1
[ log ] www.test.com/api/v1/order/by_user?page=1 [运行时间：0.128012s][吞吐率：7.81req/s] [内存消耗：3,767.46kb] [文件加载：62]

---------------------------------------------------------------
[ 2017-09-13T00:25:38+08:00 ] ::1 ::1 GET /api/v1/address
[ log ] www.test.com/api/v1/address [运行时间：0.210029s][吞吐率：4.76req/s] [内存消耗：3,306.34kb] [文件加载：55]

---------------------------------------------------------------
[ 2017-09-13T00:26:02+08:00 ] ::1 ::1 GET /api/v1/category/all
[ log ] www.test.com/api/v1/category/all [运行时间：0.364468s][吞吐率：2.74req/s] [内存消耗：3,394.75kb] [文件加载：56]

---------------------------------------------------------------
[ 2017-09-13T00:26:03+08:00 ] ::1 ::1 GET /api/v1/product/by_category?id=2
[ log ] www.test.com/api/v1/product/by_category?id=2 [运行时间：0.131703s][吞吐率：7.59req/s] [内存消耗：3,531.43kb] [文件加载：54]

---------------------------------------------------------------
[ 2017-09-13T10:00:35+08:00 ] ::1 ::1 POST /api/v1/token/verify
[ log ] www.test.com/api/v1/token/verify [运行时间：0.125240s][吞吐率：7.98req/s] [内存消耗：1,576.02kb] [文件加载：37]

---------------------------------------------------------------
[ 2017-09-13T10:00:36+08:00 ] ::1 ::1 GET /api/v1/product/recent
[ log ] www.test.com/api/v1/product/recent [运行时间：0.232141s][吞吐率：4.31req/s] [内存消耗：3,532.94kb] [文件加载：54]

---------------------------------------------------------------
[ 2017-09-13T10:00:36+08:00 ] ::1 ::1 GET /api/v1/theme?ids=1,2,3
[ log ] www.test.com/api/v1/theme?ids=1,2,3 [运行时间：0.340812s][吞吐率：2.93req/s] [内存消耗：3,669.18kb] [文件加载：58]

---------------------------------------------------------------
[ 2017-09-13T10:00:36+08:00 ] ::1 ::1 GET /api/v1/banner/1
[ log ] www.test.com/api/v1/banner/1 [运行时间：0.483777s][吞吐率：2.07req/s] [内存消耗：3,750.72kb] [文件加载：61]

---------------------------------------------------------------
[ 2017-09-13T10:00:36+08:00 ] ::1 ::1 POST /api/v1/token/user
[ log ] www.test.com/api/v1/token/user [运行时间：0.835918s][吞吐率：1.20req/s] [内存消耗：3,221.73kb] [文件加载：52]

---------------------------------------------------------------
[ 2017-09-13T10:00:38+08:00 ] ::1 ::1 GET /api/v1/order/by_user?page=1
[ log ] www.test.com/api/v1/order/by_user?page=1 [运行时间：0.117940s][吞吐率：8.48req/s] [内存消耗：3,767.34kb] [文件加载：62]

---------------------------------------------------------------
[ 2017-09-13T10:00:39+08:00 ] ::1 ::1 GET /api/v1/address
[ log ] www.test.com/api/v1/address [运行时间：0.132589s][吞吐率：7.54req/s] [内存消耗：3,306.45kb] [文件加载：55]

---------------------------------------------------------------
[ 2017-09-13T10:01:16+08:00 ] ::1 ::1 POST /api/v1/pay/pre_order
[ log ] www.test.com/api/v1/pay/pre_order [运行时间：0.223277s][吞吐率：4.48req/s] [内存消耗：4,341.25kb] [文件加载：69]

---------------------------------------------------------------
[ 2017-09-13T10:10:19+08:00 ] ::1 ::1 GET /api/v1/category/all
[ log ] www.test.com/api/v1/category/all [运行时间：0.295630s][吞吐率：3.38req/s] [内存消耗：3,394.75kb] [文件加载：56]

---------------------------------------------------------------
[ 2017-09-13T10:10:19+08:00 ] ::1 ::1 GET /api/v1/product/by_category?id=2
[ log ] www.test.com/api/v1/product/by_category?id=2 [运行时间：0.137594s][吞吐率：7.27req/s] [内存消耗：3,531.43kb] [文件加载：54]

---------------------------------------------------------------
[ 2017-09-13T10:10:20+08:00 ] ::1 ::1 GET /api/v1/product/8
[ log ] www.test.com/api/v1/product/8 [运行时间：0.409991s][吞吐率：2.44req/s] [内存消耗：3,806.18kb] [文件加载：61]

---------------------------------------------------------------
[ 2017-09-13T13:29:12+08:00 ] 127.0.0.1 127.0.0.1 POST /api/v1/pay/notify
[ log ] www.test.com/api/v1/pay/notify [运行时间：0.105354s][吞吐率：9.49req/s] [内存消耗：2,394.12kb] [文件加载：50]
[ error ] 回调地址
[ error ] [2]simplexml_load_string(): Entity: line 1: parser error : Start tag expected, '&lt;' not found[/Users/michael/Desktop/Zerg/extend/WxPay/WxPay.Data.php:86]

---------------------------------------------------------------
[ 2017-09-13T16:43:15+08:00 ] 127.0.0.1 127.0.0.1 POST /api/v1/pay/notify
[ log ] www.test.com/api/v1/pay/notify [运行时间：0.077402s][吞吐率：12.92req/s] [内存消耗：1,814.39kb] [文件加载：40]

---------------------------------------------------------------
[ 2017-09-13T22:53:09+08:00 ] ::1 ::1 POST /api/v1/token/app
[ log ] www.test.com/api/v1/token/app [运行时间：0.246355s][吞吐率：4.06req/s] [内存消耗：3,202.70kb] [文件加载：51]

---------------------------------------------------------------
[ 2017-09-13T22:53:09+08:00 ] ::1 ::1 GET /api/v1/order/paginate?page=1&size=20
[ log ] www.test.com/api/v1/order/paginate?page=1&size=20 [运行时间：0.223116s][吞吐率：4.48req/s] [内存消耗：3,759.32kb] [文件加载：62]

---------------------------------------------------------------
[ 2017-09-13T22:53:32+08:00 ] ::1 ::1 GET /api/v1/order/paginate?page=2&size=20
[ log ] www.test.com/api/v1/order/paginate?page=2&size=20 [运行时间：0.056734s][吞吐率：17.63req/s] [内存消耗：3,756.79kb] [文件加载：62]

---------------------------------------------------------------
[ 2017-09-13T22:55:04+08:00 ] ::1 ::1 POST /api/v1/token/app
[ log ] www.test.com/api/v1/token/app [运行时间：0.058475s][吞吐率：17.10req/s] [内存消耗：3,202.70kb] [文件加载：51]

---------------------------------------------------------------
