[ 2017-09-15T00:13:48+08:00 ] 127.0.0.1 127.0.0.1 GET /api/v1/getAllUser
[ log ] www.test.com/api/v1/getAllUser [运行时间：0.164369s][吞吐率：6.08req/s] [内存消耗：3,147.66kb] [文件加载：49]

---------------------------------------------------------------
[ 2017-09-15T00:13:52+08:00 ] 127.0.0.1 127.0.0.1 GET /api/v1/getAllUser
[ log ] www.test.com/api/v1/getAllUser [运行时间：0.074234s][吞吐率：13.47req/s] [内存消耗：3,147.66kb] [文件加载：49]

---------------------------------------------------------------
[ 2017-09-15T00:16:43+08:00 ] 127.0.0.1 127.0.0.1 GET /api/v1/getAllUser
[ log ] www.test.com/api/v1/getAllUser [运行时间：0.140925s][吞吐率：7.10req/s] [内存消耗：3,161.09kb] [文件加载：50]

---------------------------------------------------------------
[ 2017-09-15T00:17:12+08:00 ] 127.0.0.1 127.0.0.1 GET /api/v1/getAllUser
[ log ] www.test.com/api/v1/getAllUser [运行时间：0.088571s][吞吐率：11.29req/s] [内存消耗：3,174.75kb] [文件加载：50]

---------------------------------------------------------------
[ 2017-09-15T00:17:58+08:00 ] 127.0.0.1 127.0.0.1 GET /api/v1/getAllUser
[ log ] www.test.com/api/v1/getAllUser [运行时间：0.088209s][吞吐率：11.34req/s] [内存消耗：3,174.75kb] [文件加载：50]

---------------------------------------------------------------
[ 2017-09-15T00:18:14+08:00 ] 127.0.0.1 127.0.0.1 GET /api/v1/getAllUser
[ log ] www.test.com/api/v1/getAllUser [运行时间：0.114277s][吞吐率：8.75req/s] [内存消耗：3,273.33kb] [文件加载：52]

---------------------------------------------------------------
[ 2017-09-15T00:18:25+08:00 ] 127.0.0.1 127.0.0.1 GET /api/v1/getAllUser
[ log ] www.test.com/api/v1/getAllUser [运行时间：0.064417s][吞吐率：15.52req/s] [内存消耗：3,235.33kb] [文件加载：52]

---------------------------------------------------------------
[ 2017-09-15T08:16:04+08:00 ] 127.0.0.1 127.0.0.1 GET /api/v1/getAllUser
[ log ] www.test.com/api/v1/getAllUser [运行时间：0.209312s][吞吐率：4.78req/s] [内存消耗：3,235.33kb] [文件加载：52]

---------------------------------------------------------------
[ 2017-09-15T08:17:27+08:00 ] ::1 ::1 POST /api/v1/token/app
[ log ] www.test.com/api/v1/token/app [运行时间：0.115277s][吞吐率：8.67req/s] [内存消耗：3,206.13kb] [文件加载：51]

---------------------------------------------------------------
[ 2017-09-15T08:17:27+08:00 ] ::1 ::1 GET /api/v1/order/paginate?page=1&size=20
[ log ] www.test.com/api/v1/order/paginate?page=1&size=20 [运行时间：0.250766s][吞吐率：3.99req/s] [内存消耗：3,762.62kb] [文件加载：62]

---------------------------------------------------------------
[ 2017-09-15T08:19:36+08:00 ] ::1 ::1 GET /api/v1/getAllUser
[ log ] www.test.com/api/v1/getAllUser [运行时间：0.115679s][吞吐率：8.64req/s] [内存消耗：3,236.14kb] [文件加载：52]

---------------------------------------------------------------
[ 2017-09-15T08:19:39+08:00 ] ::1 ::1 GET /api/v1/getAllUser
[ log ] www.test.com/api/v1/getAllUser [运行时间：0.077346s][吞吐率：12.93req/s] [内存消耗：3,236.14kb] [文件加载：52]

---------------------------------------------------------------
[ 2017-09-15T08:19:48+08:00 ] ::1 ::1 GET /api/v1/getAllUser
[ log ] www.test.com/api/v1/getAllUser [运行时间：0.135200s][吞吐率：7.40req/s] [内存消耗：3,236.14kb] [文件加载：52]

---------------------------------------------------------------
[ 2017-09-15T08:23:10+08:00 ] ::1 ::1 GET /api/v1/getAllUser
[ log ] www.test.com/api/v1/getAllUser [运行时间：0.232071s][吞吐率：4.31req/s] [内存消耗：3,236.14kb] [文件加载：52]

---------------------------------------------------------------
[ 2017-09-15T08:23:11+08:00 ] ::1 ::1 GET /api/v1/getAllUser
[ log ] www.test.com/api/v1/getAllUser [运行时间：0.142288s][吞吐率：7.03req/s] [内存消耗：3,236.14kb] [文件加载：52]

---------------------------------------------------------------
[ 2017-09-15T08:23:13+08:00 ] ::1 ::1 GET /api/v1/order/paginate?page=2&size=20
[ log ] www.test.com/api/v1/order/paginate?page=2&size=20 [运行时间：0.064321s][吞吐率：15.55req/s] [内存消耗：3,760.34kb] [文件加载：62]

---------------------------------------------------------------
[ 2017-09-15T08:23:35+08:00 ] ::1 ::1 GET /api/v1/getAllUser
[ log ] www.test.com/api/v1/getAllUser [运行时间：0.258237s][吞吐率：3.87req/s] [内存消耗：3,236.14kb] [文件加载：52]

---------------------------------------------------------------
[ 2017-09-15T08:24:57+08:00 ] ::1 ::1 GET /api/v1/getAllUser
[ log ] www.test.com/api/v1/getAllUser [运行时间：0.187078s][吞吐率：5.35req/s] [内存消耗：3,236.14kb] [文件加载：52]

---------------------------------------------------------------
[ 2017-09-15T08:25:54+08:00 ] ::1 ::1 GET /api/v1/getAllUser
[ log ] www.test.com/api/v1/getAllUser [运行时间：0.206289s][吞吐率：4.85req/s] [内存消耗：3,236.14kb] [文件加载：52]

---------------------------------------------------------------
[ 2017-09-15T08:25:56+08:00 ] ::1 ::1 GET /api/v1/getAllUser
[ log ] www.test.com/api/v1/getAllUser [运行时间：0.088421s][吞吐率：11.31req/s] [内存消耗：3,236.14kb] [文件加载：52]

---------------------------------------------------------------
[ 2017-09-15T08:26:38+08:00 ] ::1 ::1 GET /api/v1/getAllUser
[ log ] www.test.com/api/v1/getAllUser [运行时间：0.136497s][吞吐率：7.33req/s] [内存消耗：3,236.14kb] [文件加载：52]

---------------------------------------------------------------
[ 2017-09-15T08:27:27+08:00 ] ::1 ::1 GET /api/v1/getAllUser
[ log ] www.test.com/api/v1/getAllUser [运行时间：0.069564s][吞吐率：14.38req/s] [内存消耗：3,236.14kb] [文件加载：52]

---------------------------------------------------------------
[ 2017-09-15T08:28:30+08:00 ] ::1 ::1 GET /api/v1/getAllUser
[ log ] www.test.com/api/v1/getAllUser [运行时间：0.095228s][吞吐率：10.50req/s] [内存消耗：3,236.14kb] [文件加载：52]

---------------------------------------------------------------
[ 2017-09-15T08:28:43+08:00 ] ::1 ::1 GET /api/v1/order/paginate?page=2&size=20
[ log ] www.test.com/api/v1/order/paginate?page=2&size=20 [运行时间：0.082858s][吞吐率：12.07req/s] [内存消耗：3,760.34kb] [文件加载：62]

---------------------------------------------------------------
[ 2017-09-15T08:47:03+08:00 ] ::1 ::1 GET /api/v1/getAllUser
[ log ] www.test.com/api/v1/getAllUser [运行时间：0.356658s][吞吐率：2.80req/s] [内存消耗：3,236.14kb] [文件加载：52]

---------------------------------------------------------------
[ 2017-09-15T08:47:03+08:00 ] ::1 ::1 GET /api/v1/order/paginate?page=1&size=20
[ log ] www.test.com/api/v1/order/paginate?page=1&size=20 [运行时间：0.478968s][吞吐率：2.09req/s] [内存消耗：3,762.85kb] [文件加载：62]

---------------------------------------------------------------
[ 2017-09-15T08:47:10+08:00 ] ::1 ::1 GET /api/v1/getAllUser
[ log ] www.test.com/api/v1/getAllUser [运行时间：0.101580s][吞吐率：9.84req/s] [内存消耗：3,236.14kb] [文件加载：52]

---------------------------------------------------------------
[ 2017-09-15T08:47:10+08:00 ] ::1 ::1 GET /api/v1/order/paginate?page=1&size=20
[ log ] www.test.com/api/v1/order/paginate?page=1&size=20 [运行时间：0.114279s][吞吐率：8.75req/s] [内存消耗：3,762.85kb] [文件加载：62]

---------------------------------------------------------------
[ 2017-09-15T08:49:56+08:00 ] ::1 ::1 GET /api/v1/getAllUser
[ log ] www.test.com/api/v1/getAllUser [运行时间：0.231629s][吞吐率：4.32req/s] [内存消耗：3,236.14kb] [文件加载：52]

---------------------------------------------------------------
[ 2017-09-15T08:49:56+08:00 ] ::1 ::1 GET /api/v1/order/paginate?page=1&size=20
[ log ] www.test.com/api/v1/order/paginate?page=1&size=20 [运行时间：0.258425s][吞吐率：3.87req/s] [内存消耗：3,762.85kb] [文件加载：62]

---------------------------------------------------------------
[ 2017-09-15T08:49:59+08:00 ] ::1 ::1 GET /api/v1/getAllUser
[ log ] www.test.com/api/v1/getAllUser [运行时间：0.078046s][吞吐率：12.81req/s] [内存消耗：3,236.14kb] [文件加载：52]

---------------------------------------------------------------
[ 2017-09-15T08:49:59+08:00 ] ::1 ::1 GET /api/v1/order/paginate?page=1&size=20
[ log ] www.test.com/api/v1/order/paginate?page=1&size=20 [运行时间：0.091409s][吞吐率：10.94req/s] [内存消耗：3,762.85kb] [文件加载：62]

---------------------------------------------------------------
[ 2017-09-15T08:51:01+08:00 ] ::1 ::1 GET /api/v1/getAllUser
[ log ] www.test.com/api/v1/getAllUser [运行时间：0.102144s][吞吐率：9.79req/s] [内存消耗：3,236.14kb] [文件加载：52]

---------------------------------------------------------------
[ 2017-09-15T08:51:01+08:00 ] ::1 ::1 GET /api/v1/order/paginate?page=1&size=20
[ log ] www.test.com/api/v1/order/paginate?page=1&size=20 [运行时间：0.174248s][吞吐率：5.74req/s] [内存消耗：3,762.85kb] [文件加载：62]

---------------------------------------------------------------
[ 2017-09-15T08:51:45+08:00 ] ::1 ::1 GET /api/v1/getAllUser
[ log ] www.test.com/api/v1/getAllUser [运行时间：0.124080s][吞吐率：8.06req/s] [内存消耗：3,236.14kb] [文件加载：52]

---------------------------------------------------------------
[ 2017-09-15T08:51:45+08:00 ] ::1 ::1 GET /api/v1/order/paginate?page=1&size=20
[ log ] www.test.com/api/v1/order/paginate?page=1&size=20 [运行时间：0.369355s][吞吐率：2.71req/s] [内存消耗：3,762.85kb] [文件加载：62]

---------------------------------------------------------------
[ 2017-09-15T08:52:02+08:00 ] ::1 ::1 POST /api/v1/token/app
[ log ] www.test.com/api/v1/token/app [运行时间：0.087360s][吞吐率：11.45req/s] [内存消耗：3,206.13kb] [文件加载：51]

---------------------------------------------------------------
[ 2017-09-15T08:52:02+08:00 ] ::1 ::1 GET /api/v1/getAllUser
[ log ] www.test.com/api/v1/getAllUser [运行时间：0.091799s][吞吐率：10.89req/s] [内存消耗：3,235.76kb] [文件加载：52]

---------------------------------------------------------------
[ 2017-09-15T08:52:02+08:00 ] ::1 ::1 GET /api/v1/order/paginate?page=1&size=20
[ log ] www.test.com/api/v1/order/paginate?page=1&size=20 [运行时间：0.108749s][吞吐率：9.20req/s] [内存消耗：3,762.62kb] [文件加载：62]

---------------------------------------------------------------
[ 2017-09-15T08:52:21+08:00 ] ::1 ::1 GET /api/v1/order/paginate?page=1&size=20
[ log ] www.test.com/api/v1/order/paginate?page=1&size=20 [运行时间：0.126041s][吞吐率：7.93req/s] [内存消耗：3,762.62kb] [文件加载：62]

---------------------------------------------------------------
[ 2017-09-15T08:52:25+08:00 ] ::1 ::1 POST /api/v1/token/app
[ log ] www.test.com/api/v1/token/app [运行时间：0.074244s][吞吐率：13.47req/s] [内存消耗：3,206.13kb] [文件加载：51]

---------------------------------------------------------------
[ 2017-09-15T08:52:26+08:00 ] ::1 ::1 GET /api/v1/order/paginate?page=1&size=20
[ log ] www.test.com/api/v1/order/paginate?page=1&size=20 [运行时间：0.082071s][吞吐率：12.18req/s] [内存消耗：3,762.62kb] [文件加载：62]

---------------------------------------------------------------
[ 2017-09-15T08:52:32+08:00 ] ::1 ::1 GET /api/v1/order/paginate?page=1&size=20
[ log ] www.test.com/api/v1/order/paginate?page=1&size=20 [运行时间：0.154630s][吞吐率：6.47req/s] [内存消耗：3,762.62kb] [文件加载：62]

---------------------------------------------------------------
[ 2017-09-15T08:52:40+08:00 ] ::1 ::1 GET /api/v1/order/paginate?page=2&size=20
[ log ] www.test.com/api/v1/order/paginate?page=2&size=20 [运行时间：0.053350s][吞吐率：18.74req/s] [内存消耗：3,760.03kb] [文件加载：62]

---------------------------------------------------------------
[ 2017-09-15T08:53:28+08:00 ] ::1 ::1 GET /api/v1/order/paginate?page=1&size=20
[ log ] www.test.com/api/v1/order/paginate?page=1&size=20 [运行时间：0.055333s][吞吐率：18.07req/s] [内存消耗：3,762.62kb] [文件加载：62]

---------------------------------------------------------------
[ 2017-09-15T08:53:30+08:00 ] ::1 ::1 GET /api/v1/order/paginate?page=2&size=20
[ log ] www.test.com/api/v1/order/paginate?page=2&size=20 [运行时间：0.048940s][吞吐率：20.43req/s] [内存消耗：3,760.03kb] [文件加载：62]

---------------------------------------------------------------
[ 2017-09-15T08:54:34+08:00 ] ::1 ::1 GET /api/v1/order/paginate?page=1&size=20
[ log ] www.test.com/api/v1/order/paginate?page=1&size=20 [运行时间：0.076423s][吞吐率：13.09req/s] [内存消耗：3,762.62kb] [文件加载：62]

---------------------------------------------------------------
[ 2017-09-15T08:55:11+08:00 ] ::1 ::1 GET /api/v1/order/paginate?page=1&size=20
[ log ] www.test.com/api/v1/order/paginate?page=1&size=20 [运行时间：0.069655s][吞吐率：14.36req/s] [内存消耗：3,762.62kb] [文件加载：62]

---------------------------------------------------------------
[ 2017-09-15T08:55:13+08:00 ] ::1 ::1 GET /api/v1/order/paginate?page=2&size=20
[ log ] www.test.com/api/v1/order/paginate?page=2&size=20 [运行时间：0.047507s][吞吐率：21.05req/s] [内存消耗：3,760.03kb] [文件加载：62]

---------------------------------------------------------------
[ 2017-09-15T08:55:54+08:00 ] ::1 ::1 GET /api/v1/order/paginate?page=1&size=20
[ log ] www.test.com/api/v1/order/paginate?page=1&size=20 [运行时间：0.082445s][吞吐率：12.13req/s] [内存消耗：3,762.62kb] [文件加载：62]

---------------------------------------------------------------
[ 2017-09-15T08:55:55+08:00 ] ::1 ::1 GET /api/v1/order/paginate?page=2&size=20
[ log ] www.test.com/api/v1/order/paginate?page=2&size=20 [运行时间：0.047950s][吞吐率：20.86req/s] [内存消耗：3,760.03kb] [文件加载：62]

---------------------------------------------------------------
[ 2017-09-15T08:56:02+08:00 ] ::1 ::1 GET /api/v1/order/paginate?page=1&size=20
[ log ] www.test.com/api/v1/order/paginate?page=1&size=20 [运行时间：0.057137s][吞吐率：17.50req/s] [内存消耗：3,762.62kb] [文件加载：62]

---------------------------------------------------------------
[ 2017-09-15T08:56:03+08:00 ] ::1 ::1 GET /api/v1/order/paginate?page=2&size=20
[ log ] www.test.com/api/v1/order/paginate?page=2&size=20 [运行时间：0.049096s][吞吐率：20.37req/s] [内存消耗：3,760.03kb] [文件加载：62]

---------------------------------------------------------------
[ 2017-09-15T08:56:30+08:00 ] ::1 ::1 GET /api/v1/order/paginate?page=1&size=20
[ log ] www.test.com/api/v1/order/paginate?page=1&size=20 [运行时间：0.052451s][吞吐率：19.07req/s] [内存消耗：3,762.62kb] [文件加载：62]

---------------------------------------------------------------
[ 2017-09-15T08:56:31+08:00 ] ::1 ::1 GET /api/v1/order/paginate?page=2&size=20
[ log ] www.test.com/api/v1/order/paginate?page=2&size=20 [运行时间：0.047133s][吞吐率：21.22req/s] [内存消耗：3,760.03kb] [文件加载：62]

---------------------------------------------------------------
[ 2017-09-15T09:01:39+08:00 ] ::1 ::1 GET /api/v1/order/paginate?page=1&size=20
[ log ] www.test.com/api/v1/order/paginate?page=1&size=20 [运行时间：0.050745s][吞吐率：19.71req/s] [内存消耗：3,762.62kb] [文件加载：62]

---------------------------------------------------------------
[ 2017-09-15T09:01:45+08:00 ] 127.0.0.1 127.0.0.1 GET /api/v1/getAllUser
[ log ] www.test.com/api/v1/getAllUser [运行时间：0.063411s][吞吐率：15.77req/s] [内存消耗：3,278.59kb] [文件加载：54]

---------------------------------------------------------------
[ 2017-09-15T09:01:47+08:00 ] 127.0.0.1 127.0.0.1 GET /api/v1/getAllUser
[ log ] www.test.com/api/v1/getAllUser [运行时间：0.045356s][吞吐率：22.05req/s] [内存消耗：3,278.59kb] [文件加载：54]

---------------------------------------------------------------
[ 2017-09-15T09:06:13+08:00 ] 127.0.0.1 127.0.0.1 GET /api/v1/getAllUser
[ log ] www.test.com/api/v1/getAllUser [运行时间：0.136672s][吞吐率：7.32req/s] [内存消耗：3,235.33kb] [文件加载：52]

---------------------------------------------------------------
[ 2017-09-15T17:25:53+08:00 ] ::1 ::1 POST /api/v1/token/app
[ log ] www.test.com/api/v1/token/app [运行时间：0.281180s][吞吐率：3.56req/s] [内存消耗：3,205.51kb] [文件加载：51]

---------------------------------------------------------------
[ 2017-09-15T17:25:54+08:00 ] ::1 ::1 GET /api/v1/order/paginate?page=1&size=20
[ log ] www.test.com/api/v1/order/paginate?page=1&size=20 [运行时间：0.178479s][吞吐率：5.60req/s] [内存消耗：3,762.34kb] [文件加载：62]

---------------------------------------------------------------
[ 2017-09-15T17:26:29+08:00 ] ::1 ::1 GET /api/v1/getAllUser
[ log ] www.test.com/api/v1/getAllUser [运行时间：0.069555s][吞吐率：14.38req/s] [内存消耗：3,235.22kb] [文件加载：52]

---------------------------------------------------------------
[ 2017-09-15T17:27:31+08:00 ] ::1 ::1 GET /api/v1/order/paginate?page=1&size=20
[ log ] www.test.com/api/v1/order/paginate?page=1&size=20 [运行时间：0.133287s][吞吐率：7.50req/s] [内存消耗：3,762.34kb] [文件加载：62]

---------------------------------------------------------------
[ 2017-09-15T17:40:28+08:00 ] ::1 ::1 POST /api/v1/token/app
[ log ] www.test.com/api/v1/token/app [运行时间：0.104565s][吞吐率：9.56req/s] [内存消耗：3,208.33kb] [文件加载：51]

---------------------------------------------------------------
[ 2017-09-15T17:40:28+08:00 ] ::1 ::1 GET /api/v1/order/paginate?page=1&size=20
[ log ] www.test.com/api/v1/order/paginate?page=1&size=20 [运行时间：0.090521s][吞吐率：11.05req/s] [内存消耗：3,764.76kb] [文件加载：62]

---------------------------------------------------------------
[ 2017-09-15T17:41:53+08:00 ] ::1 ::1 GET /api/v1/order/paginate?page=1&size=20
[ log ] www.test.com/api/v1/order/paginate?page=1&size=20 [运行时间：0.167603s][吞吐率：5.97req/s] [内存消耗：3,764.87kb] [文件加载：62]

---------------------------------------------------------------
[ 2017-09-15T17:42:20+08:00 ] ::1 ::1 GET /api/v1/getAllUser
[ log ] www.test.com/api/v1/getAllUser [运行时间：0.069067s][吞吐率：14.48req/s] [内存消耗：3,241.92kb] [文件加载：52]

---------------------------------------------------------------
[ 2017-09-15T17:43:24+08:00 ] ::1 ::1 GET /api/v1/order/paginate?page=1&size=20
[ log ] www.test.com/api/v1/order/paginate?page=1&size=20 [运行时间：0.189896s][吞吐率：5.27req/s] [内存消耗：3,766.01kb] [文件加载：62]

---------------------------------------------------------------
[ 2017-09-15T17:43:38+08:00 ] ::1 ::1 GET /api/v1/order/paginate?page=1&size=20
[ log ] www.test.com/api/v1/order/paginate?page=1&size=20 [运行时间：0.135604s][吞吐率：7.37req/s] [内存消耗：3,766.01kb] [文件加载：62]

---------------------------------------------------------------
[ 2017-09-15T17:48:18+08:00 ] ::1 ::1 GET /api/v1/order/paginate?page=1&size=20
[ log ] www.test.com/api/v1/order/paginate?page=1&size=20 [运行时间：0.110998s][吞吐率：9.01req/s] [内存消耗：3,764.87kb] [文件加载：62]

---------------------------------------------------------------
[ 2017-09-15T17:50:40+08:00 ] ::1 ::1 GET /api/v1/order/paginate?page=1&size=20
[ log ] www.test.com/api/v1/order/paginate?page=1&size=20 [运行时间：0.235324s][吞吐率：4.25req/s] [内存消耗：3,764.87kb] [文件加载：62]

---------------------------------------------------------------
[ 2017-09-15T17:50:59+08:00 ] ::1 ::1 GET /api/v1/order/paginate?page=1&size=20
[ log ] www.test.com/api/v1/order/paginate?page=1&size=20 [运行时间：0.121693s][吞吐率：8.22req/s] [内存消耗：3,764.87kb] [文件加载：62]

---------------------------------------------------------------
[ 2017-09-15T17:51:17+08:00 ] ::1 ::1 GET /api/v1/order/paginate?page=1&size=20
[ log ] www.test.com/api/v1/order/paginate?page=1&size=20 [运行时间：0.081551s][吞吐率：12.26req/s] [内存消耗：3,764.87kb] [文件加载：62]

---------------------------------------------------------------
[ 2017-09-15T17:52:37+08:00 ] ::1 ::1 GET /api/v1/order/paginate?page=1&size=20
[ log ] www.test.com/api/v1/order/paginate?page=1&size=20 [运行时间：0.161250s][吞吐率：6.20req/s] [内存消耗：3,764.87kb] [文件加载：62]

---------------------------------------------------------------
[ 2017-09-15T17:52:38+08:00 ] ::1 ::1 GET /api/v1/order/paginate?page=1&size=20
[ log ] www.test.com/api/v1/order/paginate?page=1&size=20 [运行时间：0.075615s][吞吐率：13.22req/s] [内存消耗：3,764.87kb] [文件加载：62]

---------------------------------------------------------------
[ 2017-09-15T17:54:25+08:00 ] 127.0.0.1 127.0.0.1 POST /api/v1/upload
[ log ] www.test.com/api/v1/upload [运行时间：0.080577s][吞吐率：12.41req/s] [内存消耗：1,803.34kb] [文件加载：39]

---------------------------------------------------------------
[ 2017-09-15T17:54:51+08:00 ] ::1 ::1 GET /api/v1/order/paginate?page=1&size=20
[ log ] www.test.com/api/v1/order/paginate?page=1&size=20 [运行时间：0.137883s][吞吐率：7.25req/s] [内存消耗：3,764.87kb] [文件加载：62]

---------------------------------------------------------------
[ 2017-09-15T17:54:56+08:00 ] ::1 ::1 POST /api/v1/upload
[ log ] www.test.com/api/v1/upload [运行时间：0.034212s][吞吐率：29.23req/s] [内存消耗：1,893.70kb] [文件加载：40]

---------------------------------------------------------------
[ 2017-09-15T18:11:54+08:00 ] ::1 ::1 GET /api/v1/order/paginate?page=1&size=20
[ log ] www.test.com/api/v1/order/paginate?page=1&size=20 [运行时间：0.187171s][吞吐率：5.34req/s] [内存消耗：3,764.87kb] [文件加载：62]

---------------------------------------------------------------
[ 2017-09-15T18:12:40+08:00 ] ::1 ::1 GET /api/v1/order/paginate?page=1&size=20
[ log ] www.test.com/api/v1/order/paginate?page=1&size=20 [运行时间：0.200492s][吞吐率：4.99req/s] [内存消耗：3,764.87kb] [文件加载：62]

---------------------------------------------------------------
[ 2017-09-15T20:27:41+08:00 ] ::1 ::1 POST /api/v1/token/app
[ log ] www.test.com/api/v1/token/app [运行时间：0.130914s][吞吐率：7.64req/s] [内存消耗：3,208.45kb] [文件加载：51]

---------------------------------------------------------------
[ 2017-09-15T20:27:42+08:00 ] ::1 ::1 GET /api/v1/order/paginate?page=1&size=20
[ log ] www.test.com/api/v1/order/paginate?page=1&size=20 [运行时间：0.120189s][吞吐率：8.32req/s] [内存消耗：3,764.87kb] [文件加载：62]

---------------------------------------------------------------
[ 2017-09-15T20:34:24+08:00 ] ::1 ::1 POST /api/v1/token/app
[ log ] www.test.com/api/v1/token/app [运行时间：0.150556s][吞吐率：6.64req/s] [内存消耗：3,208.45kb] [文件加载：51]

---------------------------------------------------------------
[ 2017-09-15T20:34:24+08:00 ] ::1 ::1 GET /api/v1/order/paginate?page=1&size=20
[ log ] www.test.com/api/v1/order/paginate?page=1&size=20 [运行时间：0.130399s][吞吐率：7.67req/s] [内存消耗：3,764.87kb] [文件加载：62]

---------------------------------------------------------------
[ 2017-09-15T20:41:12+08:00 ] ::1 ::1 GET /api/v1/order/paginate?page=2&size=20
[ log ] www.test.com/api/v1/order/paginate?page=2&size=20 [运行时间：0.152647s][吞吐率：6.55req/s] [内存消耗：3,762.34kb] [文件加载：62]

---------------------------------------------------------------
[ 2017-09-15T20:42:17+08:00 ] ::1 ::1 GET /api/v1/order/paginate?page=1&size=20
[ log ] www.test.com/api/v1/order/paginate?page=1&size=20 [运行时间：0.089802s][吞吐率：11.14req/s] [内存消耗：3,764.87kb] [文件加载：62]

---------------------------------------------------------------
