[ 2017-09-17T14:19:45+08:00 ] ::1 ::1 POST /api/v1/token/app
[ log ] www.test.com/api/v1/token/app [运行时间：0.311920s][吞吐率：3.21req/s] [内存消耗：3,211.57kb] [文件加载：51]

---------------------------------------------------------------
[ 2017-09-17T14:19:45+08:00 ] ::1 ::1 GET /api/v1/order/paginate?page=1&size=20
[ log ] www.test.com/api/v1/order/paginate?page=1&size=20 [运行时间：0.329083s][吞吐率：3.04req/s] [内存消耗：3,771.36kb] [文件加载：62]

---------------------------------------------------------------
[ 2017-09-17T14:19:50+08:00 ] ::1 ::1 GET /api/v1/category/all
[ log ] www.test.com/api/v1/category/all [运行时间：0.071686s][吞吐率：13.95req/s] [内存消耗：3,397.68kb] [文件加载：56]

---------------------------------------------------------------
[ 2017-09-17T14:19:51+08:00 ] ::1 ::1 GET /api/v1/AllInProduct
[ log ] www.test.com/api/v1/AllInProduct [运行时间：0.056809s][吞吐率：17.60req/s] [内存消耗：3,286.24kb] [文件加载：51]

---------------------------------------------------------------
[ 2017-09-17T14:19:53+08:00 ] ::1 ::1 GET /api/v1/getAllUser
[ log ] www.test.com/api/v1/getAllUser [运行时间：0.081225s][吞吐率：12.31req/s] [内存消耗：3,401.54kb] [文件加载：56]

---------------------------------------------------------------
[ 2017-09-17T14:19:58+08:00 ] ::1 ::1 GET /api/v1/category/all
[ log ] www.test.com/api/v1/category/all [运行时间：0.057437s][吞吐率：17.41req/s] [内存消耗：3,397.68kb] [文件加载：56]

---------------------------------------------------------------
[ 2017-09-17T14:19:59+08:00 ] ::1 ::1 GET /api/v1/getAllUser
[ log ] www.test.com/api/v1/getAllUser [运行时间：0.059337s][吞吐率：16.85req/s] [内存消耗：3,401.54kb] [文件加载：56]

---------------------------------------------------------------
[ 2017-09-17T14:20:00+08:00 ] ::1 ::1 GET /api/v1/order/paginate?page=1&size=20
[ log ] www.test.com/api/v1/order/paginate?page=1&size=20 [运行时间：0.053702s][吞吐率：18.62req/s] [内存消耗：3,771.36kb] [文件加载：62]

---------------------------------------------------------------
[ 2017-09-17T14:20:02+08:00 ] ::1 ::1 GET /api/v1/getAllUser
[ log ] www.test.com/api/v1/getAllUser [运行时间：0.054669s][吞吐率：18.29req/s] [内存消耗：3,401.54kb] [文件加载：56]

---------------------------------------------------------------
[ 2017-09-17T14:20:03+08:00 ] ::1 ::1 GET /api/v1/order/paginate?page=1&size=20
[ log ] www.test.com/api/v1/order/paginate?page=1&size=20 [运行时间：0.053507s][吞吐率：18.69req/s] [内存消耗：3,771.36kb] [文件加载：62]

---------------------------------------------------------------
[ 2017-09-17T14:20:04+08:00 ] ::1 ::1 GET /api/v1/getAllUser
[ log ] www.test.com/api/v1/getAllUser [运行时间：0.054742s][吞吐率：18.27req/s] [内存消耗：3,401.54kb] [文件加载：56]

---------------------------------------------------------------
[ 2017-09-17T14:20:05+08:00 ] ::1 ::1 GET /api/v1/category/all
[ log ] www.test.com/api/v1/category/all [运行时间：0.053232s][吞吐率：18.79req/s] [内存消耗：3,397.68kb] [文件加载：56]

---------------------------------------------------------------
[ 2017-09-17T14:20:06+08:00 ] ::1 ::1 GET /api/v1/AllInProduct
[ log ] www.test.com/api/v1/AllInProduct [运行时间：0.049537s][吞吐率：20.19req/s] [内存消耗：3,286.24kb] [文件加载：51]

---------------------------------------------------------------
[ 2017-09-17T14:20:07+08:00 ] ::1 ::1 GET /api/v1/category/all
[ log ] www.test.com/api/v1/category/all [运行时间：0.095721s][吞吐率：10.45req/s] [内存消耗：3,397.68kb] [文件加载：56]

---------------------------------------------------------------
[ 2017-09-17T14:20:08+08:00 ] ::1 ::1 GET /api/v1/order/paginate?page=1&size=20
[ log ] www.test.com/api/v1/order/paginate?page=1&size=20 [运行时间：0.053796s][吞吐率：18.59req/s] [内存消耗：3,771.36kb] [文件加载：62]

---------------------------------------------------------------
[ 2017-09-17T14:20:09+08:00 ] ::1 ::1 GET /api/v1/getAllUser
[ log ] www.test.com/api/v1/getAllUser [运行时间：0.055540s][吞吐率：18.01req/s] [内存消耗：3,401.54kb] [文件加载：56]

---------------------------------------------------------------
[ 2017-09-17T14:20:10+08:00 ] ::1 ::1 GET /api/v1/category/all
[ log ] www.test.com/api/v1/category/all [运行时间：0.058217s][吞吐率：17.18req/s] [内存消耗：3,397.68kb] [文件加载：56]

---------------------------------------------------------------
[ 2017-09-17T14:20:11+08:00 ] ::1 ::1 GET /api/v1/AllInProduct
[ log ] www.test.com/api/v1/AllInProduct [运行时间：0.049599s][吞吐率：20.16req/s] [内存消耗：3,286.24kb] [文件加载：51]

---------------------------------------------------------------
[ 2017-09-17T14:27:22+08:00 ] ::1 ::1 GET /api/v1/order/paginate?page=1&size=20
[ log ] www.test.com/api/v1/order/paginate?page=1&size=20 [运行时间：0.181856s][吞吐率：5.50req/s] [内存消耗：3,771.36kb] [文件加载：62]

---------------------------------------------------------------
[ 2017-09-17T15:32:53+08:00 ] ::1 ::1 POST /api/v1/token/app
[ log ] www.test.com/api/v1/token/app [运行时间：0.249162s][吞吐率：4.01req/s] [内存消耗：3,211.70kb] [文件加载：51]

---------------------------------------------------------------
[ 2017-09-17T15:32:56+08:00 ] ::1 ::1 POST /api/v1/token/app
[ log ] www.test.com/api/v1/token/app [运行时间：0.187045s][吞吐率：5.35req/s] [内存消耗：3,211.70kb] [文件加载：51]

---------------------------------------------------------------
[ 2017-09-17T15:33:01+08:00 ] ::1 ::1 POST /api/v1/token/app
[ log ] www.test.com/api/v1/token/app [运行时间：0.184369s][吞吐率：5.42req/s] [内存消耗：3,211.70kb] [文件加载：51]

---------------------------------------------------------------
[ 2017-09-17T15:34:39+08:00 ] ::1 ::1 POST /api/v1/token/app
[ log ] www.test.com/api/v1/token/app [运行时间：0.212099s][吞吐率：4.71req/s] [内存消耗：3,211.70kb] [文件加载：51]

---------------------------------------------------------------
[ 2017-09-17T15:34:40+08:00 ] ::1 ::1 POST /api/v1/token/app
[ log ] www.test.com/api/v1/token/app [运行时间：0.142541s][吞吐率：7.02req/s] [内存消耗：3,211.70kb] [文件加载：51]

---------------------------------------------------------------
[ 2017-09-17T15:34:42+08:00 ] ::1 ::1 POST /api/v1/token/app
[ log ] www.test.com/api/v1/token/app [运行时间：0.267203s][吞吐率：3.74req/s] [内存消耗：3,211.70kb] [文件加载：51]

---------------------------------------------------------------
[ 2017-09-17T15:36:22+08:00 ] ::1 ::1 POST /api/v1/token/app
[ log ] www.test.com/api/v1/token/app [运行时间：0.178256s][吞吐率：5.61req/s] [内存消耗：3,211.70kb] [文件加载：51]

---------------------------------------------------------------
[ 2017-09-17T15:36:24+08:00 ] ::1 ::1 POST /api/v1/token/app
[ log ] www.test.com/api/v1/token/app [运行时间：0.267800s][吞吐率：3.73req/s] [内存消耗：3,211.70kb] [文件加载：51]

---------------------------------------------------------------
[ 2017-09-17T15:37:12+08:00 ] ::1 ::1 POST /api/v1/token/app
[ log ] www.test.com/api/v1/token/app [运行时间：0.437269s][吞吐率：2.29req/s] [内存消耗：3,211.70kb] [文件加载：51]

---------------------------------------------------------------
[ 2017-09-17T15:37:50+08:00 ] ::1 ::1 POST /api/v1/token/app
[ log ] www.test.com/api/v1/token/app [运行时间：0.195363s][吞吐率：5.12req/s] [内存消耗：3,211.70kb] [文件加载：51]

---------------------------------------------------------------
[ 2017-09-17T15:39:23+08:00 ] ::1 ::1 POST /api/v1/token/app
[ log ] www.test.com/api/v1/token/app [运行时间：0.157551s][吞吐率：6.35req/s] [内存消耗：3,211.70kb] [文件加载：51]

---------------------------------------------------------------
[ 2017-09-17T15:39:25+08:00 ] ::1 ::1 POST /api/v1/token/app
[ log ] www.test.com/api/v1/token/app [运行时间：0.200458s][吞吐率：4.99req/s] [内存消耗：3,211.70kb] [文件加载：51]

---------------------------------------------------------------
[ 2017-09-17T15:39:30+08:00 ] ::1 ::1 POST /api/v1/token/app
[ log ] www.test.com/api/v1/token/app [运行时间：0.201470s][吞吐率：4.96req/s] [内存消耗：3,211.70kb] [文件加载：51]

---------------------------------------------------------------
[ 2017-09-17T15:39:49+08:00 ] ::1 ::1 POST /api/v1/token/app
[ log ] www.test.com/api/v1/token/app [运行时间：0.207357s][吞吐率：4.82req/s] [内存消耗：3,211.70kb] [文件加载：51]

---------------------------------------------------------------
[ 2017-09-17T15:43:51+08:00 ] ::1 ::1 POST /api/v1/token/app
[ log ] www.test.com/api/v1/token/app [运行时间：0.256604s][吞吐率：3.90req/s] [内存消耗：3,211.70kb] [文件加载：51]

---------------------------------------------------------------
[ 2017-09-17T15:44:46+08:00 ] ::1 ::1 POST /api/v1/token/app
[ log ] www.test.com/api/v1/token/app [运行时间：0.219303s][吞吐率：4.56req/s] [内存消耗：3,211.70kb] [文件加载：51]

---------------------------------------------------------------
[ 2017-09-17T15:45:08+08:00 ] ::1 ::1 POST /api/v1/token/app
[ log ] www.test.com/api/v1/token/app [运行时间：0.192325s][吞吐率：5.20req/s] [内存消耗：3,211.70kb] [文件加载：51]

---------------------------------------------------------------
[ 2017-09-17T15:49:24+08:00 ] ::1 ::1 POST /api/v1/token/app
[ log ] www.test.com/api/v1/token/app [运行时间：0.188613s][吞吐率：5.30req/s] [内存消耗：3,211.70kb] [文件加载：51]

---------------------------------------------------------------
[ 2017-09-17T15:50:11+08:00 ] ::1 ::1 POST /api/v1/token/app
[ log ] www.test.com/api/v1/token/app [运行时间：0.100931s][吞吐率：9.91req/s] [内存消耗：3,211.34kb] [文件加载：51]

---------------------------------------------------------------
[ 2017-09-17T15:50:12+08:00 ] ::1 ::1 GET /api/v1/order/paginate?page=1&size=20
[ log ] www.test.com/api/v1/order/paginate?page=1&size=20 [运行时间：0.213459s][吞吐率：4.68req/s] [内存消耗：3,770.89kb] [文件加载：62]

---------------------------------------------------------------
[ 2017-09-17T15:50:40+08:00 ] ::1 ::1 POST /api/v1/token/app
[ log ] www.test.com/api/v1/token/app [运行时间：0.095759s][吞吐率：10.44req/s] [内存消耗：3,211.34kb] [文件加载：51]

---------------------------------------------------------------
[ 2017-09-17T15:50:40+08:00 ] ::1 ::1 GET /api/v1/order/paginate?page=1&size=20
[ log ] www.test.com/api/v1/order/paginate?page=1&size=20 [运行时间：0.078678s][吞吐率：12.71req/s] [内存消耗：3,770.89kb] [文件加载：62]

---------------------------------------------------------------
[ 2017-09-17T15:54:48+08:00 ] ::1 ::1 GET /api/v1/order/paginate?page=1&size=20
[ log ] www.test.com/api/v1/order/paginate?page=1&size=20 [运行时间：0.087721s][吞吐率：11.40req/s] [内存消耗：3,770.89kb] [文件加载：62]

---------------------------------------------------------------
[ 2017-09-17T15:54:55+08:00 ] ::1 ::1 POST /api/v1/token/app
[ log ] www.test.com/api/v1/token/app [运行时间：0.162940s][吞吐率：6.14req/s] [内存消耗：3,211.70kb] [文件加载：51]

---------------------------------------------------------------
[ 2017-09-17T15:55:16+08:00 ] ::1 ::1 POST /api/v1/token/app
[ log ] www.test.com/api/v1/token/app [运行时间：0.049837s][吞吐率：20.07req/s] [内存消耗：3,211.34kb] [文件加载：51]

---------------------------------------------------------------
[ 2017-09-17T15:55:16+08:00 ] ::1 ::1 GET /api/v1/order/paginate?page=1&size=20
[ log ] www.test.com/api/v1/order/paginate?page=1&size=20 [运行时间：0.123635s][吞吐率：8.09req/s] [内存消耗：3,770.89kb] [文件加载：62]

---------------------------------------------------------------
[ 2017-09-17T15:56:38+08:00 ] ::1 ::1 POST /api/v1/token/app
[ log ] www.test.com/api/v1/token/app [运行时间：0.232679s][吞吐率：4.30req/s] [内存消耗：3,211.70kb] [文件加载：51]

---------------------------------------------------------------
[ 2017-09-17T15:58:05+08:00 ] ::1 ::1 POST /api/v1/token/app
[ log ] www.test.com/api/v1/token/app [运行时间：0.160574s][吞吐率：6.23req/s] [内存消耗：3,211.70kb] [文件加载：51]

---------------------------------------------------------------
[ 2017-09-17T15:59:00+08:00 ] ::1 ::1 POST /api/v1/token/app
[ log ] www.test.com/api/v1/token/app [运行时间：0.582453s][吞吐率：1.72req/s] [内存消耗：3,211.34kb] [文件加载：51]

---------------------------------------------------------------
[ 2017-09-17T15:59:20+08:00 ] ::1 ::1 POST /api/v1/token/app
[ log ] www.test.com/api/v1/token/app [运行时间：0.417155s][吞吐率：2.40req/s] [内存消耗：3,211.34kb] [文件加载：51]

---------------------------------------------------------------
[ 2017-09-17T16:00:21+08:00 ] ::1 ::1 POST /api/v1/token/app
[ log ] www.test.com/api/v1/token/app [运行时间：0.157906s][吞吐率：6.33req/s] [内存消耗：3,211.34kb] [文件加载：51]

---------------------------------------------------------------
[ 2017-09-17T16:02:29+08:00 ] ::1 ::1 POST /api/v1/token/app
[ log ] www.test.com/api/v1/token/app [运行时间：0.240651s][吞吐率：4.16req/s] [内存消耗：3,211.34kb] [文件加载：51]

---------------------------------------------------------------
[ 2017-09-17T16:05:43+08:00 ] ::1 ::1 POST /api/v1/token/app
[ log ] www.test.com/api/v1/token/app [运行时间：0.226386s][吞吐率：4.42req/s] [内存消耗：3,211.34kb] [文件加载：51]

---------------------------------------------------------------
[ 2017-09-17T16:06:07+08:00 ] ::1 ::1 POST /api/v1/token/app
[ log ] www.test.com/api/v1/token/app [运行时间：0.187987s][吞吐率：5.32req/s] [内存消耗：3,211.34kb] [文件加载：51]

---------------------------------------------------------------
[ 2017-09-17T16:07:02+08:00 ] ::1 ::1 POST /api/v1/token/app
[ log ] www.test.com/api/v1/token/app [运行时间：0.349555s][吞吐率：2.86req/s] [内存消耗：3,211.34kb] [文件加载：51]

---------------------------------------------------------------
[ 2017-09-17T22:55:17+08:00 ] ::1 ::1 POST /api/v1/token/app
[ log ] www.test.com/api/v1/token/app [运行时间：0.305257s][吞吐率：3.28req/s] [内存消耗：3,211.34kb] [文件加载：51]

---------------------------------------------------------------
[ 2017-09-17T22:55:31+08:00 ] ::1 ::1 POST /api/v1/token/app
[ log ] www.test.com/api/v1/token/app [运行时间：0.262250s][吞吐率：3.81req/s] [内存消耗：3,211.34kb] [文件加载：51]

---------------------------------------------------------------
[ 2017-09-17T22:56:28+08:00 ] ::1 ::1 POST /api/v1/token/app
[ log ] www.test.com/api/v1/token/app [运行时间：0.290322s][吞吐率：3.44req/s] [内存消耗：3,211.34kb] [文件加载：51]

---------------------------------------------------------------
[ 2017-09-17T22:58:09+08:00 ] ::1 ::1 POST /api/v1/token/app
[ log ] www.test.com/api/v1/token/app [运行时间：0.231811s][吞吐率：4.31req/s] [内存消耗：3,211.34kb] [文件加载：51]

---------------------------------------------------------------
[ 2017-09-17T23:01:00+08:00 ] ::1 ::1 POST /api/v1/token/app
[ log ] www.test.com/api/v1/token/app [运行时间：0.424149s][吞吐率：2.36req/s] [内存消耗：3,211.34kb] [文件加载：51]

---------------------------------------------------------------
[ 2017-09-17T23:03:19+08:00 ] ::1 ::1 POST /api/v1/token/app
[ log ] www.test.com/api/v1/token/app [运行时间：0.361833s][吞吐率：2.76req/s] [内存消耗：3,211.34kb] [文件加载：51]

---------------------------------------------------------------
[ 2017-09-17T23:03:32+08:00 ] ::1 ::1 POST /api/v1/token/app
[ log ] www.test.com/api/v1/token/app [运行时间：0.052391s][吞吐率：19.09req/s] [内存消耗：3,211.34kb] [文件加载：51]

---------------------------------------------------------------
[ 2017-09-17T23:03:32+08:00 ] ::1 ::1 GET /api/v1/order/paginate?page=1&size=20
[ log ] www.test.com/api/v1/order/paginate?page=1&size=20 [运行时间：0.231368s][吞吐率：4.32req/s] [内存消耗：3,770.89kb] [文件加载：62]

---------------------------------------------------------------
[ 2017-09-17T23:03:43+08:00 ] ::1 ::1 POST /api/v1/token/app
[ log ] www.test.com/api/v1/token/app [运行时间：0.063256s][吞吐率：15.81req/s] [内存消耗：3,211.34kb] [文件加载：51]

---------------------------------------------------------------
[ 2017-09-17T23:03:44+08:00 ] ::1 ::1 GET /api/v1/order/paginate?page=1&size=20
[ log ] www.test.com/api/v1/order/paginate?page=1&size=20 [运行时间：0.079183s][吞吐率：12.63req/s] [内存消耗：3,770.89kb] [文件加载：62]

---------------------------------------------------------------
[ 2017-09-17T23:05:11+08:00 ] ::1 ::1 POST /api/v1/token/app
[ log ] www.test.com/api/v1/token/app [运行时间：0.181423s][吞吐率：5.51req/s] [内存消耗：3,211.34kb] [文件加载：51]

---------------------------------------------------------------
[ 2017-09-17T23:05:21+08:00 ] ::1 ::1 POST /api/v1/token/app
[ log ] www.test.com/api/v1/token/app [运行时间：0.257267s][吞吐率：3.89req/s] [内存消耗：3,211.34kb] [文件加载：51]

---------------------------------------------------------------
[ 2017-09-17T23:08:34+08:00 ] ::1 ::1 POST /api/v1/token/app
[ log ] www.test.com/api/v1/token/app [运行时间：0.176324s][吞吐率：5.67req/s] [内存消耗：3,211.67kb] [文件加载：51]

---------------------------------------------------------------
[ 2017-09-17T23:08:35+08:00 ] ::1 ::1 POST /api/v1/token/app
[ log ] www.test.com/api/v1/token/app [运行时间：0.103279s][吞吐率：9.68req/s] [内存消耗：3,211.67kb] [文件加载：51]

---------------------------------------------------------------
[ 2017-09-17T23:08:44+08:00 ] ::1 ::1 POST /api/v1/token/app
[ log ] www.test.com/api/v1/token/app [运行时间：0.145122s][吞吐率：6.89req/s] [内存消耗：3,211.67kb] [文件加载：51]

---------------------------------------------------------------
[ 2017-09-17T23:08:52+08:00 ] ::1 ::1 POST /api/v1/token/app
[ log ] www.test.com/api/v1/token/app [运行时间：0.169899s][吞吐率：5.89req/s] [内存消耗：3,211.67kb] [文件加载：51]

---------------------------------------------------------------
[ 2017-09-17T23:08:54+08:00 ] ::1 ::1 POST /api/v1/token/app
[ log ] www.test.com/api/v1/token/app [运行时间：0.282767s][吞吐率：3.54req/s] [内存消耗：3,211.67kb] [文件加载：51]

---------------------------------------------------------------
[ 2017-09-17T23:08:55+08:00 ] ::1 ::1 POST /api/v1/token/app
[ log ] www.test.com/api/v1/token/app [运行时间：0.260711s][吞吐率：3.84req/s] [内存消耗：3,211.67kb] [文件加载：51]

---------------------------------------------------------------
[ 2017-09-17T23:09:03+08:00 ] ::1 ::1 POST /api/v1/token/app
[ log ] www.test.com/api/v1/token/app [运行时间：0.181695s][吞吐率：5.50req/s] [内存消耗：3,211.67kb] [文件加载：51]

---------------------------------------------------------------
[ 2017-09-17T23:10:25+08:00 ] ::1 ::1 POST /api/v1/token/app
[ log ] www.test.com/api/v1/token/app [运行时间：0.251748s][吞吐率：3.97req/s] [内存消耗：3,211.67kb] [文件加载：51]

---------------------------------------------------------------
[ 2017-09-17T23:10:53+08:00 ] ::1 ::1 POST /api/v1/token/app
[ log ] www.test.com/api/v1/token/app [运行时间：0.327478s][吞吐率：3.05req/s] [内存消耗：3,211.67kb] [文件加载：51]

---------------------------------------------------------------
[ 2017-09-17T23:12:11+08:00 ] ::1 ::1 POST /api/v1/token/app
[ log ] www.test.com/api/v1/token/app [运行时间：0.186042s][吞吐率：5.38req/s] [内存消耗：3,211.67kb] [文件加载：51]

---------------------------------------------------------------
[ 2017-09-17T23:13:56+08:00 ] ::1 ::1 POST /api/v1/token/app
[ log ] www.test.com/api/v1/token/app [运行时间：0.131128s][吞吐率：7.63req/s] [内存消耗：3,211.67kb] [文件加载：51]

---------------------------------------------------------------
[ 2017-09-17T23:14:05+08:00 ] ::1 ::1 POST /api/v1/token/app
[ log ] www.test.com/api/v1/token/app [运行时间：0.202493s][吞吐率：4.94req/s] [内存消耗：3,211.67kb] [文件加载：51]

---------------------------------------------------------------
[ 2017-09-17T23:14:06+08:00 ] ::1 ::1 POST /api/v1/token/app
[ log ] www.test.com/api/v1/token/app [运行时间：0.278577s][吞吐率：3.59req/s] [内存消耗：3,211.67kb] [文件加载：51]

---------------------------------------------------------------
[ 2017-09-17T23:16:12+08:00 ] ::1 ::1 POST /api/v1/token/app
[ log ] www.test.com/api/v1/token/app [运行时间：0.151509s][吞吐率：6.60req/s] [内存消耗：3,211.67kb] [文件加载：51]

---------------------------------------------------------------
[ 2017-09-17T23:20:14+08:00 ] ::1 ::1 POST /api/v1/token/app
[ log ] www.test.com/api/v1/token/app [运行时间：0.141429s][吞吐率：7.07req/s] [内存消耗：3,211.34kb] [文件加载：51]

---------------------------------------------------------------
[ 2017-09-17T23:21:39+08:00 ] ::1 ::1 POST /api/v1/token/app
[ log ] www.test.com/api/v1/token/app [运行时间：0.062036s][吞吐率：16.12req/s] [内存消耗：3,211.67kb] [文件加载：51]

---------------------------------------------------------------
[ 2017-09-17T23:22:00+08:00 ] ::1 ::1 POST /api/v1/token/app
[ log ] www.test.com/api/v1/token/app [运行时间：0.061781s][吞吐率：16.19req/s] [内存消耗：3,211.67kb] [文件加载：51]

---------------------------------------------------------------
[ 2017-09-17T23:32:26+08:00 ] ::1 ::1 GET /api/v1/order/paginate?page=1&size=20
[ log ] www.test.com/api/v1/order/paginate?page=1&size=20 [运行时间：0.093317s][吞吐率：10.72req/s] [内存消耗：3,771.19kb] [文件加载：62]

---------------------------------------------------------------
[ 2017-09-17T23:33:24+08:00 ] ::1 ::1 GET /api/v1/order/paginate?page=1&size=20
[ log ] www.test.com/api/v1/order/paginate?page=1&size=20 [运行时间：0.099353s][吞吐率：10.07req/s] [内存消耗：3,771.19kb] [文件加载：62]

---------------------------------------------------------------
[ 2017-09-17T23:33:48+08:00 ] ::1 ::1 GET /api/v1/order/paginate?page=1&size=20
[ log ] www.test.com/api/v1/order/paginate?page=1&size=20 [运行时间：0.107683s][吞吐率：9.29req/s] [内存消耗：3,771.19kb] [文件加载：62]

---------------------------------------------------------------
[ 2017-09-17T23:34:02+08:00 ] ::1 ::1 GET /api/v1/order/paginate?page=1&size=20
[ log ] www.test.com/api/v1/order/paginate?page=1&size=20 [运行时间：0.078816s][吞吐率：12.69req/s] [内存消耗：3,771.19kb] [文件加载：62]

---------------------------------------------------------------
[ 2017-09-17T23:34:06+08:00 ] ::1 ::1 GET /api/v1/order/paginate?page=1&size=20
[ log ] www.test.com/api/v1/order/paginate?page=1&size=20 [运行时间：0.060932s][吞吐率：16.41req/s] [内存消耗：3,771.19kb] [文件加载：62]

---------------------------------------------------------------
[ 2017-09-17T23:34:09+08:00 ] ::1 ::1 GET /api/v1/order/paginate?page=1&size=20
[ log ] www.test.com/api/v1/order/paginate?page=1&size=20 [运行时间：0.064015s][吞吐率：15.62req/s] [内存消耗：3,771.19kb] [文件加载：62]

---------------------------------------------------------------
[ 2017-09-17T23:34:11+08:00 ] ::1 ::1 GET /api/v1/order/paginate?page=1&size=20
[ log ] www.test.com/api/v1/order/paginate?page=1&size=20 [运行时间：0.055868s][吞吐率：17.90req/s] [内存消耗：3,771.19kb] [文件加载：62]

---------------------------------------------------------------
[ 2017-09-17T23:34:12+08:00 ] ::1 ::1 GET /api/v1/order/paginate?page=1&size=20
[ log ] www.test.com/api/v1/order/paginate?page=1&size=20 [运行时间：0.053715s][吞吐率：18.62req/s] [内存消耗：3,771.19kb] [文件加载：62]

---------------------------------------------------------------
[ 2017-09-17T23:35:36+08:00 ] ::1 ::1 GET /api/v1/order/paginate?page=1&size=20
[ log ] www.test.com/api/v1/order/paginate?page=1&size=20 [运行时间：0.091514s][吞吐率：10.93req/s] [内存消耗：3,771.19kb] [文件加载：62]

---------------------------------------------------------------
[ 2017-09-17T23:35:38+08:00 ] ::1 ::1 GET /api/v1/order/paginate?page=1&size=20
[ log ] www.test.com/api/v1/order/paginate?page=1&size=20 [运行时间：0.074606s][吞吐率：13.40req/s] [内存消耗：3,771.19kb] [文件加载：62]

---------------------------------------------------------------
[ 2017-09-17T23:35:39+08:00 ] ::1 ::1 GET /api/v1/order/paginate?page=1&size=20
[ log ] www.test.com/api/v1/order/paginate?page=1&size=20 [运行时间：0.084226s][吞吐率：11.87req/s] [内存消耗：3,771.19kb] [文件加载：62]

---------------------------------------------------------------
[ 2017-09-17T23:35:41+08:00 ] ::1 ::1 GET /api/v1/order/paginate?page=1&size=20
[ log ] www.test.com/api/v1/order/paginate?page=1&size=20 [运行时间：0.265202s][吞吐率：3.77req/s] [内存消耗：3,771.19kb] [文件加载：62]

---------------------------------------------------------------
[ 2017-09-17T23:36:00+08:00 ] ::1 ::1 GET /api/v1/order/paginate?page=1&size=20
[ log ] www.test.com/api/v1/order/paginate?page=1&size=20 [运行时间：0.255098s][吞吐率：3.92req/s] [内存消耗：3,771.19kb] [文件加载：62]

---------------------------------------------------------------
[ 2017-09-17T23:36:29+08:00 ] ::1 ::1 GET /api/v1/order/paginate?page=1&size=20
[ log ] www.test.com/api/v1/order/paginate?page=1&size=20 [运行时间：0.168292s][吞吐率：5.94req/s] [内存消耗：3,771.19kb] [文件加载：62]

---------------------------------------------------------------
[ 2017-09-17T23:36:45+08:00 ] ::1 ::1 GET /api/v1/order/paginate?page=1&size=20
[ log ] www.test.com/api/v1/order/paginate?page=1&size=20 [运行时间：0.128865s][吞吐率：7.76req/s] [内存消耗：3,771.19kb] [文件加载：62]

---------------------------------------------------------------
[ 2017-09-17T23:36:53+08:00 ] ::1 ::1 GET /api/v1/order/paginate?page=1&size=20
[ log ] www.test.com/api/v1/order/paginate?page=1&size=20 [运行时间：0.108775s][吞吐率：9.19req/s] [内存消耗：3,771.19kb] [文件加载：62]

---------------------------------------------------------------
[ 2017-09-17T23:37:12+08:00 ] ::1 ::1 GET /api/v1/order/paginate?page=1&size=20
[ log ] www.test.com/api/v1/order/paginate?page=1&size=20 [运行时间：0.114149s][吞吐率：8.76req/s] [内存消耗：3,771.19kb] [文件加载：62]

---------------------------------------------------------------
[ 2017-09-17T23:37:25+08:00 ] ::1 ::1 GET /api/v1/order/paginate?page=1&size=20
[ log ] www.test.com/api/v1/order/paginate?page=1&size=20 [运行时间：0.117183s][吞吐率：8.53req/s] [内存消耗：3,771.19kb] [文件加载：62]

---------------------------------------------------------------
[ 2017-09-17T23:37:41+08:00 ] ::1 ::1 GET /api/v1/order/paginate?page=1&size=20
[ log ] www.test.com/api/v1/order/paginate?page=1&size=20 [运行时间：0.102478s][吞吐率：9.76req/s] [内存消耗：3,771.19kb] [文件加载：62]

---------------------------------------------------------------
[ 2017-09-17T23:37:52+08:00 ] ::1 ::1 GET /api/v1/order/paginate?page=1&size=20
[ log ] www.test.com/api/v1/order/paginate?page=1&size=20 [运行时间：0.214714s][吞吐率：4.66req/s] [内存消耗：3,771.19kb] [文件加载：62]

---------------------------------------------------------------
[ 2017-09-17T23:39:41+08:00 ] ::1 ::1 GET /api/v1/order/paginate?page=1&size=20
[ log ] www.test.com/api/v1/order/paginate?page=1&size=20 [运行时间：0.059952s][吞吐率：16.68req/s] [内存消耗：3,771.19kb] [文件加载：62]

---------------------------------------------------------------
[ 2017-09-17T23:40:45+08:00 ] ::1 ::1 GET /api/v1/order/paginate?page=1&size=20
[ log ] www.test.com/api/v1/order/paginate?page=1&size=20 [运行时间：0.085962s][吞吐率：11.63req/s] [内存消耗：3,771.19kb] [文件加载：62]

---------------------------------------------------------------
[ 2017-09-17T23:41:00+08:00 ] ::1 ::1 GET /api/v1/order/paginate?page=1&size=20
[ log ] www.test.com/api/v1/order/paginate?page=1&size=20 [运行时间：0.080821s][吞吐率：12.37req/s] [内存消耗：3,771.19kb] [文件加载：62]

---------------------------------------------------------------
[ 2017-09-17T23:43:45+08:00 ] ::1 ::1 GET /api/v1/order/paginate?page=1&size=20
[ log ] www.test.com/api/v1/order/paginate?page=1&size=20 [运行时间：0.054392s][吞吐率：18.39req/s] [内存消耗：3,771.19kb] [文件加载：62]

---------------------------------------------------------------
[ 2017-09-17T23:43:47+08:00 ] ::1 ::1 GET /api/v1/order/paginate?page=1&size=20
[ log ] www.test.com/api/v1/order/paginate?page=1&size=20 [运行时间：0.060319s][吞吐率：16.58req/s] [内存消耗：3,771.19kb] [文件加载：62]

---------------------------------------------------------------
[ 2017-09-17T23:43:47+08:00 ] ::1 ::1 GET /api/v1/order/paginate?page=1&size=20
[ log ] www.test.com/api/v1/order/paginate?page=1&size=20 [运行时间：0.056180s][吞吐率：17.80req/s] [内存消耗：3,771.19kb] [文件加载：62]

---------------------------------------------------------------
[ 2017-09-17T23:47:55+08:00 ] ::1 ::1 GET /api/v1/order/paginate?page=1&size=20
[ log ] www.test.com/api/v1/order/paginate?page=1&size=20 [运行时间：0.088692s][吞吐率：11.27req/s] [内存消耗：3,771.41kb] [文件加载：62]

---------------------------------------------------------------
[ 2017-09-17T23:48:37+08:00 ] ::1 ::1 GET /api/v1/order/paginate?page=1&size=20
[ log ] www.test.com/api/v1/order/paginate?page=1&size=20 [运行时间：0.108227s][吞吐率：9.24req/s] [内存消耗：3,771.39kb] [文件加载：62]

---------------------------------------------------------------
[ 2017-09-17T23:48:38+08:00 ] ::1 ::1 GET /api/v1/order/paginate?page=1&size=20
[ log ] www.test.com/api/v1/order/paginate?page=1&size=20 [运行时间：0.102632s][吞吐率：9.74req/s] [内存消耗：3,771.19kb] [文件加载：62]

---------------------------------------------------------------
[ 2017-09-17T23:48:54+08:00 ] ::1 ::1 POST /api/v1/token/app
[ log ] www.test.com/api/v1/token/app [运行时间：0.072125s][吞吐率：13.86req/s] [内存消耗：3,211.66kb] [文件加载：51]

---------------------------------------------------------------
[ 2017-09-17T23:48:54+08:00 ] ::1 ::1 GET /api/v1/order/paginate?page=1&size=20
[ log ] www.test.com/api/v1/order/paginate?page=1&size=20 [运行时间：0.104953s][吞吐率：9.53req/s] [内存消耗：3,771.39kb] [文件加载：62]

---------------------------------------------------------------
[ 2017-09-17T23:48:54+08:00 ] ::1 ::1 GET /api/v1/order/paginate?page=1&size=20
[ log ] www.test.com/api/v1/order/paginate?page=1&size=20 [运行时间：0.063838s][吞吐率：15.66req/s] [内存消耗：3,771.19kb] [文件加载：62]

---------------------------------------------------------------
[ 2017-09-17T23:49:43+08:00 ] ::1 ::1 POST /api/v1/token/app
[ log ] www.test.com/api/v1/token/app [运行时间：0.051438s][吞吐率：19.44req/s] [内存消耗：3,211.66kb] [文件加载：51]

---------------------------------------------------------------
[ 2017-09-17T23:49:44+08:00 ] ::1 ::1 GET /api/v1/order/paginate?page=1&size=20
[ log ] www.test.com/api/v1/order/paginate?page=1&size=20 [运行时间：0.068095s][吞吐率：14.69req/s] [内存消耗：3,771.39kb] [文件加载：62]

---------------------------------------------------------------
[ 2017-09-17T23:49:44+08:00 ] ::1 ::1 GET /api/v1/order/paginate?page=1&size=20
[ log ] www.test.com/api/v1/order/paginate?page=1&size=20 [运行时间：0.050372s][吞吐率：19.85req/s] [内存消耗：3,771.19kb] [文件加载：62]

---------------------------------------------------------------
[ 2017-09-17T23:49:49+08:00 ] ::1 ::1 GET /api/v1/order/paginate?page=1&size=20
[ log ] www.test.com/api/v1/order/paginate?page=1&size=20 [运行时间：0.124144s][吞吐率：8.06req/s] [内存消耗：3,771.39kb] [文件加载：62]

---------------------------------------------------------------
[ 2017-09-17T23:49:49+08:00 ] ::1 ::1 GET /api/v1/order/paginate?page=1&size=20
[ log ] www.test.com/api/v1/order/paginate?page=1&size=20 [运行时间：0.070079s][吞吐率：14.27req/s] [内存消耗：3,771.19kb] [文件加载：62]

---------------------------------------------------------------
[ 2017-09-17T23:49:51+08:00 ] ::1 ::1 GET /api/v1/order/paginate?page=1&size=20
[ log ] www.test.com/api/v1/order/paginate?page=1&size=20 [运行时间：0.118367s][吞吐率：8.45req/s] [内存消耗：3,771.39kb] [文件加载：62]

---------------------------------------------------------------
[ 2017-09-17T23:49:51+08:00 ] ::1 ::1 GET /api/v1/order/paginate?page=1&size=20
[ log ] www.test.com/api/v1/order/paginate?page=1&size=20 [运行时间：0.079176s][吞吐率：12.63req/s] [内存消耗：3,771.19kb] [文件加载：62]

---------------------------------------------------------------
[ 2017-09-17T23:52:01+08:00 ] ::1 ::1 POST /api/v1/token/app
[ log ] www.test.com/api/v1/token/app [运行时间：0.051444s][吞吐率：19.44req/s] [内存消耗：3,211.66kb] [文件加载：51]

---------------------------------------------------------------
[ 2017-09-17T23:52:02+08:00 ] ::1 ::1 GET /api/v1/order/paginate?page=1&size=20
[ log ] www.test.com/api/v1/order/paginate?page=1&size=20 [运行时间：0.063878s][吞吐率：15.65req/s] [内存消耗：3,771.39kb] [文件加载：62]

---------------------------------------------------------------
[ 2017-09-17T23:52:02+08:00 ] ::1 ::1 GET /api/v1/order/paginate?page=1&size=20
[ log ] www.test.com/api/v1/order/paginate?page=1&size=20 [运行时间：0.050643s][吞吐率：19.75req/s] [内存消耗：3,771.19kb] [文件加载：62]

---------------------------------------------------------------
[ 2017-09-17T23:52:34+08:00 ] ::1 ::1 GET /api/v1/order/paginate?page=1&size=20
[ log ] www.test.com/api/v1/order/paginate?page=1&size=20 [运行时间：0.103101s][吞吐率：9.70req/s] [内存消耗：3,771.39kb] [文件加载：62]

---------------------------------------------------------------
[ 2017-09-17T23:52:34+08:00 ] ::1 ::1 GET /api/v1/order/paginate?page=1&size=20
[ log ] www.test.com/api/v1/order/paginate?page=1&size=20 [运行时间：0.084030s][吞吐率：11.90req/s] [内存消耗：3,771.19kb] [文件加载：62]

---------------------------------------------------------------
[ 2017-09-17T23:52:39+08:00 ] ::1 ::1 GET /api/v1/order/paginate?page=1&size=20
[ log ] www.test.com/api/v1/order/paginate?page=1&size=20 [运行时间：0.063132s][吞吐率：15.84req/s] [内存消耗：3,771.19kb] [文件加载：62]

---------------------------------------------------------------
[ 2017-09-17T23:52:42+08:00 ] ::1 ::1 GET /api/v1/order/paginate?page=1&size=20
[ log ] www.test.com/api/v1/order/paginate?page=1&size=20 [运行时间：0.060921s][吞吐率：16.41req/s] [内存消耗：3,771.19kb] [文件加载：62]

---------------------------------------------------------------
[ 2017-09-17T23:52:52+08:00 ] ::1 ::1 GET /api/v1/order/paginate?page=1&size=20
[ log ] www.test.com/api/v1/order/paginate?page=1&size=20 [运行时间：0.113328s][吞吐率：8.82req/s] [内存消耗：3,771.39kb] [文件加载：62]

---------------------------------------------------------------
[ 2017-09-17T23:52:52+08:00 ] ::1 ::1 GET /api/v1/order/paginate?page=1&size=20
[ log ] www.test.com/api/v1/order/paginate?page=1&size=20 [运行时间：0.078573s][吞吐率：12.73req/s] [内存消耗：3,771.19kb] [文件加载：62]

---------------------------------------------------------------
[ 2017-09-17T23:52:56+08:00 ] ::1 ::1 GET /api/v1/order/paginate?page=1&size=20
[ log ] www.test.com/api/v1/order/paginate?page=1&size=20 [运行时间：0.088097s][吞吐率：11.35req/s] [内存消耗：3,771.39kb] [文件加载：62]

---------------------------------------------------------------
[ 2017-09-17T23:52:57+08:00 ] ::1 ::1 GET /api/v1/order/paginate?page=1&size=20
[ log ] www.test.com/api/v1/order/paginate?page=1&size=20 [运行时间：0.103344s][吞吐率：9.68req/s] [内存消耗：3,771.19kb] [文件加载：62]

---------------------------------------------------------------
[ 2017-09-17T23:52:57+08:00 ] ::1 ::1 GET /api/v1/order/paginate?page=1&size=20
[ log ] www.test.com/api/v1/order/paginate?page=1&size=20 [运行时间：0.063676s][吞吐率：15.70req/s] [内存消耗：3,771.39kb] [文件加载：62]

---------------------------------------------------------------
[ 2017-09-17T23:52:58+08:00 ] ::1 ::1 GET /api/v1/order/paginate?page=1&size=20
[ log ] www.test.com/api/v1/order/paginate?page=1&size=20 [运行时间：0.067141s][吞吐率：14.89req/s] [内存消耗：3,771.19kb] [文件加载：62]

---------------------------------------------------------------
[ 2017-09-17T23:52:58+08:00 ] ::1 ::1 GET /api/v1/order/paginate?page=1&size=20
[ log ] www.test.com/api/v1/order/paginate?page=1&size=20 [运行时间：0.090933s][吞吐率：11.00req/s] [内存消耗：3,771.39kb] [文件加载：62]

---------------------------------------------------------------
[ 2017-09-17T23:52:58+08:00 ] ::1 ::1 GET /api/v1/order/paginate?page=1&size=20
[ log ] www.test.com/api/v1/order/paginate?page=1&size=20 [运行时间：0.048116s][吞吐率：20.78req/s] [内存消耗：3,771.19kb] [文件加载：62]

---------------------------------------------------------------
[ 2017-09-17T23:52:59+08:00 ] ::1 ::1 GET /api/v1/order/paginate?page=1&size=20
[ log ] www.test.com/api/v1/order/paginate?page=1&size=20 [运行时间：0.083817s][吞吐率：11.93req/s] [内存消耗：3,771.39kb] [文件加载：62]

---------------------------------------------------------------
[ 2017-09-17T23:52:59+08:00 ] ::1 ::1 GET /api/v1/order/paginate?page=1&size=20
[ log ] www.test.com/api/v1/order/paginate?page=1&size=20 [运行时间：0.049679s][吞吐率：20.13req/s] [内存消耗：3,771.19kb] [文件加载：62]

---------------------------------------------------------------
[ 2017-09-17T23:53:00+08:00 ] ::1 ::1 GET /api/v1/order/paginate?page=1&size=20
[ log ] www.test.com/api/v1/order/paginate?page=1&size=20 [运行时间：0.075000s][吞吐率：13.33req/s] [内存消耗：3,771.39kb] [文件加载：62]

---------------------------------------------------------------
[ 2017-09-17T23:53:00+08:00 ] ::1 ::1 GET /api/v1/order/paginate?page=1&size=20
[ log ] www.test.com/api/v1/order/paginate?page=1&size=20 [运行时间：0.053967s][吞吐率：18.53req/s] [内存消耗：3,771.19kb] [文件加载：62]

---------------------------------------------------------------
[ 2017-09-17T23:53:01+08:00 ] ::1 ::1 GET /api/v1/order/paginate?page=1&size=20
[ log ] www.test.com/api/v1/order/paginate?page=1&size=20 [运行时间：0.069968s][吞吐率：14.29req/s] [内存消耗：3,771.39kb] [文件加载：62]

---------------------------------------------------------------
[ 2017-09-17T23:53:01+08:00 ] ::1 ::1 GET /api/v1/order/paginate?page=1&size=20
[ log ] www.test.com/api/v1/order/paginate?page=1&size=20 [运行时间：0.056649s][吞吐率：17.65req/s] [内存消耗：3,771.19kb] [文件加载：62]

---------------------------------------------------------------
[ 2017-09-17T23:53:03+08:00 ] ::1 ::1 GET /api/v1/order/paginate?page=1&size=20
[ log ] www.test.com/api/v1/order/paginate?page=1&size=20 [运行时间：0.067504s][吞吐率：14.81req/s] [内存消耗：3,771.39kb] [文件加载：62]

---------------------------------------------------------------
[ 2017-09-17T23:53:03+08:00 ] ::1 ::1 GET /api/v1/order/paginate?page=1&size=20
[ log ] www.test.com/api/v1/order/paginate?page=1&size=20 [运行时间：0.077649s][吞吐率：12.88req/s] [内存消耗：3,771.19kb] [文件加载：62]

---------------------------------------------------------------
[ 2017-09-17T23:53:04+08:00 ] ::1 ::1 GET /api/v1/order/paginate?page=1&size=20
[ log ] www.test.com/api/v1/order/paginate?page=1&size=20 [运行时间：0.086006s][吞吐率：11.63req/s] [内存消耗：3,771.39kb] [文件加载：62]

---------------------------------------------------------------
[ 2017-09-17T23:53:04+08:00 ] ::1 ::1 GET /api/v1/order/paginate?page=1&size=20
[ log ] www.test.com/api/v1/order/paginate?page=1&size=20 [运行时间：0.051773s][吞吐率：19.32req/s] [内存消耗：3,771.19kb] [文件加载：62]

---------------------------------------------------------------
[ 2017-09-17T23:53:05+08:00 ] ::1 ::1 GET /api/v1/order/paginate?page=1&size=20
[ log ] www.test.com/api/v1/order/paginate?page=1&size=20 [运行时间：0.090193s][吞吐率：11.09req/s] [内存消耗：3,771.39kb] [文件加载：62]

---------------------------------------------------------------
[ 2017-09-17T23:53:05+08:00 ] ::1 ::1 GET /api/v1/order/paginate?page=1&size=20
[ log ] www.test.com/api/v1/order/paginate?page=1&size=20 [运行时间：0.052281s][吞吐率：19.13req/s] [内存消耗：3,771.19kb] [文件加载：62]

---------------------------------------------------------------
[ 2017-09-17T23:53:06+08:00 ] ::1 ::1 GET /api/v1/order/paginate?page=1&size=20
[ log ] www.test.com/api/v1/order/paginate?page=1&size=20 [运行时间：0.079641s][吞吐率：12.56req/s] [内存消耗：3,771.39kb] [文件加载：62]

---------------------------------------------------------------
[ 2017-09-17T23:53:06+08:00 ] ::1 ::1 GET /api/v1/order/paginate?page=1&size=20
[ log ] www.test.com/api/v1/order/paginate?page=1&size=20 [运行时间：0.063931s][吞吐率：15.64req/s] [内存消耗：3,771.19kb] [文件加载：62]

---------------------------------------------------------------
[ 2017-09-17T23:53:06+08:00 ] ::1 ::1 GET /api/v1/order/paginate?page=1&size=20
[ log ] www.test.com/api/v1/order/paginate?page=1&size=20 [运行时间：0.088645s][吞吐率：11.28req/s] [内存消耗：3,771.39kb] [文件加载：62]

---------------------------------------------------------------
[ 2017-09-17T23:53:07+08:00 ] ::1 ::1 GET /api/v1/order/paginate?page=1&size=20
[ log ] www.test.com/api/v1/order/paginate?page=1&size=20 [运行时间：0.058982s][吞吐率：16.95req/s] [内存消耗：3,771.19kb] [文件加载：62]

---------------------------------------------------------------
[ 2017-09-17T23:53:07+08:00 ] ::1 ::1 GET /api/v1/order/paginate?page=1&size=20
[ log ] www.test.com/api/v1/order/paginate?page=1&size=20 [运行时间：0.084264s][吞吐率：11.87req/s] [内存消耗：3,771.39kb] [文件加载：62]

---------------------------------------------------------------
[ 2017-09-17T23:53:07+08:00 ] ::1 ::1 GET /api/v1/order/paginate?page=1&size=20
[ log ] www.test.com/api/v1/order/paginate?page=1&size=20 [运行时间：0.055671s][吞吐率：17.96req/s] [内存消耗：3,771.19kb] [文件加载：62]

---------------------------------------------------------------
[ 2017-09-17T23:53:08+08:00 ] ::1 ::1 GET /api/v1/order/paginate?page=1&size=20
[ log ] www.test.com/api/v1/order/paginate?page=1&size=20 [运行时间：0.082594s][吞吐率：12.11req/s] [内存消耗：3,771.39kb] [文件加载：62]

---------------------------------------------------------------
[ 2017-09-17T23:53:08+08:00 ] ::1 ::1 GET /api/v1/order/paginate?page=1&size=20
[ log ] www.test.com/api/v1/order/paginate?page=1&size=20 [运行时间：0.053903s][吞吐率：18.55req/s] [内存消耗：3,771.19kb] [文件加载：62]

---------------------------------------------------------------
[ 2017-09-17T23:53:08+08:00 ] ::1 ::1 GET /api/v1/order/paginate?page=1&size=20
[ log ] www.test.com/api/v1/order/paginate?page=1&size=20 [运行时间：0.088969s][吞吐率：11.24req/s] [内存消耗：3,771.39kb] [文件加载：62]

---------------------------------------------------------------
[ 2017-09-17T23:53:08+08:00 ] ::1 ::1 GET /api/v1/order/paginate?page=1&size=20
[ log ] www.test.com/api/v1/order/paginate?page=1&size=20 [运行时间：0.063226s][吞吐率：15.82req/s] [内存消耗：3,771.19kb] [文件加载：62]

---------------------------------------------------------------
[ 2017-09-17T23:53:09+08:00 ] ::1 ::1 GET /api/v1/order/paginate?page=1&size=20
[ log ] www.test.com/api/v1/order/paginate?page=1&size=20 [运行时间：0.112096s][吞吐率：8.92req/s] [内存消耗：3,771.39kb] [文件加载：62]

---------------------------------------------------------------
[ 2017-09-17T23:53:09+08:00 ] ::1 ::1 GET /api/v1/order/paginate?page=1&size=20
[ log ] www.test.com/api/v1/order/paginate?page=1&size=20 [运行时间：0.060069s][吞吐率：16.65req/s] [内存消耗：3,771.19kb] [文件加载：62]

---------------------------------------------------------------
[ 2017-09-17T23:53:09+08:00 ] ::1 ::1 GET /api/v1/order/paginate?page=1&size=20
[ log ] www.test.com/api/v1/order/paginate?page=1&size=20 [运行时间：0.084043s][吞吐率：11.90req/s] [内存消耗：3,771.39kb] [文件加载：62]

---------------------------------------------------------------
[ 2017-09-17T23:53:09+08:00 ] ::1 ::1 GET /api/v1/order/paginate?page=1&size=20
[ log ] www.test.com/api/v1/order/paginate?page=1&size=20 [运行时间：0.045432s][吞吐率：22.01req/s] [内存消耗：3,771.19kb] [文件加载：62]

---------------------------------------------------------------
[ 2017-09-17T23:53:15+08:00 ] ::1 ::1 GET /api/v1/getAllUser
[ log ] www.test.com/api/v1/getAllUser [运行时间：0.102615s][吞吐率：9.75req/s] [内存消耗：3,401.09kb] [文件加载：56]

---------------------------------------------------------------
[ 2017-09-17T23:53:17+08:00 ] ::1 ::1 GET /api/v1/category/all
[ log ] www.test.com/api/v1/category/all [运行时间：0.064709s][吞吐率：15.45req/s] [内存消耗：3,397.05kb] [文件加载：56]

---------------------------------------------------------------
[ 2017-09-17T23:53:17+08:00 ] ::1 ::1 GET /api/v1/AllInProduct
[ log ] www.test.com/api/v1/AllInProduct [运行时间：0.059198s][吞吐率：16.89req/s] [内存消耗：3,285.78kb] [文件加载：51]

---------------------------------------------------------------
[ 2017-09-17T23:53:19+08:00 ] ::1 ::1 GET /api/v1/category/all
[ log ] www.test.com/api/v1/category/all [运行时间：0.060758s][吞吐率：16.46req/s] [内存消耗：3,397.05kb] [文件加载：56]

---------------------------------------------------------------
[ 2017-09-17T23:53:21+08:00 ] ::1 ::1 GET /api/v1/order/paginate?page=1&size=20
[ log ] www.test.com/api/v1/order/paginate?page=1&size=20 [运行时间：0.053732s][吞吐率：18.61req/s] [内存消耗：3,770.89kb] [文件加载：62]

---------------------------------------------------------------
[ 2017-09-17T23:53:23+08:00 ] ::1 ::1 GET /api/v1/getAllUser
[ log ] www.test.com/api/v1/getAllUser [运行时间：0.053647s][吞吐率：18.64req/s] [内存消耗：3,401.09kb] [文件加载：56]

---------------------------------------------------------------
[ 2017-09-17T23:53:24+08:00 ] ::1 ::1 GET /api/v1/order/paginate?page=1&size=20
[ log ] www.test.com/api/v1/order/paginate?page=1&size=20 [运行时间：0.054095s][吞吐率：18.49req/s] [内存消耗：3,770.89kb] [文件加载：62]

---------------------------------------------------------------
[ 2017-09-17T23:53:25+08:00 ] ::1 ::1 GET /api/v1/getAllUser
[ log ] www.test.com/api/v1/getAllUser [运行时间：0.064158s][吞吐率：15.59req/s] [内存消耗：3,401.09kb] [文件加载：56]

---------------------------------------------------------------
[ 2017-09-17T23:53:26+08:00 ] ::1 ::1 GET /api/v1/category/all
[ log ] www.test.com/api/v1/category/all [运行时间：0.060175s][吞吐率：16.62req/s] [内存消耗：3,397.05kb] [文件加载：56]

---------------------------------------------------------------
[ 2017-09-17T23:53:26+08:00 ] ::1 ::1 GET /api/v1/AllInProduct
[ log ] www.test.com/api/v1/AllInProduct [运行时间：0.049500s][吞吐率：20.20req/s] [内存消耗：3,285.78kb] [文件加载：51]

---------------------------------------------------------------
