[ 2017-09-19T01:03:57+08:00 ] ::1 ::1 GET /api/v1/product/1
[ log ] localhost/api/v1/product/1 [运行时间：0.262722s][吞吐率：3.81req/s] [内存消耗：3,817.45kb] [文件加载：61]

---------------------------------------------------------------
[ 2017-09-19T10:00:49+08:00 ] ::1 ::1 GET /api/v1/product/1
[ log ] localhost/api/v1/product/1 [运行时间：0.552654s][吞吐率：1.81req/s] [内存消耗：3,817.45kb] [文件加载：61]

---------------------------------------------------------------
[ 2017-09-19T15:27:56+08:00 ] ::1 ::1 GET /api/v1/banner/1
[ log ] www.test.com/api/v1/banner/1 [运行时间：0.177685s][吞吐率：5.63req/s] [内存消耗：3,759.84kb] [文件加载：61]

---------------------------------------------------------------
[ 2017-09-19T15:36:29+08:00 ] ::1 ::1 GET /api/v1/banner/1
[ log ] www.test.com/api/v1/banner/1 [运行时间：0.150573s][吞吐率：6.64req/s] [内存消耗：3,759.84kb] [文件加载：61]

---------------------------------------------------------------
[ 2017-09-19T15:44:53+08:00 ] ::1 ::1 GET /api/v1/getjson
[ log ] www.test.com/api/v1/getjson [运行时间：0.037698s][吞吐率：26.53req/s] [内存消耗：1,828.67kb] [文件加载：40]

---------------------------------------------------------------
[ 2017-09-19T15:48:59+08:00 ] ::1 ::1 GET /api/v1/getjson
[ log ] www.test.com/api/v1/getjson [运行时间：0.028031s][吞吐率：35.67req/s] [内存消耗：1,845.01kb] [文件加载：40]

---------------------------------------------------------------
[ 2017-09-19T15:49:29+08:00 ] ::1 ::1 GET /api/v1/getjson
[ log ] www.test.com/api/v1/getjson [运行时间：0.032832s][吞吐率：30.46req/s] [内存消耗：1,844.03kb] [文件加载：40]

---------------------------------------------------------------
[ 2017-09-19T15:49:35+08:00 ] ::1 ::1 GET /api/v1/getjson
[ log ] www.test.com/api/v1/getjson [运行时间：0.024834s][吞吐率：40.27req/s] [内存消耗：1,844.03kb] [文件加载：40]

---------------------------------------------------------------
[ 2017-09-19T15:50:29+08:00 ] 127.0.0.1 127.0.0.1 GET /api/v1/getjson
[ log ] www.test.com/api/v1/getjson [运行时间：0.075825s][吞吐率：13.19req/s] [内存消耗：1,844.19kb] [文件加载：40]

---------------------------------------------------------------
[ 2017-09-19T15:56:18+08:00 ] 127.0.0.1 127.0.0.1 GET /api/v1/getjson
[ log ] www.test.com/api/v1/getjson [运行时间：0.072404s][吞吐率：13.81req/s] [内存消耗：1,844.57kb] [文件加载：40]

---------------------------------------------------------------
[ 2017-09-19T16:04:44+08:00 ] 127.0.0.1 127.0.0.1 GET /api/v1/getjson
[ log ] www.test.com/api/v1/getjson [运行时间：0.085427s][吞吐率：11.71req/s] [内存消耗：1,844.46kb] [文件加载：40]

---------------------------------------------------------------
[ 2017-09-19T16:07:57+08:00 ] 127.0.0.1 127.0.0.1 GET /api/v1/getjson
[ log ] www.test.com/api/v1/getjson [运行时间：0.064681s][吞吐率：15.46req/s] [内存消耗：1,844.57kb] [文件加载：40]

---------------------------------------------------------------
[ 2017-09-19T16:19:55+08:00 ] 127.0.0.1 127.0.0.1 GET /api/v1/getjson
[ log ] www.test.com/api/v1/getjson [运行时间：0.075698s][吞吐率：13.21req/s] [内存消耗：1,844.57kb] [文件加载：40]

---------------------------------------------------------------
[ 2017-09-19T16:21:55+08:00 ] 127.0.0.1 127.0.0.1 GET /api/v1/getjson
[ log ] www.test.com/api/v1/getjson [运行时间：0.071296s][吞吐率：14.03req/s] [内存消耗：1,828.91kb] [文件加载：40]

---------------------------------------------------------------
[ 2017-09-19T16:38:10+08:00 ] ::1 ::1 GET /api/v1/banner/1
[ log ] www.test.com:63342/api/v1/banner/1 [运行时间：0.154307s][吞吐率：6.48req/s] [内存消耗：3,759.64kb] [文件加载：61]

---------------------------------------------------------------
[ 2017-09-19T17:33:12+08:00 ] ::1 ::1 POST /api/v1/token/app
[ log ] www.test.com/api/v1/token/app [运行时间：0.127685s][吞吐率：7.83req/s] [内存消耗：3,217.12kb] [文件加载：51]

---------------------------------------------------------------
[ 2017-09-19T17:33:12+08:00 ] ::1 ::1 GET /api/v1/order/paginate?page=1&size=20
[ log ] www.test.com/api/v1/order/paginate?page=1&size=20 [运行时间：0.145235s][吞吐率：6.89req/s] [内存消耗：3,776.84kb] [文件加载：62]

---------------------------------------------------------------
[ 2017-09-19T17:33:12+08:00 ] ::1 ::1 GET /api/v1/order/paginate?page=1&size=20
[ log ] www.test.com/api/v1/order/paginate?page=1&size=20 [运行时间：0.066833s][吞吐率：14.96req/s] [内存消耗：3,776.84kb] [文件加载：62]

---------------------------------------------------------------
[ 2017-09-19T17:33:15+08:00 ] ::1 ::1 GET /api/v1/AllInProduct
[ log ] www.test.com/api/v1/AllInProduct [运行时间：0.061138s][吞吐率：16.36req/s] [内存消耗：3,291.19kb] [文件加载：51]

---------------------------------------------------------------
[ 2017-09-19T17:33:16+08:00 ] ::1 ::1 GET /api/v1/product/1
[ log ] www.test.com/api/v1/product/1 [运行时间：0.142609s][吞吐率：7.01req/s] [内存消耗：3,817.81kb] [文件加载：61]

---------------------------------------------------------------
[ 2017-09-19T17:33:58+08:00 ] ::1 ::1 GET /api/v1/order/paginate?page=1&size=20
[ log ] www.test.com/api/v1/order/paginate?page=1&size=20 [运行时间：0.170765s][吞吐率：5.86req/s] [内存消耗：3,776.84kb] [文件加载：62]

---------------------------------------------------------------
[ 2017-09-19T17:33:58+08:00 ] ::1 ::1 GET /api/v1/order/paginate?page=1&size=20
[ log ] www.test.com/api/v1/order/paginate?page=1&size=20 [运行时间：0.065384s][吞吐率：15.29req/s] [内存消耗：3,776.84kb] [文件加载：62]

---------------------------------------------------------------
[ 2017-09-19T17:34:00+08:00 ] ::1 ::1 GET /api/v1/AllInProduct
[ log ] www.test.com/api/v1/AllInProduct [运行时间：0.053661s][吞吐率：18.64req/s] [内存消耗：3,291.19kb] [文件加载：51]

---------------------------------------------------------------
[ 2017-09-19T17:34:02+08:00 ] ::1 ::1 GET /api/v1/product/1
[ log ] www.test.com/api/v1/product/1 [运行时间：0.133519s][吞吐率：7.49req/s] [内存消耗：3,817.81kb] [文件加载：61]

---------------------------------------------------------------
[ 2017-09-19T17:35:15+08:00 ] ::1 ::1 GET /api/v1/order/paginate?page=1&size=20
[ log ] www.test.com/api/v1/order/paginate?page=1&size=20 [运行时间：0.231022s][吞吐率：4.33req/s] [内存消耗：3,776.84kb] [文件加载：62]

---------------------------------------------------------------
[ 2017-09-19T17:35:15+08:00 ] ::1 ::1 GET /api/v1/order/paginate?page=1&size=20
[ log ] www.test.com/api/v1/order/paginate?page=1&size=20 [运行时间：0.065010s][吞吐率：15.38req/s] [内存消耗：3,776.84kb] [文件加载：62]

---------------------------------------------------------------
[ 2017-09-19T17:35:16+08:00 ] ::1 ::1 GET /api/v1/AllInProduct
[ log ] www.test.com/api/v1/AllInProduct [运行时间：0.053385s][吞吐率：18.73req/s] [内存消耗：3,291.19kb] [文件加载：51]

---------------------------------------------------------------
[ 2017-09-19T17:35:18+08:00 ] ::1 ::1 GET /api/v1/product/1
[ log ] www.test.com/api/v1/product/1 [运行时间：0.108016s][吞吐率：9.26req/s] [内存消耗：3,817.81kb] [文件加载：61]

---------------------------------------------------------------
[ 2017-09-19T17:36:04+08:00 ] ::1 ::1 GET /api/v1/order/paginate?page=1&size=20
[ log ] www.test.com/api/v1/order/paginate?page=1&size=20 [运行时间：0.208713s][吞吐率：4.79req/s] [内存消耗：3,776.84kb] [文件加载：62]

---------------------------------------------------------------
[ 2017-09-19T17:36:04+08:00 ] ::1 ::1 GET /api/v1/order/paginate?page=1&size=20
[ log ] www.test.com/api/v1/order/paginate?page=1&size=20 [运行时间：0.100850s][吞吐率：9.92req/s] [内存消耗：3,776.84kb] [文件加载：62]

---------------------------------------------------------------
[ 2017-09-19T17:36:05+08:00 ] ::1 ::1 GET /api/v1/AllInProduct
[ log ] www.test.com/api/v1/AllInProduct [运行时间：0.049870s][吞吐率：20.05req/s] [内存消耗：3,291.19kb] [文件加载：51]

---------------------------------------------------------------
[ 2017-09-19T17:36:07+08:00 ] ::1 ::1 GET /api/v1/product/1
[ log ] www.test.com/api/v1/product/1 [运行时间：0.076930s][吞吐率：13.00req/s] [内存消耗：3,817.81kb] [文件加载：61]

---------------------------------------------------------------
[ 2017-09-19T17:36:57+08:00 ] ::1 ::1 GET /api/v1/order/paginate?page=1&size=20
[ log ] www.test.com/api/v1/order/paginate?page=1&size=20 [运行时间：0.213430s][吞吐率：4.69req/s] [内存消耗：3,776.84kb] [文件加载：62]

---------------------------------------------------------------
[ 2017-09-19T17:36:57+08:00 ] ::1 ::1 GET /api/v1/order/paginate?page=1&size=20
[ log ] www.test.com/api/v1/order/paginate?page=1&size=20 [运行时间：0.065731s][吞吐率：15.21req/s] [内存消耗：3,776.84kb] [文件加载：62]

---------------------------------------------------------------
[ 2017-09-19T17:36:57+08:00 ] ::1 ::1 GET /api/v1/AllInProduct
[ log ] www.test.com/api/v1/AllInProduct [运行时间：0.050522s][吞吐率：19.79req/s] [内存消耗：3,291.19kb] [文件加载：51]

---------------------------------------------------------------
[ 2017-09-19T17:36:59+08:00 ] ::1 ::1 GET /api/v1/product/1
[ log ] www.test.com/api/v1/product/1 [运行时间：0.126927s][吞吐率：7.88req/s] [内存消耗：3,817.81kb] [文件加载：61]

---------------------------------------------------------------
[ 2017-09-19T18:06:10+08:00 ] ::1 ::1 POST /api/v1/token/app
[ log ] www.test.com/api/v1/token/app [运行时间：0.115284s][吞吐率：8.67req/s] [内存消耗：3,217.27kb] [文件加载：51]

---------------------------------------------------------------
[ 2017-09-19T18:06:12+08:00 ] ::1 ::1 GET /api/v1/order/paginate?page=1&size=20
[ log ] www.test.com/api/v1/order/paginate?page=1&size=20 [运行时间：0.116408s][吞吐率：8.59req/s] [内存消耗：3,777.27kb] [文件加载：62]

---------------------------------------------------------------
[ 2017-09-19T18:52:36+08:00 ] ::1 ::1 POST /api/v1/token/app
[ log ] www.test.com/api/v1/token/app [运行时间：0.114434s][吞吐率：8.74req/s] [内存消耗：3,217.56kb] [文件加载：51]

---------------------------------------------------------------
[ 2017-09-19T18:52:37+08:00 ] ::1 ::1 GET /api/v1/order/paginate?page=1&size=20
[ log ] www.test.com/api/v1/order/paginate?page=1&size=20 [运行时间：0.178879s][吞吐率：5.59req/s] [内存消耗：3,777.09kb] [文件加载：62]

---------------------------------------------------------------
[ 2017-09-19T18:52:37+08:00 ] ::1 ::1 GET /api/v1/order/paginate?page=1&size=20
[ log ] www.test.com/api/v1/order/paginate?page=1&size=20 [运行时间：0.062942s][吞吐率：15.89req/s] [内存消耗：3,777.00kb] [文件加载：62]

---------------------------------------------------------------
[ 2017-09-19T18:52:38+08:00 ] ::1 ::1 GET /api/v1/AllInProduct
[ log ] www.test.com/api/v1/AllInProduct [运行时间：0.099865s][吞吐率：10.01req/s] [内存消耗：3,291.78kb] [文件加载：51]

---------------------------------------------------------------
[ 2017-09-19T18:52:40+08:00 ] ::1 ::1 GET /api/v1/product/1
[ log ] www.test.com/api/v1/product/1 [运行时间：0.127899s][吞吐率：7.82req/s] [内存消耗：3,818.10kb] [文件加载：61]

---------------------------------------------------------------
[ 2017-09-19T18:53:21+08:00 ] ::1 ::1 GET /api/v1/order/paginate?page=1&size=20
[ log ] www.test.com/api/v1/order/paginate?page=1&size=20 [运行时间：0.098366s][吞吐率：10.17req/s] [内存消耗：3,777.09kb] [文件加载：62]

---------------------------------------------------------------
[ 2017-09-19T18:53:21+08:00 ] ::1 ::1 GET /api/v1/order/paginate?page=1&size=20
[ log ] www.test.com/api/v1/order/paginate?page=1&size=20 [运行时间：0.057302s][吞吐率：17.45req/s] [内存消耗：3,777.00kb] [文件加载：62]

---------------------------------------------------------------
[ 2017-09-19T18:53:22+08:00 ] ::1 ::1 GET /api/v1/AllInProduct
[ log ] www.test.com/api/v1/AllInProduct [运行时间：0.052904s][吞吐率：18.90req/s] [内存消耗：3,291.78kb] [文件加载：51]

---------------------------------------------------------------
[ 2017-09-19T18:53:23+08:00 ] ::1 ::1 GET /api/v1/product/1
[ log ] www.test.com/api/v1/product/1 [运行时间：0.064120s][吞吐率：15.60req/s] [内存消耗：3,818.10kb] [文件加载：61]

---------------------------------------------------------------
[ 2017-09-19T18:53:52+08:00 ] ::1 ::1 GET /api/v1/order/paginate?page=1&size=20
[ log ] www.test.com/api/v1/order/paginate?page=1&size=20 [运行时间：0.118879s][吞吐率：8.41req/s] [内存消耗：3,777.09kb] [文件加载：62]

---------------------------------------------------------------
[ 2017-09-19T18:53:52+08:00 ] ::1 ::1 GET /api/v1/order/paginate?page=1&size=20
[ log ] www.test.com/api/v1/order/paginate?page=1&size=20 [运行时间：0.087708s][吞吐率：11.40req/s] [内存消耗：3,777.00kb] [文件加载：62]

---------------------------------------------------------------
[ 2017-09-19T18:53:54+08:00 ] ::1 ::1 GET /api/v1/AllInProduct
[ log ] www.test.com/api/v1/AllInProduct [运行时间：0.048415s][吞吐率：20.65req/s] [内存消耗：3,291.78kb] [文件加载：51]

---------------------------------------------------------------
[ 2017-09-19T18:53:56+08:00 ] ::1 ::1 GET /api/v1/product/1
[ log ] www.test.com/api/v1/product/1 [运行时间：0.065189s][吞吐率：15.34req/s] [内存消耗：3,818.10kb] [文件加载：61]

---------------------------------------------------------------
[ 2017-09-19T18:54:19+08:00 ] ::1 ::1 GET /api/v1/order/paginate?page=1&size=20
[ log ] www.test.com/api/v1/order/paginate?page=1&size=20 [运行时间：0.111779s][吞吐率：8.95req/s] [内存消耗：3,777.09kb] [文件加载：62]

---------------------------------------------------------------
[ 2017-09-19T18:54:19+08:00 ] ::1 ::1 GET /api/v1/order/paginate?page=1&size=20
[ log ] www.test.com/api/v1/order/paginate?page=1&size=20 [运行时间：0.071385s][吞吐率：14.01req/s] [内存消耗：3,777.00kb] [文件加载：62]

---------------------------------------------------------------
[ 2017-09-19T18:54:19+08:00 ] ::1 ::1 GET /api/v1/AllInProduct
[ log ] www.test.com/api/v1/AllInProduct [运行时间：0.055435s][吞吐率：18.04req/s] [内存消耗：3,291.78kb] [文件加载：51]

---------------------------------------------------------------
[ 2017-09-19T18:54:21+08:00 ] ::1 ::1 GET /api/v1/product/1
[ log ] www.test.com/api/v1/product/1 [运行时间：0.140998s][吞吐率：7.09req/s] [内存消耗：3,818.10kb] [文件加载：61]

---------------------------------------------------------------
[ 2017-09-19T18:54:56+08:00 ] ::1 ::1 GET /api/v1/order/paginate?page=1&size=20
[ log ] www.test.com/api/v1/order/paginate?page=1&size=20 [运行时间：0.150278s][吞吐率：6.65req/s] [内存消耗：3,777.09kb] [文件加载：62]

---------------------------------------------------------------
[ 2017-09-19T18:54:57+08:00 ] ::1 ::1 GET /api/v1/order/paginate?page=1&size=20
[ log ] www.test.com/api/v1/order/paginate?page=1&size=20 [运行时间：0.126140s][吞吐率：7.93req/s] [内存消耗：3,777.00kb] [文件加载：62]

---------------------------------------------------------------
[ 2017-09-19T18:54:59+08:00 ] ::1 ::1 GET /api/v1/AllInProduct
[ log ] www.test.com/api/v1/AllInProduct [运行时间：0.047700s][吞吐率：20.96req/s] [内存消耗：3,291.78kb] [文件加载：51]

---------------------------------------------------------------
[ 2017-09-19T18:55:00+08:00 ] ::1 ::1 GET /api/v1/product/1
[ log ] www.test.com/api/v1/product/1 [运行时间：0.074480s][吞吐率：13.43req/s] [内存消耗：3,818.10kb] [文件加载：61]

---------------------------------------------------------------
[ 2017-09-19T18:56:34+08:00 ] ::1 ::1 GET /api/v1/order/paginate?page=1&size=20
[ log ] www.test.com/api/v1/order/paginate?page=1&size=20 [运行时间：0.195861s][吞吐率：5.11req/s] [内存消耗：3,777.09kb] [文件加载：62]

---------------------------------------------------------------
[ 2017-09-19T18:56:34+08:00 ] ::1 ::1 GET /api/v1/order/paginate?page=1&size=20
[ log ] www.test.com/api/v1/order/paginate?page=1&size=20 [运行时间：0.122380s][吞吐率：8.17req/s] [内存消耗：3,777.00kb] [文件加载：62]

---------------------------------------------------------------
[ 2017-09-19T18:56:35+08:00 ] ::1 ::1 GET /api/v1/AllInProduct
[ log ] www.test.com/api/v1/AllInProduct [运行时间：0.072661s][吞吐率：13.76req/s] [内存消耗：3,291.78kb] [文件加载：51]

---------------------------------------------------------------
[ 2017-09-19T18:56:37+08:00 ] ::1 ::1 GET /api/v1/product/1
[ log ] www.test.com/api/v1/product/1 [运行时间：0.084842s][吞吐率：11.79req/s] [内存消耗：3,818.10kb] [文件加载：61]

---------------------------------------------------------------
[ 2017-09-19T18:57:23+08:00 ] ::1 ::1 GET /api/v1/order/paginate?page=1&size=20
[ log ] www.test.com/api/v1/order/paginate?page=1&size=20 [运行时间：0.166442s][吞吐率：6.01req/s] [内存消耗：3,777.09kb] [文件加载：62]

---------------------------------------------------------------
[ 2017-09-19T18:57:23+08:00 ] ::1 ::1 GET /api/v1/order/paginate?page=1&size=20
[ log ] www.test.com/api/v1/order/paginate?page=1&size=20 [运行时间：0.204941s][吞吐率：4.88req/s] [内存消耗：3,777.00kb] [文件加载：62]

---------------------------------------------------------------
[ 2017-09-19T18:57:24+08:00 ] ::1 ::1 GET /api/v1/AllInProduct
[ log ] www.test.com/api/v1/AllInProduct [运行时间：0.067991s][吞吐率：14.71req/s] [内存消耗：3,291.78kb] [文件加载：51]

---------------------------------------------------------------
[ 2017-09-19T18:57:29+08:00 ] ::1 ::1 GET /api/v1/product/1
[ log ] www.test.com/api/v1/product/1 [运行时间：0.084895s][吞吐率：11.78req/s] [内存消耗：3,818.10kb] [文件加载：61]

---------------------------------------------------------------
[ 2017-09-19T18:57:33+08:00 ] ::1 ::1 POST /api/v1/upload
[ log ] www.test.com/api/v1/upload [运行时间：0.037945s][吞吐率：26.35req/s] [内存消耗：1,816.73kb] [文件加载：39]

---------------------------------------------------------------
[ 2017-09-19T18:57:33+08:00 ] ::1 ::1 POST /api/v1/upload
[ log ] www.test.com/api/v1/upload [运行时间：0.040127s][吞吐率：24.92req/s] [内存消耗：1,816.73kb] [文件加载：39]

---------------------------------------------------------------
[ 2017-09-19T18:57:49+08:00 ] ::1 ::1 POST /api/v1/upload
[ log ] www.test.com/api/v1/upload [运行时间：0.041340s][吞吐率：24.19req/s] [内存消耗：1,905.91kb] [文件加载：40]

---------------------------------------------------------------
[ 2017-09-19T18:58:33+08:00 ] ::1 ::1 GET /api/v1/order/paginate?page=1&size=20
[ log ] www.test.com/api/v1/order/paginate?page=1&size=20 [运行时间：0.208912s][吞吐率：4.79req/s] [内存消耗：3,777.09kb] [文件加载：62]

---------------------------------------------------------------
[ 2017-09-19T18:58:33+08:00 ] ::1 ::1 GET /api/v1/order/paginate?page=1&size=20
[ log ] www.test.com/api/v1/order/paginate?page=1&size=20 [运行时间：0.207179s][吞吐率：4.83req/s] [内存消耗：3,777.00kb] [文件加载：62]

---------------------------------------------------------------
[ 2017-09-19T18:58:35+08:00 ] ::1 ::1 GET /api/v1/AllInProduct
[ log ] www.test.com/api/v1/AllInProduct [运行时间：0.051146s][吞吐率：19.55req/s] [内存消耗：3,291.78kb] [文件加载：51]

---------------------------------------------------------------
[ 2017-09-19T18:58:37+08:00 ] ::1 ::1 GET /api/v1/product/1
[ log ] www.test.com/api/v1/product/1 [运行时间：0.079782s][吞吐率：12.53req/s] [内存消耗：3,818.10kb] [文件加载：61]

---------------------------------------------------------------
[ 2017-09-19T18:58:47+08:00 ] ::1 ::1 POST /api/v1/upload
[ log ] www.test.com/api/v1/upload [运行时间：0.026559s][吞吐率：37.65req/s] [内存消耗：1,905.91kb] [文件加载：40]

---------------------------------------------------------------
[ 2017-09-19T18:58:47+08:00 ] ::1 ::1 POST /api/v1/upload
[ log ] www.test.com/api/v1/upload [运行时间：0.030137s][吞吐率：33.18req/s] [内存消耗：1,905.91kb] [文件加载：40]

---------------------------------------------------------------
[ 2017-09-19T18:59:15+08:00 ] ::1 ::1 GET /api/v1/order/paginate?page=1&size=20
[ log ] www.test.com/api/v1/order/paginate?page=1&size=20 [运行时间：0.213128s][吞吐率：4.69req/s] [内存消耗：3,777.09kb] [文件加载：62]

---------------------------------------------------------------
[ 2017-09-19T18:59:15+08:00 ] ::1 ::1 GET /api/v1/order/paginate?page=1&size=20
[ log ] www.test.com/api/v1/order/paginate?page=1&size=20 [运行时间：0.122523s][吞吐率：8.16req/s] [内存消耗：3,777.00kb] [文件加载：62]

---------------------------------------------------------------
[ 2017-09-19T18:59:26+08:00 ] ::1 ::1 GET /api/v1/AllInProduct
[ log ] www.test.com/api/v1/AllInProduct [运行时间：0.096471s][吞吐率：10.37req/s] [内存消耗：3,291.78kb] [文件加载：51]

---------------------------------------------------------------
[ 2017-09-19T18:59:28+08:00 ] ::1 ::1 GET /api/v1/product/1
[ log ] www.test.com/api/v1/product/1 [运行时间：0.126070s][吞吐率：7.93req/s] [内存消耗：3,818.10kb] [文件加载：61]

---------------------------------------------------------------
[ 2017-09-19T18:59:37+08:00 ] ::1 ::1 POST /api/v1/upload
[ log ] www.test.com/api/v1/upload [运行时间：0.027363s][吞吐率：36.55req/s] [内存消耗：1,905.91kb] [文件加载：40]

---------------------------------------------------------------
[ 2017-09-19T18:59:37+08:00 ] ::1 ::1 POST /api/v1/upload
[ log ] www.test.com/api/v1/upload [运行时间：0.024018s][吞吐率：41.64req/s] [内存消耗：1,905.91kb] [文件加载：40]

---------------------------------------------------------------
[ 2017-09-19T19:23:36+08:00 ] ::1 ::1 GET /api/v1/AllInProduct
[ log ] www.test.com/api/v1/AllInProduct [运行时间：0.100374s][吞吐率：9.96req/s] [内存消耗：3,295.66kb] [文件加载：51]

---------------------------------------------------------------
[ 2017-09-19T19:24:20+08:00 ] ::1 ::1 GET /api/v1/order/paginate?page=1&size=20
[ log ] www.test.com/api/v1/order/paginate?page=1&size=20 [运行时间：0.198467s][吞吐率：5.04req/s] [内存消耗：3,777.09kb] [文件加载：62]

---------------------------------------------------------------
[ 2017-09-19T19:24:20+08:00 ] ::1 ::1 GET /api/v1/order/paginate?page=1&size=20
[ log ] www.test.com/api/v1/order/paginate?page=1&size=20 [运行时间：0.061628s][吞吐率：16.23req/s] [内存消耗：3,777.00kb] [文件加载：62]

---------------------------------------------------------------
[ 2017-09-19T19:24:22+08:00 ] ::1 ::1 GET /api/v1/AllInProduct
[ log ] www.test.com/api/v1/AllInProduct [运行时间：0.055658s][吞吐率：17.97req/s] [内存消耗：3,295.66kb] [文件加载：51]

---------------------------------------------------------------
[ 2017-09-19T19:24:35+08:00 ] ::1 ::1 GET /api/v1/order/paginate?page=1&size=20
[ log ] www.test.com/api/v1/order/paginate?page=1&size=20 [运行时间：0.089114s][吞吐率：11.22req/s] [内存消耗：3,777.09kb] [文件加载：62]

---------------------------------------------------------------
[ 2017-09-19T19:24:35+08:00 ] ::1 ::1 GET /api/v1/order/paginate?page=1&size=20
[ log ] www.test.com/api/v1/order/paginate?page=1&size=20 [运行时间：0.072179s][吞吐率：13.85req/s] [内存消耗：3,777.00kb] [文件加载：62]

---------------------------------------------------------------
[ 2017-09-19T19:24:37+08:00 ] ::1 ::1 GET /api/v1/AllInProduct
[ log ] www.test.com/api/v1/AllInProduct [运行时间：0.052456s][吞吐率：19.06req/s] [内存消耗：3,295.66kb] [文件加载：51]

---------------------------------------------------------------
[ 2017-09-19T19:26:47+08:00 ] ::1 ::1 GET /api/v1/order/paginate?page=1&size=20
[ log ] www.test.com/api/v1/order/paginate?page=1&size=20 [运行时间：0.271813s][吞吐率：3.68req/s] [内存消耗：3,777.09kb] [文件加载：62]

---------------------------------------------------------------
[ 2017-09-19T19:26:48+08:00 ] ::1 ::1 GET /api/v1/order/paginate?page=1&size=20
[ log ] www.test.com/api/v1/order/paginate?page=1&size=20 [运行时间：0.089017s][吞吐率：11.23req/s] [内存消耗：3,777.00kb] [文件加载：62]

---------------------------------------------------------------
[ 2017-09-19T19:26:54+08:00 ] ::1 ::1 GET /api/v1/AllInProduct
[ log ] www.test.com/api/v1/AllInProduct [运行时间：0.050772s][吞吐率：19.70req/s] [内存消耗：3,295.66kb] [文件加载：51]

---------------------------------------------------------------
[ 2017-09-19T19:27:38+08:00 ] ::1 ::1 GET /api/v1/order/paginate?page=1&size=20
[ log ] www.test.com/api/v1/order/paginate?page=1&size=20 [运行时间：0.326866s][吞吐率：3.06req/s] [内存消耗：3,777.09kb] [文件加载：62]

---------------------------------------------------------------
[ 2017-09-19T19:27:38+08:00 ] ::1 ::1 GET /api/v1/order/paginate?page=1&size=20
[ log ] www.test.com/api/v1/order/paginate?page=1&size=20 [运行时间：0.104694s][吞吐率：9.55req/s] [内存消耗：3,777.00kb] [文件加载：62]

---------------------------------------------------------------
[ 2017-09-19T19:27:40+08:00 ] ::1 ::1 GET /api/v1/AllInProduct
[ log ] www.test.com/api/v1/AllInProduct [运行时间：0.061027s][吞吐率：16.39req/s] [内存消耗：3,295.66kb] [文件加载：51]

---------------------------------------------------------------
[ 2017-09-19T19:28:48+08:00 ] ::1 ::1 GET /api/v1/order/paginate?page=1&size=20
[ log ] www.test.com/api/v1/order/paginate?page=1&size=20 [运行时间：0.137100s][吞吐率：7.29req/s] [内存消耗：3,777.09kb] [文件加载：62]

---------------------------------------------------------------
[ 2017-09-19T19:28:48+08:00 ] ::1 ::1 GET /api/v1/order/paginate?page=1&size=20
[ log ] www.test.com/api/v1/order/paginate?page=1&size=20 [运行时间：0.076888s][吞吐率：13.01req/s] [内存消耗：3,777.00kb] [文件加载：62]

---------------------------------------------------------------
[ 2017-09-19T19:28:49+08:00 ] ::1 ::1 GET /api/v1/AllInProduct
[ log ] www.test.com/api/v1/AllInProduct [运行时间：0.057171s][吞吐率：17.49req/s] [内存消耗：3,295.66kb] [文件加载：51]

---------------------------------------------------------------
[ 2017-09-19T19:29:26+08:00 ] ::1 ::1 GET /api/v1/order/paginate?page=1&size=20
[ log ] www.test.com/api/v1/order/paginate?page=1&size=20 [运行时间：0.098665s][吞吐率：10.14req/s] [内存消耗：3,777.09kb] [文件加载：62]

---------------------------------------------------------------
[ 2017-09-19T19:29:26+08:00 ] ::1 ::1 GET /api/v1/order/paginate?page=1&size=20
[ log ] www.test.com/api/v1/order/paginate?page=1&size=20 [运行时间：0.069939s][吞吐率：14.30req/s] [内存消耗：3,777.00kb] [文件加载：62]

---------------------------------------------------------------
[ 2017-09-19T19:29:27+08:00 ] ::1 ::1 GET /api/v1/AllInProduct
[ log ] www.test.com/api/v1/AllInProduct [运行时间：0.064663s][吞吐率：15.46req/s] [内存消耗：3,295.66kb] [文件加载：51]

---------------------------------------------------------------
[ 2017-09-19T19:29:35+08:00 ] ::1 ::1 GET /api/v1/product/1
[ log ] www.test.com/api/v1/product/1 [运行时间：0.129425s][吞吐率：7.73req/s] [内存消耗：3,818.68kb] [文件加载：61]

---------------------------------------------------------------
[ 2017-09-19T19:30:52+08:00 ] ::1 ::1 GET /api/v1/order/paginate?page=1&size=20
[ log ] www.test.com/api/v1/order/paginate?page=1&size=20 [运行时间：0.121453s][吞吐率：8.23req/s] [内存消耗：3,777.09kb] [文件加载：62]

---------------------------------------------------------------
[ 2017-09-19T19:30:52+08:00 ] ::1 ::1 GET /api/v1/order/paginate?page=1&size=20
[ log ] www.test.com/api/v1/order/paginate?page=1&size=20 [运行时间：0.080572s][吞吐率：12.41req/s] [内存消耗：3,777.00kb] [文件加载：62]

---------------------------------------------------------------
[ 2017-09-19T19:30:54+08:00 ] ::1 ::1 GET /api/v1/AllInProduct
[ log ] www.test.com/api/v1/AllInProduct [运行时间：0.049734s][吞吐率：20.11req/s] [内存消耗：3,295.66kb] [文件加载：51]

---------------------------------------------------------------
[ 2017-09-19T19:30:57+08:00 ] ::1 ::1 GET /api/v1/product/1
[ log ] www.test.com/api/v1/product/1 [运行时间：0.086555s][吞吐率：11.55req/s] [内存消耗：3,818.68kb] [文件加载：61]

---------------------------------------------------------------
[ 2017-09-19T19:31:29+08:00 ] ::1 ::1 GET /api/v1/order/paginate?page=1&size=20
[ log ] www.test.com/api/v1/order/paginate?page=1&size=20 [运行时间：0.147211s][吞吐率：6.79req/s] [内存消耗：3,777.09kb] [文件加载：62]

---------------------------------------------------------------
[ 2017-09-19T19:31:29+08:00 ] ::1 ::1 GET /api/v1/order/paginate?page=1&size=20
[ log ] www.test.com/api/v1/order/paginate?page=1&size=20 [运行时间：0.124951s][吞吐率：8.00req/s] [内存消耗：3,777.00kb] [文件加载：62]

---------------------------------------------------------------
[ 2017-09-19T19:31:30+08:00 ] ::1 ::1 GET /api/v1/AllInProduct
[ log ] www.test.com/api/v1/AllInProduct [运行时间：0.052734s][吞吐率：18.96req/s] [内存消耗：3,295.66kb] [文件加载：51]

---------------------------------------------------------------
[ 2017-09-19T19:31:31+08:00 ] ::1 ::1 GET /api/v1/product/1
[ log ] www.test.com/api/v1/product/1 [运行时间：0.077391s][吞吐率：12.92req/s] [内存消耗：3,818.68kb] [文件加载：61]

---------------------------------------------------------------
[ 2017-09-19T19:31:51+08:00 ] ::1 ::1 GET /api/v1/order/paginate?page=1&size=20
[ log ] www.test.com/api/v1/order/paginate?page=1&size=20 [运行时间：0.084211s][吞吐率：11.87req/s] [内存消耗：3,777.09kb] [文件加载：62]

---------------------------------------------------------------
[ 2017-09-19T19:31:51+08:00 ] ::1 ::1 GET /api/v1/order/paginate?page=1&size=20
[ log ] www.test.com/api/v1/order/paginate?page=1&size=20 [运行时间：0.058898s][吞吐率：16.98req/s] [内存消耗：3,777.00kb] [文件加载：62]

---------------------------------------------------------------
[ 2017-09-19T19:31:54+08:00 ] ::1 ::1 GET /api/v1/category/all
[ log ] www.test.com/api/v1/category/all [运行时间：0.072244s][吞吐率：13.84req/s] [内存消耗：3,403.18kb] [文件加载：56]

---------------------------------------------------------------
[ 2017-09-19T19:31:56+08:00 ] ::1 ::1 GET /api/v1/order/paginate?page=1&size=20
[ log ] www.test.com/api/v1/order/paginate?page=1&size=20 [运行时间：0.106753s][吞吐率：9.37req/s] [内存消耗：3,777.00kb] [文件加载：62]

---------------------------------------------------------------
[ 2017-09-19T19:31:57+08:00 ] ::1 ::1 GET /api/v1/AllInProduct
[ log ] www.test.com/api/v1/AllInProduct [运行时间：0.052286s][吞吐率：19.13req/s] [内存消耗：3,295.66kb] [文件加载：51]

---------------------------------------------------------------
[ 2017-09-19T19:32:01+08:00 ] ::1 ::1 GET /api/v1/product/1
[ log ] www.test.com/api/v1/product/1 [运行时间：0.064852s][吞吐率：15.42req/s] [内存消耗：3,818.68kb] [文件加载：61]

---------------------------------------------------------------
[ 2017-09-19T19:33:37+08:00 ] ::1 ::1 GET /api/v1/order/paginate?page=1&size=20
[ log ] www.test.com/api/v1/order/paginate?page=1&size=20 [运行时间：0.118436s][吞吐率：8.44req/s] [内存消耗：3,777.09kb] [文件加载：62]

---------------------------------------------------------------
[ 2017-09-19T19:33:37+08:00 ] ::1 ::1 GET /api/v1/order/paginate?page=1&size=20
[ log ] www.test.com/api/v1/order/paginate?page=1&size=20 [运行时间：0.068825s][吞吐率：14.53req/s] [内存消耗：3,777.00kb] [文件加载：62]

---------------------------------------------------------------
[ 2017-09-19T19:33:38+08:00 ] ::1 ::1 GET /api/v1/AllInProduct
[ log ] www.test.com/api/v1/AllInProduct [运行时间：0.048247s][吞吐率：20.73req/s] [内存消耗：3,295.66kb] [文件加载：51]

---------------------------------------------------------------
[ 2017-09-19T19:33:40+08:00 ] ::1 ::1 GET /api/v1/product/1
[ log ] www.test.com/api/v1/product/1 [运行时间：0.088189s][吞吐率：11.34req/s] [内存消耗：3,818.68kb] [文件加载：61]

---------------------------------------------------------------
[ 2017-09-19T19:37:22+08:00 ] ::1 ::1 GET /api/v1/order/paginate?page=1&size=20
[ log ] www.test.com/api/v1/order/paginate?page=1&size=20 [运行时间：0.246450s][吞吐率：4.06req/s] [内存消耗：3,777.00kb] [文件加载：62]

---------------------------------------------------------------
[ 2017-09-19T19:37:22+08:00 ] ::1 ::1 GET /api/v1/order/paginate?page=1&size=20
[ log ] www.test.com/api/v1/order/paginate?page=1&size=20 [运行时间：0.136699s][吞吐率：7.32req/s] [内存消耗：3,777.09kb] [文件加载：62]

---------------------------------------------------------------
[ 2017-09-19T19:37:23+08:00 ] ::1 ::1 GET /api/v1/AllInProduct
[ log ] www.test.com/api/v1/AllInProduct [运行时间：0.087034s][吞吐率：11.49req/s] [内存消耗：3,295.66kb] [文件加载：51]

---------------------------------------------------------------
[ 2017-09-19T19:37:25+08:00 ] ::1 ::1 GET /api/v1/product/1
[ log ] www.test.com/api/v1/product/1 [运行时间：0.142233s][吞吐率：7.03req/s] [内存消耗：3,818.68kb] [文件加载：61]

---------------------------------------------------------------
[ 2017-09-19T19:37:33+08:00 ] ::1 ::1 POST /api/v1/upload
[ log ] www.test.com/api/v1/upload [运行时间：0.039332s][吞吐率：25.42req/s] [内存消耗：1,905.33kb] [文件加载：40]

---------------------------------------------------------------
[ 2017-09-19T19:37:50+08:00 ] ::1 ::1 GET /api/v1/order/paginate?page=1&size=20
[ log ] www.test.com/api/v1/order/paginate?page=1&size=20 [运行时间：0.178056s][吞吐率：5.62req/s] [内存消耗：3,777.09kb] [文件加载：62]

---------------------------------------------------------------
[ 2017-09-19T19:37:50+08:00 ] ::1 ::1 GET /api/v1/order/paginate?page=1&size=20
[ log ] www.test.com/api/v1/order/paginate?page=1&size=20 [运行时间：0.051523s][吞吐率：19.41req/s] [内存消耗：3,777.00kb] [文件加载：62]

---------------------------------------------------------------
[ 2017-09-19T19:37:51+08:00 ] ::1 ::1 GET /api/v1/AllInProduct
[ log ] www.test.com/api/v1/AllInProduct [运行时间：0.052744s][吞吐率：18.96req/s] [内存消耗：3,295.66kb] [文件加载：51]

---------------------------------------------------------------
[ 2017-09-19T19:37:53+08:00 ] ::1 ::1 GET /api/v1/product/1
[ log ] www.test.com/api/v1/product/1 [运行时间：0.094928s][吞吐率：10.53req/s] [内存消耗：3,818.68kb] [文件加载：61]

---------------------------------------------------------------
[ 2017-09-19T19:38:11+08:00 ] ::1 ::1 POST /api/v1/upload
[ log ] www.test.com/api/v1/upload [运行时间：0.030325s][吞吐率：32.98req/s] [内存消耗：1,905.33kb] [文件加载：40]

---------------------------------------------------------------
[ 2017-09-19T19:39:04+08:00 ] ::1 ::1 GET /api/v1/AllInProduct
[ log ] www.test.com/api/v1/AllInProduct [运行时间：0.065192s][吞吐率：15.34req/s] [内存消耗：3,295.66kb] [文件加载：51]

---------------------------------------------------------------
[ 2017-09-19T19:39:09+08:00 ] ::1 ::1 GET /api/v1/product/1
[ log ] www.test.com/api/v1/product/1 [运行时间：0.120402s][吞吐率：8.31req/s] [内存消耗：3,818.68kb] [文件加载：61]

---------------------------------------------------------------
[ 2017-09-19T19:40:45+08:00 ] ::1 ::1 POST /api/v1/upload
[ log ] www.test.com/api/v1/upload [运行时间：0.048373s][吞吐率：20.67req/s] [内存消耗：1,905.20kb] [文件加载：40]

---------------------------------------------------------------
[ 2017-09-19T19:41:27+08:00 ] ::1 ::1 POST /api/v1/upload
[ log ] www.test.com/api/v1/upload [运行时间：0.025156s][吞吐率：39.75req/s] [内存消耗：1,905.23kb] [文件加载：40]

---------------------------------------------------------------
