[ 2017-09-25T13:44:13+08:00 ] ::1 ::1 POST /api/v1/token/app
[ log ] www.test.com/api/v1/token/app [运行时间：0.260507s][吞吐率：3.84req/s] [内存消耗：3,235.58kb] [文件加载：51]

---------------------------------------------------------------
[ 2017-09-25T13:44:14+08:00 ] ::1 ::1 GET /api/v1/order/paginate?page=1&size=20
[ log ] www.test.com/api/v1/order/paginate?page=1&size=20 [运行时间：0.257727s][吞吐率：3.88req/s] [内存消耗：3,796.25kb] [文件加载：62]

---------------------------------------------------------------
[ 2017-09-25T13:44:14+08:00 ] ::1 ::1 GET /api/v1/order/paginate?page=1&size=20
[ log ] www.test.com/api/v1/order/paginate?page=1&size=20 [运行时间：0.053916s][吞吐率：18.55req/s] [内存消耗：3,796.42kb] [文件加载：62]

---------------------------------------------------------------
[ 2017-09-25T13:44:16+08:00 ] ::1 ::1 GET /api/v1/category/all
[ log ] www.test.com/api/v1/category/all [运行时间：0.092130s][吞吐率：10.85req/s] [内存消耗：3,429.13kb] [文件加载：56]

---------------------------------------------------------------
[ 2017-09-25T13:44:54+08:00 ] ::1 ::1 POST /api/v1/token/verify
[ log ] www.test.com/api/v1/token/verify [运行时间：0.196930s][吞吐率：5.08req/s] [内存消耗：1,602.88kb] [文件加载：37]

---------------------------------------------------------------
[ 2017-09-25T13:44:55+08:00 ] ::1 ::1 GET /api/v1/theme?ids=1,2,3
[ log ] www.test.com/api/v1/theme?ids=1,2,3 [运行时间：0.233355s][吞吐率：4.29req/s] [内存消耗：3,694.80kb] [文件加载：58]

---------------------------------------------------------------
[ 2017-09-25T13:44:55+08:00 ] ::1 ::1 GET /api/v1/product/recent
[ log ] www.test.com/api/v1/product/recent [运行时间：0.202965s][吞吐率：4.93req/s] [内存消耗：3,584.40kb] [文件加载：54]

---------------------------------------------------------------
[ 2017-09-25T13:44:56+08:00 ] ::1 ::1 GET /api/v1/banner/1
[ log ] www.test.com/api/v1/banner/1 [运行时间：0.574011s][吞吐率：1.74req/s] [内存消耗：3,776.59kb] [文件加载：61]

---------------------------------------------------------------
[ 2017-09-25T13:44:56+08:00 ] ::1 ::1 POST /api/v1/token/user
[ log ] www.test.com/api/v1/token/user [运行时间：1.387651s][吞吐率：0.72req/s] [内存消耗：3,252.98kb] [文件加载：52]

---------------------------------------------------------------
[ 2017-09-25T13:45:02+08:00 ] ::1 ::1 GET /api/v1/category/all
[ log ] www.test.com/api/v1/category/all [运行时间：0.118621s][吞吐率：8.43req/s] [内存消耗：3,429.31kb] [文件加载：56]

---------------------------------------------------------------
[ 2017-09-25T13:45:02+08:00 ] ::1 ::1 GET /api/v1/product/by_category?id=2
[ log ] www.test.com/api/v1/product/by_category?id=2 [运行时间：0.063377s][吞吐率：15.78req/s] [内存消耗：3,581.66kb] [文件加载：54]

---------------------------------------------------------------
[ 2017-09-25T13:49:17+08:00 ] ::1 ::1 GET /api/v1/product/by_category?id=7
[ log ] www.test.com/api/v1/product/by_category?id=7 [运行时间：0.216448s][吞吐率：4.62req/s] [内存消耗：3,579.00kb] [文件加载：54]

---------------------------------------------------------------
[ 2017-09-25T13:49:19+08:00 ] ::1 ::1 GET /api/v1/product/by_category?id=6
[ log ] www.test.com/api/v1/product/by_category?id=6 [运行时间：0.067717s][吞吐率：14.77req/s] [内存消耗：3,578.16kb] [文件加载：54]

---------------------------------------------------------------
[ 2017-09-25T13:49:20+08:00 ] ::1 ::1 GET /api/v1/product/by_category?id=5
[ log ] www.test.com/api/v1/product/by_category?id=5 [运行时间：0.130152s][吞吐率：7.68req/s] [内存消耗：3,580.02kb] [文件加载：54]

---------------------------------------------------------------
[ 2017-09-25T13:49:21+08:00 ] ::1 ::1 GET /api/v1/product/by_category?id=4
[ log ] www.test.com/api/v1/product/by_category?id=4 [运行时间：0.059391s][吞吐率：16.84req/s] [内存消耗：3,578.98kb] [文件加载：54]

---------------------------------------------------------------
[ 2017-09-25T13:49:22+08:00 ] ::1 ::1 GET /api/v1/product/by_category?id=3
[ log ] www.test.com/api/v1/product/by_category?id=3 [运行时间：0.061823s][吞吐率：16.18req/s] [内存消耗：3,577.33kb] [文件加载：54]

---------------------------------------------------------------
[ 2017-09-25T13:50:23+08:00 ] ::1 ::1 GET /api/v1/product/by_category?id=8
[ log ] www.test.com/api/v1/product/by_category?id=8 [运行时间：0.177641s][吞吐率：5.63req/s] [内存消耗：3,576.48kb] [文件加载：54]

---------------------------------------------------------------
[ 2017-09-25T13:50:26+08:00 ] ::1 ::1 GET /api/v1/product/by_category?id=9
[ log ] www.test.com/api/v1/product/by_category?id=9 [运行时间：0.076638s][吞吐率：13.05req/s] [内存消耗：3,576.53kb] [文件加载：54]

---------------------------------------------------------------
[ 2017-09-25T13:50:29+08:00 ] ::1 ::1 GET /api/v1/product/by_category?id=8
[ log ] www.test.com/api/v1/product/by_category?id=8 [运行时间：0.085131s][吞吐率：11.75req/s] [内存消耗：3,576.48kb] [文件加载：54]

---------------------------------------------------------------
[ 2017-09-25T13:54:29+08:00 ] ::1 ::1 POST /api/v1/token/verify
[ log ] www.test.com/api/v1/token/verify [运行时间：0.102491s][吞吐率：9.76req/s] [内存消耗：1,602.85kb] [文件加载：37]

---------------------------------------------------------------
[ 2017-09-25T13:54:30+08:00 ] ::1 ::1 POST /api/v1/token/verify
[ log ] www.test.com/api/v1/token/verify [运行时间：0.127669s][吞吐率：7.83req/s] [内存消耗：1,602.85kb] [文件加载：37]

---------------------------------------------------------------
[ 2017-09-25T13:54:40+08:00 ] ::1 ::1 POST /api/v1/token/verify
[ log ] www.test.com/api/v1/token/verify [运行时间：0.046331s][吞吐率：21.58req/s] [内存消耗：1,602.85kb] [文件加载：37]

---------------------------------------------------------------
[ 2017-09-25T13:55:00+08:00 ] ::1 ::1 POST /api/v1/token/verify
[ log ] www.test.com/api/v1/token/verify [运行时间：0.112658s][吞吐率：8.88req/s] [内存消耗：1,602.85kb] [文件加载：37]

---------------------------------------------------------------
[ 2017-09-25T13:55:01+08:00 ] ::1 ::1 GET /api/v1/product/recent
[ log ] www.test.com/api/v1/product/recent [运行时间：0.156776s][吞吐率：6.38req/s] [内存消耗：3,584.40kb] [文件加载：54]

---------------------------------------------------------------
[ 2017-09-25T13:55:01+08:00 ] ::1 ::1 GET /api/v1/banner/1
[ log ] www.test.com/api/v1/banner/1 [运行时间：0.354045s][吞吐率：2.82req/s] [内存消耗：3,776.59kb] [文件加载：61]

---------------------------------------------------------------
[ 2017-09-25T13:55:01+08:00 ] ::1 ::1 GET /api/v1/theme?ids=1,2,3
[ log ] www.test.com/api/v1/theme?ids=1,2,3 [运行时间：0.298916s][吞吐率：3.35req/s] [内存消耗：3,694.80kb] [文件加载：58]

---------------------------------------------------------------
[ 2017-09-25T13:55:08+08:00 ] ::1 ::1 GET /api/v1/category/all
[ log ] www.test.com/api/v1/category/all [运行时间：0.094244s][吞吐率：10.61req/s] [内存消耗：3,429.31kb] [文件加载：56]

---------------------------------------------------------------
[ 2017-09-25T13:55:08+08:00 ] ::1 ::1 GET /api/v1/product/by_category?id=2
[ log ] www.test.com/api/v1/product/by_category?id=2 [运行时间：0.111423s][吞吐率：8.97req/s] [内存消耗：3,581.66kb] [文件加载：54]

---------------------------------------------------------------
[ 2017-09-25T13:55:23+08:00 ] ::1 ::1 GET /api/v1/product/by_category?id=3
[ log ] www.test.com/api/v1/product/by_category?id=3 [运行时间：0.085502s][吞吐率：11.70req/s] [内存消耗：3,577.33kb] [文件加载：54]

---------------------------------------------------------------
[ 2017-09-25T14:06:45+08:00 ] ::1 ::1 GET /api/v1/product/by_category?id=5
[ log ] www.test.com/api/v1/product/by_category?id=5 [运行时间：0.179674s][吞吐率：5.57req/s] [内存消耗：3,580.02kb] [文件加载：54]

---------------------------------------------------------------
[ 2017-09-25T14:06:46+08:00 ] ::1 ::1 GET /api/v1/product/by_category?id=6
[ log ] www.test.com/api/v1/product/by_category?id=6 [运行时间：0.078378s][吞吐率：12.76req/s] [内存消耗：3,578.16kb] [文件加载：54]

---------------------------------------------------------------
[ 2017-09-25T14:06:47+08:00 ] ::1 ::1 GET /api/v1/product/by_category?id=7
[ log ] www.test.com/api/v1/product/by_category?id=7 [运行时间：0.057356s][吞吐率：17.44req/s] [内存消耗：3,579.00kb] [文件加载：54]

---------------------------------------------------------------
[ 2017-09-25T14:07:36+08:00 ] ::1 ::1 GET /api/v1/product/by_category?id=8
[ log ] www.test.com/api/v1/product/by_category?id=8 [运行时间：0.153669s][吞吐率：6.51req/s] [内存消耗：3,576.48kb] [文件加载：54]

---------------------------------------------------------------
[ 2017-09-25T14:07:38+08:00 ] ::1 ::1 GET /api/v1/product/by_category?id=8
[ log ] www.test.com/api/v1/product/by_category?id=8 [运行时间：0.077147s][吞吐率：12.96req/s] [内存消耗：3,576.48kb] [文件加载：54]

---------------------------------------------------------------
[ 2017-09-25T14:24:17+08:00 ] ::1 ::1 POST /api/v1/token/verify
[ log ] www.test.com/api/v1/token/verify [运行时间：0.250210s][吞吐率：4.00req/s] [内存消耗：1,602.85kb] [文件加载：37]

---------------------------------------------------------------
[ 2017-09-25T14:24:18+08:00 ] ::1 ::1 GET /api/v1/product/recent
[ log ] www.test.com/api/v1/product/recent [运行时间：0.164117s][吞吐率：6.09req/s] [内存消耗：3,584.40kb] [文件加载：54]

---------------------------------------------------------------
[ 2017-09-25T14:24:18+08:00 ] ::1 ::1 GET /api/v1/banner/1
[ log ] www.test.com/api/v1/banner/1 [运行时间：0.436078s][吞吐率：2.29req/s] [内存消耗：3,776.59kb] [文件加载：61]

---------------------------------------------------------------
[ 2017-09-25T14:24:18+08:00 ] ::1 ::1 GET /api/v1/theme?ids=1,2,3
[ log ] www.test.com/api/v1/theme?ids=1,2,3 [运行时间：0.380198s][吞吐率：2.63req/s] [内存消耗：3,694.80kb] [文件加载：58]

---------------------------------------------------------------
[ 2017-09-25T14:24:22+08:00 ] ::1 ::1 GET /api/v1/category/all
[ log ] www.test.com/api/v1/category/all [运行时间：0.102461s][吞吐率：9.76req/s] [内存消耗：3,429.31kb] [文件加载：56]

---------------------------------------------------------------
[ 2017-09-25T14:24:22+08:00 ] ::1 ::1 GET /api/v1/product/by_category?id=2
[ log ] www.test.com/api/v1/product/by_category?id=2 [运行时间：0.088501s][吞吐率：11.30req/s] [内存消耗：3,581.66kb] [文件加载：54]

---------------------------------------------------------------
[ 2017-09-25T14:24:24+08:00 ] ::1 ::1 GET /api/v1/product/by_category?id=9
[ log ] www.test.com/api/v1/product/by_category?id=9 [运行时间：0.083303s][吞吐率：12.00req/s] [内存消耗：3,576.53kb] [文件加载：54]

---------------------------------------------------------------
[ 2017-09-25T14:24:29+08:00 ] ::1 ::1 GET /api/v1/product/by_category?id=8
[ log ] www.test.com/api/v1/product/by_category?id=8 [运行时间：0.072965s][吞吐率：13.71req/s] [内存消耗：3,576.48kb] [文件加载：54]

---------------------------------------------------------------
[ 2017-09-25T14:24:34+08:00 ] ::1 ::1 GET /api/v1/product/by_category?id=7
[ log ] www.test.com/api/v1/product/by_category?id=7 [运行时间：0.130895s][吞吐率：7.64req/s] [内存消耗：3,579.00kb] [文件加载：54]

---------------------------------------------------------------
[ 2017-09-25T14:24:43+08:00 ] ::1 ::1 GET /api/v1/product/by_category?id=6
[ log ] www.test.com/api/v1/product/by_category?id=6 [运行时间：0.081437s][吞吐率：12.28req/s] [内存消耗：3,578.16kb] [文件加载：54]

---------------------------------------------------------------
[ 2017-09-25T14:24:47+08:00 ] ::1 ::1 GET /api/v1/product/by_category?id=5
[ log ] www.test.com/api/v1/product/by_category?id=5 [运行时间：0.087171s][吞吐率：11.47req/s] [内存消耗：3,580.02kb] [文件加载：54]

---------------------------------------------------------------
[ 2017-09-25T14:24:57+08:00 ] ::1 ::1 GET /api/v1/product/by_category?id=4
[ log ] www.test.com/api/v1/product/by_category?id=4 [运行时间：0.093629s][吞吐率：10.68req/s] [内存消耗：3,578.98kb] [文件加载：54]

---------------------------------------------------------------
[ 2017-09-25T14:25:04+08:00 ] ::1 ::1 GET /api/v1/product/by_category?id=3
[ log ] www.test.com/api/v1/product/by_category?id=3 [运行时间：0.072300s][吞吐率：13.83req/s] [内存消耗：3,577.33kb] [文件加载：54]

---------------------------------------------------------------
[ 2017-09-25T14:25:43+08:00 ] ::1 ::1 POST /api/v1/token/verify
[ log ] www.test.com/api/v1/token/verify [运行时间：0.210047s][吞吐率：4.76req/s] [内存消耗：1,602.85kb] [文件加载：37]

---------------------------------------------------------------
[ 2017-09-25T14:25:44+08:00 ] ::1 ::1 GET /api/v1/product/recent
[ log ] www.test.com/api/v1/product/recent [运行时间：0.258281s][吞吐率：3.87req/s] [内存消耗：3,584.40kb] [文件加载：54]

---------------------------------------------------------------
[ 2017-09-25T14:25:44+08:00 ] ::1 ::1 GET /api/v1/banner/1
[ log ] www.test.com/api/v1/banner/1 [运行时间：0.403632s][吞吐率：2.48req/s] [内存消耗：3,776.59kb] [文件加载：61]

---------------------------------------------------------------
[ 2017-09-25T14:25:44+08:00 ] ::1 ::1 GET /api/v1/theme?ids=1,2,3
[ log ] www.test.com/api/v1/theme?ids=1,2,3 [运行时间：0.352945s][吞吐率：2.83req/s] [内存消耗：3,694.80kb] [文件加载：58]

---------------------------------------------------------------
[ 2017-09-25T14:27:05+08:00 ] ::1 ::1 POST /api/v1/token/verify
[ log ] www.test.com/api/v1/token/verify [运行时间：0.102333s][吞吐率：9.77req/s] [内存消耗：1,602.85kb] [文件加载：37]

---------------------------------------------------------------
[ 2017-09-25T14:27:06+08:00 ] ::1 ::1 GET /api/v1/product/recent
[ log ] www.test.com/api/v1/product/recent [运行时间：0.135144s][吞吐率：7.40req/s] [内存消耗：3,584.40kb] [文件加载：54]

---------------------------------------------------------------
[ 2017-09-25T14:27:06+08:00 ] ::1 ::1 GET /api/v1/theme?ids=1,2,3
[ log ] www.test.com/api/v1/theme?ids=1,2,3 [运行时间：0.224504s][吞吐率：4.45req/s] [内存消耗：3,694.80kb] [文件加载：58]

---------------------------------------------------------------
[ 2017-09-25T14:27:06+08:00 ] ::1 ::1 GET /api/v1/banner/1
[ log ] www.test.com/api/v1/banner/1 [运行时间：0.299738s][吞吐率：3.34req/s] [内存消耗：3,776.59kb] [文件加载：61]

---------------------------------------------------------------
[ 2017-09-25T14:27:09+08:00 ] ::1 ::1 GET /api/v1/category/all
[ log ] www.test.com/api/v1/category/all [运行时间：0.111001s][吞吐率：9.01req/s] [内存消耗：3,429.31kb] [文件加载：56]

---------------------------------------------------------------
[ 2017-09-25T14:27:09+08:00 ] ::1 ::1 GET /api/v1/product/by_category?id=2
[ log ] www.test.com/api/v1/product/by_category?id=2 [运行时间：0.110701s][吞吐率：9.03req/s] [内存消耗：3,581.66kb] [文件加载：54]

---------------------------------------------------------------
[ 2017-09-25T14:27:11+08:00 ] ::1 ::1 GET /api/v1/product/by_category?id=3
[ log ] www.test.com/api/v1/product/by_category?id=3 [运行时间：0.076898s][吞吐率：13.00req/s] [内存消耗：3,577.33kb] [文件加载：54]

---------------------------------------------------------------
[ 2017-09-25T14:27:12+08:00 ] ::1 ::1 GET /api/v1/product/by_category?id=4
[ log ] www.test.com/api/v1/product/by_category?id=4 [运行时间：0.057675s][吞吐率：17.34req/s] [内存消耗：3,578.98kb] [文件加载：54]

---------------------------------------------------------------
[ 2017-09-25T14:27:13+08:00 ] ::1 ::1 GET /api/v1/product/by_category?id=5
[ log ] www.test.com/api/v1/product/by_category?id=5 [运行时间：0.071054s][吞吐率：14.07req/s] [内存消耗：3,580.02kb] [文件加载：54]

---------------------------------------------------------------
[ 2017-09-25T14:27:14+08:00 ] ::1 ::1 GET /api/v1/product/by_category?id=6
[ log ] www.test.com/api/v1/product/by_category?id=6 [运行时间：0.055721s][吞吐率：17.95req/s] [内存消耗：3,578.16kb] [文件加载：54]

---------------------------------------------------------------
[ 2017-09-25T14:27:14+08:00 ] ::1 ::1 GET /api/v1/product/by_category?id=7
[ log ] www.test.com/api/v1/product/by_category?id=7 [运行时间：0.060283s][吞吐率：16.59req/s] [内存消耗：3,579.00kb] [文件加载：54]

---------------------------------------------------------------
[ 2017-09-25T14:27:15+08:00 ] ::1 ::1 GET /api/v1/product/by_category?id=8
[ log ] www.test.com/api/v1/product/by_category?id=8 [运行时间：0.067136s][吞吐率：14.90req/s] [内存消耗：3,576.48kb] [文件加载：54]

---------------------------------------------------------------
[ 2017-09-25T14:27:15+08:00 ] ::1 ::1 GET /api/v1/product/by_category?id=9
[ log ] www.test.com/api/v1/product/by_category?id=9 [运行时间：0.061249s][吞吐率：16.33req/s] [内存消耗：3,576.53kb] [文件加载：54]

---------------------------------------------------------------
[ 2017-09-25T14:28:11+08:00 ] ::1 ::1 POST /api/v1/token/verify
[ log ] www.test.com/api/v1/token/verify [运行时间：0.042248s][吞吐率：23.67req/s] [内存消耗：1,602.85kb] [文件加载：37]

---------------------------------------------------------------
[ 2017-09-25T14:28:12+08:00 ] ::1 ::1 GET /api/v1/theme?ids=1,2,3
[ log ] www.test.com/api/v1/theme?ids=1,2,3 [运行时间：0.273002s][吞吐率：3.66req/s] [内存消耗：3,694.80kb] [文件加载：58]

---------------------------------------------------------------
[ 2017-09-25T14:28:12+08:00 ] ::1 ::1 GET /api/v1/product/recent
[ log ] www.test.com/api/v1/product/recent [运行时间：0.166439s][吞吐率：6.01req/s] [内存消耗：3,584.40kb] [文件加载：54]

---------------------------------------------------------------
[ 2017-09-25T14:28:13+08:00 ] ::1 ::1 GET /api/v1/banner/1
[ log ] www.test.com/api/v1/banner/1 [运行时间：0.383808s][吞吐率：2.61req/s] [内存消耗：3,776.59kb] [文件加载：61]

---------------------------------------------------------------
[ 2017-09-25T14:28:15+08:00 ] ::1 ::1 GET /api/v1/category/all
[ log ] www.test.com/api/v1/category/all [运行时间：0.086627s][吞吐率：11.54req/s] [内存消耗：3,429.31kb] [文件加载：56]

---------------------------------------------------------------
[ 2017-09-25T14:28:15+08:00 ] ::1 ::1 GET /api/v1/product/by_category?id=2
[ log ] www.test.com/api/v1/product/by_category?id=2 [运行时间：0.087733s][吞吐率：11.40req/s] [内存消耗：3,581.66kb] [文件加载：54]

---------------------------------------------------------------
[ 2017-09-25T14:28:17+08:00 ] ::1 ::1 GET /api/v1/product/by_category?id=9
[ log ] www.test.com/api/v1/product/by_category?id=9 [运行时间：0.077009s][吞吐率：12.99req/s] [内存消耗：3,576.53kb] [文件加载：54]

---------------------------------------------------------------
[ 2017-09-25T14:28:18+08:00 ] ::1 ::1 GET /api/v1/product/by_category?id=8
[ log ] www.test.com/api/v1/product/by_category?id=8 [运行时间：0.094235s][吞吐率：10.61req/s] [内存消耗：3,576.48kb] [文件加载：54]

---------------------------------------------------------------
[ 2017-09-25T14:28:19+08:00 ] ::1 ::1 GET /api/v1/product/by_category?id=7
[ log ] www.test.com/api/v1/product/by_category?id=7 [运行时间：0.097789s][吞吐率：10.23req/s] [内存消耗：3,579.00kb] [文件加载：54]

---------------------------------------------------------------
[ 2017-09-25T14:28:40+08:00 ] ::1 ::1 POST /api/v1/token/verify
[ log ] www.test.com/api/v1/token/verify [运行时间：0.168528s][吞吐率：5.93req/s] [内存消耗：1,602.85kb] [文件加载：37]

---------------------------------------------------------------
[ 2017-09-25T14:28:41+08:00 ] ::1 ::1 GET /api/v1/product/recent
[ log ] www.test.com/api/v1/product/recent [运行时间：0.227211s][吞吐率：4.40req/s] [内存消耗：3,584.40kb] [文件加载：54]

---------------------------------------------------------------
[ 2017-09-25T14:28:41+08:00 ] ::1 ::1 GET /api/v1/banner/1
[ log ] www.test.com/api/v1/banner/1 [运行时间：0.342337s][吞吐率：2.92req/s] [内存消耗：3,776.59kb] [文件加载：61]

---------------------------------------------------------------
[ 2017-09-25T14:28:41+08:00 ] ::1 ::1 GET /api/v1/theme?ids=1,2,3
[ log ] www.test.com/api/v1/theme?ids=1,2,3 [运行时间：0.334680s][吞吐率：2.99req/s] [内存消耗：3,694.80kb] [文件加载：58]

---------------------------------------------------------------
[ 2017-09-25T14:28:52+08:00 ] ::1 ::1 POST /api/v1/token/verify
[ log ] www.test.com/api/v1/token/verify [运行时间：0.079486s][吞吐率：12.58req/s] [内存消耗：1,602.85kb] [文件加载：37]

---------------------------------------------------------------
[ 2017-09-25T14:28:53+08:00 ] ::1 ::1 GET /api/v1/theme?ids=1,2,3
[ log ] www.test.com/api/v1/theme?ids=1,2,3 [运行时间：0.261742s][吞吐率：3.82req/s] [内存消耗：3,694.80kb] [文件加载：58]

---------------------------------------------------------------
[ 2017-09-25T14:28:53+08:00 ] ::1 ::1 GET /api/v1/product/recent
[ log ] www.test.com/api/v1/product/recent [运行时间：0.206530s][吞吐率：4.84req/s] [内存消耗：3,584.40kb] [文件加载：54]

---------------------------------------------------------------
[ 2017-09-25T14:28:53+08:00 ] ::1 ::1 GET /api/v1/banner/1
[ log ] www.test.com/api/v1/banner/1 [运行时间：0.306940s][吞吐率：3.26req/s] [内存消耗：3,776.59kb] [文件加载：61]

---------------------------------------------------------------
[ 2017-09-25T14:28:55+08:00 ] ::1 ::1 GET /api/v1/category/all
[ log ] www.test.com/api/v1/category/all [运行时间：0.107660s][吞吐率：9.29req/s] [内存消耗：3,429.31kb] [文件加载：56]

---------------------------------------------------------------
[ 2017-09-25T14:28:55+08:00 ] ::1 ::1 GET /api/v1/product/by_category?id=2
[ log ] www.test.com/api/v1/product/by_category?id=2 [运行时间：0.095150s][吞吐率：10.51req/s] [内存消耗：3,581.66kb] [文件加载：54]

---------------------------------------------------------------
[ 2017-09-25T14:28:56+08:00 ] ::1 ::1 GET /api/v1/product/by_category?id=9
[ log ] www.test.com/api/v1/product/by_category?id=9 [运行时间：0.098748s][吞吐率：10.13req/s] [内存消耗：3,576.53kb] [文件加载：54]

---------------------------------------------------------------
[ 2017-09-25T14:28:57+08:00 ] ::1 ::1 GET /api/v1/product/by_category?id=8
[ log ] www.test.com/api/v1/product/by_category?id=8 [运行时间：0.054806s][吞吐率：18.25req/s] [内存消耗：3,576.48kb] [文件加载：54]

---------------------------------------------------------------
[ 2017-09-25T14:28:58+08:00 ] ::1 ::1 GET /api/v1/product/by_category?id=7
[ log ] www.test.com/api/v1/product/by_category?id=7 [运行时间：0.063230s][吞吐率：15.82req/s] [内存消耗：3,579.00kb] [文件加载：54]

---------------------------------------------------------------
[ 2017-09-25T14:28:58+08:00 ] ::1 ::1 GET /api/v1/product/by_category?id=6
[ log ] www.test.com/api/v1/product/by_category?id=6 [运行时间：0.065375s][吞吐率：15.30req/s] [内存消耗：3,578.16kb] [文件加载：54]

---------------------------------------------------------------
[ 2017-09-25T14:28:59+08:00 ] ::1 ::1 GET /api/v1/product/by_category?id=5
[ log ] www.test.com/api/v1/product/by_category?id=5 [运行时间：0.063018s][吞吐率：15.87req/s] [内存消耗：3,580.02kb] [文件加载：54]

---------------------------------------------------------------
[ 2017-09-25T14:29:00+08:00 ] ::1 ::1 GET /api/v1/product/by_category?id=4
[ log ] www.test.com/api/v1/product/by_category?id=4 [运行时间：0.068827s][吞吐率：14.53req/s] [内存消耗：3,578.98kb] [文件加载：54]

---------------------------------------------------------------
[ 2017-09-25T14:29:00+08:00 ] ::1 ::1 GET /api/v1/product/by_category?id=3
[ log ] www.test.com/api/v1/product/by_category?id=3 [运行时间：0.079431s][吞吐率：12.59req/s] [内存消耗：3,577.33kb] [文件加载：54]

---------------------------------------------------------------
[ 2017-09-25T14:29:07+08:00 ] ::1 ::1 POST /api/v1/token/verify
[ log ] www.test.com/api/v1/token/verify [运行时间：0.126760s][吞吐率：7.89req/s] [内存消耗：1,602.85kb] [文件加载：37]

---------------------------------------------------------------
[ 2017-09-25T14:29:08+08:00 ] ::1 ::1 GET /api/v1/banner/1
[ log ] www.test.com/api/v1/banner/1 [运行时间：0.253358s][吞吐率：3.95req/s] [内存消耗：3,776.59kb] [文件加载：61]

---------------------------------------------------------------
[ 2017-09-25T14:29:08+08:00 ] ::1 ::1 GET /api/v1/product/recent
[ log ] www.test.com/api/v1/product/recent [运行时间：0.163911s][吞吐率：6.10req/s] [内存消耗：3,584.40kb] [文件加载：54]

---------------------------------------------------------------
[ 2017-09-25T14:29:08+08:00 ] ::1 ::1 GET /api/v1/theme?ids=1,2,3
[ log ] www.test.com/api/v1/theme?ids=1,2,3 [运行时间：0.235396s][吞吐率：4.25req/s] [内存消耗：3,694.80kb] [文件加载：58]

---------------------------------------------------------------
[ 2017-09-25T14:29:11+08:00 ] ::1 ::1 GET /api/v1/category/all
[ log ] www.test.com/api/v1/category/all [运行时间：0.098238s][吞吐率：10.18req/s] [内存消耗：3,429.31kb] [文件加载：56]

---------------------------------------------------------------
[ 2017-09-25T14:29:11+08:00 ] ::1 ::1 GET /api/v1/product/by_category?id=2
[ log ] www.test.com/api/v1/product/by_category?id=2 [运行时间：0.091671s][吞吐率：10.91req/s] [内存消耗：3,581.66kb] [文件加载：54]

---------------------------------------------------------------
[ 2017-09-25T14:29:12+08:00 ] ::1 ::1 GET /api/v1/product/by_category?id=3
[ log ] www.test.com/api/v1/product/by_category?id=3 [运行时间：0.093592s][吞吐率：10.68req/s] [内存消耗：3,577.33kb] [文件加载：54]

---------------------------------------------------------------
[ 2017-09-25T14:29:13+08:00 ] ::1 ::1 GET /api/v1/product/by_category?id=4
[ log ] www.test.com/api/v1/product/by_category?id=4 [运行时间：0.069678s][吞吐率：14.35req/s] [内存消耗：3,578.98kb] [文件加载：54]

---------------------------------------------------------------
[ 2017-09-25T14:29:14+08:00 ] ::1 ::1 GET /api/v1/product/by_category?id=5
[ log ] www.test.com/api/v1/product/by_category?id=5 [运行时间：0.070481s][吞吐率：14.19req/s] [内存消耗：3,580.02kb] [文件加载：54]

---------------------------------------------------------------
[ 2017-09-25T14:29:15+08:00 ] ::1 ::1 GET /api/v1/product/by_category?id=6
[ log ] www.test.com/api/v1/product/by_category?id=6 [运行时间：0.070159s][吞吐率：14.25req/s] [内存消耗：3,578.16kb] [文件加载：54]

---------------------------------------------------------------
[ 2017-09-25T14:29:15+08:00 ] ::1 ::1 GET /api/v1/product/by_category?id=7
[ log ] www.test.com/api/v1/product/by_category?id=7 [运行时间：0.077645s][吞吐率：12.88req/s] [内存消耗：3,579.00kb] [文件加载：54]

---------------------------------------------------------------
[ 2017-09-25T14:29:16+08:00 ] ::1 ::1 GET /api/v1/product/by_category?id=8
[ log ] www.test.com/api/v1/product/by_category?id=8 [运行时间：0.075631s][吞吐率：13.22req/s] [内存消耗：3,576.48kb] [文件加载：54]

---------------------------------------------------------------
[ 2017-09-25T14:29:17+08:00 ] ::1 ::1 GET /api/v1/product/by_category?id=9
[ log ] www.test.com/api/v1/product/by_category?id=9 [运行时间：0.065467s][吞吐率：15.27req/s] [内存消耗：3,576.53kb] [文件加载：54]

---------------------------------------------------------------
[ 2017-09-25T14:29:59+08:00 ] ::1 ::1 POST /api/v1/token/verify
[ log ] www.test.com/api/v1/token/verify [运行时间：0.070913s][吞吐率：14.10req/s] [内存消耗：1,602.85kb] [文件加载：37]

---------------------------------------------------------------
[ 2017-09-25T14:30:00+08:00 ] ::1 ::1 GET /api/v1/product/recent
[ log ] www.test.com/api/v1/product/recent [运行时间：0.163598s][吞吐率：6.11req/s] [内存消耗：3,584.40kb] [文件加载：54]

---------------------------------------------------------------
[ 2017-09-25T14:30:00+08:00 ] ::1 ::1 GET /api/v1/banner/1
[ log ] www.test.com/api/v1/banner/1 [运行时间：0.248459s][吞吐率：4.02req/s] [内存消耗：3,776.59kb] [文件加载：61]

---------------------------------------------------------------
[ 2017-09-25T14:30:00+08:00 ] ::1 ::1 GET /api/v1/theme?ids=1,2,3
[ log ] www.test.com/api/v1/theme?ids=1,2,3 [运行时间：0.203916s][吞吐率：4.90req/s] [内存消耗：3,694.80kb] [文件加载：58]

---------------------------------------------------------------
[ 2017-09-25T14:30:02+08:00 ] ::1 ::1 GET /api/v1/category/all
[ log ] www.test.com/api/v1/category/all [运行时间：0.080755s][吞吐率：12.38req/s] [内存消耗：3,429.31kb] [文件加载：56]

---------------------------------------------------------------
[ 2017-09-25T14:30:02+08:00 ] ::1 ::1 GET /api/v1/product/by_category?id=2
[ log ] www.test.com/api/v1/product/by_category?id=2 [运行时间：0.070772s][吞吐率：14.13req/s] [内存消耗：3,581.66kb] [文件加载：54]

---------------------------------------------------------------
[ 2017-09-25T14:30:03+08:00 ] ::1 ::1 GET /api/v1/product/by_category?id=8
[ log ] www.test.com/api/v1/product/by_category?id=8 [运行时间：0.063573s][吞吐率：15.73req/s] [内存消耗：3,576.48kb] [文件加载：54]

---------------------------------------------------------------
[ 2017-09-25T14:30:16+08:00 ] ::1 ::1 GET /api/v1/category/all
[ log ] www.test.com/api/v1/category/all [运行时间：0.073266s][吞吐率：13.65req/s] [内存消耗：3,429.13kb] [文件加载：56]

---------------------------------------------------------------
[ 2017-09-25T14:30:23+08:00 ] ::1 ::1 GET /api/v1/product/AllInProduct
[ log ] www.test.com/api/v1/product/AllInProduct [运行时间：0.062388s][吞吐率：16.03req/s] [内存消耗：3,443.33kb] [文件加载：54]

---------------------------------------------------------------
[ 2017-09-25T14:30:34+08:00 ] ::1 ::1 GET /api/v1/product/by_category?id=9
[ log ] www.test.com/api/v1/product/by_category?id=9 [运行时间：0.083842s][吞吐率：11.93req/s] [内存消耗：3,576.53kb] [文件加载：54]

---------------------------------------------------------------
[ 2017-09-25T14:30:52+08:00 ] ::1 ::1 POST /api/v1/token/verify
[ log ] www.test.com/api/v1/token/verify [运行时间：0.139198s][吞吐率：7.18req/s] [内存消耗：1,602.85kb] [文件加载：37]

---------------------------------------------------------------
[ 2017-09-25T14:30:52+08:00 ] ::1 ::1 GET /api/v1/theme?ids=1,2,3
[ log ] www.test.com/api/v1/theme?ids=1,2,3 [运行时间：0.214637s][吞吐率：4.66req/s] [内存消耗：3,694.80kb] [文件加载：58]

---------------------------------------------------------------
[ 2017-09-25T14:30:52+08:00 ] ::1 ::1 GET /api/v1/banner/1
[ log ] www.test.com/api/v1/banner/1 [运行时间：0.259146s][吞吐率：3.86req/s] [内存消耗：3,776.59kb] [文件加载：61]

---------------------------------------------------------------
[ 2017-09-25T14:30:52+08:00 ] ::1 ::1 GET /api/v1/product/recent
[ log ] www.test.com/api/v1/product/recent [运行时间：0.154502s][吞吐率：6.47req/s] [内存消耗：3,584.40kb] [文件加载：54]

---------------------------------------------------------------
[ 2017-09-25T14:30:54+08:00 ] ::1 ::1 GET /api/v1/category/all
[ log ] www.test.com/api/v1/category/all [运行时间：0.116402s][吞吐率：8.59req/s] [内存消耗：3,429.31kb] [文件加载：56]

---------------------------------------------------------------
[ 2017-09-25T14:30:55+08:00 ] ::1 ::1 GET /api/v1/product/by_category?id=2
[ log ] www.test.com/api/v1/product/by_category?id=2 [运行时间：0.083030s][吞吐率：12.04req/s] [内存消耗：3,581.66kb] [文件加载：54]

---------------------------------------------------------------
[ 2017-09-25T14:30:58+08:00 ] ::1 ::1 GET /api/v1/product/by_category?id=9
[ log ] www.test.com/api/v1/product/by_category?id=9 [运行时间：0.076195s][吞吐率：13.12req/s] [内存消耗：3,576.53kb] [文件加载：54]

---------------------------------------------------------------
[ 2017-09-25T14:30:59+08:00 ] ::1 ::1 GET /api/v1/product/by_category?id=8
[ log ] www.test.com/api/v1/product/by_category?id=8 [运行时间：0.064987s][吞吐率：15.39req/s] [内存消耗：3,576.48kb] [文件加载：54]

---------------------------------------------------------------
[ 2017-09-25T14:31:02+08:00 ] ::1 ::1 GET /api/v1/product/by_category?id=7
[ log ] www.test.com/api/v1/product/by_category?id=7 [运行时间：0.069234s][吞吐率：14.44req/s] [内存消耗：3,579.00kb] [文件加载：54]

---------------------------------------------------------------
[ 2017-09-25T14:31:03+08:00 ] ::1 ::1 GET /api/v1/product/by_category?id=6
[ log ] www.test.com/api/v1/product/by_category?id=6 [运行时间：0.069221s][吞吐率：14.45req/s] [内存消耗：3,578.16kb] [文件加载：54]

---------------------------------------------------------------
[ 2017-09-25T14:31:03+08:00 ] ::1 ::1 GET /api/v1/product/by_category?id=5
[ log ] www.test.com/api/v1/product/by_category?id=5 [运行时间：0.065479s][吞吐率：15.27req/s] [内存消耗：3,580.02kb] [文件加载：54]

---------------------------------------------------------------
[ 2017-09-25T14:31:04+08:00 ] ::1 ::1 GET /api/v1/product/by_category?id=4
[ log ] www.test.com/api/v1/product/by_category?id=4 [运行时间：0.070941s][吞吐率：14.10req/s] [内存消耗：3,578.98kb] [文件加载：54]

---------------------------------------------------------------
[ 2017-09-25T14:31:05+08:00 ] ::1 ::1 GET /api/v1/product/by_category?id=3
[ log ] www.test.com/api/v1/product/by_category?id=3 [运行时间：0.079425s][吞吐率：12.59req/s] [内存消耗：3,577.33kb] [文件加载：54]

---------------------------------------------------------------
[ 2017-09-25T14:36:36+08:00 ] ::1 ::1 POST /api/v1/token/verify
[ log ] www.test.com/api/v1/token/verify [运行时间：0.223482s][吞吐率：4.47req/s] [内存消耗：1,602.85kb] [文件加载：37]

---------------------------------------------------------------
[ 2017-09-25T14:36:37+08:00 ] ::1 ::1 GET /api/v1/product/recent
[ log ] www.test.com/api/v1/product/recent [运行时间：0.167962s][吞吐率：5.95req/s] [内存消耗：3,584.40kb] [文件加载：54]

---------------------------------------------------------------
[ 2017-09-25T14:36:37+08:00 ] ::1 ::1 GET /api/v1/theme?ids=1,2,3
[ log ] www.test.com/api/v1/theme?ids=1,2,3 [运行时间：0.272138s][吞吐率：3.67req/s] [内存消耗：3,694.80kb] [文件加载：58]

---------------------------------------------------------------
[ 2017-09-25T14:36:37+08:00 ] ::1 ::1 GET /api/v1/banner/1
[ log ] www.test.com/api/v1/banner/1 [运行时间：0.361906s][吞吐率：2.76req/s] [内存消耗：3,776.59kb] [文件加载：61]

---------------------------------------------------------------
[ 2017-09-25T14:36:39+08:00 ] ::1 ::1 GET /api/v1/category/all
[ log ] www.test.com/api/v1/category/all [运行时间：0.092291s][吞吐率：10.84req/s] [内存消耗：3,429.31kb] [文件加载：56]

---------------------------------------------------------------
[ 2017-09-25T14:36:39+08:00 ] ::1 ::1 GET /api/v1/product/by_category?id=2
[ log ] www.test.com/api/v1/product/by_category?id=2 [运行时间：0.124488s][吞吐率：8.03req/s] [内存消耗：3,581.66kb] [文件加载：54]

---------------------------------------------------------------
[ 2017-09-25T14:36:41+08:00 ] ::1 ::1 GET /api/v1/product/by_category?id=3
[ log ] www.test.com/api/v1/product/by_category?id=3 [运行时间：0.087126s][吞吐率：11.48req/s] [内存消耗：3,577.33kb] [文件加载：54]

---------------------------------------------------------------
[ 2017-09-25T14:36:41+08:00 ] ::1 ::1 GET /api/v1/product/by_category?id=4
[ log ] www.test.com/api/v1/product/by_category?id=4 [运行时间：0.065331s][吞吐率：15.31req/s] [内存消耗：3,578.98kb] [文件加载：54]

---------------------------------------------------------------
[ 2017-09-25T14:36:42+08:00 ] ::1 ::1 GET /api/v1/product/by_category?id=6
[ log ] www.test.com/api/v1/product/by_category?id=6 [运行时间：0.071276s][吞吐率：14.03req/s] [内存消耗：3,578.16kb] [文件加载：54]

---------------------------------------------------------------
[ 2017-09-25T14:36:43+08:00 ] ::1 ::1 GET /api/v1/product/by_category?id=7
[ log ] www.test.com/api/v1/product/by_category?id=7 [运行时间：0.080914s][吞吐率：12.36req/s] [内存消耗：3,579.00kb] [文件加载：54]

---------------------------------------------------------------
[ 2017-09-25T14:36:43+08:00 ] ::1 ::1 GET /api/v1/product/by_category?id=9
[ log ] www.test.com/api/v1/product/by_category?id=9 [运行时间：0.068961s][吞吐率：14.50req/s] [内存消耗：3,576.53kb] [文件加载：54]

---------------------------------------------------------------
[ 2017-09-25T14:36:49+08:00 ] ::1 ::1 POST /api/v1/token/verify
[ log ] www.test.com/api/v1/token/verify [运行时间：0.065701s][吞吐率：15.22req/s] [内存消耗：1,602.85kb] [文件加载：37]

---------------------------------------------------------------
[ 2017-09-25T14:36:50+08:00 ] ::1 ::1 GET /api/v1/product/recent
[ log ] www.test.com/api/v1/product/recent [运行时间：0.152202s][吞吐率：6.57req/s] [内存消耗：3,584.40kb] [文件加载：54]

---------------------------------------------------------------
[ 2017-09-25T14:36:50+08:00 ] ::1 ::1 GET /api/v1/theme?ids=1,2,3
[ log ] www.test.com/api/v1/theme?ids=1,2,3 [运行时间：0.223864s][吞吐率：4.47req/s] [内存消耗：3,694.80kb] [文件加载：58]

---------------------------------------------------------------
[ 2017-09-25T14:36:50+08:00 ] ::1 ::1 GET /api/v1/banner/1
[ log ] www.test.com/api/v1/banner/1 [运行时间：0.264004s][吞吐率：3.79req/s] [内存消耗：3,776.59kb] [文件加载：61]

---------------------------------------------------------------
[ 2017-09-25T14:36:52+08:00 ] ::1 ::1 GET /api/v1/category/all
[ log ] www.test.com/api/v1/category/all [运行时间：0.105219s][吞吐率：9.50req/s] [内存消耗：3,429.31kb] [文件加载：56]

---------------------------------------------------------------
[ 2017-09-25T14:36:52+08:00 ] ::1 ::1 GET /api/v1/product/by_category?id=2
[ log ] www.test.com/api/v1/product/by_category?id=2 [运行时间：0.057342s][吞吐率：17.44req/s] [内存消耗：3,581.66kb] [文件加载：54]

---------------------------------------------------------------
[ 2017-09-25T14:36:54+08:00 ] ::1 ::1 GET /api/v1/product/by_category?id=3
[ log ] www.test.com/api/v1/product/by_category?id=3 [运行时间：0.127571s][吞吐率：7.84req/s] [内存消耗：3,577.33kb] [文件加载：54]

---------------------------------------------------------------
[ 2017-09-25T14:36:55+08:00 ] ::1 ::1 GET /api/v1/product/by_category?id=6
[ log ] www.test.com/api/v1/product/by_category?id=6 [运行时间：0.068568s][吞吐率：14.58req/s] [内存消耗：3,578.16kb] [文件加载：54]

---------------------------------------------------------------
[ 2017-09-25T14:36:55+08:00 ] ::1 ::1 GET /api/v1/product/by_category?id=8
[ log ] www.test.com/api/v1/product/by_category?id=8 [运行时间：0.083804s][吞吐率：11.93req/s] [内存消耗：3,576.48kb] [文件加载：54]

---------------------------------------------------------------
[ 2017-09-25T14:36:57+08:00 ] ::1 ::1 GET /api/v1/product/by_category?id=9
[ log ] www.test.com/api/v1/product/by_category?id=9 [运行时间：0.063282s][吞吐率：15.80req/s] [内存消耗：3,576.53kb] [文件加载：54]

---------------------------------------------------------------
[ 2017-09-25T14:37:14+08:00 ] ::1 ::1 POST /api/v1/token/verify
[ log ] www.test.com/api/v1/token/verify [运行时间：0.108105s][吞吐率：9.25req/s] [内存消耗：1,602.85kb] [文件加载：37]

---------------------------------------------------------------
[ 2017-09-25T14:37:15+08:00 ] ::1 ::1 GET /api/v1/banner/1
[ log ] www.test.com/api/v1/banner/1 [运行时间：0.158336s][吞吐率：6.32req/s] [内存消耗：3,776.59kb] [文件加载：61]

---------------------------------------------------------------
[ 2017-09-25T14:37:15+08:00 ] ::1 ::1 GET /api/v1/theme?ids=1,2,3
[ log ] www.test.com/api/v1/theme?ids=1,2,3 [运行时间：0.135056s][吞吐率：7.40req/s] [内存消耗：3,694.80kb] [文件加载：58]

---------------------------------------------------------------
[ 2017-09-25T14:37:15+08:00 ] ::1 ::1 GET /api/v1/product/recent
[ log ] www.test.com/api/v1/product/recent [运行时间：0.111593s][吞吐率：8.96req/s] [内存消耗：3,584.40kb] [文件加载：54]

---------------------------------------------------------------
[ 2017-09-25T14:37:16+08:00 ] ::1 ::1 GET /api/v1/category/all
[ log ] www.test.com/api/v1/category/all [运行时间：0.148374s][吞吐率：6.74req/s] [内存消耗：3,429.31kb] [文件加载：56]

---------------------------------------------------------------
[ 2017-09-25T14:37:17+08:00 ] ::1 ::1 GET /api/v1/product/by_category?id=2
[ log ] www.test.com/api/v1/product/by_category?id=2 [运行时间：0.064931s][吞吐率：15.40req/s] [内存消耗：3,581.66kb] [文件加载：54]

---------------------------------------------------------------
[ 2017-09-25T14:37:18+08:00 ] ::1 ::1 GET /api/v1/product/by_category?id=3
[ log ] www.test.com/api/v1/product/by_category?id=3 [运行时间：0.075166s][吞吐率：13.30req/s] [内存消耗：3,577.33kb] [文件加载：54]

---------------------------------------------------------------
[ 2017-09-25T14:37:19+08:00 ] ::1 ::1 GET /api/v1/product/by_category?id=4
[ log ] www.test.com/api/v1/product/by_category?id=4 [运行时间：0.083275s][吞吐率：12.01req/s] [内存消耗：3,578.98kb] [文件加载：54]

---------------------------------------------------------------
[ 2017-09-25T14:37:19+08:00 ] ::1 ::1 GET /api/v1/product/by_category?id=6
[ log ] www.test.com/api/v1/product/by_category?id=6 [运行时间：0.084917s][吞吐率：11.78req/s] [内存消耗：3,578.16kb] [文件加载：54]

---------------------------------------------------------------
[ 2017-09-25T14:37:27+08:00 ] ::1 ::1 POST /api/v1/token/verify
[ log ] www.test.com/api/v1/token/verify [运行时间：0.105756s][吞吐率：9.46req/s] [内存消耗：1,602.85kb] [文件加载：37]

---------------------------------------------------------------
[ 2017-09-25T14:37:27+08:00 ] ::1 ::1 GET /api/v1/product/recent
[ log ] www.test.com/api/v1/product/recent [运行时间：0.131640s][吞吐率：7.60req/s] [内存消耗：3,584.40kb] [文件加载：54]

---------------------------------------------------------------
[ 2017-09-25T14:37:27+08:00 ] ::1 ::1 GET /api/v1/theme?ids=1,2,3
[ log ] www.test.com/api/v1/theme?ids=1,2,3 [运行时间：0.199107s][吞吐率：5.02req/s] [内存消耗：3,694.80kb] [文件加载：58]

---------------------------------------------------------------
[ 2017-09-25T14:37:27+08:00 ] ::1 ::1 GET /api/v1/banner/1
[ log ] www.test.com/api/v1/banner/1 [运行时间：0.239070s][吞吐率：4.18req/s] [内存消耗：3,776.59kb] [文件加载：61]

---------------------------------------------------------------
[ 2017-09-25T14:37:29+08:00 ] ::1 ::1 GET /api/v1/category/all
[ log ] www.test.com/api/v1/category/all [运行时间：0.142211s][吞吐率：7.03req/s] [内存消耗：3,429.31kb] [文件加载：56]

---------------------------------------------------------------
[ 2017-09-25T14:37:29+08:00 ] ::1 ::1 GET /api/v1/product/by_category?id=2
[ log ] www.test.com/api/v1/product/by_category?id=2 [运行时间：0.109470s][吞吐率：9.13req/s] [内存消耗：3,581.66kb] [文件加载：54]

---------------------------------------------------------------
[ 2017-09-25T14:37:35+08:00 ] ::1 ::1 POST /api/v1/token/verify
[ log ] www.test.com/api/v1/token/verify [运行时间：0.127660s][吞吐率：7.83req/s] [内存消耗：1,602.85kb] [文件加载：37]

---------------------------------------------------------------
[ 2017-09-25T14:37:36+08:00 ] ::1 ::1 GET /api/v1/banner/1
[ log ] www.test.com/api/v1/banner/1 [运行时间：0.259442s][吞吐率：3.85req/s] [内存消耗：3,776.59kb] [文件加载：61]

---------------------------------------------------------------
[ 2017-09-25T14:37:36+08:00 ] ::1 ::1 GET /api/v1/theme?ids=1,2,3
[ log ] www.test.com/api/v1/theme?ids=1,2,3 [运行时间：0.216953s][吞吐率：4.61req/s] [内存消耗：3,694.80kb] [文件加载：58]

---------------------------------------------------------------
[ 2017-09-25T14:37:36+08:00 ] ::1 ::1 GET /api/v1/product/recent
[ log ] www.test.com/api/v1/product/recent [运行时间：0.178349s][吞吐率：5.61req/s] [内存消耗：3,584.40kb] [文件加载：54]

---------------------------------------------------------------
[ 2017-09-25T14:37:39+08:00 ] ::1 ::1 GET /api/v1/category/all
[ log ] www.test.com/api/v1/category/all [运行时间：0.101700s][吞吐率：9.83req/s] [内存消耗：3,429.31kb] [文件加载：56]

---------------------------------------------------------------
[ 2017-09-25T14:37:39+08:00 ] ::1 ::1 GET /api/v1/product/by_category?id=2
[ log ] www.test.com/api/v1/product/by_category?id=2 [运行时间：0.075767s][吞吐率：13.20req/s] [内存消耗：3,581.66kb] [文件加载：54]

---------------------------------------------------------------
[ 2017-09-25T14:37:41+08:00 ] ::1 ::1 GET /api/v1/product/by_category?id=3
[ log ] www.test.com/api/v1/product/by_category?id=3 [运行时间：0.087578s][吞吐率：11.42req/s] [内存消耗：3,577.33kb] [文件加载：54]

---------------------------------------------------------------
[ 2017-09-25T14:37:42+08:00 ] ::1 ::1 GET /api/v1/product/by_category?id=4
[ log ] www.test.com/api/v1/product/by_category?id=4 [运行时间：0.069897s][吞吐率：14.31req/s] [内存消耗：3,578.98kb] [文件加载：54]

---------------------------------------------------------------
[ 2017-09-25T14:37:43+08:00 ] ::1 ::1 GET /api/v1/product/by_category?id=5
[ log ] www.test.com/api/v1/product/by_category?id=5 [运行时间：0.069033s][吞吐率：14.49req/s] [内存消耗：3,580.02kb] [文件加载：54]

---------------------------------------------------------------
[ 2017-09-25T14:37:44+08:00 ] ::1 ::1 GET /api/v1/product/by_category?id=6
[ log ] www.test.com/api/v1/product/by_category?id=6 [运行时间：0.082079s][吞吐率：12.18req/s] [内存消耗：3,578.16kb] [文件加载：54]

---------------------------------------------------------------
[ 2017-09-25T14:37:44+08:00 ] ::1 ::1 GET /api/v1/product/by_category?id=8
[ log ] www.test.com/api/v1/product/by_category?id=8 [运行时间：0.063747s][吞吐率：15.69req/s] [内存消耗：3,576.48kb] [文件加载：54]

---------------------------------------------------------------
[ 2017-09-25T14:37:45+08:00 ] ::1 ::1 GET /api/v1/product/by_category?id=7
[ log ] www.test.com/api/v1/product/by_category?id=7 [运行时间：0.065889s][吞吐率：15.18req/s] [内存消耗：3,579.00kb] [文件加载：54]

---------------------------------------------------------------
[ 2017-09-25T14:37:47+08:00 ] ::1 ::1 GET /api/v1/product/by_category?id=9
[ log ] www.test.com/api/v1/product/by_category?id=9 [运行时间：0.119028s][吞吐率：8.40req/s] [内存消耗：3,576.53kb] [文件加载：54]

---------------------------------------------------------------
[ 2017-09-25T14:43:05+08:00 ] ::1 ::1 POST /api/v1/token/verify
[ log ] www.test.com/api/v1/token/verify [运行时间：0.202556s][吞吐率：4.94req/s] [内存消耗：1,602.85kb] [文件加载：37]

---------------------------------------------------------------
[ 2017-09-25T14:43:06+08:00 ] ::1 ::1 GET /api/v1/theme?ids=1,2,3
[ log ] www.test.com/api/v1/theme?ids=1,2,3 [运行时间：0.227963s][吞吐率：4.39req/s] [内存消耗：3,694.80kb] [文件加载：58]

---------------------------------------------------------------
[ 2017-09-25T14:43:06+08:00 ] ::1 ::1 GET /api/v1/product/recent
[ log ] www.test.com/api/v1/product/recent [运行时间：0.187034s][吞吐率：5.35req/s] [内存消耗：3,584.40kb] [文件加载：54]

---------------------------------------------------------------
[ 2017-09-25T14:43:06+08:00 ] ::1 ::1 GET /api/v1/banner/1
[ log ] www.test.com/api/v1/banner/1 [运行时间：0.282746s][吞吐率：3.54req/s] [内存消耗：3,776.59kb] [文件加载：61]

---------------------------------------------------------------
[ 2017-09-25T14:43:07+08:00 ] ::1 ::1 GET /api/v1/category/all
[ log ] www.test.com/api/v1/category/all [运行时间：0.105740s][吞吐率：9.46req/s] [内存消耗：3,429.31kb] [文件加载：56]

---------------------------------------------------------------
[ 2017-09-25T14:43:07+08:00 ] ::1 ::1 GET /api/v1/product/by_category?id=2
[ log ] www.test.com/api/v1/product/by_category?id=2 [运行时间：0.111645s][吞吐率：8.96req/s] [内存消耗：3,581.66kb] [文件加载：54]

---------------------------------------------------------------
[ 2017-09-25T14:43:09+08:00 ] ::1 ::1 GET /api/v1/product/by_category?id=9
[ log ] www.test.com/api/v1/product/by_category?id=9 [运行时间：0.098392s][吞吐率：10.16req/s] [内存消耗：3,576.53kb] [文件加载：54]

---------------------------------------------------------------
[ 2017-09-25T14:43:10+08:00 ] ::1 ::1 GET /api/v1/product/by_category?id=8
[ log ] www.test.com/api/v1/product/by_category?id=8 [运行时间：0.095794s][吞吐率：10.44req/s] [内存消耗：3,576.48kb] [文件加载：54]

---------------------------------------------------------------
[ 2017-09-25T14:43:11+08:00 ] ::1 ::1 GET /api/v1/product/by_category?id=7
[ log ] www.test.com/api/v1/product/by_category?id=7 [运行时间：0.087052s][吞吐率：11.49req/s] [内存消耗：3,579.00kb] [文件加载：54]

---------------------------------------------------------------
[ 2017-09-25T14:43:20+08:00 ] ::1 ::1 POST /api/v1/token/verify
[ log ] www.test.com/api/v1/token/verify [运行时间：0.081364s][吞吐率：12.29req/s] [内存消耗：1,602.85kb] [文件加载：37]

---------------------------------------------------------------
[ 2017-09-25T14:43:20+08:00 ] ::1 ::1 GET /api/v1/banner/1
[ log ] www.test.com/api/v1/banner/1 [运行时间：0.205060s][吞吐率：4.88req/s] [内存消耗：3,776.59kb] [文件加载：61]

---------------------------------------------------------------
[ 2017-09-25T14:43:20+08:00 ] ::1 ::1 GET /api/v1/theme?ids=1,2,3
[ log ] www.test.com/api/v1/theme?ids=1,2,3 [运行时间：0.158290s][吞吐率：6.32req/s] [内存消耗：3,694.80kb] [文件加载：58]

---------------------------------------------------------------
[ 2017-09-25T14:43:21+08:00 ] ::1 ::1 GET /api/v1/product/recent
[ log ] www.test.com/api/v1/product/recent [运行时间：0.140380s][吞吐率：7.12req/s] [内存消耗：3,584.40kb] [文件加载：54]

---------------------------------------------------------------
[ 2017-09-25T14:44:11+08:00 ] ::1 ::1 POST /api/v1/token/verify
[ log ] www.test.com/api/v1/token/verify [运行时间：0.048299s][吞吐率：20.70req/s] [内存消耗：1,602.85kb] [文件加载：37]

---------------------------------------------------------------
[ 2017-09-25T14:44:12+08:00 ] ::1 ::1 GET /api/v1/banner/1
[ log ] www.test.com/api/v1/banner/1 [运行时间：0.273253s][吞吐率：3.66req/s] [内存消耗：3,776.59kb] [文件加载：61]

---------------------------------------------------------------
[ 2017-09-25T14:44:12+08:00 ] ::1 ::1 GET /api/v1/product/recent
[ log ] www.test.com/api/v1/product/recent [运行时间：0.180067s][吞吐率：5.55req/s] [内存消耗：3,584.40kb] [文件加载：54]

---------------------------------------------------------------
[ 2017-09-25T14:44:12+08:00 ] ::1 ::1 GET /api/v1/theme?ids=1,2,3
[ log ] www.test.com/api/v1/theme?ids=1,2,3 [运行时间：0.235638s][吞吐率：4.24req/s] [内存消耗：3,694.80kb] [文件加载：58]

---------------------------------------------------------------
[ 2017-09-25T14:44:14+08:00 ] ::1 ::1 GET /api/v1/category/all
[ log ] www.test.com/api/v1/category/all [运行时间：0.110928s][吞吐率：9.01req/s] [内存消耗：3,429.31kb] [文件加载：56]

---------------------------------------------------------------
[ 2017-09-25T14:44:14+08:00 ] ::1 ::1 GET /api/v1/product/by_category?id=2
[ log ] www.test.com/api/v1/product/by_category?id=2 [运行时间：0.088353s][吞吐率：11.32req/s] [内存消耗：3,581.66kb] [文件加载：54]

---------------------------------------------------------------
[ 2017-09-25T14:44:15+08:00 ] ::1 ::1 GET /api/v1/product/by_category?id=9
[ log ] www.test.com/api/v1/product/by_category?id=9 [运行时间：0.078271s][吞吐率：12.78req/s] [内存消耗：3,576.53kb] [文件加载：54]

---------------------------------------------------------------
[ 2017-09-25T14:44:17+08:00 ] ::1 ::1 GET /api/v1/product/by_category?id=8
[ log ] www.test.com/api/v1/product/by_category?id=8 [运行时间：0.094699s][吞吐率：10.56req/s] [内存消耗：3,576.48kb] [文件加载：54]

---------------------------------------------------------------
[ 2017-09-25T14:44:19+08:00 ] ::1 ::1 GET /api/v1/product/by_category?id=7
[ log ] www.test.com/api/v1/product/by_category?id=7 [运行时间：0.177841s][吞吐率：5.62req/s] [内存消耗：3,579.00kb] [文件加载：54]

---------------------------------------------------------------
[ 2017-09-25T14:44:20+08:00 ] ::1 ::1 GET /api/v1/product/by_category?id=6
[ log ] www.test.com/api/v1/product/by_category?id=6 [运行时间：0.153791s][吞吐率：6.50req/s] [内存消耗：3,578.16kb] [文件加载：54]

---------------------------------------------------------------
[ 2017-09-25T14:44:21+08:00 ] ::1 ::1 GET /api/v1/product/by_category?id=5
[ log ] www.test.com/api/v1/product/by_category?id=5 [运行时间：0.097860s][吞吐率：10.22req/s] [内存消耗：3,580.02kb] [文件加载：54]

---------------------------------------------------------------
[ 2017-09-25T14:44:22+08:00 ] ::1 ::1 GET /api/v1/product/by_category?id=4
[ log ] www.test.com/api/v1/product/by_category?id=4 [运行时间：0.113100s][吞吐率：8.84req/s] [内存消耗：3,578.98kb] [文件加载：54]

---------------------------------------------------------------
[ 2017-09-25T14:44:23+08:00 ] ::1 ::1 GET /api/v1/product/by_category?id=3
[ log ] www.test.com/api/v1/product/by_category?id=3 [运行时间：0.101169s][吞吐率：9.88req/s] [内存消耗：3,577.33kb] [文件加载：54]

---------------------------------------------------------------
[ 2017-09-25T14:48:12+08:00 ] ::1 ::1 POST /api/v1/token/verify
[ log ] www.test.com/api/v1/token/verify [运行时间：0.227773s][吞吐率：4.39req/s] [内存消耗：1,602.85kb] [文件加载：37]

---------------------------------------------------------------
[ 2017-09-25T14:48:13+08:00 ] ::1 ::1 GET /api/v1/product/recent
[ log ] www.test.com/api/v1/product/recent [运行时间：0.224287s][吞吐率：4.46req/s] [内存消耗：3,584.40kb] [文件加载：54]

---------------------------------------------------------------
[ 2017-09-25T14:48:13+08:00 ] ::1 ::1 GET /api/v1/theme?ids=1,2,3
[ log ] www.test.com/api/v1/theme?ids=1,2,3 [运行时间：0.297439s][吞吐率：3.36req/s] [内存消耗：3,694.80kb] [文件加载：58]

---------------------------------------------------------------
[ 2017-09-25T14:48:13+08:00 ] ::1 ::1 GET /api/v1/banner/1
[ log ] www.test.com/api/v1/banner/1 [运行时间：0.365144s][吞吐率：2.74req/s] [内存消耗：3,776.59kb] [文件加载：61]

---------------------------------------------------------------
[ 2017-09-25T16:25:13+08:00 ] ::1 ::1 GET /api/v1/category/all
[ log ] www.test.com/api/v1/category/all [运行时间：0.297000s][吞吐率：3.37req/s] [内存消耗：3,429.31kb] [文件加载：56]

---------------------------------------------------------------
[ 2017-09-25T16:25:13+08:00 ] ::1 ::1 GET /api/v1/product/by_category?id=2
[ log ] www.test.com/api/v1/product/by_category?id=2 [运行时间：0.127366s][吞吐率：7.85req/s] [内存消耗：3,581.66kb] [文件加载：54]

---------------------------------------------------------------
[ 2017-09-25T16:25:15+08:00 ] ::1 ::1 GET /api/v1/product/by_category?id=9
[ log ] www.test.com/api/v1/product/by_category?id=9 [运行时间：0.091352s][吞吐率：10.95req/s] [内存消耗：3,576.53kb] [文件加载：54]

---------------------------------------------------------------
[ 2017-09-25T16:25:16+08:00 ] ::1 ::1 GET /api/v1/product/by_category?id=8
[ log ] www.test.com/api/v1/product/by_category?id=8 [运行时间：0.086470s][吞吐率：11.56req/s] [内存消耗：3,576.48kb] [文件加载：54]

---------------------------------------------------------------
[ 2017-09-25T16:25:18+08:00 ] ::1 ::1 GET /api/v1/product/by_category?id=7
[ log ] www.test.com/api/v1/product/by_category?id=7 [运行时间：0.170493s][吞吐率：5.87req/s] [内存消耗：3,579.00kb] [文件加载：54]

---------------------------------------------------------------
[ 2017-09-25T16:27:38+08:00 ] ::1 ::1 POST /api/v1/token/verify
[ log ] www.test.com/api/v1/token/verify [运行时间：0.073801s][吞吐率：13.55req/s] [内存消耗：1,602.84kb] [文件加载：37]

---------------------------------------------------------------
[ 2017-09-25T16:27:39+08:00 ] ::1 ::1 GET /api/v1/theme?ids=1,2,3
[ log ] www.test.com/api/v1/theme?ids=1,2,3 [运行时间：0.283982s][吞吐率：3.52req/s] [内存消耗：3,694.80kb] [文件加载：58]

---------------------------------------------------------------
[ 2017-09-25T16:27:39+08:00 ] ::1 ::1 GET /api/v1/product/recent
[ log ] www.test.com/api/v1/product/recent [运行时间：0.245841s][吞吐率：4.07req/s] [内存消耗：3,584.40kb] [文件加载：54]

---------------------------------------------------------------
[ 2017-09-25T16:27:40+08:00 ] ::1 ::1 GET /api/v1/banner/1
[ log ] www.test.com/api/v1/banner/1 [运行时间：0.433409s][吞吐率：2.31req/s] [内存消耗：3,776.59kb] [文件加载：61]

---------------------------------------------------------------
[ 2017-09-25T16:27:42+08:00 ] ::1 ::1 POST /api/v1/token/user
[ log ] www.test.com/api/v1/token/user [运行时间：0.633742s][吞吐率：1.58req/s] [内存消耗：3,252.90kb] [文件加载：52]

---------------------------------------------------------------
[ 2017-09-25T16:27:42+08:00 ] ::1 ::1 GET /api/v1/category/all
[ log ] www.test.com/api/v1/category/all [运行时间：0.163271s][吞吐率：6.12req/s] [内存消耗：3,429.31kb] [文件加载：56]

---------------------------------------------------------------
[ 2017-09-25T16:27:42+08:00 ] ::1 ::1 GET /api/v1/product/by_category?id=2
[ log ] www.test.com/api/v1/product/by_category?id=2 [运行时间：0.070065s][吞吐率：14.27req/s] [内存消耗：3,581.66kb] [文件加载：54]

---------------------------------------------------------------
[ 2017-09-25T16:27:44+08:00 ] ::1 ::1 GET /api/v1/product/by_category?id=3
[ log ] www.test.com/api/v1/product/by_category?id=3 [运行时间：0.096105s][吞吐率：10.41req/s] [内存消耗：3,577.33kb] [文件加载：54]

---------------------------------------------------------------
[ 2017-09-25T16:28:45+08:00 ] ::1 ::1 POST /api/v1/token/verify
[ log ] www.test.com/api/v1/token/verify [运行时间：0.068640s][吞吐率：14.57req/s] [内存消耗：1,602.80kb] [文件加载：37]

---------------------------------------------------------------
[ 2017-09-25T16:28:46+08:00 ] ::1 ::1 GET /api/v1/banner/1
[ log ] www.test.com/api/v1/banner/1 [运行时间：0.283168s][吞吐率：3.53req/s] [内存消耗：3,776.59kb] [文件加载：61]

---------------------------------------------------------------
[ 2017-09-25T16:28:46+08:00 ] ::1 ::1 GET /api/v1/product/recent
[ log ] www.test.com/api/v1/product/recent [运行时间：0.174373s][吞吐率：5.73req/s] [内存消耗：3,584.40kb] [文件加载：54]

---------------------------------------------------------------
[ 2017-09-25T16:28:46+08:00 ] ::1 ::1 GET /api/v1/theme?ids=1,2,3
[ log ] www.test.com/api/v1/theme?ids=1,2,3 [运行时间：0.228089s][吞吐率：4.38req/s] [内存消耗：3,694.80kb] [文件加载：58]

---------------------------------------------------------------
[ 2017-09-25T16:28:51+08:00 ] ::1 ::1 GET /api/v1/category/all
[ log ] www.test.com/api/v1/category/all [运行时间：0.107345s][吞吐率：9.32req/s] [内存消耗：3,429.31kb] [文件加载：56]

---------------------------------------------------------------
[ 2017-09-25T16:28:51+08:00 ] ::1 ::1 GET /api/v1/product/by_category?id=2
[ log ] www.test.com/api/v1/product/by_category?id=2 [运行时间：0.073608s][吞吐率：13.59req/s] [内存消耗：3,581.66kb] [文件加载：54]

---------------------------------------------------------------
[ 2017-09-25T16:29:06+08:00 ] ::1 ::1 GET /api/v1/product/by_category?id=3
[ log ] www.test.com/api/v1/product/by_category?id=3 [运行时间：0.099248s][吞吐率：10.08req/s] [内存消耗：3,577.33kb] [文件加载：54]

---------------------------------------------------------------
[ 2017-09-25T16:29:08+08:00 ] ::1 ::1 GET /api/v1/product/by_category?id=4
[ log ] www.test.com/api/v1/product/by_category?id=4 [运行时间：0.101711s][吞吐率：9.83req/s] [内存消耗：3,578.98kb] [文件加载：54]

---------------------------------------------------------------
[ 2017-09-25T16:29:09+08:00 ] ::1 ::1 GET /api/v1/product/by_category?id=5
[ log ] www.test.com/api/v1/product/by_category?id=5 [运行时间：0.181548s][吞吐率：5.51req/s] [内存消耗：3,580.02kb] [文件加载：54]

---------------------------------------------------------------
