[ 2017-09-26T10:27:00+08:00 ] ::1 ::1 GET /api/v1/product/by_category?id=6
[ log ] www.test.com/api/v1/product/by_category?id=6 [运行时间：0.410836s][吞吐率：2.43req/s] [内存消耗：3,578.16kb] [文件加载：54]

---------------------------------------------------------------
[ 2017-09-26T10:27:01+08:00 ] ::1 ::1 GET /api/v1/product/by_category?id=7
[ log ] www.test.com/api/v1/product/by_category?id=7 [运行时间：0.087111s][吞吐率：11.48req/s] [内存消耗：3,579.00kb] [文件加载：54]

---------------------------------------------------------------
[ 2017-09-26T10:27:17+08:00 ] ::1 ::1 POST /api/v1/token/verify
[ log ] www.test.com/api/v1/token/verify [运行时间：0.133688s][吞吐率：7.48req/s] [内存消耗：1,602.88kb] [文件加载：37]

---------------------------------------------------------------
[ 2017-09-26T10:27:19+08:00 ] ::1 ::1 GET /api/v1/banner/1
[ log ] www.test.com/api/v1/banner/1 [运行时间：0.426070s][吞吐率：2.35req/s] [内存消耗：3,776.59kb] [文件加载：61]

---------------------------------------------------------------
[ 2017-09-26T10:27:19+08:00 ] ::1 ::1 GET /api/v1/theme?ids=1,2,3
[ log ] www.test.com/api/v1/theme?ids=1,2,3 [运行时间：0.338012s][吞吐率：2.96req/s] [内存消耗：3,694.80kb] [文件加载：58]

---------------------------------------------------------------
[ 2017-09-26T10:27:19+08:00 ] ::1 ::1 GET /api/v1/product/recent
[ log ] www.test.com/api/v1/product/recent [运行时间：0.278256s][吞吐率：3.59req/s] [内存消耗：3,584.40kb] [文件加载：54]

---------------------------------------------------------------
[ 2017-09-26T10:27:20+08:00 ] ::1 ::1 POST /api/v1/token/user
[ log ] www.test.com/api/v1/token/user [运行时间：1.404492s][吞吐率：0.71req/s] [内存消耗：3,252.90kb] [文件加载：52]

---------------------------------------------------------------
[ 2017-09-26T10:27:21+08:00 ] ::1 ::1 GET /api/v1/category/all
[ log ] www.test.com/api/v1/category/all [运行时间：0.126007s][吞吐率：7.94req/s] [内存消耗：3,429.31kb] [文件加载：56]

---------------------------------------------------------------
[ 2017-09-26T10:27:21+08:00 ] ::1 ::1 GET /api/v1/product/by_category?id=2
[ log ] www.test.com/api/v1/product/by_category?id=2 [运行时间：0.124697s][吞吐率：8.02req/s] [内存消耗：3,581.66kb] [文件加载：54]

---------------------------------------------------------------
[ 2017-09-26T10:27:22+08:00 ] ::1 ::1 GET /api/v1/product/by_category?id=9
[ log ] www.test.com/api/v1/product/by_category?id=9 [运行时间：0.112453s][吞吐率：8.89req/s] [内存消耗：3,576.53kb] [文件加载：54]

---------------------------------------------------------------
[ 2017-09-26T10:27:23+08:00 ] ::1 ::1 GET /api/v1/product/by_category?id=8
[ log ] www.test.com/api/v1/product/by_category?id=8 [运行时间：0.090561s][吞吐率：11.04req/s] [内存消耗：3,576.48kb] [文件加载：54]

---------------------------------------------------------------
[ 2017-09-26T10:27:24+08:00 ] ::1 ::1 GET /api/v1/product/by_category?id=7
[ log ] www.test.com/api/v1/product/by_category?id=7 [运行时间：0.117355s][吞吐率：8.52req/s] [内存消耗：3,579.00kb] [文件加载：54]

---------------------------------------------------------------
[ 2017-09-26T10:27:25+08:00 ] ::1 ::1 GET /api/v1/product/by_category?id=6
[ log ] www.test.com/api/v1/product/by_category?id=6 [运行时间：0.086472s][吞吐率：11.56req/s] [内存消耗：3,578.16kb] [文件加载：54]

---------------------------------------------------------------
[ 2017-09-26T10:27:26+08:00 ] ::1 ::1 GET /api/v1/product/by_category?id=5
[ log ] www.test.com/api/v1/product/by_category?id=5 [运行时间：0.095339s][吞吐率：10.49req/s] [内存消耗：3,580.02kb] [文件加载：54]

---------------------------------------------------------------
[ 2017-09-26T10:27:26+08:00 ] ::1 ::1 GET /api/v1/product/by_category?id=4
[ log ] www.test.com/api/v1/product/by_category?id=4 [运行时间：0.103385s][吞吐率：9.67req/s] [内存消耗：3,578.98kb] [文件加载：54]

---------------------------------------------------------------
[ 2017-09-26T10:27:27+08:00 ] ::1 ::1 GET /api/v1/product/by_category?id=3
[ log ] www.test.com/api/v1/product/by_category?id=3 [运行时间：0.138934s][吞吐率：7.20req/s] [内存消耗：3,577.33kb] [文件加载：54]

---------------------------------------------------------------
[ 2017-09-26T10:28:14+08:00 ] ::1 ::1 POST /api/v1/token/verify
[ log ] www.test.com/api/v1/token/verify [运行时间：0.056688s][吞吐率：17.64req/s] [内存消耗：1,602.80kb] [文件加载：37]

---------------------------------------------------------------
[ 2017-09-26T10:28:15+08:00 ] ::1 ::1 GET /api/v1/banner/1
[ log ] www.test.com/api/v1/banner/1 [运行时间：0.277657s][吞吐率：3.60req/s] [内存消耗：3,776.59kb] [文件加载：61]

---------------------------------------------------------------
[ 2017-09-26T10:28:15+08:00 ] ::1 ::1 GET /api/v1/product/recent
[ log ] www.test.com/api/v1/product/recent [运行时间：0.203785s][吞吐率：4.91req/s] [内存消耗：3,584.40kb] [文件加载：54]

---------------------------------------------------------------
[ 2017-09-26T10:28:15+08:00 ] ::1 ::1 GET /api/v1/theme?ids=1,2,3
[ log ] www.test.com/api/v1/theme?ids=1,2,3 [运行时间：0.306837s][吞吐率：3.26req/s] [内存消耗：3,694.80kb] [文件加载：58]

---------------------------------------------------------------
[ 2017-09-26T10:28:20+08:00 ] ::1 ::1 GET /api/v1/category/all
[ log ] www.test.com/api/v1/category/all [运行时间：0.085333s][吞吐率：11.72req/s] [内存消耗：3,429.31kb] [文件加载：56]

---------------------------------------------------------------
[ 2017-09-26T10:28:20+08:00 ] ::1 ::1 GET /api/v1/product/by_category?id=2
[ log ] www.test.com/api/v1/product/by_category?id=2 [运行时间：0.102293s][吞吐率：9.78req/s] [内存消耗：3,581.66kb] [文件加载：54]

---------------------------------------------------------------
[ 2017-09-26T10:28:23+08:00 ] ::1 ::1 GET /api/v1/product/by_category?id=3
[ log ] www.test.com/api/v1/product/by_category?id=3 [运行时间：0.102132s][吞吐率：9.79req/s] [内存消耗：3,577.33kb] [文件加载：54]

---------------------------------------------------------------
[ 2017-09-26T10:28:24+08:00 ] ::1 ::1 GET /api/v1/product/by_category?id=4
[ log ] www.test.com/api/v1/product/by_category?id=4 [运行时间：0.090853s][吞吐率：11.01req/s] [内存消耗：3,578.98kb] [文件加载：54]

---------------------------------------------------------------
[ 2017-09-26T10:28:25+08:00 ] ::1 ::1 GET /api/v1/product/by_category?id=5
[ log ] www.test.com/api/v1/product/by_category?id=5 [运行时间：0.109610s][吞吐率：9.12req/s] [内存消耗：3,580.02kb] [文件加载：54]

---------------------------------------------------------------
[ 2017-09-26T10:28:27+08:00 ] ::1 ::1 GET /api/v1/product/by_category?id=6
[ log ] www.test.com/api/v1/product/by_category?id=6 [运行时间：0.105311s][吞吐率：9.50req/s] [内存消耗：3,578.16kb] [文件加载：54]

---------------------------------------------------------------
[ 2017-09-26T10:29:22+08:00 ] ::1 ::1 GET /api/v1/product/by_category?id=7
[ log ] www.test.com/api/v1/product/by_category?id=7 [运行时间：0.124275s][吞吐率：8.05req/s] [内存消耗：3,579.00kb] [文件加载：54]

---------------------------------------------------------------
[ 2017-09-26T10:29:22+08:00 ] ::1 ::1 GET /api/v1/product/by_category?id=8
[ log ] www.test.com/api/v1/product/by_category?id=8 [运行时间：0.081305s][吞吐率：12.30req/s] [内存消耗：3,576.48kb] [文件加载：54]

---------------------------------------------------------------
[ 2017-09-26T10:29:23+08:00 ] ::1 ::1 GET /api/v1/product/by_category?id=9
[ log ] www.test.com/api/v1/product/by_category?id=9 [运行时间：0.074112s][吞吐率：13.49req/s] [内存消耗：3,576.53kb] [文件加载：54]

---------------------------------------------------------------
[ 2017-09-26T10:40:31+08:00 ] ::1 ::1 POST /api/v1/token/verify
[ log ] www.test.com/api/v1/token/verify [运行时间：0.058955s][吞吐率：16.96req/s] [内存消耗：1,602.80kb] [文件加载：37]

---------------------------------------------------------------
[ 2017-09-26T10:40:31+08:00 ] ::1 ::1 GET /api/v1/theme?ids=1,2,3
[ log ] www.test.com/api/v1/theme?ids=1,2,3 [运行时间：0.243652s][吞吐率：4.10req/s] [内存消耗：3,694.80kb] [文件加载：58]

---------------------------------------------------------------
[ 2017-09-26T10:40:31+08:00 ] ::1 ::1 GET /api/v1/banner/1
[ log ] www.test.com/api/v1/banner/1 [运行时间：0.309297s][吞吐率：3.23req/s] [内存消耗：3,776.59kb] [文件加载：61]

---------------------------------------------------------------
[ 2017-09-26T10:40:31+08:00 ] ::1 ::1 GET /api/v1/product/recent
[ log ] www.test.com/api/v1/product/recent [运行时间：0.181311s][吞吐率：5.52req/s] [内存消耗：3,584.40kb] [文件加载：54]

---------------------------------------------------------------
[ 2017-09-26T10:40:37+08:00 ] ::1 ::1 GET /api/v1/category/all
[ log ] www.test.com/api/v1/category/all [运行时间：0.232883s][吞吐率：4.29req/s] [内存消耗：3,429.31kb] [文件加载：56]

---------------------------------------------------------------
[ 2017-09-26T10:40:37+08:00 ] ::1 ::1 GET /api/v1/product/by_category?id=2
[ log ] www.test.com/api/v1/product/by_category?id=2 [运行时间：0.103106s][吞吐率：9.70req/s] [内存消耗：3,581.66kb] [文件加载：54]

---------------------------------------------------------------
[ 2017-09-26T10:40:41+08:00 ] ::1 ::1 GET /api/v1/product/by_category?id=3
[ log ] www.test.com/api/v1/product/by_category?id=3 [运行时间：0.099008s][吞吐率：10.10req/s] [内存消耗：3,577.33kb] [文件加载：54]

---------------------------------------------------------------
[ 2017-09-26T10:41:03+08:00 ] ::1 ::1 GET /api/v1/product/by_category?id=4
[ log ] www.test.com/api/v1/product/by_category?id=4 [运行时间：0.094124s][吞吐率：10.62req/s] [内存消耗：3,578.98kb] [文件加载：54]

---------------------------------------------------------------
[ 2017-09-26T10:41:08+08:00 ] ::1 ::1 GET /api/v1/product/by_category?id=5
[ log ] www.test.com/api/v1/product/by_category?id=5 [运行时间：0.093982s][吞吐率：10.64req/s] [内存消耗：3,580.02kb] [文件加载：54]

---------------------------------------------------------------
[ 2017-09-26T10:41:10+08:00 ] ::1 ::1 GET /api/v1/product/by_category?id=6
[ log ] www.test.com/api/v1/product/by_category?id=6 [运行时间：0.082498s][吞吐率：12.12req/s] [内存消耗：3,578.16kb] [文件加载：54]

---------------------------------------------------------------
[ 2017-09-26T10:41:33+08:00 ] ::1 ::1 POST /api/v1/token/verify
[ log ] www.test.com/api/v1/token/verify [运行时间：0.091933s][吞吐率：10.88req/s] [内存消耗：1,602.80kb] [文件加载：37]

---------------------------------------------------------------
[ 2017-09-26T10:41:34+08:00 ] ::1 ::1 GET /api/v1/banner/1
[ log ] www.test.com/api/v1/banner/1 [运行时间：0.241910s][吞吐率：4.13req/s] [内存消耗：3,776.59kb] [文件加载：61]

---------------------------------------------------------------
[ 2017-09-26T10:41:34+08:00 ] ::1 ::1 GET /api/v1/theme?ids=1,2,3
[ log ] www.test.com/api/v1/theme?ids=1,2,3 [运行时间：0.231331s][吞吐率：4.32req/s] [内存消耗：3,694.80kb] [文件加载：58]

---------------------------------------------------------------
[ 2017-09-26T10:41:34+08:00 ] ::1 ::1 GET /api/v1/product/recent
[ log ] www.test.com/api/v1/product/recent [运行时间：0.171233s][吞吐率：5.84req/s] [内存消耗：3,584.40kb] [文件加载：54]

---------------------------------------------------------------
[ 2017-09-26T10:41:42+08:00 ] ::1 ::1 GET /api/v1/category/all
[ log ] www.test.com/api/v1/category/all [运行时间：0.113275s][吞吐率：8.83req/s] [内存消耗：3,429.31kb] [文件加载：56]

---------------------------------------------------------------
[ 2017-09-26T10:41:42+08:00 ] ::1 ::1 GET /api/v1/product/by_category?id=2
[ log ] www.test.com/api/v1/product/by_category?id=2 [运行时间：0.070115s][吞吐率：14.26req/s] [内存消耗：3,581.66kb] [文件加载：54]

---------------------------------------------------------------
[ 2017-09-26T10:41:45+08:00 ] ::1 ::1 GET /api/v1/product/by_category?id=3
[ log ] www.test.com/api/v1/product/by_category?id=3 [运行时间：0.084748s][吞吐率：11.80req/s] [内存消耗：3,577.33kb] [文件加载：54]

---------------------------------------------------------------
[ 2017-09-26T10:41:49+08:00 ] ::1 ::1 GET /api/v1/product/by_category?id=4
[ log ] www.test.com/api/v1/product/by_category?id=4 [运行时间：0.091211s][吞吐率：10.96req/s] [内存消耗：3,578.98kb] [文件加载：54]

---------------------------------------------------------------
[ 2017-09-26T10:41:55+08:00 ] ::1 ::1 GET /api/v1/product/by_category?id=5
[ log ] www.test.com/api/v1/product/by_category?id=5 [运行时间：0.102100s][吞吐率：9.79req/s] [内存消耗：3,580.02kb] [文件加载：54]

---------------------------------------------------------------
[ 2017-09-26T10:44:38+08:00 ] ::1 ::1 GET /api/v1/product/by_category?id=8
[ log ] www.test.com/api/v1/product/by_category?id=8 [运行时间：0.089028s][吞吐率：11.23req/s] [内存消耗：3,576.48kb] [文件加载：54]

---------------------------------------------------------------
[ 2017-09-26T10:45:18+08:00 ] ::1 ::1 POST /api/v1/token/verify
[ log ] www.test.com/api/v1/token/verify [运行时间：0.081623s][吞吐率：12.25req/s] [内存消耗：1,602.80kb] [文件加载：37]

---------------------------------------------------------------
[ 2017-09-26T10:45:19+08:00 ] ::1 ::1 GET /api/v1/theme?ids=1,2,3
[ log ] www.test.com/api/v1/theme?ids=1,2,3 [运行时间：0.162932s][吞吐率：6.14req/s] [内存消耗：3,694.80kb] [文件加载：58]

---------------------------------------------------------------
[ 2017-09-26T10:45:19+08:00 ] ::1 ::1 GET /api/v1/banner/1
[ log ] www.test.com/api/v1/banner/1 [运行时间：0.202491s][吞吐率：4.94req/s] [内存消耗：3,776.59kb] [文件加载：61]

---------------------------------------------------------------
[ 2017-09-26T10:45:19+08:00 ] ::1 ::1 GET /api/v1/product/recent
[ log ] www.test.com/api/v1/product/recent [运行时间：0.113601s][吞吐率：8.80req/s] [内存消耗：3,584.40kb] [文件加载：54]

---------------------------------------------------------------
[ 2017-09-26T10:45:23+08:00 ] ::1 ::1 GET /api/v1/category/all
[ log ] www.test.com/api/v1/category/all [运行时间：0.129032s][吞吐率：7.75req/s] [内存消耗：3,429.31kb] [文件加载：56]

---------------------------------------------------------------
[ 2017-09-26T10:45:23+08:00 ] ::1 ::1 GET /api/v1/product/by_category?id=2
[ log ] www.test.com/api/v1/product/by_category?id=2 [运行时间：0.137093s][吞吐率：7.29req/s] [内存消耗：3,581.66kb] [文件加载：54]

---------------------------------------------------------------
[ 2017-09-26T10:45:26+08:00 ] ::1 ::1 GET /api/v1/product/by_category?id=3
[ log ] www.test.com/api/v1/product/by_category?id=3 [运行时间：0.112943s][吞吐率：8.85req/s] [内存消耗：3,577.33kb] [文件加载：54]

---------------------------------------------------------------
[ 2017-09-26T10:45:36+08:00 ] ::1 ::1 GET /api/v1/product/by_category?id=4
[ log ] www.test.com/api/v1/product/by_category?id=4 [运行时间：0.113211s][吞吐率：8.83req/s] [内存消耗：3,578.98kb] [文件加载：54]

---------------------------------------------------------------
[ 2017-09-26T10:45:38+08:00 ] ::1 ::1 GET /api/v1/product/by_category?id=5
[ log ] www.test.com/api/v1/product/by_category?id=5 [运行时间：0.142974s][吞吐率：6.99req/s] [内存消耗：3,580.02kb] [文件加载：54]

---------------------------------------------------------------
[ 2017-09-26T10:45:39+08:00 ] ::1 ::1 GET /api/v1/product/by_category?id=6
[ log ] www.test.com/api/v1/product/by_category?id=6 [运行时间：0.084673s][吞吐率：11.81req/s] [内存消耗：3,578.16kb] [文件加载：54]

---------------------------------------------------------------
[ 2017-09-26T10:45:41+08:00 ] ::1 ::1 GET /api/v1/product/by_category?id=7
[ log ] www.test.com/api/v1/product/by_category?id=7 [运行时间：0.094923s][吞吐率：10.53req/s] [内存消耗：3,579.00kb] [文件加载：54]

---------------------------------------------------------------
[ 2017-09-26T10:47:42+08:00 ] ::1 ::1 POST /api/v1/token/verify
[ log ] www.test.com/api/v1/token/verify [运行时间：0.038121s][吞吐率：26.23req/s] [内存消耗：1,602.80kb] [文件加载：37]

---------------------------------------------------------------
[ 2017-09-26T10:47:43+08:00 ] ::1 ::1 GET /api/v1/banner/1
[ log ] www.test.com/api/v1/banner/1 [运行时间：0.224883s][吞吐率：4.45req/s] [内存消耗：3,776.59kb] [文件加载：61]

---------------------------------------------------------------
[ 2017-09-26T10:47:43+08:00 ] ::1 ::1 GET /api/v1/theme?ids=1,2,3
[ log ] www.test.com/api/v1/theme?ids=1,2,3 [运行时间：0.230377s][吞吐率：4.34req/s] [内存消耗：3,694.80kb] [文件加载：58]

---------------------------------------------------------------
[ 2017-09-26T10:47:43+08:00 ] ::1 ::1 GET /api/v1/product/recent
[ log ] www.test.com/api/v1/product/recent [运行时间：0.152712s][吞吐率：6.55req/s] [内存消耗：3,584.40kb] [文件加载：54]

---------------------------------------------------------------
[ 2017-09-26T10:47:50+08:00 ] ::1 ::1 POST /api/v1/token/verify
[ log ] www.test.com/api/v1/token/verify [运行时间：0.057521s][吞吐率：17.38req/s] [内存消耗：1,602.80kb] [文件加载：37]

---------------------------------------------------------------
[ 2017-09-26T10:47:51+08:00 ] ::1 ::1 GET /api/v1/banner/1
[ log ] www.test.com/api/v1/banner/1 [运行时间：0.232550s][吞吐率：4.30req/s] [内存消耗：3,776.59kb] [文件加载：61]

---------------------------------------------------------------
[ 2017-09-26T10:47:51+08:00 ] ::1 ::1 GET /api/v1/product/recent
[ log ] www.test.com/api/v1/product/recent [运行时间：0.205097s][吞吐率：4.88req/s] [内存消耗：3,584.40kb] [文件加载：54]

---------------------------------------------------------------
[ 2017-09-26T10:47:51+08:00 ] ::1 ::1 GET /api/v1/theme?ids=1,2,3
[ log ] www.test.com/api/v1/theme?ids=1,2,3 [运行时间：0.264212s][吞吐率：3.78req/s] [内存消耗：3,694.80kb] [文件加载：58]

---------------------------------------------------------------
[ 2017-09-26T10:47:53+08:00 ] ::1 ::1 GET /api/v1/category/all
[ log ] www.test.com/api/v1/category/all [运行时间：0.125962s][吞吐率：7.94req/s] [内存消耗：3,429.31kb] [文件加载：56]

---------------------------------------------------------------
[ 2017-09-26T10:47:53+08:00 ] ::1 ::1 GET /api/v1/product/by_category?id=2
[ log ] www.test.com/api/v1/product/by_category?id=2 [运行时间：0.139699s][吞吐率：7.16req/s] [内存消耗：3,581.66kb] [文件加载：54]

---------------------------------------------------------------
[ 2017-09-26T10:47:56+08:00 ] ::1 ::1 GET /api/v1/product/by_category?id=3
[ log ] www.test.com/api/v1/product/by_category?id=3 [运行时间：0.090619s][吞吐率：11.04req/s] [内存消耗：3,577.33kb] [文件加载：54]

---------------------------------------------------------------
[ 2017-09-26T10:48:21+08:00 ] ::1 ::1 POST /api/v1/token/verify
[ log ] www.test.com/api/v1/token/verify [运行时间：0.103889s][吞吐率：9.63req/s] [内存消耗：1,602.80kb] [文件加载：37]

---------------------------------------------------------------
[ 2017-09-26T10:48:21+08:00 ] ::1 ::1 GET /api/v1/banner/1
[ log ] www.test.com/api/v1/banner/1 [运行时间：0.262803s][吞吐率：3.81req/s] [内存消耗：3,776.59kb] [文件加载：61]

---------------------------------------------------------------
[ 2017-09-26T10:48:21+08:00 ] ::1 ::1 GET /api/v1/theme?ids=1,2,3
[ log ] www.test.com/api/v1/theme?ids=1,2,3 [运行时间：0.220312s][吞吐率：4.54req/s] [内存消耗：3,694.80kb] [文件加载：58]

---------------------------------------------------------------
[ 2017-09-26T10:48:21+08:00 ] ::1 ::1 GET /api/v1/product/recent
[ log ] www.test.com/api/v1/product/recent [运行时间：0.152099s][吞吐率：6.57req/s] [内存消耗：3,584.40kb] [文件加载：54]

---------------------------------------------------------------
[ 2017-09-26T10:50:27+08:00 ] ::1 ::1 POST /api/v1/token/verify
[ log ] www.test.com/api/v1/token/verify [运行时间：0.064474s][吞吐率：15.51req/s] [内存消耗：1,602.80kb] [文件加载：37]

---------------------------------------------------------------
[ 2017-09-26T10:50:28+08:00 ] ::1 ::1 GET /api/v1/banner/1
[ log ] www.test.com/api/v1/banner/1 [运行时间：0.274304s][吞吐率：3.65req/s] [内存消耗：3,776.59kb] [文件加载：61]

---------------------------------------------------------------
[ 2017-09-26T10:50:28+08:00 ] ::1 ::1 GET /api/v1/theme?ids=1,2,3
[ log ] www.test.com/api/v1/theme?ids=1,2,3 [运行时间：0.207267s][吞吐率：4.82req/s] [内存消耗：3,694.80kb] [文件加载：58]

---------------------------------------------------------------
[ 2017-09-26T10:50:28+08:00 ] ::1 ::1 GET /api/v1/product/recent
[ log ] www.test.com/api/v1/product/recent [运行时间：0.255935s][吞吐率：3.91req/s] [内存消耗：3,584.40kb] [文件加载：54]

---------------------------------------------------------------
[ 2017-09-26T10:50:30+08:00 ] ::1 ::1 GET /api/v1/category/all
[ log ] www.test.com/api/v1/category/all [运行时间：0.133784s][吞吐率：7.47req/s] [内存消耗：3,429.31kb] [文件加载：56]

---------------------------------------------------------------
[ 2017-09-26T10:50:30+08:00 ] ::1 ::1 GET /api/v1/product/by_category?id=2
[ log ] www.test.com/api/v1/product/by_category?id=2 [运行时间：0.093380s][吞吐率：10.71req/s] [内存消耗：3,581.66kb] [文件加载：54]

---------------------------------------------------------------
[ 2017-09-26T10:50:31+08:00 ] ::1 ::1 GET /api/v1/product/by_category?id=3
[ log ] www.test.com/api/v1/product/by_category?id=3 [运行时间：0.092684s][吞吐率：10.79req/s] [内存消耗：3,577.33kb] [文件加载：54]

---------------------------------------------------------------
[ 2017-09-26T10:51:11+08:00 ] ::1 ::1 POST /api/v1/token/verify
[ log ] www.test.com/api/v1/token/verify [运行时间：0.036387s][吞吐率：27.48req/s] [内存消耗：1,602.80kb] [文件加载：37]

---------------------------------------------------------------
[ 2017-09-26T10:51:47+08:00 ] ::1 ::1 POST /api/v1/token/verify
[ log ] www.test.com/api/v1/token/verify [运行时间：0.068433s][吞吐率：14.61req/s] [内存消耗：1,602.80kb] [文件加载：37]

---------------------------------------------------------------
[ 2017-09-26T10:52:08+08:00 ] ::1 ::1 POST /api/v1/token/verify
[ log ] www.test.com/api/v1/token/verify [运行时间：0.122138s][吞吐率：8.19req/s] [内存消耗：1,602.80kb] [文件加载：37]

---------------------------------------------------------------
[ 2017-09-26T10:52:09+08:00 ] ::1 ::1 GET /api/v1/theme?ids=1,2,3
[ log ] www.test.com/api/v1/theme?ids=1,2,3 [运行时间：0.164856s][吞吐率：6.07req/s] [内存消耗：3,694.80kb] [文件加载：58]

---------------------------------------------------------------
[ 2017-09-26T10:52:09+08:00 ] ::1 ::1 GET /api/v1/banner/1
[ log ] www.test.com/api/v1/banner/1 [运行时间：0.189950s][吞吐率：5.26req/s] [内存消耗：3,776.59kb] [文件加载：61]

---------------------------------------------------------------
[ 2017-09-26T10:52:09+08:00 ] ::1 ::1 GET /api/v1/product/recent
[ log ] www.test.com/api/v1/product/recent [运行时间：0.120423s][吞吐率：8.30req/s] [内存消耗：3,584.40kb] [文件加载：54]

---------------------------------------------------------------
[ 2017-09-26T10:52:11+08:00 ] ::1 ::1 GET /api/v1/category/all
[ log ] www.test.com/api/v1/category/all [运行时间：0.129384s][吞吐率：7.73req/s] [内存消耗：3,429.31kb] [文件加载：56]

---------------------------------------------------------------
[ 2017-09-26T10:52:11+08:00 ] ::1 ::1 GET /api/v1/product/by_category?id=2
[ log ] www.test.com/api/v1/product/by_category?id=2 [运行时间：0.096355s][吞吐率：10.38req/s] [内存消耗：3,581.66kb] [文件加载：54]

---------------------------------------------------------------
[ 2017-09-26T10:52:14+08:00 ] ::1 ::1 GET /api/v1/product/by_category?id=3
[ log ] www.test.com/api/v1/product/by_category?id=3 [运行时间：0.068487s][吞吐率：14.60req/s] [内存消耗：3,577.33kb] [文件加载：54]

---------------------------------------------------------------
[ 2017-09-26T10:52:15+08:00 ] ::1 ::1 GET /api/v1/product/by_category?id=4
[ log ] www.test.com/api/v1/product/by_category?id=4 [运行时间：0.078047s][吞吐率：12.81req/s] [内存消耗：3,578.98kb] [文件加载：54]

---------------------------------------------------------------
[ 2017-09-26T10:52:27+08:00 ] ::1 ::1 POST /api/v1/token/verify
[ log ] www.test.com/api/v1/token/verify [运行时间：0.056483s][吞吐率：17.70req/s] [内存消耗：1,602.80kb] [文件加载：37]

---------------------------------------------------------------
[ 2017-09-26T10:52:28+08:00 ] ::1 ::1 GET /api/v1/product/recent
[ log ] www.test.com/api/v1/product/recent [运行时间：0.135025s][吞吐率：7.41req/s] [内存消耗：3,584.40kb] [文件加载：54]

---------------------------------------------------------------
[ 2017-09-26T10:52:28+08:00 ] ::1 ::1 GET /api/v1/banner/1
[ log ] www.test.com/api/v1/banner/1 [运行时间：0.225158s][吞吐率：4.44req/s] [内存消耗：3,776.59kb] [文件加载：61]

---------------------------------------------------------------
[ 2017-09-26T10:52:28+08:00 ] ::1 ::1 GET /api/v1/theme?ids=1,2,3
[ log ] www.test.com/api/v1/theme?ids=1,2,3 [运行时间：0.189320s][吞吐率：5.28req/s] [内存消耗：3,694.80kb] [文件加载：58]

---------------------------------------------------------------
[ 2017-09-26T10:52:30+08:00 ] ::1 ::1 GET /api/v1/category/all
[ log ] www.test.com/api/v1/category/all [运行时间：0.089195s][吞吐率：11.21req/s] [内存消耗：3,429.31kb] [文件加载：56]

---------------------------------------------------------------
[ 2017-09-26T10:52:30+08:00 ] ::1 ::1 GET /api/v1/product/by_category?id=2
[ log ] www.test.com/api/v1/product/by_category?id=2 [运行时间：0.077752s][吞吐率：12.86req/s] [内存消耗：3,581.66kb] [文件加载：54]

---------------------------------------------------------------
[ 2017-09-26T10:53:08+08:00 ] ::1 ::1 POST /api/v1/token/verify
[ log ] www.test.com/api/v1/token/verify [运行时间：0.092074s][吞吐率：10.86req/s] [内存消耗：1,602.80kb] [文件加载：37]

---------------------------------------------------------------
[ 2017-09-26T10:53:09+08:00 ] ::1 ::1 GET /api/v1/banner/1
[ log ] www.test.com/api/v1/banner/1 [运行时间：0.219290s][吞吐率：4.56req/s] [内存消耗：3,776.59kb] [文件加载：61]

---------------------------------------------------------------
[ 2017-09-26T10:53:09+08:00 ] ::1 ::1 GET /api/v1/product/recent
[ log ] www.test.com/api/v1/product/recent [运行时间：0.146996s][吞吐率：6.80req/s] [内存消耗：3,584.40kb] [文件加载：54]

---------------------------------------------------------------
[ 2017-09-26T10:53:09+08:00 ] ::1 ::1 GET /api/v1/theme?ids=1,2,3
[ log ] www.test.com/api/v1/theme?ids=1,2,3 [运行时间：0.225329s][吞吐率：4.44req/s] [内存消耗：3,694.80kb] [文件加载：58]

---------------------------------------------------------------
[ 2017-09-26T10:53:11+08:00 ] ::1 ::1 GET /api/v1/category/all
[ log ] www.test.com/api/v1/category/all [运行时间：0.116880s][吞吐率：8.56req/s] [内存消耗：3,429.31kb] [文件加载：56]

---------------------------------------------------------------
[ 2017-09-26T10:53:12+08:00 ] ::1 ::1 GET /api/v1/product/by_category?id=2
[ log ] www.test.com/api/v1/product/by_category?id=2 [运行时间：0.094691s][吞吐率：10.56req/s] [内存消耗：3,581.66kb] [文件加载：54]

---------------------------------------------------------------
[ 2017-09-26T10:53:29+08:00 ] ::1 ::1 POST /api/v1/token/verify
[ log ] www.test.com/api/v1/token/verify [运行时间：0.035913s][吞吐率：27.85req/s] [内存消耗：1,602.80kb] [文件加载：37]

---------------------------------------------------------------
[ 2017-09-26T10:53:30+08:00 ] ::1 ::1 GET /api/v1/product/recent
[ log ] www.test.com/api/v1/product/recent [运行时间：0.159085s][吞吐率：6.29req/s] [内存消耗：3,584.40kb] [文件加载：54]

---------------------------------------------------------------
[ 2017-09-26T10:53:30+08:00 ] ::1 ::1 GET /api/v1/theme?ids=1,2,3
[ log ] www.test.com/api/v1/theme?ids=1,2,3 [运行时间：0.217655s][吞吐率：4.59req/s] [内存消耗：3,694.80kb] [文件加载：58]

---------------------------------------------------------------
[ 2017-09-26T10:53:30+08:00 ] ::1 ::1 GET /api/v1/banner/1
[ log ] www.test.com/api/v1/banner/1 [运行时间：0.262971s][吞吐率：3.80req/s] [内存消耗：3,776.59kb] [文件加载：61]

---------------------------------------------------------------
[ 2017-09-26T10:53:32+08:00 ] ::1 ::1 GET /api/v1/category/all
[ log ] www.test.com/api/v1/category/all [运行时间：0.151807s][吞吐率：6.59req/s] [内存消耗：3,429.31kb] [文件加载：56]

---------------------------------------------------------------
[ 2017-09-26T10:53:33+08:00 ] ::1 ::1 GET /api/v1/product/by_category?id=2
[ log ] www.test.com/api/v1/product/by_category?id=2 [运行时间：0.087328s][吞吐率：11.45req/s] [内存消耗：3,581.66kb] [文件加载：54]

---------------------------------------------------------------
[ 2017-09-26T10:53:37+08:00 ] ::1 ::1 POST /api/v1/token/verify
[ log ] www.test.com/api/v1/token/verify [运行时间：0.044690s][吞吐率：22.38req/s] [内存消耗：1,602.80kb] [文件加载：37]

---------------------------------------------------------------
[ 2017-09-26T10:53:38+08:00 ] ::1 ::1 GET /api/v1/product/recent
[ log ] www.test.com/api/v1/product/recent [运行时间：0.176898s][吞吐率：5.65req/s] [内存消耗：3,584.40kb] [文件加载：54]

---------------------------------------------------------------
[ 2017-09-26T10:53:38+08:00 ] ::1 ::1 GET /api/v1/theme?ids=1,2,3
[ log ] www.test.com/api/v1/theme?ids=1,2,3 [运行时间：0.250148s][吞吐率：4.00req/s] [内存消耗：3,694.80kb] [文件加载：58]

---------------------------------------------------------------
[ 2017-09-26T10:53:38+08:00 ] ::1 ::1 GET /api/v1/banner/1
[ log ] www.test.com/api/v1/banner/1 [运行时间：0.301991s][吞吐率：3.31req/s] [内存消耗：3,776.59kb] [文件加载：61]

---------------------------------------------------------------
[ 2017-09-26T10:53:40+08:00 ] ::1 ::1 GET /api/v1/category/all
[ log ] www.test.com/api/v1/category/all [运行时间：0.107486s][吞吐率：9.30req/s] [内存消耗：3,429.31kb] [文件加载：56]

---------------------------------------------------------------
[ 2017-09-26T10:53:40+08:00 ] ::1 ::1 GET /api/v1/product/by_category?id=2
[ log ] www.test.com/api/v1/product/by_category?id=2 [运行时间：0.092757s][吞吐率：10.78req/s] [内存消耗：3,581.66kb] [文件加载：54]

---------------------------------------------------------------
[ 2017-09-26T10:53:57+08:00 ] ::1 ::1 POST /api/v1/token/verify
[ log ] www.test.com/api/v1/token/verify [运行时间：0.057988s][吞吐率：17.24req/s] [内存消耗：1,602.80kb] [文件加载：37]

---------------------------------------------------------------
[ 2017-09-26T10:53:58+08:00 ] ::1 ::1 GET /api/v1/banner/1
[ log ] www.test.com/api/v1/banner/1 [运行时间：0.221630s][吞吐率：4.51req/s] [内存消耗：3,776.59kb] [文件加载：61]

---------------------------------------------------------------
[ 2017-09-26T10:53:58+08:00 ] ::1 ::1 GET /api/v1/theme?ids=1,2,3
[ log ] www.test.com/api/v1/theme?ids=1,2,3 [运行时间：0.183503s][吞吐率：5.45req/s] [内存消耗：3,694.80kb] [文件加载：58]

---------------------------------------------------------------
[ 2017-09-26T10:53:58+08:00 ] ::1 ::1 GET /api/v1/product/recent
[ log ] www.test.com/api/v1/product/recent [运行时间：0.153515s][吞吐率：6.51req/s] [内存消耗：3,584.40kb] [文件加载：54]

---------------------------------------------------------------
[ 2017-09-26T10:53:59+08:00 ] ::1 ::1 GET /api/v1/category/all
[ log ] www.test.com/api/v1/category/all [运行时间：0.088906s][吞吐率：11.25req/s] [内存消耗：3,429.31kb] [文件加载：56]

---------------------------------------------------------------
[ 2017-09-26T10:53:59+08:00 ] ::1 ::1 GET /api/v1/product/by_category?id=2
[ log ] www.test.com/api/v1/product/by_category?id=2 [运行时间：0.077025s][吞吐率：12.98req/s] [内存消耗：3,581.66kb] [文件加载：54]

---------------------------------------------------------------
[ 2017-09-26T10:54:20+08:00 ] ::1 ::1 POST /api/v1/token/verify
[ log ] www.test.com/api/v1/token/verify [运行时间：0.058515s][吞吐率：17.09req/s] [内存消耗：1,602.80kb] [文件加载：37]

---------------------------------------------------------------
[ 2017-09-26T10:54:21+08:00 ] ::1 ::1 GET /api/v1/product/recent
[ log ] www.test.com/api/v1/product/recent [运行时间：0.135908s][吞吐率：7.36req/s] [内存消耗：3,584.40kb] [文件加载：54]

---------------------------------------------------------------
[ 2017-09-26T10:54:21+08:00 ] ::1 ::1 GET /api/v1/banner/1
[ log ] www.test.com/api/v1/banner/1 [运行时间：0.219479s][吞吐率：4.56req/s] [内存消耗：3,776.59kb] [文件加载：61]

---------------------------------------------------------------
[ 2017-09-26T10:54:21+08:00 ] ::1 ::1 GET /api/v1/theme?ids=1,2,3
[ log ] www.test.com/api/v1/theme?ids=1,2,3 [运行时间：0.238172s][吞吐率：4.20req/s] [内存消耗：3,694.80kb] [文件加载：58]

---------------------------------------------------------------
[ 2017-09-26T10:54:25+08:00 ] ::1 ::1 GET /api/v1/category/all
[ log ] www.test.com/api/v1/category/all [运行时间：0.106331s][吞吐率：9.40req/s] [内存消耗：3,429.31kb] [文件加载：56]

---------------------------------------------------------------
[ 2017-09-26T10:54:26+08:00 ] ::1 ::1 GET /api/v1/product/by_category?id=2
[ log ] www.test.com/api/v1/product/by_category?id=2 [运行时间：0.092141s][吞吐率：10.85req/s] [内存消耗：3,581.66kb] [文件加载：54]

---------------------------------------------------------------
[ 2017-09-26T10:54:27+08:00 ] ::1 ::1 GET /api/v1/product/by_category?id=3
[ log ] www.test.com/api/v1/product/by_category?id=3 [运行时间：0.160555s][吞吐率：6.23req/s] [内存消耗：3,577.33kb] [文件加载：54]

---------------------------------------------------------------
[ 2017-09-26T10:54:29+08:00 ] ::1 ::1 GET /api/v1/product/by_category?id=4
[ log ] www.test.com/api/v1/product/by_category?id=4 [运行时间：0.082763s][吞吐率：12.08req/s] [内存消耗：3,578.98kb] [文件加载：54]

---------------------------------------------------------------
[ 2017-09-26T10:54:30+08:00 ] ::1 ::1 GET /api/v1/product/by_category?id=5
[ log ] www.test.com/api/v1/product/by_category?id=5 [运行时间：0.095779s][吞吐率：10.44req/s] [内存消耗：3,580.02kb] [文件加载：54]

---------------------------------------------------------------
[ 2017-09-26T10:54:32+08:00 ] ::1 ::1 GET /api/v1/product/by_category?id=6
[ log ] www.test.com/api/v1/product/by_category?id=6 [运行时间：0.096603s][吞吐率：10.35req/s] [内存消耗：3,578.16kb] [文件加载：54]

---------------------------------------------------------------
[ 2017-09-26T10:54:35+08:00 ] ::1 ::1 GET /api/v1/product/by_category?id=7
[ log ] www.test.com/api/v1/product/by_category?id=7 [运行时间：0.088570s][吞吐率：11.29req/s] [内存消耗：3,579.00kb] [文件加载：54]

---------------------------------------------------------------
[ 2017-09-26T10:54:37+08:00 ] ::1 ::1 GET /api/v1/product/by_category?id=8
[ log ] www.test.com/api/v1/product/by_category?id=8 [运行时间：0.081541s][吞吐率：12.26req/s] [内存消耗：3,576.48kb] [文件加载：54]

---------------------------------------------------------------
[ 2017-09-26T10:54:38+08:00 ] ::1 ::1 GET /api/v1/product/by_category?id=9
[ log ] www.test.com/api/v1/product/by_category?id=9 [运行时间：0.088047s][吞吐率：11.36req/s] [内存消耗：3,576.53kb] [文件加载：54]

---------------------------------------------------------------
[ 2017-09-26T10:55:02+08:00 ] ::1 ::1 POST /api/v1/token/verify
[ log ] www.test.com/api/v1/token/verify [运行时间：0.075826s][吞吐率：13.19req/s] [内存消耗：1,602.80kb] [文件加载：37]

---------------------------------------------------------------
[ 2017-09-26T10:55:02+08:00 ] ::1 ::1 GET /api/v1/banner/1
[ log ] www.test.com/api/v1/banner/1 [运行时间：0.273268s][吞吐率：3.66req/s] [内存消耗：3,776.59kb] [文件加载：61]

---------------------------------------------------------------
[ 2017-09-26T10:55:02+08:00 ] ::1 ::1 GET /api/v1/theme?ids=1,2,3
[ log ] www.test.com/api/v1/theme?ids=1,2,3 [运行时间：0.242838s][吞吐率：4.12req/s] [内存消耗：3,694.80kb] [文件加载：58]

---------------------------------------------------------------
[ 2017-09-26T10:55:02+08:00 ] ::1 ::1 GET /api/v1/product/recent
[ log ] www.test.com/api/v1/product/recent [运行时间：0.193734s][吞吐率：5.16req/s] [内存消耗：3,584.40kb] [文件加载：54]

---------------------------------------------------------------
[ 2017-09-26T10:56:05+08:00 ] ::1 ::1 GET /api/v1/category/all
[ log ] www.test.com/api/v1/category/all [运行时间：0.166497s][吞吐率：6.01req/s] [内存消耗：3,429.31kb] [文件加载：56]

---------------------------------------------------------------
[ 2017-09-26T10:56:05+08:00 ] ::1 ::1 GET /api/v1/product/by_category?id=2
[ log ] www.test.com/api/v1/product/by_category?id=2 [运行时间：0.110346s][吞吐率：9.06req/s] [内存消耗：3,581.66kb] [文件加载：54]

---------------------------------------------------------------
[ 2017-09-26T10:56:06+08:00 ] ::1 ::1 GET /api/v1/product/by_category?id=9
[ log ] www.test.com/api/v1/product/by_category?id=9 [运行时间：0.088727s][吞吐率：11.27req/s] [内存消耗：3,576.53kb] [文件加载：54]

---------------------------------------------------------------
[ 2017-09-26T10:56:07+08:00 ] ::1 ::1 GET /api/v1/product/by_category?id=8
[ log ] www.test.com/api/v1/product/by_category?id=8 [运行时间：0.079090s][吞吐率：12.64req/s] [内存消耗：3,576.48kb] [文件加载：54]

---------------------------------------------------------------
[ 2017-09-26T10:56:07+08:00 ] ::1 ::1 GET /api/v1/product/by_category?id=7
[ log ] www.test.com/api/v1/product/by_category?id=7 [运行时间：0.081865s][吞吐率：12.22req/s] [内存消耗：3,579.00kb] [文件加载：54]

---------------------------------------------------------------
[ 2017-09-26T10:56:08+08:00 ] ::1 ::1 GET /api/v1/product/by_category?id=6
[ log ] www.test.com/api/v1/product/by_category?id=6 [运行时间：0.084741s][吞吐率：11.80req/s] [内存消耗：3,578.16kb] [文件加载：54]

---------------------------------------------------------------
[ 2017-09-26T10:56:09+08:00 ] ::1 ::1 GET /api/v1/product/by_category?id=5
[ log ] www.test.com/api/v1/product/by_category?id=5 [运行时间：0.104782s][吞吐率：9.54req/s] [内存消耗：3,580.02kb] [文件加载：54]

---------------------------------------------------------------
[ 2017-09-26T10:56:09+08:00 ] ::1 ::1 GET /api/v1/product/by_category?id=4
[ log ] www.test.com/api/v1/product/by_category?id=4 [运行时间：0.099961s][吞吐率：10.00req/s] [内存消耗：3,578.98kb] [文件加载：54]

---------------------------------------------------------------
[ 2017-09-26T10:56:10+08:00 ] ::1 ::1 GET /api/v1/product/by_category?id=3
[ log ] www.test.com/api/v1/product/by_category?id=3 [运行时间：0.100077s][吞吐率：9.99req/s] [内存消耗：3,577.33kb] [文件加载：54]

---------------------------------------------------------------
[ 2017-09-26T10:57:16+08:00 ] ::1 ::1 POST /api/v1/token/app
[ log ] www.test.com/api/v1/token/app [运行时间：0.110263s][吞吐率：9.07req/s] [内存消耗：3,235.27kb] [文件加载：51]

---------------------------------------------------------------
[ 2017-09-26T10:57:17+08:00 ] ::1 ::1 GET /api/v1/order/paginate?page=1&size=20
[ log ] www.test.com/api/v1/order/paginate?page=1&size=20 [运行时间：0.115203s][吞吐率：8.68req/s] [内存消耗：3,796.25kb] [文件加载：62]

---------------------------------------------------------------
[ 2017-09-26T10:57:17+08:00 ] ::1 ::1 GET /api/v1/order/paginate?page=1&size=20
[ log ] www.test.com/api/v1/order/paginate?page=1&size=20 [运行时间：0.050459s][吞吐率：19.82req/s] [内存消耗：3,796.42kb] [文件加载：62]

---------------------------------------------------------------
[ 2017-09-26T10:57:20+08:00 ] ::1 ::1 GET /api/v1/order/paginate?page=1&size=20
[ log ] www.test.com/api/v1/order/paginate?page=1&size=20 [运行时间：0.107266s][吞吐率：9.32req/s] [内存消耗：3,796.25kb] [文件加载：62]

---------------------------------------------------------------
[ 2017-09-26T10:57:20+08:00 ] ::1 ::1 GET /api/v1/order/paginate?page=1&size=20
[ log ] www.test.com/api/v1/order/paginate?page=1&size=20 [运行时间：0.075364s][吞吐率：13.27req/s] [内存消耗：3,796.42kb] [文件加载：62]

---------------------------------------------------------------
[ 2017-09-26T10:57:23+08:00 ] ::1 ::1 GET /api/v1/order/paginate?page=1&size=20
[ log ] www.test.com/api/v1/order/paginate?page=1&size=20 [运行时间：0.137781s][吞吐率：7.26req/s] [内存消耗：3,796.25kb] [文件加载：62]

---------------------------------------------------------------
[ 2017-09-26T10:57:23+08:00 ] ::1 ::1 GET /api/v1/order/paginate?page=1&size=20
[ log ] www.test.com/api/v1/order/paginate?page=1&size=20 [运行时间：0.061370s][吞吐率：16.29req/s] [内存消耗：3,796.42kb] [文件加载：62]

---------------------------------------------------------------
[ 2017-09-26T10:57:30+08:00 ] ::1 ::1 GET /api/v1/order/paginate?page=1&size=20
[ log ] www.test.com/api/v1/order/paginate?page=1&size=20 [运行时间：0.074297s][吞吐率：13.46req/s] [内存消耗：3,796.25kb] [文件加载：62]

---------------------------------------------------------------
[ 2017-09-26T10:57:30+08:00 ] ::1 ::1 GET /api/v1/order/paginate?page=1&size=20
[ log ] www.test.com/api/v1/order/paginate?page=1&size=20 [运行时间：0.051515s][吞吐率：19.41req/s] [内存消耗：3,796.42kb] [文件加载：62]

---------------------------------------------------------------
[ 2017-09-26T10:57:31+08:00 ] ::1 ::1 GET /api/v1/order/paginate?page=1&size=20
[ log ] www.test.com/api/v1/order/paginate?page=1&size=20 [运行时间：0.105603s][吞吐率：9.47req/s] [内存消耗：3,796.25kb] [文件加载：62]

---------------------------------------------------------------
[ 2017-09-26T10:57:31+08:00 ] ::1 ::1 GET /api/v1/order/paginate?page=1&size=20
[ log ] www.test.com/api/v1/order/paginate?page=1&size=20 [运行时间：0.053389s][吞吐率：18.73req/s] [内存消耗：3,796.42kb] [文件加载：62]

---------------------------------------------------------------
[ 2017-09-26T10:57:32+08:00 ] ::1 ::1 GET /api/v1/order/paginate?page=1&size=20
[ log ] www.test.com/api/v1/order/paginate?page=1&size=20 [运行时间：0.102988s][吞吐率：9.71req/s] [内存消耗：3,796.25kb] [文件加载：62]

---------------------------------------------------------------
[ 2017-09-26T10:57:32+08:00 ] ::1 ::1 GET /api/v1/order/paginate?page=1&size=20
[ log ] www.test.com/api/v1/order/paginate?page=1&size=20 [运行时间：0.052166s][吞吐率：19.17req/s] [内存消耗：3,796.42kb] [文件加载：62]

---------------------------------------------------------------
[ 2017-09-26T10:57:33+08:00 ] ::1 ::1 GET /api/v1/order/paginate?page=1&size=20
[ log ] www.test.com/api/v1/order/paginate?page=1&size=20 [运行时间：0.122980s][吞吐率：8.13req/s] [内存消耗：3,796.25kb] [文件加载：62]

---------------------------------------------------------------
[ 2017-09-26T10:57:33+08:00 ] ::1 ::1 GET /api/v1/order/paginate?page=1&size=20
[ log ] www.test.com/api/v1/order/paginate?page=1&size=20 [运行时间：0.048015s][吞吐率：20.83req/s] [内存消耗：3,796.42kb] [文件加载：62]

---------------------------------------------------------------
[ 2017-09-26T10:57:36+08:00 ] ::1 ::1 GET /api/v1/order/paginate?page=1&size=20
[ log ] www.test.com/api/v1/order/paginate?page=1&size=20 [运行时间：0.052982s][吞吐率：18.87req/s] [内存消耗：3,796.42kb] [文件加载：62]

---------------------------------------------------------------
[ 2017-09-26T10:57:38+08:00 ] ::1 ::1 GET /api/v1/category/all
[ log ] www.test.com/api/v1/category/all [运行时间：0.104986s][吞吐率：9.53req/s] [内存消耗：3,429.13kb] [文件加载：56]

---------------------------------------------------------------
[ 2017-09-26T10:57:39+08:00 ] ::1 ::1 GET /api/v1/order/paginate?page=1&size=20
[ log ] www.test.com/api/v1/order/paginate?page=1&size=20 [运行时间：0.071234s][吞吐率：14.04req/s] [内存消耗：3,796.42kb] [文件加载：62]

---------------------------------------------------------------
[ 2017-09-26T10:57:40+08:00 ] ::1 ::1 GET /api/v1/product/AllInProduct
[ log ] www.test.com/api/v1/product/AllInProduct [运行时间：0.083269s][吞吐率：12.01req/s] [内存消耗：3,443.33kb] [文件加载：54]

---------------------------------------------------------------
[ 2017-09-26T10:57:42+08:00 ] ::1 ::1 GET /api/v1/order/paginate?page=1&size=20
[ log ] www.test.com/api/v1/order/paginate?page=1&size=20 [运行时间：0.057164s][吞吐率：17.49req/s] [内存消耗：3,796.42kb] [文件加载：62]

---------------------------------------------------------------
[ 2017-09-26T10:57:45+08:00 ] ::1 ::1 GET /api/v1/order/paginate?page=1&size=20
[ log ] www.test.com/api/v1/order/paginate?page=1&size=20 [运行时间：0.061129s][吞吐率：16.36req/s] [内存消耗：3,796.42kb] [文件加载：62]

---------------------------------------------------------------
[ 2017-09-26T10:57:47+08:00 ] ::1 ::1 GET /api/v1/order/paginate?page=1&size=20
[ log ] www.test.com/api/v1/order/paginate?page=1&size=20 [运行时间：0.057447s][吞吐率：17.41req/s] [内存消耗：3,796.42kb] [文件加载：62]

---------------------------------------------------------------
[ 2017-09-26T10:57:49+08:00 ] ::1 ::1 GET /api/v1/category/all
[ log ] www.test.com/api/v1/category/all [运行时间：0.056538s][吞吐率：17.69req/s] [内存消耗：3,429.13kb] [文件加载：56]

---------------------------------------------------------------
[ 2017-09-26T10:57:52+08:00 ] ::1 ::1 GET /api/v1/category/all
[ log ] www.test.com/api/v1/category/all [运行时间：0.065985s][吞吐率：15.15req/s] [内存消耗：3,429.32kb] [文件加载：56]

---------------------------------------------------------------
[ 2017-09-26T10:57:54+08:00 ] ::1 ::1 GET /api/v1/category/all
[ log ] www.test.com/api/v1/category/all [运行时间：0.056135s][吞吐率：17.81req/s] [内存消耗：3,429.13kb] [文件加载：56]

---------------------------------------------------------------
[ 2017-09-26T10:57:59+08:00 ] ::1 ::1 GET /api/v1/product/AllInProduct
[ log ] www.test.com/api/v1/product/AllInProduct [运行时间：0.070405s][吞吐率：14.20req/s] [内存消耗：3,443.33kb] [文件加载：54]

---------------------------------------------------------------
[ 2017-09-26T10:58:01+08:00 ] ::1 ::1 GET /api/v1/order/paginate?page=1&size=20
[ log ] www.test.com/api/v1/order/paginate?page=1&size=20 [运行时间：0.114656s][吞吐率：8.72req/s] [内存消耗：3,796.42kb] [文件加载：62]

---------------------------------------------------------------
[ 2017-09-26T10:58:18+08:00 ] ::1 ::1 GET /api/v1/order/paginate?page=1&size=20
[ log ] www.test.com/api/v1/order/paginate?page=1&size=20 [运行时间：0.073583s][吞吐率：13.59req/s] [内存消耗：3,796.42kb] [文件加载：62]

---------------------------------------------------------------
[ 2017-09-26T11:01:33+08:00 ] ::1 ::1 GET /api/v1/order/paginate?page=1&size=20
[ log ] www.test.com/api/v1/order/paginate?page=1&size=20 [运行时间：0.126422s][吞吐率：7.91req/s] [内存消耗：3,796.42kb] [文件加载：62]

---------------------------------------------------------------
[ 2017-09-26T11:01:33+08:00 ] ::1 ::1 GET /api/v1/category/all
[ log ] www.test.com/api/v1/category/all [运行时间：0.073836s][吞吐率：13.54req/s] [内存消耗：3,429.13kb] [文件加载：56]

---------------------------------------------------------------
[ 2017-09-26T11:01:35+08:00 ] ::1 ::1 GET /api/v1/order/paginate?page=1&size=20
[ log ] www.test.com/api/v1/order/paginate?page=1&size=20 [运行时间：0.059715s][吞吐率：16.75req/s] [内存消耗：3,796.42kb] [文件加载：62]

---------------------------------------------------------------
[ 2017-09-26T11:01:37+08:00 ] ::1 ::1 GET /api/v1/product/AllInProduct
[ log ] www.test.com/api/v1/product/AllInProduct [运行时间：0.072065s][吞吐率：13.88req/s] [内存消耗：3,443.33kb] [文件加载：54]

---------------------------------------------------------------
[ 2017-09-26T11:03:39+08:00 ] ::1 ::1 GET /api/v1/product/8
[ log ] www.test.com/api/v1/product/8 [运行时间：0.280786s][吞吐率：3.56req/s] [内存消耗：3,908.61kb] [文件加载：62]

---------------------------------------------------------------
[ 2017-09-26T11:05:24+08:00 ] ::1 ::1 POST /api/v1/token/verify
[ log ] www.test.com/api/v1/token/verify [运行时间：0.107882s][吞吐率：9.27req/s] [内存消耗：1,602.80kb] [文件加载：37]

---------------------------------------------------------------
[ 2017-09-26T11:05:25+08:00 ] ::1 ::1 GET /api/v1/banner/1
[ log ] www.test.com/api/v1/banner/1 [运行时间：0.163418s][吞吐率：6.12req/s] [内存消耗：3,776.59kb] [文件加载：61]

---------------------------------------------------------------
[ 2017-09-26T11:05:25+08:00 ] ::1 ::1 GET /api/v1/theme?ids=1,2,3
[ log ] www.test.com/api/v1/theme?ids=1,2,3 [运行时间：0.145181s][吞吐率：6.89req/s] [内存消耗：3,694.80kb] [文件加载：58]

---------------------------------------------------------------
[ 2017-09-26T11:05:25+08:00 ] ::1 ::1 GET /api/v1/product/recent
[ log ] www.test.com/api/v1/product/recent [运行时间：0.106926s][吞吐率：9.35req/s] [内存消耗：3,584.40kb] [文件加载：54]

---------------------------------------------------------------
[ 2017-09-26T11:05:27+08:00 ] ::1 ::1 GET /api/v1/category/all
[ log ] www.test.com/api/v1/category/all [运行时间：0.099179s][吞吐率：10.08req/s] [内存消耗：3,429.31kb] [文件加载：56]

---------------------------------------------------------------
[ 2017-09-26T11:05:27+08:00 ] ::1 ::1 GET /api/v1/product/by_category?id=2
[ log ] www.test.com/api/v1/product/by_category?id=2 [运行时间：0.068008s][吞吐率：14.70req/s] [内存消耗：3,581.66kb] [文件加载：54]

---------------------------------------------------------------
[ 2017-09-26T11:06:41+08:00 ] ::1 ::1 POST /api/v1/token/verify
[ log ] www.test.com/api/v1/token/verify [运行时间：0.096242s][吞吐率：10.39req/s] [内存消耗：1,602.80kb] [文件加载：37]

---------------------------------------------------------------
[ 2017-09-26T11:06:42+08:00 ] ::1 ::1 GET /api/v1/product/recent
[ log ] www.test.com/api/v1/product/recent [运行时间：0.234183s][吞吐率：4.27req/s] [内存消耗：3,584.40kb] [文件加载：54]

---------------------------------------------------------------
[ 2017-09-26T11:06:42+08:00 ] ::1 ::1 GET /api/v1/banner/1
[ log ] www.test.com/api/v1/banner/1 [运行时间：0.349468s][吞吐率：2.86req/s] [内存消耗：3,776.59kb] [文件加载：61]

---------------------------------------------------------------
[ 2017-09-26T11:06:43+08:00 ] ::1 ::1 GET /api/v1/theme?ids=1,2,3
[ log ] www.test.com/api/v1/theme?ids=1,2,3 [运行时间：0.315217s][吞吐率：3.17req/s] [内存消耗：3,694.80kb] [文件加载：58]

---------------------------------------------------------------
[ 2017-09-26T11:06:45+08:00 ] ::1 ::1 POST /api/v1/token/verify
[ log ] www.test.com/api/v1/token/verify [运行时间：0.062362s][吞吐率：16.04req/s] [内存消耗：1,602.80kb] [文件加载：37]

---------------------------------------------------------------
[ 2017-09-26T11:06:46+08:00 ] ::1 ::1 GET /api/v1/banner/1
[ log ] www.test.com/api/v1/banner/1 [运行时间：0.201882s][吞吐率：4.95req/s] [内存消耗：3,776.59kb] [文件加载：61]

---------------------------------------------------------------
[ 2017-09-26T11:06:46+08:00 ] ::1 ::1 GET /api/v1/theme?ids=1,2,3
[ log ] www.test.com/api/v1/theme?ids=1,2,3 [运行时间：0.171043s][吞吐率：5.85req/s] [内存消耗：3,694.80kb] [文件加载：58]

---------------------------------------------------------------
[ 2017-09-26T11:06:46+08:00 ] ::1 ::1 GET /api/v1/product/recent
[ log ] www.test.com/api/v1/product/recent [运行时间：0.156734s][吞吐率：6.38req/s] [内存消耗：3,584.40kb] [文件加载：54]

---------------------------------------------------------------
[ 2017-09-26T11:06:48+08:00 ] ::1 ::1 GET /api/v1/category/all
[ log ] www.test.com/api/v1/category/all [运行时间：0.119805s][吞吐率：8.35req/s] [内存消耗：3,429.31kb] [文件加载：56]

---------------------------------------------------------------
[ 2017-09-26T11:06:48+08:00 ] ::1 ::1 GET /api/v1/product/by_category?id=2
[ log ] www.test.com/api/v1/product/by_category?id=2 [运行时间：0.097497s][吞吐率：10.26req/s] [内存消耗：3,581.66kb] [文件加载：54]

---------------------------------------------------------------
[ 2017-09-26T11:06:50+08:00 ] ::1 ::1 GET /api/v1/product/by_category?id=3
[ log ] www.test.com/api/v1/product/by_category?id=3 [运行时间：0.130857s][吞吐率：7.64req/s] [内存消耗：3,577.33kb] [文件加载：54]

---------------------------------------------------------------
[ 2017-09-26T11:06:52+08:00 ] ::1 ::1 GET /api/v1/product/by_category?id=4
[ log ] www.test.com/api/v1/product/by_category?id=4 [运行时间：0.093847s][吞吐率：10.66req/s] [内存消耗：3,578.98kb] [文件加载：54]

---------------------------------------------------------------
[ 2017-09-26T11:06:55+08:00 ] ::1 ::1 GET /api/v1/product/by_category?id=4
[ log ] www.test.com/api/v1/product/by_category?id=4 [运行时间：0.077554s][吞吐率：12.89req/s] [内存消耗：3,578.98kb] [文件加载：54]

---------------------------------------------------------------
[ 2017-09-26T11:06:56+08:00 ] ::1 ::1 GET /api/v1/product/by_category?id=5
[ log ] www.test.com/api/v1/product/by_category?id=5 [运行时间：0.085947s][吞吐率：11.64req/s] [内存消耗：3,580.02kb] [文件加载：54]

---------------------------------------------------------------
[ 2017-09-26T11:06:57+08:00 ] ::1 ::1 GET /api/v1/product/by_category?id=6
[ log ] www.test.com/api/v1/product/by_category?id=6 [运行时间：0.098963s][吞吐率：10.10req/s] [内存消耗：3,578.16kb] [文件加载：54]

---------------------------------------------------------------
[ 2017-09-26T11:07:24+08:00 ] ::1 ::1 POST /api/v1/token/verify
[ log ] www.test.com/api/v1/token/verify [运行时间：0.061720s][吞吐率：16.20req/s] [内存消耗：1,602.80kb] [文件加载：37]

---------------------------------------------------------------
[ 2017-09-26T11:07:25+08:00 ] ::1 ::1 GET /api/v1/banner/1
[ log ] www.test.com/api/v1/banner/1 [运行时间：0.192315s][吞吐率：5.20req/s] [内存消耗：3,776.59kb] [文件加载：61]

---------------------------------------------------------------
[ 2017-09-26T11:07:25+08:00 ] ::1 ::1 GET /api/v1/theme?ids=1,2,3
[ log ] www.test.com/api/v1/theme?ids=1,2,3 [运行时间：0.166502s][吞吐率：6.01req/s] [内存消耗：3,694.80kb] [文件加载：58]

---------------------------------------------------------------
[ 2017-09-26T11:07:25+08:00 ] ::1 ::1 GET /api/v1/product/recent
[ log ] www.test.com/api/v1/product/recent [运行时间：0.138301s][吞吐率：7.23req/s] [内存消耗：3,584.40kb] [文件加载：54]

---------------------------------------------------------------
[ 2017-09-26T11:07:26+08:00 ] ::1 ::1 POST /api/v1/token/verify
[ log ] www.test.com/api/v1/token/verify [运行时间：0.066619s][吞吐率：15.01req/s] [内存消耗：1,602.80kb] [文件加载：37]

---------------------------------------------------------------
[ 2017-09-26T11:07:27+08:00 ] ::1 ::1 GET /api/v1/theme?ids=1,2,3
[ log ] www.test.com/api/v1/theme?ids=1,2,3 [运行时间：0.223416s][吞吐率：4.48req/s] [内存消耗：3,694.80kb] [文件加载：58]

---------------------------------------------------------------
[ 2017-09-26T11:07:27+08:00 ] ::1 ::1 GET /api/v1/banner/1
[ log ] www.test.com/api/v1/banner/1 [运行时间：0.331965s][吞吐率：3.01req/s] [内存消耗：3,776.59kb] [文件加载：61]

---------------------------------------------------------------
[ 2017-09-26T11:07:27+08:00 ] ::1 ::1 GET /api/v1/product/recent
[ log ] www.test.com/api/v1/product/recent [运行时间：0.189909s][吞吐率：5.27req/s] [内存消耗：3,584.40kb] [文件加载：54]

---------------------------------------------------------------
[ 2017-09-26T11:08:06+08:00 ] ::1 ::1 POST /api/v1/token/verify
[ log ] www.test.com/api/v1/token/verify [运行时间：0.079434s][吞吐率：12.59req/s] [内存消耗：1,602.80kb] [文件加载：37]

---------------------------------------------------------------
[ 2017-09-26T11:08:06+08:00 ] ::1 ::1 GET /api/v1/banner/1
[ log ] www.test.com/api/v1/banner/1 [运行时间：0.198387s][吞吐率：5.04req/s] [内存消耗：3,776.59kb] [文件加载：61]

---------------------------------------------------------------
[ 2017-09-26T11:08:06+08:00 ] ::1 ::1 GET /api/v1/theme?ids=1,2,3
[ log ] www.test.com/api/v1/theme?ids=1,2,3 [运行时间：0.157282s][吞吐率：6.36req/s] [内存消耗：3,694.80kb] [文件加载：58]

---------------------------------------------------------------
[ 2017-09-26T11:08:06+08:00 ] ::1 ::1 GET /api/v1/product/recent
[ log ] www.test.com/api/v1/product/recent [运行时间：0.125348s][吞吐率：7.98req/s] [内存消耗：3,584.40kb] [文件加载：54]

---------------------------------------------------------------
[ 2017-09-26T11:08:12+08:00 ] ::1 ::1 GET /api/v1/category/all
[ log ] www.test.com/api/v1/category/all [运行时间：0.220642s][吞吐率：4.53req/s] [内存消耗：3,429.31kb] [文件加载：56]

---------------------------------------------------------------
[ 2017-09-26T11:08:12+08:00 ] ::1 ::1 GET /api/v1/product/by_category?id=2
[ log ] www.test.com/api/v1/product/by_category?id=2 [运行时间：0.217456s][吞吐率：4.60req/s] [内存消耗：3,581.66kb] [文件加载：54]

---------------------------------------------------------------
[ 2017-09-26T11:08:14+08:00 ] ::1 ::1 GET /api/v1/product/by_category?id=3
[ log ] www.test.com/api/v1/product/by_category?id=3 [运行时间：0.082562s][吞吐率：12.11req/s] [内存消耗：3,577.33kb] [文件加载：54]

---------------------------------------------------------------
[ 2017-09-26T11:08:19+08:00 ] ::1 ::1 GET /api/v1/product/by_category?id=4
[ log ] www.test.com/api/v1/product/by_category?id=4 [运行时间：0.095412s][吞吐率：10.48req/s] [内存消耗：3,578.98kb] [文件加载：54]

---------------------------------------------------------------
[ 2017-09-26T11:09:40+08:00 ] ::1 ::1 POST /api/v1/token/verify
[ log ] www.test.com/api/v1/token/verify [运行时间：0.051448s][吞吐率：19.44req/s] [内存消耗：1,602.80kb] [文件加载：37]

---------------------------------------------------------------
[ 2017-09-26T11:09:41+08:00 ] ::1 ::1 GET /api/v1/banner/1
[ log ] www.test.com/api/v1/banner/1 [运行时间：0.196507s][吞吐率：5.09req/s] [内存消耗：3,776.59kb] [文件加载：61]

---------------------------------------------------------------
[ 2017-09-26T11:09:41+08:00 ] ::1 ::1 GET /api/v1/theme?ids=1,2,3
[ log ] www.test.com/api/v1/theme?ids=1,2,3 [运行时间：0.157946s][吞吐率：6.33req/s] [内存消耗：3,694.80kb] [文件加载：58]

---------------------------------------------------------------
[ 2017-09-26T11:09:41+08:00 ] ::1 ::1 GET /api/v1/product/recent
[ log ] www.test.com/api/v1/product/recent [运行时间：0.121629s][吞吐率：8.22req/s] [内存消耗：3,584.40kb] [文件加载：54]

---------------------------------------------------------------
[ 2017-09-26T11:09:45+08:00 ] ::1 ::1 GET /api/v1/category/all
[ log ] www.test.com/api/v1/category/all [运行时间：0.118996s][吞吐率：8.40req/s] [内存消耗：3,429.31kb] [文件加载：56]

---------------------------------------------------------------
[ 2017-09-26T11:09:45+08:00 ] ::1 ::1 GET /api/v1/product/by_category?id=2
[ log ] www.test.com/api/v1/product/by_category?id=2 [运行时间：0.080289s][吞吐率：12.45req/s] [内存消耗：3,581.66kb] [文件加载：54]

---------------------------------------------------------------
[ 2017-09-26T11:09:50+08:00 ] ::1 ::1 GET /api/v1/product/by_category?id=3
[ log ] www.test.com/api/v1/product/by_category?id=3 [运行时间：0.080155s][吞吐率：12.48req/s] [内存消耗：3,577.33kb] [文件加载：54]

---------------------------------------------------------------
[ 2017-09-26T11:10:11+08:00 ] ::1 ::1 GET /api/v1/product/by_category?id=4
[ log ] www.test.com/api/v1/product/by_category?id=4 [运行时间：0.129304s][吞吐率：7.73req/s] [内存消耗：3,578.98kb] [文件加载：54]

---------------------------------------------------------------
[ 2017-09-26T11:10:25+08:00 ] ::1 ::1 GET /api/v1/product/by_category?id=5
[ log ] www.test.com/api/v1/product/by_category?id=5 [运行时间：0.120777s][吞吐率：8.28req/s] [内存消耗：3,580.02kb] [文件加载：54]

---------------------------------------------------------------
[ 2017-09-26T11:10:35+08:00 ] ::1 ::1 GET /api/v1/product/by_category?id=6
[ log ] www.test.com/api/v1/product/by_category?id=6 [运行时间：0.079583s][吞吐率：12.57req/s] [内存消耗：3,578.16kb] [文件加载：54]

---------------------------------------------------------------
[ 2017-09-26T11:10:37+08:00 ] ::1 ::1 GET /api/v1/product/by_category?id=7
[ log ] www.test.com/api/v1/product/by_category?id=7 [运行时间：0.081792s][吞吐率：12.23req/s] [内存消耗：3,579.00kb] [文件加载：54]

---------------------------------------------------------------
[ 2017-09-26T11:10:42+08:00 ] ::1 ::1 GET /api/v1/product/by_category?id=8
[ log ] www.test.com/api/v1/product/by_category?id=8 [运行时间：0.079305s][吞吐率：12.61req/s] [内存消耗：3,576.48kb] [文件加载：54]

---------------------------------------------------------------
[ 2017-09-26T11:10:43+08:00 ] ::1 ::1 GET /api/v1/product/by_category?id=9
[ log ] www.test.com/api/v1/product/by_category?id=9 [运行时间：0.066027s][吞吐率：15.15req/s] [内存消耗：3,576.53kb] [文件加载：54]

---------------------------------------------------------------
[ 2017-09-26T11:11:44+08:00 ] ::1 ::1 POST /api/v1/token/verify
[ log ] www.test.com/api/v1/token/verify [运行时间：0.047809s][吞吐率：20.92req/s] [内存消耗：1,602.80kb] [文件加载：37]

---------------------------------------------------------------
[ 2017-09-26T11:11:45+08:00 ] ::1 ::1 GET /api/v1/banner/1
[ log ] www.test.com/api/v1/banner/1 [运行时间：0.252897s][吞吐率：3.95req/s] [内存消耗：3,776.59kb] [文件加载：61]

---------------------------------------------------------------
[ 2017-09-26T11:11:45+08:00 ] ::1 ::1 GET /api/v1/theme?ids=1,2,3
[ log ] www.test.com/api/v1/theme?ids=1,2,3 [运行时间：0.215252s][吞吐率：4.65req/s] [内存消耗：3,694.80kb] [文件加载：58]

---------------------------------------------------------------
[ 2017-09-26T11:11:45+08:00 ] ::1 ::1 GET /api/v1/product/recent
[ log ] www.test.com/api/v1/product/recent [运行时间：0.141328s][吞吐率：7.08req/s] [内存消耗：3,584.40kb] [文件加载：54]

---------------------------------------------------------------
[ 2017-09-26T11:11:48+08:00 ] ::1 ::1 GET /api/v1/category/all
[ log ] www.test.com/api/v1/category/all [运行时间：0.138456s][吞吐率：7.22req/s] [内存消耗：3,429.31kb] [文件加载：56]

---------------------------------------------------------------
[ 2017-09-26T11:11:48+08:00 ] ::1 ::1 GET /api/v1/product/by_category?id=2
[ log ] www.test.com/api/v1/product/by_category?id=2 [运行时间：0.069352s][吞吐率：14.42req/s] [内存消耗：3,581.66kb] [文件加载：54]

---------------------------------------------------------------
[ 2017-09-26T11:11:49+08:00 ] ::1 ::1 GET /api/v1/product/by_category?id=9
[ log ] www.test.com/api/v1/product/by_category?id=9 [运行时间：0.144876s][吞吐率：6.90req/s] [内存消耗：3,576.53kb] [文件加载：54]

---------------------------------------------------------------
[ 2017-09-26T11:11:51+08:00 ] ::1 ::1 GET /api/v1/product/by_category?id=8
[ log ] www.test.com/api/v1/product/by_category?id=8 [运行时间：0.088818s][吞吐率：11.26req/s] [内存消耗：3,576.48kb] [文件加载：54]

---------------------------------------------------------------
[ 2017-09-26T11:11:52+08:00 ] ::1 ::1 GET /api/v1/product/by_category?id=7
[ log ] www.test.com/api/v1/product/by_category?id=7 [运行时间：0.107945s][吞吐率：9.26req/s] [内存消耗：3,579.00kb] [文件加载：54]

---------------------------------------------------------------
[ 2017-09-26T11:12:24+08:00 ] ::1 ::1 POST /api/v1/token/verify
[ log ] www.test.com/api/v1/token/verify [运行时间：0.171271s][吞吐率：5.84req/s] [内存消耗：1,602.80kb] [文件加载：37]

---------------------------------------------------------------
[ 2017-09-26T11:12:24+08:00 ] ::1 ::1 GET /api/v1/banner/1
[ log ] www.test.com/api/v1/banner/1 [运行时间：0.269840s][吞吐率：3.71req/s] [内存消耗：3,776.59kb] [文件加载：61]

---------------------------------------------------------------
[ 2017-09-26T11:12:24+08:00 ] ::1 ::1 GET /api/v1/theme?ids=1,2,3
[ log ] www.test.com/api/v1/theme?ids=1,2,3 [运行时间：0.222202s][吞吐率：4.50req/s] [内存消耗：3,694.80kb] [文件加载：58]

---------------------------------------------------------------
[ 2017-09-26T11:12:24+08:00 ] ::1 ::1 GET /api/v1/product/recent
[ log ] www.test.com/api/v1/product/recent [运行时间：0.156678s][吞吐率：6.38req/s] [内存消耗：3,584.40kb] [文件加载：54]

---------------------------------------------------------------
[ 2017-09-26T11:12:27+08:00 ] ::1 ::1 GET /api/v1/category/all
[ log ] www.test.com/api/v1/category/all [运行时间：0.121916s][吞吐率：8.20req/s] [内存消耗：3,429.31kb] [文件加载：56]

---------------------------------------------------------------
[ 2017-09-26T11:12:27+08:00 ] ::1 ::1 GET /api/v1/product/by_category?id=2
[ log ] www.test.com/api/v1/product/by_category?id=2 [运行时间：0.075248s][吞吐率：13.29req/s] [内存消耗：3,581.66kb] [文件加载：54]

---------------------------------------------------------------
[ 2017-09-26T11:12:37+08:00 ] ::1 ::1 GET /api/v1/category/all
[ log ] www.test.com/api/v1/category/all [运行时间：0.065795s][吞吐率：15.20req/s] [内存消耗：3,429.13kb] [文件加载：56]

---------------------------------------------------------------
[ 2017-09-26T11:12:41+08:00 ] ::1 ::1 GET /api/v1/category/all
[ log ] www.test.com/api/v1/category/all [运行时间：0.077336s][吞吐率：12.93req/s] [内存消耗：3,429.32kb] [文件加载：56]

---------------------------------------------------------------
[ 2017-09-26T11:12:55+08:00 ] ::1 ::1 POST /api/v1/upload
[ log ] www.test.com/api/v1/upload [运行时间：0.034378s][吞吐率：29.09req/s] [内存消耗：1,543.63kb] [文件加载：33]

---------------------------------------------------------------
[ 2017-09-26T11:12:56+08:00 ] ::1 ::1 POST /api/v1/category/editCategory
[ log ] www.test.com/api/v1/category/editCategory [运行时间：0.083762s][吞吐率：11.94req/s] [内存消耗：3,241.39kb] [文件加载：50]

---------------------------------------------------------------
[ 2017-09-26T11:12:58+08:00 ] ::1 ::1 GET /api/v1/category/all
[ log ] www.test.com/api/v1/category/all [运行时间：0.059618s][吞吐率：16.77req/s] [内存消耗：3,430.55kb] [文件加载：56]

---------------------------------------------------------------
[ 2017-09-26T11:13:03+08:00 ] ::1 ::1 POST /api/v1/token/verify
[ log ] www.test.com/api/v1/token/verify [运行时间：0.076747s][吞吐率：13.03req/s] [内存消耗：1,602.80kb] [文件加载：37]

---------------------------------------------------------------
[ 2017-09-26T11:13:04+08:00 ] ::1 ::1 GET /api/v1/banner/1
[ log ] www.test.com/api/v1/banner/1 [运行时间：0.250358s][吞吐率：3.99req/s] [内存消耗：3,776.59kb] [文件加载：61]

---------------------------------------------------------------
[ 2017-09-26T11:13:04+08:00 ] ::1 ::1 GET /api/v1/theme?ids=1,2,3
[ log ] www.test.com/api/v1/theme?ids=1,2,3 [运行时间：0.191585s][吞吐率：5.22req/s] [内存消耗：3,694.80kb] [文件加载：58]

---------------------------------------------------------------
[ 2017-09-26T11:13:04+08:00 ] ::1 ::1 GET /api/v1/product/recent
[ log ] www.test.com/api/v1/product/recent [运行时间：0.146729s][吞吐率：6.82req/s] [内存消耗：3,584.40kb] [文件加载：54]

---------------------------------------------------------------
[ 2017-09-26T11:13:06+08:00 ] ::1 ::1 GET /api/v1/category/all
[ log ] www.test.com/api/v1/category/all [运行时间：0.215253s][吞吐率：4.65req/s] [内存消耗：3,430.66kb] [文件加载：56]

---------------------------------------------------------------
[ 2017-09-26T11:13:06+08:00 ] ::1 ::1 GET /api/v1/product/by_category?id=2
[ log ] www.test.com/api/v1/product/by_category?id=2 [运行时间：0.081359s][吞吐率：12.29req/s] [内存消耗：3,581.66kb] [文件加载：54]

---------------------------------------------------------------
[ 2017-09-26T11:13:09+08:00 ] ::1 ::1 GET /api/v1/product/by_category?id=9
[ log ] www.test.com/api/v1/product/by_category?id=9 [运行时间：0.085842s][吞吐率：11.65req/s] [内存消耗：3,576.53kb] [文件加载：54]

---------------------------------------------------------------
[ 2017-09-26T11:13:36+08:00 ] ::1 ::1 POST /api/v1/token/verify
[ log ] www.test.com/api/v1/token/verify [运行时间：0.042535s][吞吐率：23.51req/s] [内存消耗：1,602.80kb] [文件加载：37]

---------------------------------------------------------------
[ 2017-09-26T11:13:37+08:00 ] ::1 ::1 GET /api/v1/banner/1
[ log ] www.test.com/api/v1/banner/1 [运行时间：0.260027s][吞吐率：3.85req/s] [内存消耗：3,776.59kb] [文件加载：61]

---------------------------------------------------------------
[ 2017-09-26T11:13:37+08:00 ] ::1 ::1 GET /api/v1/theme?ids=1,2,3
[ log ] www.test.com/api/v1/theme?ids=1,2,3 [运行时间：0.206799s][吞吐率：4.84req/s] [内存消耗：3,694.80kb] [文件加载：58]

---------------------------------------------------------------
[ 2017-09-26T11:13:37+08:00 ] ::1 ::1 GET /api/v1/product/recent
[ log ] www.test.com/api/v1/product/recent [运行时间：0.175346s][吞吐率：5.70req/s] [内存消耗：3,584.40kb] [文件加载：54]

---------------------------------------------------------------
[ 2017-09-26T11:13:38+08:00 ] ::1 ::1 GET /api/v1/category/all
[ log ] www.test.com/api/v1/category/all [运行时间：0.135388s][吞吐率：7.39req/s] [内存消耗：3,430.66kb] [文件加载：56]

---------------------------------------------------------------
[ 2017-09-26T11:13:38+08:00 ] ::1 ::1 GET /api/v1/product/by_category?id=2
[ log ] www.test.com/api/v1/product/by_category?id=2 [运行时间：0.078806s][吞吐率：12.69req/s] [内存消耗：3,581.66kb] [文件加载：54]

---------------------------------------------------------------
[ 2017-09-26T11:14:14+08:00 ] ::1 ::1 POST /api/v1/token/verify
[ log ] www.test.com/api/v1/token/verify [运行时间：0.053453s][吞吐率：18.71req/s] [内存消耗：1,602.80kb] [文件加载：37]

---------------------------------------------------------------
[ 2017-09-26T11:14:15+08:00 ] ::1 ::1 GET /api/v1/banner/1
[ log ] www.test.com/api/v1/banner/1 [运行时间：0.223352s][吞吐率：4.48req/s] [内存消耗：3,776.59kb] [文件加载：61]

---------------------------------------------------------------
[ 2017-09-26T11:14:15+08:00 ] ::1 ::1 GET /api/v1/product/recent
[ log ] www.test.com/api/v1/product/recent [运行时间：0.123688s][吞吐率：8.08req/s] [内存消耗：3,584.40kb] [文件加载：54]

---------------------------------------------------------------
[ 2017-09-26T11:14:15+08:00 ] ::1 ::1 GET /api/v1/theme?ids=1,2,3
[ log ] www.test.com/api/v1/theme?ids=1,2,3 [运行时间：0.182041s][吞吐率：5.49req/s] [内存消耗：3,694.80kb] [文件加载：58]

---------------------------------------------------------------
[ 2017-09-26T11:14:17+08:00 ] ::1 ::1 GET /api/v1/category/all
[ log ] www.test.com/api/v1/category/all [运行时间：0.092248s][吞吐率：10.84req/s] [内存消耗：3,430.66kb] [文件加载：56]

---------------------------------------------------------------
[ 2017-09-26T11:14:17+08:00 ] ::1 ::1 GET /api/v1/product/by_category?id=2
[ log ] www.test.com/api/v1/product/by_category?id=2 [运行时间：0.080521s][吞吐率：12.42req/s] [内存消耗：3,581.66kb] [文件加载：54]

---------------------------------------------------------------
[ 2017-09-26T11:14:20+08:00 ] ::1 ::1 GET /api/v1/product/by_category?id=9
[ log ] www.test.com/api/v1/product/by_category?id=9 [运行时间：0.096845s][吞吐率：10.33req/s] [内存消耗：3,576.53kb] [文件加载：54]

---------------------------------------------------------------
[ 2017-09-26T11:14:38+08:00 ] ::1 ::1 POST /api/v1/token/verify
[ log ] www.test.com/api/v1/token/verify [运行时间：0.080235s][吞吐率：12.46req/s] [内存消耗：1,602.80kb] [文件加载：37]

---------------------------------------------------------------
[ 2017-09-26T11:14:39+08:00 ] ::1 ::1 GET /api/v1/banner/1
[ log ] www.test.com/api/v1/banner/1 [运行时间：0.258553s][吞吐率：3.87req/s] [内存消耗：3,776.59kb] [文件加载：61]

---------------------------------------------------------------
[ 2017-09-26T11:14:39+08:00 ] ::1 ::1 GET /api/v1/theme?ids=1,2,3
[ log ] www.test.com/api/v1/theme?ids=1,2,3 [运行时间：0.228542s][吞吐率：4.38req/s] [内存消耗：3,694.80kb] [文件加载：58]

---------------------------------------------------------------
[ 2017-09-26T11:14:39+08:00 ] ::1 ::1 GET /api/v1/product/recent
[ log ] www.test.com/api/v1/product/recent [运行时间：0.176407s][吞吐率：5.67req/s] [内存消耗：3,584.40kb] [文件加载：54]

---------------------------------------------------------------
[ 2017-09-26T11:14:40+08:00 ] ::1 ::1 GET /api/v1/category/all
[ log ] www.test.com/api/v1/category/all [运行时间：0.130567s][吞吐率：7.66req/s] [内存消耗：3,430.66kb] [文件加载：56]

---------------------------------------------------------------
[ 2017-09-26T11:14:41+08:00 ] ::1 ::1 GET /api/v1/product/by_category?id=2
[ log ] www.test.com/api/v1/product/by_category?id=2 [运行时间：0.086451s][吞吐率：11.57req/s] [内存消耗：3,581.66kb] [文件加载：54]

---------------------------------------------------------------
[ 2017-09-26T11:14:43+08:00 ] ::1 ::1 GET /api/v1/product/by_category?id=9
[ log ] www.test.com/api/v1/product/by_category?id=9 [运行时间：0.118399s][吞吐率：8.45req/s] [内存消耗：3,576.53kb] [文件加载：54]

---------------------------------------------------------------
[ 2017-09-26T11:14:44+08:00 ] ::1 ::1 GET /api/v1/product/by_category?id=8
[ log ] www.test.com/api/v1/product/by_category?id=8 [运行时间：0.116454s][吞吐率：8.59req/s] [内存消耗：3,576.48kb] [文件加载：54]

---------------------------------------------------------------
[ 2017-09-26T11:14:48+08:00 ] ::1 ::1 GET /api/v1/product/by_category?id=7
[ log ] www.test.com/api/v1/product/by_category?id=7 [运行时间：0.084775s][吞吐率：11.80req/s] [内存消耗：3,579.00kb] [文件加载：54]

---------------------------------------------------------------
[ 2017-09-26T11:14:50+08:00 ] ::1 ::1 GET /api/v1/product/by_category?id=6
[ log ] www.test.com/api/v1/product/by_category?id=6 [运行时间：0.083791s][吞吐率：11.93req/s] [内存消耗：3,578.16kb] [文件加载：54]

---------------------------------------------------------------
[ 2017-09-26T23:12:34+08:00 ] ::1 ::1 GET /api/v1/product/by_category?id=5
[ log ] www.test.com/api/v1/product/by_category?id=5 [运行时间：0.099963s][吞吐率：10.00req/s] [内存消耗：3,580.02kb] [文件加载：54]

---------------------------------------------------------------
[ 2017-09-26T23:12:35+08:00 ] ::1 ::1 GET /api/v1/product/by_category?id=4
[ log ] www.test.com/api/v1/product/by_category?id=4 [运行时间：0.067099s][吞吐率：14.90req/s] [内存消耗：3,578.98kb] [文件加载：54]

---------------------------------------------------------------
[ 2017-09-26T23:12:36+08:00 ] ::1 ::1 GET /api/v1/product/by_category?id=3
[ log ] www.test.com/api/v1/product/by_category?id=3 [运行时间：0.096948s][吞吐率：10.31req/s] [内存消耗：3,577.33kb] [文件加载：54]

---------------------------------------------------------------
[ 2017-09-26T23:13:51+08:00 ] ::1 ::1 POST /api/v1/token/app
[ log ] www.test.com/api/v1/token/app [运行时间：0.068602s][吞吐率：14.58req/s] [内存消耗：3,235.27kb] [文件加载：51]

---------------------------------------------------------------
[ 2017-09-26T23:13:52+08:00 ] ::1 ::1 GET /api/v1/order/paginate?page=1&size=20
[ log ] www.test.com/api/v1/order/paginate?page=1&size=20 [运行时间：0.113776s][吞吐率：8.79req/s] [内存消耗：3,796.25kb] [文件加载：62]

---------------------------------------------------------------
[ 2017-09-26T23:13:52+08:00 ] ::1 ::1 GET /api/v1/order/paginate?page=1&size=20
[ log ] www.test.com/api/v1/order/paginate?page=1&size=20 [运行时间：0.057605s][吞吐率：17.36req/s] [内存消耗：3,796.42kb] [文件加载：62]

---------------------------------------------------------------
[ 2017-09-26T23:13:56+08:00 ] ::1 ::1 GET /api/v1/order/paginate?page=1&size=20
[ log ] www.test.com/api/v1/order/paginate?page=1&size=20 [运行时间：0.084124s][吞吐率：11.89req/s] [内存消耗：3,796.25kb] [文件加载：62]

---------------------------------------------------------------
[ 2017-09-26T23:13:56+08:00 ] ::1 ::1 GET /api/v1/order/paginate?page=1&size=20
[ log ] www.test.com/api/v1/order/paginate?page=1&size=20 [运行时间：0.066093s][吞吐率：15.13req/s] [内存消耗：3,796.42kb] [文件加载：62]

---------------------------------------------------------------
[ 2017-09-26T23:13:57+08:00 ] ::1 ::1 GET /api/v1/order/paginate?page=1&size=20
[ log ] www.test.com/api/v1/order/paginate?page=1&size=20 [运行时间：0.065885s][吞吐率：15.18req/s] [内存消耗：3,796.42kb] [文件加载：62]

---------------------------------------------------------------
[ 2017-09-26T23:13:58+08:00 ] ::1 ::1 GET /api/v1/product/AllInProduct
[ log ] www.test.com/api/v1/product/AllInProduct [运行时间：0.085452s][吞吐率：11.70req/s] [内存消耗：3,443.33kb] [文件加载：54]

---------------------------------------------------------------
[ 2017-09-26T23:14:02+08:00 ] ::1 ::1 GET /api/v1/order/paginate?page=1&size=20
[ log ] www.test.com/api/v1/order/paginate?page=1&size=20 [运行时间：0.050299s][吞吐率：19.88req/s] [内存消耗：3,796.42kb] [文件加载：62]

---------------------------------------------------------------
[ 2017-09-26T23:14:03+08:00 ] ::1 ::1 GET /api/v1/category/all
[ log ] www.test.com/api/v1/category/all [运行时间：0.069128s][吞吐率：14.47req/s] [内存消耗：3,430.55kb] [文件加载：56]

---------------------------------------------------------------
[ 2017-09-26T23:14:04+08:00 ] ::1 ::1 GET /api/v1/order/paginate?page=1&size=20
[ log ] www.test.com/api/v1/order/paginate?page=1&size=20 [运行时间：0.057403s][吞吐率：17.42req/s] [内存消耗：3,796.42kb] [文件加载：62]

---------------------------------------------------------------
[ 2017-09-26T23:14:05+08:00 ] ::1 ::1 GET /api/v1/category/all
[ log ] www.test.com/api/v1/category/all [运行时间：0.063572s][吞吐率：15.73req/s] [内存消耗：3,430.55kb] [文件加载：56]

---------------------------------------------------------------
[ 2017-09-26T23:14:08+08:00 ] ::1 ::1 GET /api/v1/order/paginate?page=1&size=20
[ log ] www.test.com/api/v1/order/paginate?page=1&size=20 [运行时间：0.055217s][吞吐率：18.11req/s] [内存消耗：3,796.42kb] [文件加载：62]

---------------------------------------------------------------
[ 2017-09-26T23:14:11+08:00 ] ::1 ::1 GET /api/v1/product/AllInProduct
[ log ] www.test.com/api/v1/product/AllInProduct [运行时间：0.064078s][吞吐率：15.61req/s] [内存消耗：3,443.33kb] [文件加载：54]

---------------------------------------------------------------
[ 2017-09-26T23:14:15+08:00 ] ::1 ::1 GET /api/v1/category/all
[ log ] www.test.com/api/v1/category/all [运行时间：0.067888s][吞吐率：14.73req/s] [内存消耗：3,430.55kb] [文件加载：56]

---------------------------------------------------------------
[ 2017-09-26T23:14:28+08:00 ] ::1 ::1 GET /api/v1/order/paginate?page=1&size=20
[ log ] www.test.com/api/v1/order/paginate?page=1&size=20 [运行时间：0.124829s][吞吐率：8.01req/s] [内存消耗：3,796.25kb] [文件加载：62]

---------------------------------------------------------------
[ 2017-09-26T23:14:28+08:00 ] ::1 ::1 GET /api/v1/order/paginate?page=1&size=20
[ log ] www.test.com/api/v1/order/paginate?page=1&size=20 [运行时间：0.071725s][吞吐率：13.94req/s] [内存消耗：3,796.42kb] [文件加载：62]

---------------------------------------------------------------
[ 2017-09-26T23:14:30+08:00 ] ::1 ::1 GET /api/v1/category/all
[ log ] www.test.com/api/v1/category/all [运行时间：0.058081s][吞吐率：17.22req/s] [内存消耗：3,430.55kb] [文件加载：56]

---------------------------------------------------------------
[ 2017-09-26T23:14:37+08:00 ] ::1 ::1 GET /api/v1/order/paginate?page=1&size=20
[ log ] www.test.com/api/v1/order/paginate?page=1&size=20 [运行时间：0.142899s][吞吐率：7.00req/s] [内存消耗：3,796.25kb] [文件加载：62]

---------------------------------------------------------------
[ 2017-09-26T23:14:37+08:00 ] ::1 ::1 GET /api/v1/order/paginate?page=1&size=20
[ log ] www.test.com/api/v1/order/paginate?page=1&size=20 [运行时间：0.068321s][吞吐率：14.64req/s] [内存消耗：3,796.42kb] [文件加载：62]

---------------------------------------------------------------
[ 2017-09-26T23:14:39+08:00 ] ::1 ::1 GET /api/v1/category/all
[ log ] www.test.com/api/v1/category/all [运行时间：0.051792s][吞吐率：19.31req/s] [内存消耗：3,430.55kb] [文件加载：56]

---------------------------------------------------------------
[ 2017-09-26T23:20:26+08:00 ] ::1 ::1 GET /api/v1/product/AllInProduct
[ log ] www.test.com/api/v1/product/AllInProduct [运行时间：0.112907s][吞吐率：8.86req/s] [内存消耗：3,446.17kb] [文件加载：54]

---------------------------------------------------------------
[ 2017-09-26T23:20:27+08:00 ] ::1 ::1 GET /api/v1/category/all
[ log ] www.test.com/api/v1/category/all [运行时间：0.066335s][吞吐率：15.07req/s] [内存消耗：3,434.07kb] [文件加载：56]

---------------------------------------------------------------
[ 2017-09-26T23:20:29+08:00 ] ::1 ::1 GET /api/v1/order/paginate?page=1&size=20
[ log ] www.test.com/api/v1/order/paginate?page=1&size=20 [运行时间：0.065413s][吞吐率：15.29req/s] [内存消耗：3,799.07kb] [文件加载：62]

---------------------------------------------------------------
[ 2017-09-26T23:20:30+08:00 ] ::1 ::1 GET /api/v1/product/AllInProduct
[ log ] www.test.com/api/v1/product/AllInProduct [运行时间：0.086382s][吞吐率：11.58req/s] [内存消耗：3,446.17kb] [文件加载：54]

---------------------------------------------------------------
[ 2017-09-26T23:26:40+08:00 ] ::1 ::1 GET /api/v1/order/paginate?page=1&size=20
[ log ] www.test.com/api/v1/order/paginate?page=1&size=20 [运行时间：0.203669s][吞吐率：4.91req/s] [内存消耗：3,799.02kb] [文件加载：62]

---------------------------------------------------------------
[ 2017-09-26T23:26:40+08:00 ] ::1 ::1 GET /api/v1/order/paginate?page=1&size=20
[ log ] www.test.com/api/v1/order/paginate?page=1&size=20 [运行时间：0.076080s][吞吐率：13.14req/s] [内存消耗：3,799.07kb] [文件加载：62]

---------------------------------------------------------------
[ 2017-09-26T23:26:42+08:00 ] ::1 ::1 GET /api/v1/product/AllInProduct
[ log ] www.test.com/api/v1/product/AllInProduct [运行时间：0.079914s][吞吐率：12.51req/s] [内存消耗：3,445.98kb] [文件加载：54]

---------------------------------------------------------------
[ 2017-09-26T23:26:45+08:00 ] ::1 ::1 GET /api/v1/category/all
[ log ] www.test.com/api/v1/category/all [运行时间：0.061300s][吞吐率：16.31req/s] [内存消耗：3,434.07kb] [文件加载：56]

---------------------------------------------------------------
[ 2017-09-26T23:26:59+08:00 ] ::1 ::1 GET /api/v1/category/all
[ log ] www.test.com/api/v1/category/all [运行时间：0.060163s][吞吐率：16.62req/s] [内存消耗：3,434.07kb] [文件加载：56]

---------------------------------------------------------------
[ 2017-09-26T23:30:49+08:00 ] ::1 ::1 GET /api/v1/banner/1
[ log ] www.test.com/api/v1/banner/1 [运行时间：0.349502s][吞吐率：2.86req/s] [内存消耗：3,779.42kb] [文件加载：61]

---------------------------------------------------------------
[ 2017-09-26T23:32:57+08:00 ] ::1 ::1 GET /api/v1/order/paginate?page=1&size=20
[ log ] www.test.com/api/v1/order/paginate?page=1&size=20 [运行时间：0.525381s][吞吐率：1.90req/s] [内存消耗：3,799.02kb] [文件加载：62]

---------------------------------------------------------------
[ 2017-09-26T23:32:57+08:00 ] ::1 ::1 GET /api/v1/order/paginate?page=1&size=20
[ log ] www.test.com/api/v1/order/paginate?page=1&size=20 [运行时间：0.144440s][吞吐率：6.92req/s] [内存消耗：3,799.07kb] [文件加载：62]

---------------------------------------------------------------
[ 2017-09-26T23:33:01+08:00 ] ::1 ::1 GET /api/v1/category/all
[ log ] www.test.com/api/v1/category/all [运行时间：0.095850s][吞吐率：10.43req/s] [内存消耗：3,434.07kb] [文件加载：56]

---------------------------------------------------------------
[ 2017-09-26T23:38:59+08:00 ] ::1 ::1 GET /api/v1/category/all
[ log ] www.test.com/api/v1/category/all [运行时间：0.131536s][吞吐率：7.60req/s] [内存消耗：3,434.07kb] [文件加载：56]

---------------------------------------------------------------
[ 2017-09-26T23:39:59+08:00 ] ::1 ::1 GET /api/v1/category/all
[ log ] www.test.com/api/v1/category/all [运行时间：0.085763s][吞吐率：11.66req/s] [内存消耗：3,434.52kb] [文件加载：56]

---------------------------------------------------------------
[ 2017-09-26T23:48:56+08:00 ] ::1 ::1 POST /api/v1/token/app
[ log ] www.test.com/api/v1/token/app [运行时间：0.122197s][吞吐率：8.18req/s] [内存消耗：3,238.15kb] [文件加载：51]

---------------------------------------------------------------
[ 2017-09-26T23:48:56+08:00 ] ::1 ::1 GET /api/v1/order/paginate?page=1&size=20
[ log ] www.test.com/api/v1/order/paginate?page=1&size=20 [运行时间：0.288604s][吞吐率：3.46req/s] [内存消耗：3,799.02kb] [文件加载：62]

---------------------------------------------------------------
[ 2017-09-26T23:48:56+08:00 ] ::1 ::1 GET /api/v1/order/paginate?page=1&size=20
[ log ] www.test.com/api/v1/order/paginate?page=1&size=20 [运行时间：0.100288s][吞吐率：9.97req/s] [内存消耗：3,799.07kb] [文件加载：62]

---------------------------------------------------------------
[ 2017-09-26T23:48:58+08:00 ] ::1 ::1 GET /api/v1/order/paginate?page=1&size=20
[ log ] www.test.com/api/v1/order/paginate?page=1&size=20 [运行时间：0.275872s][吞吐率：3.62req/s] [内存消耗：3,799.02kb] [文件加载：62]

---------------------------------------------------------------
[ 2017-09-26T23:48:58+08:00 ] ::1 ::1 GET /api/v1/order/paginate?page=1&size=20
[ log ] www.test.com/api/v1/order/paginate?page=1&size=20 [运行时间：0.279259s][吞吐率：3.58req/s] [内存消耗：3,799.07kb] [文件加载：62]

---------------------------------------------------------------
[ 2017-09-26T23:49:00+08:00 ] ::1 ::1 GET /api/v1/product/AllInProduct
[ log ] www.test.com/api/v1/product/AllInProduct [运行时间：0.155659s][吞吐率：6.42req/s] [内存消耗：3,445.98kb] [文件加载：54]

---------------------------------------------------------------
[ 2017-09-26T23:49:01+08:00 ] ::1 ::1 GET /api/v1/category/all
[ log ] www.test.com/api/v1/category/all [运行时间：0.089724s][吞吐率：11.15req/s] [内存消耗：3,434.38kb] [文件加载：56]

---------------------------------------------------------------
[ 2017-09-26T23:53:41+08:00 ] ::1 ::1 GET /api/v1/product/AllInProduct
[ log ] www.test.com/api/v1/product/AllInProduct [运行时间：0.159245s][吞吐率：6.28req/s] [内存消耗：3,445.98kb] [文件加载：54]

---------------------------------------------------------------
[ 2017-09-26T23:53:45+08:00 ] ::1 ::1 GET /api/v1/category/all
[ log ] www.test.com/api/v1/category/all [运行时间：0.115976s][吞吐率：8.62req/s] [内存消耗：3,434.48kb] [文件加载：56]

---------------------------------------------------------------
[ 2017-09-26T23:54:57+08:00 ] ::1 ::1 GET /api/v1/order/paginate?page=1&size=20
[ log ] www.test.com/api/v1/order/paginate?page=1&size=20 [运行时间：0.420754s][吞吐率：2.38req/s] [内存消耗：3,799.02kb] [文件加载：62]

---------------------------------------------------------------
[ 2017-09-26T23:54:58+08:00 ] ::1 ::1 GET /api/v1/order/paginate?page=1&size=20
[ log ] www.test.com/api/v1/order/paginate?page=1&size=20 [运行时间：0.106693s][吞吐率：9.37req/s] [内存消耗：3,799.07kb] [文件加载：62]

---------------------------------------------------------------
[ 2017-09-26T23:55:00+08:00 ] ::1 ::1 GET /api/v1/category/all
[ log ] www.test.com/api/v1/category/all [运行时间：0.088442s][吞吐率：11.31req/s] [内存消耗：3,434.48kb] [文件加载：56]

---------------------------------------------------------------
[ 2017-09-26T23:55:03+08:00 ] ::1 ::1 GET /api/v1/category/all
[ log ] www.test.com/api/v1/category/all [运行时间：0.083037s][吞吐率：12.04req/s] [内存消耗：3,434.47kb] [文件加载：56]

---------------------------------------------------------------
[ 2017-09-26T23:55:05+08:00 ] ::1 ::1 GET /api/v1/category/all
[ log ] www.test.com/api/v1/category/all [运行时间：0.097977s][吞吐率：10.21req/s] [内存消耗：3,434.48kb] [文件加载：56]

---------------------------------------------------------------
[ 2017-09-26T23:55:10+08:00 ] ::1 ::1 POST /api/v1/category/delCategory
[ log ] www.test.com/api/v1/category/delCategory [运行时间：0.098428s][吞吐率：10.16req/s] [内存消耗：3,375.58kb] [文件加载：54]

---------------------------------------------------------------
[ 2017-09-26T23:55:34+08:00 ] ::1 ::1 GET /api/v1/category/all
[ log ] www.test.com/api/v1/category/all [运行时间：0.071661s][吞吐率：13.95req/s] [内存消耗：3,433.19kb] [文件加载：56]

---------------------------------------------------------------
[ 2017-09-26T23:55:42+08:00 ] ::1 ::1 POST /api/v1/token/verify
[ log ] www.test.com/api/v1/token/verify [运行时间：0.130544s][吞吐率：7.66req/s] [内存消耗：1,605.55kb] [文件加载：37]

---------------------------------------------------------------
[ 2017-09-26T23:55:43+08:00 ] ::1 ::1 GET /api/v1/banner/1
[ log ] www.test.com/api/v1/banner/1 [运行时间：0.468271s][吞吐率：2.14req/s] [内存消耗：3,779.32kb] [文件加载：61]

---------------------------------------------------------------
[ 2017-09-26T23:55:43+08:00 ] ::1 ::1 GET /api/v1/product/recent
[ log ] www.test.com/api/v1/product/recent [运行时间：0.254326s][吞吐率：3.93req/s] [内存消耗：3,587.13kb] [文件加载：54]

---------------------------------------------------------------
[ 2017-09-26T23:55:43+08:00 ] ::1 ::1 GET /api/v1/theme?ids=1,2,3
[ log ] www.test.com/api/v1/theme?ids=1,2,3 [运行时间：0.215317s][吞吐率：4.64req/s] [内存消耗：3,697.71kb] [文件加载：58]

---------------------------------------------------------------
[ 2017-09-26T23:55:44+08:00 ] ::1 ::1 POST /api/v1/token/user
[ log ] www.test.com/api/v1/token/user [运行时间：0.909508s][吞吐率：1.10req/s] [内存消耗：3,255.83kb] [文件加载：52]

---------------------------------------------------------------
[ 2017-09-26T23:55:45+08:00 ] ::1 ::1 GET /api/v1/category/all
[ log ] www.test.com/api/v1/category/all [运行时间：0.151553s][吞吐率：6.60req/s] [内存消耗：3,433.45kb] [文件加载：56]

---------------------------------------------------------------
[ 2017-09-26T23:55:45+08:00 ] ::1 ::1 GET /api/v1/product/by_category?id=2
[ log ] www.test.com/api/v1/product/by_category?id=2 [运行时间：0.083181s][吞吐率：12.02req/s] [内存消耗：3,584.22kb] [文件加载：54]

---------------------------------------------------------------
[ 2017-09-26T23:55:46+08:00 ] ::1 ::1 GET /api/v1/product/by_category?id=9
[ log ] www.test.com/api/v1/product/by_category?id=9 [运行时间：0.089644s][吞吐率：11.16req/s] [内存消耗：3,579.14kb] [文件加载：54]

---------------------------------------------------------------
[ 2017-09-26T23:55:47+08:00 ] ::1 ::1 GET /api/v1/product/by_category?id=8
[ log ] www.test.com/api/v1/product/by_category?id=8 [运行时间：0.086849s][吞吐率：11.51req/s] [内存消耗：3,579.13kb] [文件加载：54]

---------------------------------------------------------------
[ 2017-09-26T23:55:49+08:00 ] ::1 ::1 GET /api/v1/product/by_category?id=7
[ log ] www.test.com/api/v1/product/by_category?id=7 [运行时间：0.290748s][吞吐率：3.44req/s] [内存消耗：3,581.59kb] [文件加载：54]

---------------------------------------------------------------
[ 2017-09-26T23:55:49+08:00 ] ::1 ::1 GET /api/v1/product/by_category?id=6
[ log ] www.test.com/api/v1/product/by_category?id=6 [运行时间：0.089411s][吞吐率：11.18req/s] [内存消耗：3,580.80kb] [文件加载：54]

---------------------------------------------------------------
[ 2017-09-26T23:55:50+08:00 ] ::1 ::1 GET /api/v1/product/by_category?id=5
[ log ] www.test.com/api/v1/product/by_category?id=5 [运行时间：0.162206s][吞吐率：6.17req/s] [内存消耗：3,582.62kb] [文件加载：54]

---------------------------------------------------------------
[ 2017-09-26T23:55:50+08:00 ] ::1 ::1 GET /api/v1/product/by_category?id=4
[ log ] www.test.com/api/v1/product/by_category?id=4 [运行时间：0.104964s][吞吐率：9.53req/s] [内存消耗：3,581.61kb] [文件加载：54]

---------------------------------------------------------------
[ 2017-09-26T23:55:51+08:00 ] ::1 ::1 GET /api/v1/product/by_category?id=3
[ log ] www.test.com/api/v1/product/by_category?id=3 [运行时间：0.096422s][吞吐率：10.37req/s] [内存消耗：3,579.98kb] [文件加载：54]

---------------------------------------------------------------
[ 2017-09-26T23:57:24+08:00 ] ::1 ::1 GET /api/v1/order/paginate?page=1&size=20
[ log ] www.test.com/api/v1/order/paginate?page=1&size=20 [运行时间：0.152149s][吞吐率：6.57req/s] [内存消耗：3,799.07kb] [文件加载：62]

---------------------------------------------------------------
[ 2017-09-26T23:57:31+08:00 ] ::1 ::1 GET /api/v1/order/paginate?page=1&size=20
[ log ] www.test.com/api/v1/order/paginate?page=1&size=20 [运行时间：0.071040s][吞吐率：14.08req/s] [内存消耗：3,799.07kb] [文件加载：62]

---------------------------------------------------------------
[ 2017-09-26T23:57:33+08:00 ] ::1 ::1 GET /api/v1/category/all
[ log ] www.test.com/api/v1/category/all [运行时间：0.081835s][吞吐率：12.22req/s] [内存消耗：3,433.19kb] [文件加载：56]

---------------------------------------------------------------
[ 2017-09-26T23:57:36+08:00 ] ::1 ::1 GET /api/v1/product/AllInProduct
[ log ] www.test.com/api/v1/product/AllInProduct [运行时间：0.091120s][吞吐率：10.97req/s] [内存消耗：3,445.98kb] [文件加载：54]

---------------------------------------------------------------
[ 2017-09-26T23:57:37+08:00 ] ::1 ::1 GET /api/v1/order/paginate?page=1&size=20
[ log ] www.test.com/api/v1/order/paginate?page=1&size=20 [运行时间：0.116599s][吞吐率：8.58req/s] [内存消耗：3,799.07kb] [文件加载：62]

---------------------------------------------------------------
